2021-05-31 17:42:35,828 INFO o.a.j.u.JMeterUtils: Setting Locale to en_EN
2021-05-31 17:42:35,891 INFO o.a.j.JMeter: Setting JMeter property: HOST=nv7c4szeyf.execute-api.eu-central-1.amazonaws.com
2021-05-31 17:42:35,891 INFO o.a.j.JMeter: Setting JMeter property: PATH=/production/todos
2021-05-31 17:42:35,891 INFO o.a.j.JMeter: Setting JMeter property: PORT=443
2021-05-31 17:42:35,892 INFO o.a.j.JMeter: Copyright (c) 1998-2019 The Apache Software Foundation
2021-05-31 17:42:35,892 INFO o.a.j.JMeter: Version 5.2.1
2021-05-31 17:42:35,892 INFO o.a.j.JMeter: java.version=11.0.9
2021-05-31 17:42:35,893 INFO o.a.j.JMeter: java.vm.name=OpenJDK 64-Bit Server VM
2021-05-31 17:42:35,893 INFO o.a.j.JMeter: os.name=Linux
2021-05-31 17:42:35,893 INFO o.a.j.JMeter: os.arch=amd64
2021-05-31 17:42:35,893 INFO o.a.j.JMeter: os.version=5.3.0-1023-aws
2021-05-31 17:42:35,893 INFO o.a.j.JMeter: file.encoding=UTF-8
2021-05-31 17:42:35,893 INFO o.a.j.JMeter: java.awt.headless=true
2021-05-31 17:42:35,893 INFO o.a.j.JMeter: Max memory     =1073741824
2021-05-31 17:42:35,893 INFO o.a.j.JMeter: Available Processors =2
2021-05-31 17:42:35,903 INFO o.a.j.JMeter: Default Locale=English (EN)
2021-05-31 17:42:35,904 INFO o.a.j.JMeter: JMeter  Locale=English (EN)
2021-05-31 17:42:35,904 INFO o.a.j.JMeter: JMeterHome=/opt/radon-ctt-agent/plugins/jmeter/apache-jmeter-5.2.1
2021-05-31 17:42:35,904 INFO o.a.j.JMeter: user.dir  =/opt/radon-ctt-agent
2021-05-31 17:42:35,904 INFO o.a.j.JMeter: PWD       =/opt/radon-ctt-agent
2021-05-31 17:42:35,904 INFO o.a.j.JMeter: IP: 172.17.0.2 Name: 3e7c2519d63a FullName: 3e7c2519d63a
2021-05-31 17:42:35,907 INFO o.a.j.JMeter: Setting property 'jmeter.reportgenerator.outputdir' to:'/opt/radon-ctt-agent/jmeter/d253e8d8-7b57-4645-85d9-3cd4b2017562/b80d4e5d-73a5-4b79-9daa-387849677278/dashboard'
2021-05-31 17:42:35,911 INFO o.a.j.s.FileServer: Default base='/opt/radon-ctt-agent'
2021-05-31 17:42:35,912 INFO o.a.j.s.FileServer: Set new base='/opt/radon-ctt-agent/jmeter/d253e8d8-7b57-4645-85d9-3cd4b2017562/config/resources'
2021-05-31 17:42:36,159 INFO o.a.j.s.SaveService: Testplan (JMX) version: 2.2. Testlog (JTL) version: 2.2
2021-05-31 17:42:36,171 INFO o.a.j.s.SaveService: Using SaveService properties version 5.0
2021-05-31 17:42:36,175 INFO o.a.j.s.SaveService: Using SaveService properties file encoding UTF-8
2021-05-31 17:42:36,179 INFO o.a.j.s.SaveService: Loading file: /opt/radon-ctt-agent/jmeter/d253e8d8-7b57-4645-85d9-3cd4b2017562/config/resources/loadtest.jmx
2021-05-31 17:42:36,646 INFO o.a.j.r.d.ReportGenerator: ReportGenerator will use for Parsing the separator: ','
2021-05-31 17:42:36,647 INFO o.a.j.r.d.ReportGenerator: Will generate report at end of test from  results file: /opt/radon-ctt-agent/jmeter/d253e8d8-7b57-4645-85d9-3cd4b2017562/b80d4e5d-73a5-4b79-9daa-387849677278/sample_results.jtl
2021-05-31 17:42:36,647 INFO o.a.j.r.d.ReportGenerator: Reading report generator properties from: /opt/radon-ctt-agent/plugins/jmeter/apache-jmeter-5.2.1/bin/reportgenerator.properties
2021-05-31 17:42:36,648 INFO o.a.j.r.d.ReportGenerator: Merging with JMeter properties
2021-05-31 17:42:36,653 INFO o.a.j.r.c.ReportGeneratorConfiguration: Property 'jmeter.reportgenerator.temp_dir' not found, using default value 'temp' instead.
2021-05-31 17:42:36,653 INFO o.a.j.r.c.ReportGeneratorConfiguration: Property 'jmeter.reportgenerator.apdex_satisfied_threshold' not found, using default value '500' instead.
2021-05-31 17:42:36,653 INFO o.a.j.r.c.ReportGeneratorConfiguration: Property 'jmeter.reportgenerator.apdex_tolerated_threshold' not found, using default value '1500' instead.
2021-05-31 17:42:36,654 INFO o.a.j.r.c.ReportGeneratorConfiguration: Property 'jmeter.reportgenerator.apdex_per_transaction' not found, using default value 'null' instead.
2021-05-31 17:42:36,654 INFO o.a.j.r.c.ReportGeneratorConfiguration: apdex_per_transaction is empty, not APDEX per transaction customization
2021-05-31 17:42:36,657 INFO o.a.j.r.c.ReportGeneratorConfiguration: Property 'jmeter.reportgenerator.sample_filter' not found, using default value 'null' instead.
2021-05-31 17:42:36,657 INFO o.a.j.r.c.ReportGeneratorConfiguration: Property 'jmeter.reportgenerator.report_title' not found, using default value 'null' instead.
2021-05-31 17:42:36,657 INFO o.a.j.r.c.ReportGeneratorConfiguration: Property 'jmeter.reportgenerator.start_date' not found, using default value 'null' instead.
2021-05-31 17:42:36,657 INFO o.a.j.r.c.ReportGeneratorConfiguration: Property 'jmeter.reportgenerator.end_date' not found, using default value 'null' instead.
2021-05-31 17:42:36,657 INFO o.a.j.r.c.ReportGeneratorConfiguration: Property 'jmeter.reportgenerator.date_format' not found, using default value 'null' instead.
2021-05-31 17:42:36,659 INFO o.a.j.r.c.ReportGeneratorConfiguration: Will use date range start date: null, end date: null
2021-05-31 17:42:36,664 INFO o.a.j.r.c.ReportGeneratorConfiguration: Property 'jmeter.reportgenerator.graph.totalTPS.exclude_controllers' not found, using default value 'false' instead.
2021-05-31 17:42:36,664 INFO o.a.j.r.c.ReportGeneratorConfiguration: Property 'jmeter.reportgenerator.graph.activeThreadsOverTime.exclude_controllers' not found, using default value 'false' instead.
2021-05-31 17:42:36,664 INFO o.a.j.r.c.ReportGeneratorConfiguration: Property 'jmeter.reportgenerator.graph.timeVsThreads.exclude_controllers' not found, using default value 'false' instead.
2021-05-31 17:42:36,665 INFO o.a.j.r.c.ReportGeneratorConfiguration: Property 'jmeter.reportgenerator.graph.responseTimeDistribution.exclude_controllers' not found, using default value 'false' instead.
2021-05-31 17:42:36,665 INFO o.a.j.r.c.ReportGeneratorConfiguration: Property 'jmeter.reportgenerator.graph.transactionsPerSecond.exclude_controllers' not found, using default value 'false' instead.
2021-05-31 17:42:36,665 INFO o.a.j.r.c.ReportGeneratorConfiguration: Property 'jmeter.reportgenerator.graph.responseTimePercentiles.exclude_controllers' not found, using default value 'false' instead.
2021-05-31 17:42:36,665 INFO o.a.j.r.c.ReportGeneratorConfiguration: Property 'jmeter.reportgenerator.graph.responseTimePercentilesOverTime.exclude_controllers' not found, using default value 'false' instead.
2021-05-31 17:42:36,665 INFO o.a.j.r.c.ReportGeneratorConfiguration: Property 'jmeter.reportgenerator.graph.responseTimesOverTime.exclude_controllers' not found, using default value 'false' instead.
2021-05-31 17:42:36,666 INFO o.a.j.r.c.ReportGeneratorConfiguration: Property 'jmeter.reportgenerator.graph.connectTimeOverTime.exclude_controllers' not found, using default value 'false' instead.
2021-05-31 17:42:36,666 INFO o.a.j.r.c.ReportGeneratorConfiguration: Property 'jmeter.reportgenerator.graph.latenciesOverTime.exclude_controllers' not found, using default value 'false' instead.
2021-05-31 17:42:36,667 INFO o.a.j.r.c.ReportGeneratorConfiguration: Property 'jmeter.reportgenerator.exporter.json.filters_only_sample_series' not found, using default value 'true' instead.
2021-05-31 17:42:36,667 INFO o.a.j.r.c.ReportGeneratorConfiguration: Property 'jmeter.reportgenerator.exporter.json.series_filter' not found, using default value '' instead.
2021-05-31 17:42:36,667 INFO o.a.j.r.c.ReportGeneratorConfiguration: Property 'jmeter.reportgenerator.exporter.json.show_controllers_only' not found, using default value 'false' instead.
2021-05-31 17:42:36,667 INFO o.a.j.r.c.ReportGeneratorConfiguration: Property 'jmeter.reportgenerator.exporter.html.filters_only_sample_series' not found, using default value 'true' instead.
2021-05-31 17:42:36,667 INFO o.a.j.r.c.ReportGeneratorConfiguration: Property 'jmeter.reportgenerator.exporter.html.series_filter' not found, using default value '' instead.
2021-05-31 17:42:36,668 INFO o.a.j.r.c.ReportGeneratorConfiguration: Property 'jmeter.reportgenerator.exporter.html.show_controllers_only' not found, using default value 'false' instead.
2021-05-31 17:42:36,676 INFO o.a.j.e.StandardJMeterEngine: Running the test!
2021-05-31 17:42:36,684 INFO o.a.j.s.SampleEvent: List of sample_variables: []
2021-05-31 17:42:36,684 INFO o.a.j.s.SampleEvent: List of sample_variables: []
2021-05-31 17:42:37,225 INFO o.a.j.JMeter: Running test (1622482957225)
2021-05-31 17:42:37,270 INFO o.a.j.e.StandardJMeterEngine: Starting ThreadGroup: 1 : Thread Group
2021-05-31 17:42:37,270 INFO o.a.j.e.StandardJMeterEngine: Starting 40 threads for group Thread Group.
2021-05-31 17:42:37,271 INFO o.a.j.e.StandardJMeterEngine: Thread will continue on error
2021-05-31 17:42:37,271 INFO o.a.j.t.ThreadGroup: Starting thread group... number=1 threads=40 ramp-up=120 delayedStart=false
2021-05-31 17:42:37,285 INFO o.a.j.t.JMeterThread: Thread started: Thread Group 1-1
2021-05-31 17:42:37,350 INFO o.a.j.t.ThreadGroup: Started thread group number 1
2021-05-31 17:42:37,350 INFO o.a.j.e.StandardJMeterEngine: All thread groups have been started
2021-05-31 17:42:40,283 INFO o.a.j.t.JMeterThread: Thread started: Thread Group 1-2
2021-05-31 17:42:43,289 INFO o.a.j.t.JMeterThread: Thread started: Thread Group 1-3
2021-05-31 17:42:43,546 INFO o.a.j.p.h.s.HTTPHCAbstractImpl: Local host = 3e7c2519d63a
2021-05-31 17:42:43,553 INFO o.a.j.p.h.s.HTTPHC4Impl: HTTP request retry count = 0
2021-05-31 17:42:43,555 INFO o.a.j.s.SampleResult: Note: Sample TimeStamps are END times
2021-05-31 17:42:43,555 INFO o.a.j.s.SampleResult: sampleresult.default.encoding is set to ISO-8859-1
2021-05-31 17:42:43,555 INFO o.a.j.s.SampleResult: sampleresult.useNanoTime=true
2021-05-31 17:42:43,555 INFO o.a.j.s.SampleResult: sampleresult.nanoThreadSleep=5000
2021-05-31 17:42:43,688 INFO o.a.j.p.h.s.h.LazyLayeredConnectionSocketFactory: Setting up HTTPS TrustAll Socket Factory
2021-05-31 17:42:43,695 INFO o.a.j.u.JsseSSLManager: Using default SSL protocol: TLS
2021-05-31 17:42:43,695 INFO o.a.j.u.JsseSSLManager: SSL session context: per-thread
2021-05-31 17:42:43,780 INFO o.a.j.u.SSLManager: JmeterKeyStore Location:  type JKS
2021-05-31 17:42:43,783 INFO o.a.j.u.SSLManager: KeyStore created OK
2021-05-31 17:42:43,783 WARN o.a.j.u.SSLManager: Keystore file not found, loading empty keystore
2021-05-31 17:42:46,276 INFO o.a.j.t.JMeterThread: Thread started: Thread Group 1-4
2021-05-31 17:42:49,276 INFO o.a.j.t.JMeterThread: Thread started: Thread Group 1-5
2021-05-31 17:42:52,277 INFO o.a.j.t.JMeterThread: Thread started: Thread Group 1-6
2021-05-31 17:42:55,277 INFO o.a.j.t.JMeterThread: Thread started: Thread Group 1-7
2021-05-31 17:42:58,275 INFO o.a.j.t.JMeterThread: Thread started: Thread Group 1-8
2021-05-31 17:43:01,275 INFO o.a.j.t.JMeterThread: Thread started: Thread Group 1-9
2021-05-31 17:43:04,276 INFO o.a.j.t.JMeterThread: Thread started: Thread Group 1-10
2021-05-31 17:43:07,274 INFO o.a.j.t.JMeterThread: Thread started: Thread Group 1-11
2021-05-31 17:43:10,275 INFO o.a.j.t.JMeterThread: Thread started: Thread Group 1-12
2021-05-31 17:43:13,275 INFO o.a.j.t.JMeterThread: Thread started: Thread Group 1-13
2021-05-31 17:43:16,275 INFO o.a.j.t.JMeterThread: Thread started: Thread Group 1-14
2021-05-31 17:43:19,277 INFO o.a.j.t.JMeterThread: Thread started: Thread Group 1-15
2021-05-31 17:43:22,276 INFO o.a.j.t.JMeterThread: Thread started: Thread Group 1-16
2021-05-31 17:43:25,273 INFO o.a.j.t.JMeterThread: Thread started: Thread Group 1-17
2021-05-31 17:43:28,274 INFO o.a.j.t.JMeterThread: Thread started: Thread Group 1-18
2021-05-31 17:43:31,274 INFO o.a.j.t.JMeterThread: Thread started: Thread Group 1-19
2021-05-31 17:43:34,273 INFO o.a.j.t.JMeterThread: Thread started: Thread Group 1-20
2021-05-31 17:43:37,274 INFO o.a.j.t.JMeterThread: Thread started: Thread Group 1-21
2021-05-31 17:43:40,274 INFO o.a.j.t.JMeterThread: Thread started: Thread Group 1-22
2021-05-31 17:43:43,275 INFO o.a.j.t.JMeterThread: Thread started: Thread Group 1-23
2021-05-31 17:43:46,275 INFO o.a.j.t.JMeterThread: Thread started: Thread Group 1-24
2021-05-31 17:43:49,272 INFO o.a.j.t.JMeterThread: Thread started: Thread Group 1-25
2021-05-31 17:43:52,272 INFO o.a.j.t.JMeterThread: Thread started: Thread Group 1-26
2021-05-31 17:43:55,273 INFO o.a.j.t.JMeterThread: Thread started: Thread Group 1-27
2021-05-31 17:43:58,273 INFO o.a.j.t.JMeterThread: Thread started: Thread Group 1-28
2021-05-31 17:44:01,273 INFO o.a.j.t.JMeterThread: Thread started: Thread Group 1-29
2021-05-31 17:44:04,272 INFO o.a.j.t.JMeterThread: Thread started: Thread Group 1-30
2021-05-31 17:44:07,273 INFO o.a.j.t.JMeterThread: Thread started: Thread Group 1-31
2021-05-31 17:44:10,274 INFO o.a.j.t.JMeterThread: Thread started: Thread Group 1-32
2021-05-31 17:44:13,274 INFO o.a.j.t.JMeterThread: Thread started: Thread Group 1-33
2021-05-31 17:44:16,274 INFO o.a.j.t.JMeterThread: Thread started: Thread Group 1-34
2021-05-31 17:44:19,273 INFO o.a.j.t.JMeterThread: Thread started: Thread Group 1-35
2021-05-31 17:44:22,275 INFO o.a.j.t.JMeterThread: Thread started: Thread Group 1-36
2021-05-31 17:44:25,274 INFO o.a.j.t.JMeterThread: Thread started: Thread Group 1-37
2021-05-31 17:44:28,274 INFO o.a.j.t.JMeterThread: Thread started: Thread Group 1-38
2021-05-31 17:44:31,273 INFO o.a.j.t.JMeterThread: Thread started: Thread Group 1-39
2021-05-31 17:44:34,273 INFO o.a.j.t.JMeterThread: Thread started: Thread Group 1-40
2021-05-31 17:56:31,470 INFO o.a.j.t.JMeterThread: Thread finished: Thread Group 1-21
2021-05-31 17:56:31,558 INFO o.a.j.t.JMeterThread: Thread finished: Thread Group 1-10
2021-05-31 17:56:31,690 INFO o.a.j.t.JMeterThread: Thread finished: Thread Group 1-25
2021-05-31 17:56:31,750 INFO o.a.j.t.JMeterThread: Thread finished: Thread Group 1-29
2021-05-31 17:56:32,134 INFO o.a.j.t.JMeterThread: Thread finished: Thread Group 1-32
2021-05-31 17:56:32,202 INFO o.a.j.t.JMeterThread: Thread finished: Thread Group 1-36
2021-05-31 17:56:32,259 INFO o.a.j.t.JMeterThread: Thread finished: Thread Group 1-13
2021-05-31 17:56:32,940 INFO o.a.j.t.JMeterThread: Thread finished: Thread Group 1-28
2021-05-31 17:56:32,979 INFO o.a.j.t.JMeterThread: Thread finished: Thread Group 1-23
2021-05-31 17:56:33,020 INFO o.a.j.t.JMeterThread: Thread finished: Thread Group 1-19
2021-05-31 17:56:33,362 INFO o.a.j.t.JMeterThread: Thread finished: Thread Group 1-39
2021-05-31 17:56:33,454 INFO o.a.j.t.JMeterThread: Thread finished: Thread Group 1-37
2021-05-31 17:56:33,491 INFO o.a.j.t.JMeterThread: Thread finished: Thread Group 1-15
2021-05-31 17:56:33,561 INFO o.a.j.t.JMeterThread: Thread finished: Thread Group 1-11
2021-05-31 17:56:33,637 INFO o.a.j.t.JMeterThread: Thread finished: Thread Group 1-12
2021-05-31 17:56:33,720 INFO o.a.j.t.JMeterThread: Thread finished: Thread Group 1-6
2021-05-31 17:56:33,849 INFO o.a.j.t.JMeterThread: Thread finished: Thread Group 1-30
2021-05-31 17:56:34,058 INFO o.a.j.t.JMeterThread: Thread finished: Thread Group 1-24
2021-05-31 17:56:34,146 INFO o.a.j.t.JMeterThread: Thread finished: Thread Group 1-31
2021-05-31 17:56:34,162 INFO o.a.j.t.JMeterThread: Thread finished: Thread Group 1-4
2021-05-31 17:56:34,311 INFO o.a.j.t.JMeterThread: Thread finished: Thread Group 1-17
2021-05-31 17:56:34,351 INFO o.a.j.t.JMeterThread: Thread finished: Thread Group 1-34
2021-05-31 17:56:34,361 INFO o.a.j.t.JMeterThread: Thread finished: Thread Group 1-26
2021-05-31 17:56:34,972 INFO o.a.j.t.JMeterThread: Thread finished: Thread Group 1-14
2021-05-31 17:56:35,009 INFO o.a.j.t.JMeterThread: Thread finished: Thread Group 1-9
2021-05-31 17:56:35,128 INFO o.a.j.t.JMeterThread: Thread finished: Thread Group 1-2
2021-05-31 17:56:35,264 INFO o.a.j.t.JMeterThread: Thread finished: Thread Group 1-18
2021-05-31 17:56:35,268 INFO o.a.j.t.JMeterThread: Thread finished: Thread Group 1-7
2021-05-31 17:56:35,586 INFO o.a.j.t.JMeterThread: Thread finished: Thread Group 1-16
2021-05-31 17:56:35,606 INFO o.a.j.t.JMeterThread: Thread finished: Thread Group 1-33
2021-05-31 17:56:35,637 INFO o.a.j.t.JMeterThread: Thread finished: Thread Group 1-5
2021-05-31 17:56:35,832 INFO o.a.j.t.JMeterThread: Thread finished: Thread Group 1-35
2021-05-31 17:56:35,898 INFO o.a.j.t.JMeterThread: Thread finished: Thread Group 1-22
2021-05-31 17:56:36,007 INFO o.a.j.t.JMeterThread: Thread finished: Thread Group 1-20
2021-05-31 17:56:36,607 INFO o.a.j.t.JMeterThread: Thread finished: Thread Group 1-40
2021-05-31 17:56:36,643 INFO o.a.j.t.JMeterThread: Thread finished: Thread Group 1-8
2021-05-31 17:56:36,775 INFO o.a.j.t.JMeterThread: Thread finished: Thread Group 1-1
2021-05-31 17:56:36,809 INFO o.a.j.t.JMeterThread: Thread finished: Thread Group 1-3
2021-05-31 17:56:37,001 INFO o.a.j.t.JMeterThread: Thread finished: Thread Group 1-27
2021-05-31 17:56:37,270 INFO o.a.j.t.JMeterThread: Thread finished: Thread Group 1-38
2021-05-31 17:56:37,271 INFO o.a.j.e.StandardJMeterEngine: Notifying test listeners of end of test
2021-05-31 17:56:37,271 INFO o.a.j.JMeter: Generating Dashboard
2021-05-31 17:56:37,271 INFO o.a.j.r.d.ReportGenerator: Flushing result collector before report Generation
2021-05-31 17:56:37,282 INFO o.a.j.r.p.NormalizerSampleConsumer: Using format, 'ms', to parse timeStamp field
2021-05-31 17:56:37,290 ERROR o.a.j.r.d.ReportGenerator: Cannot assign "${jmeter.reportgenerator.apdex_satisfied_threshold}" to property "set_satisfied_threshold" (mapped as "setSatisfiedThreshold"), skip it
org.apache.jmeter.report.core.ConvertException: Unable to convert "${jmeter.reportgenerator.apdex_satisfied_threshold}" to "java.lang.Long"
	at org.apache.jmeter.report.core.Converters.lambda$static$4(Converters.java:80) ~[ApacheJMeter_core.jar:5.2.1]
	at org.apache.jmeter.report.dashboard.ReportGenerator.setProperty(ReportGenerator.java:537) [ApacheJMeter_core.jar:5.2.1]
	at org.apache.jmeter.report.dashboard.ReportGenerator.addGraphConsumer(ReportGenerator.java:349) [ApacheJMeter_core.jar:5.2.1]
	at org.apache.jmeter.report.dashboard.ReportGenerator.generate(ReportGenerator.java:236) [ApacheJMeter_core.jar:5.2.1]
	at org.apache.jmeter.JMeter$ListenToTest.endTest(JMeter.java:1330) [ApacheJMeter_core.jar:5.2.1]
	at org.apache.jmeter.JMeter$ListenToTest.testEnded(JMeter.java:1286) [ApacheJMeter_core.jar:5.2.1]
	at org.apache.jmeter.engine.StandardJMeterEngine.notifyTestListenersOfEnd(StandardJMeterEngine.java:218) [ApacheJMeter_core.jar:5.2.1]
	at org.apache.jmeter.engine.StandardJMeterEngine.run(StandardJMeterEngine.java:492) [ApacheJMeter_core.jar:5.2.1]
	at java.lang.Thread.run(Thread.java:834) [?:?]
Caused by: java.lang.NumberFormatException: For input string: "${jmeter.reportgenerator.apdex_satisfied_threshold}"
	at java.lang.NumberFormatException.forInputString(NumberFormatException.java:65) ~[?:?]
	at java.lang.Long.parseLong(Long.java:678) ~[?:?]
	at java.lang.Long.valueOf(Long.java:1144) ~[?:?]
	at org.apache.jmeter.report.core.Converters.lambda$static$4(Converters.java:78) ~[ApacheJMeter_core.jar:5.2.1]
	... 8 more
2021-05-31 17:56:37,296 ERROR o.a.j.JMeter: Error generating the report: Cannot assign "${jmeter.reportgenerator.apdex_satisfied_threshold}" to property "set_satisfied_threshold" (mapped as "setSatisfiedThreshold"), skip it
org.apache.jmeter.report.dashboard.GenerationException: Cannot assign "${jmeter.reportgenerator.apdex_satisfied_threshold}" to property "set_satisfied_threshold" (mapped as "setSatisfiedThreshold"), skip it
	at org.apache.jmeter.report.dashboard.ReportGenerator.setProperty(ReportGenerator.java:550) ~[ApacheJMeter_core.jar:5.2.1]
	at org.apache.jmeter.report.dashboard.ReportGenerator.addGraphConsumer(ReportGenerator.java:349) ~[ApacheJMeter_core.jar:5.2.1]
	at org.apache.jmeter.report.dashboard.ReportGenerator.generate(ReportGenerator.java:236) ~[ApacheJMeter_core.jar:5.2.1]
	at org.apache.jmeter.JMeter$ListenToTest.endTest(JMeter.java:1330) [ApacheJMeter_core.jar:5.2.1]
	at org.apache.jmeter.JMeter$ListenToTest.testEnded(JMeter.java:1286) [ApacheJMeter_core.jar:5.2.1]
	at org.apache.jmeter.engine.StandardJMeterEngine.notifyTestListenersOfEnd(StandardJMeterEngine.java:218) [ApacheJMeter_core.jar:5.2.1]
	at org.apache.jmeter.engine.StandardJMeterEngine.run(StandardJMeterEngine.java:492) [ApacheJMeter_core.jar:5.2.1]
	at java.lang.Thread.run(Thread.java:834) [?:?]
Caused by: org.apache.jmeter.report.core.ConvertException: Unable to convert "${jmeter.reportgenerator.apdex_satisfied_threshold}" to "java.lang.Long"
	at org.apache.jmeter.report.core.Converters.lambda$static$4(Converters.java:80) ~[ApacheJMeter_core.jar:5.2.1]
	at org.apache.jmeter.report.dashboard.ReportGenerator.setProperty(ReportGenerator.java:537) ~[ApacheJMeter_core.jar:5.2.1]
	... 7 more
Caused by: java.lang.NumberFormatException: For input string: "${jmeter.reportgenerator.apdex_satisfied_threshold}"
	at java.lang.NumberFormatException.forInputString(NumberFormatException.java:65) ~[?:?]
	at java.lang.Long.parseLong(Long.java:678) ~[?:?]
	at java.lang.Long.valueOf(Long.java:1144) ~[?:?]
	at org.apache.jmeter.report.core.Converters.lambda$static$4(Converters.java:78) ~[ApacheJMeter_core.jar:5.2.1]
	at org.apache.jmeter.report.dashboard.ReportGenerator.setProperty(ReportGenerator.java:537) ~[ApacheJMeter_core.jar:5.2.1]
	... 7 more
