2021-05-31 18:22:58,660 INFO o.a.j.u.JMeterUtils: Setting Locale to en_EN
2021-05-31 18:22:58,723 INFO o.a.j.JMeter: Setting JMeter property: HOST=i4n9in0apa.execute-api.eu-central-1.amazonaws.com
2021-05-31 18:22:58,724 INFO o.a.j.JMeter: Setting JMeter property: PATH=/production/todos
2021-05-31 18:22:58,724 INFO o.a.j.JMeter: Setting JMeter property: PORT=443
2021-05-31 18:22:58,725 INFO o.a.j.JMeter: Copyright (c) 1998-2019 The Apache Software Foundation
2021-05-31 18:22:58,725 INFO o.a.j.JMeter: Version 5.2.1
2021-05-31 18:22:58,725 INFO o.a.j.JMeter: java.version=11.0.9
2021-05-31 18:22:58,725 INFO o.a.j.JMeter: java.vm.name=OpenJDK 64-Bit Server VM
2021-05-31 18:22:58,725 INFO o.a.j.JMeter: os.name=Linux
2021-05-31 18:22:58,726 INFO o.a.j.JMeter: os.arch=amd64
2021-05-31 18:22:58,726 INFO o.a.j.JMeter: os.version=5.3.0-1023-aws
2021-05-31 18:22:58,726 INFO o.a.j.JMeter: file.encoding=UTF-8
2021-05-31 18:22:58,726 INFO o.a.j.JMeter: java.awt.headless=true
2021-05-31 18:22:58,726 INFO o.a.j.JMeter: Max memory     =1073741824
2021-05-31 18:22:58,726 INFO o.a.j.JMeter: Available Processors =2
2021-05-31 18:22:58,740 INFO o.a.j.JMeter: Default Locale=English (EN)
2021-05-31 18:22:58,741 INFO o.a.j.JMeter: JMeter  Locale=English (EN)
2021-05-31 18:22:58,741 INFO o.a.j.JMeter: JMeterHome=/opt/radon-ctt-agent/plugins/jmeter/apache-jmeter-5.2.1
2021-05-31 18:22:58,741 INFO o.a.j.JMeter: user.dir  =/opt/radon-ctt-agent
2021-05-31 18:22:58,741 INFO o.a.j.JMeter: PWD       =/opt/radon-ctt-agent
2021-05-31 18:22:58,742 INFO o.a.j.JMeter: IP: 172.17.0.2 Name: 6202f551cdc1 FullName: 6202f551cdc1
2021-05-31 18:22:58,748 INFO o.a.j.JMeter: Setting property 'jmeter.reportgenerator.outputdir' to:'/opt/radon-ctt-agent/jmeter/887793f8-8ec0-4b52-b13f-138fff40ba5d/fbb3e187-1e77-44af-b447-adb8773bec0d/dashboard'
2021-05-31 18:22:58,753 INFO o.a.j.s.FileServer: Default base='/opt/radon-ctt-agent'
2021-05-31 18:22:58,756 INFO o.a.j.s.FileServer: Set new base='/opt/radon-ctt-agent/jmeter/887793f8-8ec0-4b52-b13f-138fff40ba5d/config/resources'
2021-05-31 18:22:59,018 INFO o.a.j.s.SaveService: Testplan (JMX) version: 2.2. Testlog (JTL) version: 2.2
2021-05-31 18:22:59,033 INFO o.a.j.s.SaveService: Using SaveService properties version 5.0
2021-05-31 18:22:59,043 INFO o.a.j.s.SaveService: Using SaveService properties file encoding UTF-8
2021-05-31 18:22:59,051 INFO o.a.j.s.SaveService: Loading file: /opt/radon-ctt-agent/jmeter/887793f8-8ec0-4b52-b13f-138fff40ba5d/config/resources/loadtest.jmx
2021-05-31 18:22:59,489 INFO o.a.j.r.d.ReportGenerator: ReportGenerator will use for Parsing the separator: ','
2021-05-31 18:22:59,489 INFO o.a.j.r.d.ReportGenerator: Will generate report at end of test from  results file: /opt/radon-ctt-agent/jmeter/887793f8-8ec0-4b52-b13f-138fff40ba5d/fbb3e187-1e77-44af-b447-adb8773bec0d/sample_results.jtl
2021-05-31 18:22:59,490 INFO o.a.j.r.d.ReportGenerator: Reading report generator properties from: /opt/radon-ctt-agent/plugins/jmeter/apache-jmeter-5.2.1/bin/reportgenerator.properties
2021-05-31 18:22:59,490 INFO o.a.j.r.d.ReportGenerator: Merging with JMeter properties
2021-05-31 18:22:59,495 INFO o.a.j.r.c.ReportGeneratorConfiguration: Property 'jmeter.reportgenerator.temp_dir' not found, using default value 'temp' instead.
2021-05-31 18:22:59,496 INFO o.a.j.r.c.ReportGeneratorConfiguration: Property 'jmeter.reportgenerator.apdex_satisfied_threshold' not found, using default value '500' instead.
2021-05-31 18:22:59,496 INFO o.a.j.r.c.ReportGeneratorConfiguration: Property 'jmeter.reportgenerator.apdex_tolerated_threshold' not found, using default value '1500' instead.
2021-05-31 18:22:59,496 INFO o.a.j.r.c.ReportGeneratorConfiguration: Property 'jmeter.reportgenerator.apdex_per_transaction' not found, using default value 'null' instead.
2021-05-31 18:22:59,496 INFO o.a.j.r.c.ReportGeneratorConfiguration: apdex_per_transaction is empty, not APDEX per transaction customization
2021-05-31 18:22:59,499 INFO o.a.j.r.c.ReportGeneratorConfiguration: Property 'jmeter.reportgenerator.sample_filter' not found, using default value 'null' instead.
2021-05-31 18:22:59,499 INFO o.a.j.r.c.ReportGeneratorConfiguration: Property 'jmeter.reportgenerator.report_title' not found, using default value 'null' instead.
2021-05-31 18:22:59,499 INFO o.a.j.r.c.ReportGeneratorConfiguration: Property 'jmeter.reportgenerator.start_date' not found, using default value 'null' instead.
2021-05-31 18:22:59,499 INFO o.a.j.r.c.ReportGeneratorConfiguration: Property 'jmeter.reportgenerator.end_date' not found, using default value 'null' instead.
2021-05-31 18:22:59,499 INFO o.a.j.r.c.ReportGeneratorConfiguration: Property 'jmeter.reportgenerator.date_format' not found, using default value 'null' instead.
2021-05-31 18:22:59,500 INFO o.a.j.r.c.ReportGeneratorConfiguration: Will use date range start date: null, end date: null
2021-05-31 18:22:59,504 INFO o.a.j.r.c.ReportGeneratorConfiguration: Property 'jmeter.reportgenerator.graph.totalTPS.exclude_controllers' not found, using default value 'false' instead.
2021-05-31 18:22:59,505 INFO o.a.j.r.c.ReportGeneratorConfiguration: Property 'jmeter.reportgenerator.graph.activeThreadsOverTime.exclude_controllers' not found, using default value 'false' instead.
2021-05-31 18:22:59,505 INFO o.a.j.r.c.ReportGeneratorConfiguration: Property 'jmeter.reportgenerator.graph.timeVsThreads.exclude_controllers' not found, using default value 'false' instead.
2021-05-31 18:22:59,505 INFO o.a.j.r.c.ReportGeneratorConfiguration: Property 'jmeter.reportgenerator.graph.responseTimeDistribution.exclude_controllers' not found, using default value 'false' instead.
2021-05-31 18:22:59,505 INFO o.a.j.r.c.ReportGeneratorConfiguration: Property 'jmeter.reportgenerator.graph.transactionsPerSecond.exclude_controllers' not found, using default value 'false' instead.
2021-05-31 18:22:59,505 INFO o.a.j.r.c.ReportGeneratorConfiguration: Property 'jmeter.reportgenerator.graph.responseTimePercentiles.exclude_controllers' not found, using default value 'false' instead.
2021-05-31 18:22:59,505 INFO o.a.j.r.c.ReportGeneratorConfiguration: Property 'jmeter.reportgenerator.graph.responseTimePercentilesOverTime.exclude_controllers' not found, using default value 'false' instead.
2021-05-31 18:22:59,506 INFO o.a.j.r.c.ReportGeneratorConfiguration: Property 'jmeter.reportgenerator.graph.responseTimesOverTime.exclude_controllers' not found, using default value 'false' instead.
2021-05-31 18:22:59,506 INFO o.a.j.r.c.ReportGeneratorConfiguration: Property 'jmeter.reportgenerator.graph.connectTimeOverTime.exclude_controllers' not found, using default value 'false' instead.
2021-05-31 18:22:59,506 INFO o.a.j.r.c.ReportGeneratorConfiguration: Property 'jmeter.reportgenerator.graph.latenciesOverTime.exclude_controllers' not found, using default value 'false' instead.
2021-05-31 18:22:59,507 INFO o.a.j.r.c.ReportGeneratorConfiguration: Property 'jmeter.reportgenerator.exporter.json.filters_only_sample_series' not found, using default value 'true' instead.
2021-05-31 18:22:59,507 INFO o.a.j.r.c.ReportGeneratorConfiguration: Property 'jmeter.reportgenerator.exporter.json.series_filter' not found, using default value '' instead.
2021-05-31 18:22:59,507 INFO o.a.j.r.c.ReportGeneratorConfiguration: Property 'jmeter.reportgenerator.exporter.json.show_controllers_only' not found, using default value 'false' instead.
2021-05-31 18:22:59,508 INFO o.a.j.r.c.ReportGeneratorConfiguration: Property 'jmeter.reportgenerator.exporter.html.filters_only_sample_series' not found, using default value 'true' instead.
2021-05-31 18:22:59,508 INFO o.a.j.r.c.ReportGeneratorConfiguration: Property 'jmeter.reportgenerator.exporter.html.series_filter' not found, using default value '' instead.
2021-05-31 18:22:59,508 INFO o.a.j.r.c.ReportGeneratorConfiguration: Property 'jmeter.reportgenerator.exporter.html.show_controllers_only' not found, using default value 'false' instead.
2021-05-31 18:22:59,517 INFO o.a.j.e.StandardJMeterEngine: Running the test!
2021-05-31 18:22:59,530 INFO o.a.j.s.SampleEvent: List of sample_variables: []
2021-05-31 18:22:59,530 INFO o.a.j.s.SampleEvent: List of sample_variables: []
2021-05-31 18:23:00,083 INFO o.a.j.JMeter: Running test (1622485380083)
2021-05-31 18:23:00,129 INFO o.a.j.e.StandardJMeterEngine: Starting ThreadGroup: 1 : Thread Group
2021-05-31 18:23:00,129 INFO o.a.j.e.StandardJMeterEngine: Starting 60 threads for group Thread Group.
2021-05-31 18:23:00,129 INFO o.a.j.e.StandardJMeterEngine: Thread will continue on error
2021-05-31 18:23:00,129 INFO o.a.j.t.ThreadGroup: Starting thread group... number=1 threads=60 ramp-up=120 delayedStart=false
2021-05-31 18:23:00,210 INFO o.a.j.t.ThreadGroup: Started thread group number 1
2021-05-31 18:23:00,211 INFO o.a.j.e.StandardJMeterEngine: All thread groups have been started
2021-05-31 18:23:00,214 INFO o.a.j.t.JMeterThread: Thread started: Thread Group 1-1
2021-05-31 18:23:02,209 INFO o.a.j.t.JMeterThread: Thread started: Thread Group 1-2
2021-05-31 18:23:04,204 INFO o.a.j.t.JMeterThread: Thread started: Thread Group 1-3
2021-05-31 18:23:06,213 INFO o.a.j.t.JMeterThread: Thread started: Thread Group 1-4
2021-05-31 18:23:06,596 INFO o.a.j.p.h.s.HTTPHCAbstractImpl: Local host = 6202f551cdc1
2021-05-31 18:23:06,603 INFO o.a.j.p.h.s.HTTPHC4Impl: HTTP request retry count = 0
2021-05-31 18:23:06,604 INFO o.a.j.s.SampleResult: Note: Sample TimeStamps are END times
2021-05-31 18:23:06,604 INFO o.a.j.s.SampleResult: sampleresult.default.encoding is set to ISO-8859-1
2021-05-31 18:23:06,604 INFO o.a.j.s.SampleResult: sampleresult.useNanoTime=true
2021-05-31 18:23:06,604 INFO o.a.j.s.SampleResult: sampleresult.nanoThreadSleep=5000
2021-05-31 18:23:06,739 INFO o.a.j.p.h.s.h.LazyLayeredConnectionSocketFactory: Setting up HTTPS TrustAll Socket Factory
2021-05-31 18:23:06,748 INFO o.a.j.u.JsseSSLManager: Using default SSL protocol: TLS
2021-05-31 18:23:06,748 INFO o.a.j.u.JsseSSLManager: SSL session context: per-thread
2021-05-31 18:23:06,876 INFO o.a.j.u.SSLManager: JmeterKeyStore Location:  type JKS
2021-05-31 18:23:06,879 INFO o.a.j.u.SSLManager: KeyStore created OK
2021-05-31 18:23:06,879 WARN o.a.j.u.SSLManager: Keystore file not found, loading empty keystore
2021-05-31 18:23:08,210 INFO o.a.j.t.JMeterThread: Thread started: Thread Group 1-5
2021-05-31 18:23:10,208 INFO o.a.j.t.JMeterThread: Thread started: Thread Group 1-6
2021-05-31 18:23:12,206 INFO o.a.j.t.JMeterThread: Thread started: Thread Group 1-7
2021-05-31 18:23:14,204 INFO o.a.j.t.JMeterThread: Thread started: Thread Group 1-8
2021-05-31 18:23:16,203 INFO o.a.j.t.JMeterThread: Thread started: Thread Group 1-9
2021-05-31 18:23:18,203 INFO o.a.j.t.JMeterThread: Thread started: Thread Group 1-10
2021-05-31 18:23:20,202 INFO o.a.j.t.JMeterThread: Thread started: Thread Group 1-11
2021-05-31 18:23:22,197 INFO o.a.j.t.JMeterThread: Thread started: Thread Group 1-12
2021-05-31 18:23:24,195 INFO o.a.j.t.JMeterThread: Thread started: Thread Group 1-13
2021-05-31 18:23:26,192 INFO o.a.j.t.JMeterThread: Thread started: Thread Group 1-14
2021-05-31 18:23:28,190 INFO o.a.j.t.JMeterThread: Thread started: Thread Group 1-15
2021-05-31 18:23:30,190 INFO o.a.j.t.JMeterThread: Thread started: Thread Group 1-16
2021-05-31 18:23:32,187 INFO o.a.j.t.JMeterThread: Thread started: Thread Group 1-17
2021-05-31 18:23:34,185 INFO o.a.j.t.JMeterThread: Thread started: Thread Group 1-18
2021-05-31 18:23:36,185 INFO o.a.j.t.JMeterThread: Thread started: Thread Group 1-19
2021-05-31 18:23:38,183 INFO o.a.j.t.JMeterThread: Thread started: Thread Group 1-20
2021-05-31 18:23:40,181 INFO o.a.j.t.JMeterThread: Thread started: Thread Group 1-21
2021-05-31 18:23:42,182 INFO o.a.j.t.JMeterThread: Thread started: Thread Group 1-22
2021-05-31 18:23:44,180 INFO o.a.j.t.JMeterThread: Thread started: Thread Group 1-23
2021-05-31 18:23:46,179 INFO o.a.j.t.JMeterThread: Thread started: Thread Group 1-24
2021-05-31 18:23:48,178 INFO o.a.j.t.JMeterThread: Thread started: Thread Group 1-25
2021-05-31 18:23:50,175 INFO o.a.j.t.JMeterThread: Thread started: Thread Group 1-26
2021-05-31 18:23:52,175 INFO o.a.j.t.JMeterThread: Thread started: Thread Group 1-27
2021-05-31 18:23:54,175 INFO o.a.j.t.JMeterThread: Thread started: Thread Group 1-28
2021-05-31 18:23:56,175 INFO o.a.j.t.JMeterThread: Thread started: Thread Group 1-29
2021-05-31 18:23:58,174 INFO o.a.j.t.JMeterThread: Thread started: Thread Group 1-30
2021-05-31 18:24:00,174 INFO o.a.j.t.JMeterThread: Thread started: Thread Group 1-31
2021-05-31 18:24:02,171 INFO o.a.j.t.JMeterThread: Thread started: Thread Group 1-32
2021-05-31 18:24:04,171 INFO o.a.j.t.JMeterThread: Thread started: Thread Group 1-33
2021-05-31 18:24:06,170 INFO o.a.j.t.JMeterThread: Thread started: Thread Group 1-34
2021-05-31 18:24:08,170 INFO o.a.j.t.JMeterThread: Thread started: Thread Group 1-35
2021-05-31 18:24:10,171 INFO o.a.j.t.JMeterThread: Thread started: Thread Group 1-36
2021-05-31 18:24:12,165 INFO o.a.j.t.JMeterThread: Thread started: Thread Group 1-37
2021-05-31 18:24:14,163 INFO o.a.j.t.JMeterThread: Thread started: Thread Group 1-38
2021-05-31 18:24:16,161 INFO o.a.j.t.JMeterThread: Thread started: Thread Group 1-39
2021-05-31 18:24:18,160 INFO o.a.j.t.JMeterThread: Thread started: Thread Group 1-40
2021-05-31 18:24:20,159 INFO o.a.j.t.JMeterThread: Thread started: Thread Group 1-41
2021-05-31 18:24:22,158 INFO o.a.j.t.JMeterThread: Thread started: Thread Group 1-42
2021-05-31 18:24:24,158 INFO o.a.j.t.JMeterThread: Thread started: Thread Group 1-43
2021-05-31 18:24:26,156 INFO o.a.j.t.JMeterThread: Thread started: Thread Group 1-44
2021-05-31 18:24:28,156 INFO o.a.j.t.JMeterThread: Thread started: Thread Group 1-45
2021-05-31 18:24:30,155 INFO o.a.j.t.JMeterThread: Thread started: Thread Group 1-46
2021-05-31 18:24:32,156 INFO o.a.j.t.JMeterThread: Thread started: Thread Group 1-47
2021-05-31 18:24:34,154 INFO o.a.j.t.JMeterThread: Thread started: Thread Group 1-48
2021-05-31 18:24:36,153 INFO o.a.j.t.JMeterThread: Thread started: Thread Group 1-49
2021-05-31 18:24:38,152 INFO o.a.j.t.JMeterThread: Thread started: Thread Group 1-50
2021-05-31 18:24:40,152 INFO o.a.j.t.JMeterThread: Thread started: Thread Group 1-51
2021-05-31 18:24:42,147 INFO o.a.j.t.JMeterThread: Thread started: Thread Group 1-52
2021-05-31 18:24:44,146 INFO o.a.j.t.JMeterThread: Thread started: Thread Group 1-53
2021-05-31 18:24:46,144 INFO o.a.j.t.JMeterThread: Thread started: Thread Group 1-54
2021-05-31 18:24:48,145 INFO o.a.j.t.JMeterThread: Thread started: Thread Group 1-55
2021-05-31 18:24:50,142 INFO o.a.j.t.JMeterThread: Thread started: Thread Group 1-56
2021-05-31 18:24:52,142 INFO o.a.j.t.JMeterThread: Thread started: Thread Group 1-57
2021-05-31 18:24:54,137 INFO o.a.j.t.JMeterThread: Thread started: Thread Group 1-58
2021-05-31 18:24:56,145 INFO o.a.j.t.JMeterThread: Thread started: Thread Group 1-59
2021-05-31 18:24:58,144 INFO o.a.j.t.JMeterThread: Thread started: Thread Group 1-60
2021-05-31 18:36:54,057 INFO o.a.j.t.JMeterThread: Thread finished: Thread Group 1-38
2021-05-31 18:36:54,145 INFO o.a.j.t.JMeterThread: Thread finished: Thread Group 1-47
2021-05-31 18:36:54,155 INFO o.a.j.t.JMeterThread: Thread finished: Thread Group 1-37
2021-05-31 18:36:54,285 INFO o.a.j.t.JMeterThread: Thread finished: Thread Group 1-31
2021-05-31 18:36:54,376 INFO o.a.j.t.JMeterThread: Thread finished: Thread Group 1-3
2021-05-31 18:36:54,406 INFO o.a.j.t.JMeterThread: Thread finished: Thread Group 1-19
2021-05-31 18:36:54,490 INFO o.a.j.t.JMeterThread: Thread finished: Thread Group 1-43
2021-05-31 18:36:54,663 INFO o.a.j.t.JMeterThread: Thread finished: Thread Group 1-27
2021-05-31 18:36:54,694 INFO o.a.j.t.JMeterThread: Thread finished: Thread Group 1-50
2021-05-31 18:36:54,985 INFO o.a.j.t.JMeterThread: Thread finished: Thread Group 1-39
2021-05-31 18:36:55,086 INFO o.a.j.t.JMeterThread: Thread finished: Thread Group 1-54
2021-05-31 18:36:55,147 INFO o.a.j.t.JMeterThread: Thread finished: Thread Group 1-18
2021-05-31 18:36:55,229 INFO o.a.j.t.JMeterThread: Thread finished: Thread Group 1-12
2021-05-31 18:36:55,348 INFO o.a.j.t.JMeterThread: Thread finished: Thread Group 1-13
2021-05-31 18:36:55,360 INFO o.a.j.t.JMeterThread: Thread finished: Thread Group 1-24
2021-05-31 18:36:55,404 INFO o.a.j.t.JMeterThread: Thread finished: Thread Group 1-9
2021-05-31 18:36:55,622 INFO o.a.j.t.JMeterThread: Thread finished: Thread Group 1-51
2021-05-31 18:36:55,711 INFO o.a.j.t.JMeterThread: Thread finished: Thread Group 1-22
2021-05-31 18:36:55,775 INFO o.a.j.t.JMeterThread: Thread finished: Thread Group 1-41
2021-05-31 18:36:55,948 INFO o.a.j.t.JMeterThread: Thread finished: Thread Group 1-2
2021-05-31 18:36:56,002 INFO o.a.j.t.JMeterThread: Thread finished: Thread Group 1-6
2021-05-31 18:36:56,123 INFO o.a.j.t.JMeterThread: Thread finished: Thread Group 1-10
2021-05-31 18:36:56,313 INFO o.a.j.t.JMeterThread: Thread finished: Thread Group 1-15
2021-05-31 18:36:56,324 INFO o.a.j.t.JMeterThread: Thread finished: Thread Group 1-5
2021-05-31 18:36:56,442 INFO o.a.j.t.JMeterThread: Thread finished: Thread Group 1-34
2021-05-31 18:36:56,589 INFO o.a.j.t.JMeterThread: Thread finished: Thread Group 1-60
2021-05-31 18:36:56,848 INFO o.a.j.t.JMeterThread: Thread finished: Thread Group 1-33
2021-05-31 18:36:56,852 INFO o.a.j.t.JMeterThread: Thread finished: Thread Group 1-35
2021-05-31 18:36:56,862 INFO o.a.j.t.JMeterThread: Thread finished: Thread Group 1-59
2021-05-31 18:36:56,871 INFO o.a.j.t.JMeterThread: Thread finished: Thread Group 1-16
2021-05-31 18:36:56,951 INFO o.a.j.t.JMeterThread: Thread finished: Thread Group 1-36
2021-05-31 18:36:57,210 INFO o.a.j.t.JMeterThread: Thread finished: Thread Group 1-26
2021-05-31 18:36:57,291 INFO o.a.j.t.JMeterThread: Thread finished: Thread Group 1-32
2021-05-31 18:36:57,294 INFO o.a.j.t.JMeterThread: Thread finished: Thread Group 1-4
2021-05-31 18:36:57,387 INFO o.a.j.t.JMeterThread: Thread finished: Thread Group 1-23
2021-05-31 18:36:57,409 INFO o.a.j.t.JMeterThread: Thread finished: Thread Group 1-29
2021-05-31 18:36:57,465 INFO o.a.j.t.JMeterThread: Thread finished: Thread Group 1-44
2021-05-31 18:36:57,614 INFO o.a.j.t.JMeterThread: Thread finished: Thread Group 1-7
2021-05-31 18:36:57,770 INFO o.a.j.t.JMeterThread: Thread finished: Thread Group 1-20
2021-05-31 18:36:57,867 INFO o.a.j.t.JMeterThread: Thread finished: Thread Group 1-58
2021-05-31 18:36:58,095 INFO o.a.j.t.JMeterThread: Thread finished: Thread Group 1-46
2021-05-31 18:36:58,125 INFO o.a.j.t.JMeterThread: Thread finished: Thread Group 1-57
2021-05-31 18:36:58,423 INFO o.a.j.t.JMeterThread: Thread finished: Thread Group 1-52
2021-05-31 18:36:58,467 INFO o.a.j.t.JMeterThread: Thread finished: Thread Group 1-45
2021-05-31 18:36:58,634 INFO o.a.j.t.JMeterThread: Thread finished: Thread Group 1-21
2021-05-31 18:36:58,852 INFO o.a.j.t.JMeterThread: Thread finished: Thread Group 1-53
2021-05-31 18:36:59,083 INFO o.a.j.t.JMeterThread: Thread finished: Thread Group 1-49
2021-05-31 18:36:59,134 INFO o.a.j.t.JMeterThread: Thread finished: Thread Group 1-28
2021-05-31 18:36:59,218 INFO o.a.j.t.JMeterThread: Thread finished: Thread Group 1-56
2021-05-31 18:36:59,225 INFO o.a.j.t.JMeterThread: Thread finished: Thread Group 1-40
2021-05-31 18:36:59,298 INFO o.a.j.t.JMeterThread: Thread finished: Thread Group 1-42
2021-05-31 18:36:59,355 INFO o.a.j.t.JMeterThread: Thread finished: Thread Group 1-8
2021-05-31 18:36:59,365 INFO o.a.j.t.JMeterThread: Thread finished: Thread Group 1-11
2021-05-31 18:36:59,618 INFO o.a.j.t.JMeterThread: Thread finished: Thread Group 1-1
2021-05-31 18:36:59,675 INFO o.a.j.t.JMeterThread: Thread finished: Thread Group 1-48
2021-05-31 18:36:59,711 INFO o.a.j.t.JMeterThread: Thread finished: Thread Group 1-14
2021-05-31 18:36:59,762 INFO o.a.j.t.JMeterThread: Thread finished: Thread Group 1-30
2021-05-31 18:37:00,257 INFO o.a.j.t.JMeterThread: Stopping because end time detected by thread: Thread Group 1-17
2021-05-31 18:37:00,257 INFO o.a.j.t.JMeterThread: Thread finished: Thread Group 1-17
2021-05-31 18:37:00,263 INFO o.a.j.t.JMeterThread: Stopping because end time detected by thread: Thread Group 1-25
2021-05-31 18:37:00,264 INFO o.a.j.t.JMeterThread: Thread finished: Thread Group 1-25
2021-05-31 18:37:00,265 INFO o.a.j.t.JMeterThread: Stopping because end time detected by thread: Thread Group 1-55
2021-05-31 18:37:00,265 INFO o.a.j.t.JMeterThread: Thread finished: Thread Group 1-55
2021-05-31 18:37:00,265 INFO o.a.j.e.StandardJMeterEngine: Notifying test listeners of end of test
2021-05-31 18:37:00,266 INFO o.a.j.JMeter: Generating Dashboard
2021-05-31 18:37:00,266 INFO o.a.j.r.d.ReportGenerator: Flushing result collector before report Generation
2021-05-31 18:37:00,277 INFO o.a.j.r.p.NormalizerSampleConsumer: Using format, 'ms', to parse timeStamp field
2021-05-31 18:37:00,285 ERROR o.a.j.r.d.ReportGenerator: Cannot assign "${jmeter.reportgenerator.apdex_satisfied_threshold}" to property "set_satisfied_threshold" (mapped as "setSatisfiedThreshold"), skip it
org.apache.jmeter.report.core.ConvertException: Unable to convert "${jmeter.reportgenerator.apdex_satisfied_threshold}" to "java.lang.Long"
	at org.apache.jmeter.report.core.Converters.lambda$static$4(Converters.java:80) ~[ApacheJMeter_core.jar:5.2.1]
	at org.apache.jmeter.report.dashboard.ReportGenerator.setProperty(ReportGenerator.java:537) [ApacheJMeter_core.jar:5.2.1]
	at org.apache.jmeter.report.dashboard.ReportGenerator.addGraphConsumer(ReportGenerator.java:349) [ApacheJMeter_core.jar:5.2.1]
	at org.apache.jmeter.report.dashboard.ReportGenerator.generate(ReportGenerator.java:236) [ApacheJMeter_core.jar:5.2.1]
	at org.apache.jmeter.JMeter$ListenToTest.endTest(JMeter.java:1330) [ApacheJMeter_core.jar:5.2.1]
	at org.apache.jmeter.JMeter$ListenToTest.testEnded(JMeter.java:1286) [ApacheJMeter_core.jar:5.2.1]
	at org.apache.jmeter.engine.StandardJMeterEngine.notifyTestListenersOfEnd(StandardJMeterEngine.java:218) [ApacheJMeter_core.jar:5.2.1]
	at org.apache.jmeter.engine.StandardJMeterEngine.run(StandardJMeterEngine.java:492) [ApacheJMeter_core.jar:5.2.1]
	at java.lang.Thread.run(Thread.java:834) [?:?]
Caused by: java.lang.NumberFormatException: For input string: "${jmeter.reportgenerator.apdex_satisfied_threshold}"
	at java.lang.NumberFormatException.forInputString(NumberFormatException.java:65) ~[?:?]
	at java.lang.Long.parseLong(Long.java:678) ~[?:?]
	at java.lang.Long.valueOf(Long.java:1144) ~[?:?]
	at org.apache.jmeter.report.core.Converters.lambda$static$4(Converters.java:78) ~[ApacheJMeter_core.jar:5.2.1]
	... 8 more
2021-05-31 18:37:00,291 ERROR o.a.j.JMeter: Error generating the report: Cannot assign "${jmeter.reportgenerator.apdex_satisfied_threshold}" to property "set_satisfied_threshold" (mapped as "setSatisfiedThreshold"), skip it
org.apache.jmeter.report.dashboard.GenerationException: Cannot assign "${jmeter.reportgenerator.apdex_satisfied_threshold}" to property "set_satisfied_threshold" (mapped as "setSatisfiedThreshold"), skip it
	at org.apache.jmeter.report.dashboard.ReportGenerator.setProperty(ReportGenerator.java:550) ~[ApacheJMeter_core.jar:5.2.1]
	at org.apache.jmeter.report.dashboard.ReportGenerator.addGraphConsumer(ReportGenerator.java:349) ~[ApacheJMeter_core.jar:5.2.1]
	at org.apache.jmeter.report.dashboard.ReportGenerator.generate(ReportGenerator.java:236) ~[ApacheJMeter_core.jar:5.2.1]
	at org.apache.jmeter.JMeter$ListenToTest.endTest(JMeter.java:1330) [ApacheJMeter_core.jar:5.2.1]
	at org.apache.jmeter.JMeter$ListenToTest.testEnded(JMeter.java:1286) [ApacheJMeter_core.jar:5.2.1]
	at org.apache.jmeter.engine.StandardJMeterEngine.notifyTestListenersOfEnd(StandardJMeterEngine.java:218) [ApacheJMeter_core.jar:5.2.1]
	at org.apache.jmeter.engine.StandardJMeterEngine.run(StandardJMeterEngine.java:492) [ApacheJMeter_core.jar:5.2.1]
	at java.lang.Thread.run(Thread.java:834) [?:?]
Caused by: org.apache.jmeter.report.core.ConvertException: Unable to convert "${jmeter.reportgenerator.apdex_satisfied_threshold}" to "java.lang.Long"
	at org.apache.jmeter.report.core.Converters.lambda$static$4(Converters.java:80) ~[ApacheJMeter_core.jar:5.2.1]
	at org.apache.jmeter.report.dashboard.ReportGenerator.setProperty(ReportGenerator.java:537) ~[ApacheJMeter_core.jar:5.2.1]
	... 7 more
Caused by: java.lang.NumberFormatException: For input string: "${jmeter.reportgenerator.apdex_satisfied_threshold}"
	at java.lang.NumberFormatException.forInputString(NumberFormatException.java:65) ~[?:?]
	at java.lang.Long.parseLong(Long.java:678) ~[?:?]
	at java.lang.Long.valueOf(Long.java:1144) ~[?:?]
	at org.apache.jmeter.report.core.Converters.lambda$static$4(Converters.java:78) ~[ApacheJMeter_core.jar:5.2.1]
	at org.apache.jmeter.report.dashboard.ReportGenerator.setProperty(ReportGenerator.java:537) ~[ApacheJMeter_core.jar:5.2.1]
	... 7 more
