2021-05-31 17:01:09,504 INFO o.a.j.u.JMeterUtils: Setting Locale to en_EN
2021-05-31 17:01:09,557 INFO o.a.j.JMeter: Setting JMeter property: HOST=rmvslifxpa.execute-api.eu-central-1.amazonaws.com
2021-05-31 17:01:09,557 INFO o.a.j.JMeter: Setting JMeter property: PATH=/production/todos
2021-05-31 17:01:09,558 INFO o.a.j.JMeter: Setting JMeter property: PORT=443
2021-05-31 17:01:09,559 INFO o.a.j.JMeter: Copyright (c) 1998-2019 The Apache Software Foundation
2021-05-31 17:01:09,559 INFO o.a.j.JMeter: Version 5.2.1
2021-05-31 17:01:09,559 INFO o.a.j.JMeter: java.version=11.0.9
2021-05-31 17:01:09,560 INFO o.a.j.JMeter: java.vm.name=OpenJDK 64-Bit Server VM
2021-05-31 17:01:09,563 INFO o.a.j.JMeter: os.name=Linux
2021-05-31 17:01:09,563 INFO o.a.j.JMeter: os.arch=amd64
2021-05-31 17:01:09,563 INFO o.a.j.JMeter: os.version=5.3.0-1023-aws
2021-05-31 17:01:09,563 INFO o.a.j.JMeter: file.encoding=UTF-8
2021-05-31 17:01:09,563 INFO o.a.j.JMeter: java.awt.headless=true
2021-05-31 17:01:09,563 INFO o.a.j.JMeter: Max memory     =1073741824
2021-05-31 17:01:09,568 INFO o.a.j.JMeter: Available Processors =2
2021-05-31 17:01:09,577 INFO o.a.j.JMeter: Default Locale=English (EN)
2021-05-31 17:01:09,578 INFO o.a.j.JMeter: JMeter  Locale=English (EN)
2021-05-31 17:01:09,578 INFO o.a.j.JMeter: JMeterHome=/opt/radon-ctt-agent/plugins/jmeter/apache-jmeter-5.2.1
2021-05-31 17:01:09,578 INFO o.a.j.JMeter: user.dir  =/opt/radon-ctt-agent
2021-05-31 17:01:09,578 INFO o.a.j.JMeter: PWD       =/opt/radon-ctt-agent
2021-05-31 17:01:09,578 INFO o.a.j.JMeter: IP: 172.17.0.2 Name: ae28d8e02a31 FullName: ae28d8e02a31
2021-05-31 17:01:09,583 INFO o.a.j.JMeter: Setting property 'jmeter.reportgenerator.outputdir' to:'/opt/radon-ctt-agent/jmeter/b097be90-6ed6-45ee-b7e8-5837066047aa/a7e7eb51-b86c-4ea9-8802-df186746bf2c/dashboard'
2021-05-31 17:01:09,587 INFO o.a.j.s.FileServer: Default base='/opt/radon-ctt-agent'
2021-05-31 17:01:09,589 INFO o.a.j.s.FileServer: Set new base='/opt/radon-ctt-agent/jmeter/b097be90-6ed6-45ee-b7e8-5837066047aa/config/resources'
2021-05-31 17:01:09,848 INFO o.a.j.s.SaveService: Testplan (JMX) version: 2.2. Testlog (JTL) version: 2.2
2021-05-31 17:01:09,861 INFO o.a.j.s.SaveService: Using SaveService properties version 5.0
2021-05-31 17:01:09,865 INFO o.a.j.s.SaveService: Using SaveService properties file encoding UTF-8
2021-05-31 17:01:09,869 INFO o.a.j.s.SaveService: Loading file: /opt/radon-ctt-agent/jmeter/b097be90-6ed6-45ee-b7e8-5837066047aa/config/resources/loadtest.jmx
2021-05-31 17:01:10,251 INFO o.a.j.r.d.ReportGenerator: ReportGenerator will use for Parsing the separator: ','
2021-05-31 17:01:10,251 INFO o.a.j.r.d.ReportGenerator: Will generate report at end of test from  results file: /opt/radon-ctt-agent/jmeter/b097be90-6ed6-45ee-b7e8-5837066047aa/a7e7eb51-b86c-4ea9-8802-df186746bf2c/sample_results.jtl
2021-05-31 17:01:10,251 INFO o.a.j.r.d.ReportGenerator: Reading report generator properties from: /opt/radon-ctt-agent/plugins/jmeter/apache-jmeter-5.2.1/bin/reportgenerator.properties
2021-05-31 17:01:10,252 INFO o.a.j.r.d.ReportGenerator: Merging with JMeter properties
2021-05-31 17:01:10,257 INFO o.a.j.r.c.ReportGeneratorConfiguration: Property 'jmeter.reportgenerator.temp_dir' not found, using default value 'temp' instead.
2021-05-31 17:01:10,257 INFO o.a.j.r.c.ReportGeneratorConfiguration: Property 'jmeter.reportgenerator.apdex_satisfied_threshold' not found, using default value '500' instead.
2021-05-31 17:01:10,258 INFO o.a.j.r.c.ReportGeneratorConfiguration: Property 'jmeter.reportgenerator.apdex_tolerated_threshold' not found, using default value '1500' instead.
2021-05-31 17:01:10,258 INFO o.a.j.r.c.ReportGeneratorConfiguration: Property 'jmeter.reportgenerator.apdex_per_transaction' not found, using default value 'null' instead.
2021-05-31 17:01:10,258 INFO o.a.j.r.c.ReportGeneratorConfiguration: apdex_per_transaction is empty, not APDEX per transaction customization
2021-05-31 17:01:10,261 INFO o.a.j.r.c.ReportGeneratorConfiguration: Property 'jmeter.reportgenerator.sample_filter' not found, using default value 'null' instead.
2021-05-31 17:01:10,261 INFO o.a.j.r.c.ReportGeneratorConfiguration: Property 'jmeter.reportgenerator.report_title' not found, using default value 'null' instead.
2021-05-31 17:01:10,261 INFO o.a.j.r.c.ReportGeneratorConfiguration: Property 'jmeter.reportgenerator.start_date' not found, using default value 'null' instead.
2021-05-31 17:01:10,262 INFO o.a.j.r.c.ReportGeneratorConfiguration: Property 'jmeter.reportgenerator.end_date' not found, using default value 'null' instead.
2021-05-31 17:01:10,262 INFO o.a.j.r.c.ReportGeneratorConfiguration: Property 'jmeter.reportgenerator.date_format' not found, using default value 'null' instead.
2021-05-31 17:01:10,262 INFO o.a.j.r.c.ReportGeneratorConfiguration: Will use date range start date: null, end date: null
2021-05-31 17:01:10,267 INFO o.a.j.r.c.ReportGeneratorConfiguration: Property 'jmeter.reportgenerator.graph.totalTPS.exclude_controllers' not found, using default value 'false' instead.
2021-05-31 17:01:10,267 INFO o.a.j.r.c.ReportGeneratorConfiguration: Property 'jmeter.reportgenerator.graph.activeThreadsOverTime.exclude_controllers' not found, using default value 'false' instead.
2021-05-31 17:01:10,267 INFO o.a.j.r.c.ReportGeneratorConfiguration: Property 'jmeter.reportgenerator.graph.timeVsThreads.exclude_controllers' not found, using default value 'false' instead.
2021-05-31 17:01:10,268 INFO o.a.j.r.c.ReportGeneratorConfiguration: Property 'jmeter.reportgenerator.graph.responseTimeDistribution.exclude_controllers' not found, using default value 'false' instead.
2021-05-31 17:01:10,268 INFO o.a.j.r.c.ReportGeneratorConfiguration: Property 'jmeter.reportgenerator.graph.transactionsPerSecond.exclude_controllers' not found, using default value 'false' instead.
2021-05-31 17:01:10,268 INFO o.a.j.r.c.ReportGeneratorConfiguration: Property 'jmeter.reportgenerator.graph.responseTimePercentiles.exclude_controllers' not found, using default value 'false' instead.
2021-05-31 17:01:10,268 INFO o.a.j.r.c.ReportGeneratorConfiguration: Property 'jmeter.reportgenerator.graph.responseTimePercentilesOverTime.exclude_controllers' not found, using default value 'false' instead.
2021-05-31 17:01:10,268 INFO o.a.j.r.c.ReportGeneratorConfiguration: Property 'jmeter.reportgenerator.graph.responseTimesOverTime.exclude_controllers' not found, using default value 'false' instead.
2021-05-31 17:01:10,269 INFO o.a.j.r.c.ReportGeneratorConfiguration: Property 'jmeter.reportgenerator.graph.connectTimeOverTime.exclude_controllers' not found, using default value 'false' instead.
2021-05-31 17:01:10,269 INFO o.a.j.r.c.ReportGeneratorConfiguration: Property 'jmeter.reportgenerator.graph.latenciesOverTime.exclude_controllers' not found, using default value 'false' instead.
2021-05-31 17:01:10,270 INFO o.a.j.r.c.ReportGeneratorConfiguration: Property 'jmeter.reportgenerator.exporter.json.filters_only_sample_series' not found, using default value 'true' instead.
2021-05-31 17:01:10,270 INFO o.a.j.r.c.ReportGeneratorConfiguration: Property 'jmeter.reportgenerator.exporter.json.series_filter' not found, using default value '' instead.
2021-05-31 17:01:10,270 INFO o.a.j.r.c.ReportGeneratorConfiguration: Property 'jmeter.reportgenerator.exporter.json.show_controllers_only' not found, using default value 'false' instead.
2021-05-31 17:01:10,270 INFO o.a.j.r.c.ReportGeneratorConfiguration: Property 'jmeter.reportgenerator.exporter.html.filters_only_sample_series' not found, using default value 'true' instead.
2021-05-31 17:01:10,270 INFO o.a.j.r.c.ReportGeneratorConfiguration: Property 'jmeter.reportgenerator.exporter.html.series_filter' not found, using default value '' instead.
2021-05-31 17:01:10,271 INFO o.a.j.r.c.ReportGeneratorConfiguration: Property 'jmeter.reportgenerator.exporter.html.show_controllers_only' not found, using default value 'false' instead.
2021-05-31 17:01:10,281 INFO o.a.j.e.StandardJMeterEngine: Running the test!
2021-05-31 17:01:10,291 INFO o.a.j.s.SampleEvent: List of sample_variables: []
2021-05-31 17:01:10,291 INFO o.a.j.s.SampleEvent: List of sample_variables: []
2021-05-31 17:01:10,829 INFO o.a.j.JMeter: Running test (1622480470829)
2021-05-31 17:01:10,880 INFO o.a.j.e.StandardJMeterEngine: Starting ThreadGroup: 1 : Thread Group
2021-05-31 17:01:10,880 INFO o.a.j.e.StandardJMeterEngine: Starting 20 threads for group Thread Group.
2021-05-31 17:01:10,880 INFO o.a.j.e.StandardJMeterEngine: Thread will continue on error
2021-05-31 17:01:10,881 INFO o.a.j.t.ThreadGroup: Starting thread group... number=1 threads=20 ramp-up=120 delayedStart=false
2021-05-31 17:01:10,939 INFO o.a.j.t.ThreadGroup: Started thread group number 1
2021-05-31 17:01:10,939 INFO o.a.j.e.StandardJMeterEngine: All thread groups have been started
2021-05-31 17:01:10,953 INFO o.a.j.t.JMeterThread: Thread started: Thread Group 1-1
2021-05-31 17:01:16,956 INFO o.a.j.t.JMeterThread: Thread started: Thread Group 1-2
2021-05-31 17:01:17,263 INFO o.a.j.p.h.s.HTTPHCAbstractImpl: Local host = ae28d8e02a31
2021-05-31 17:01:17,270 INFO o.a.j.p.h.s.HTTPHC4Impl: HTTP request retry count = 0
2021-05-31 17:01:17,272 INFO o.a.j.s.SampleResult: Note: Sample TimeStamps are END times
2021-05-31 17:01:17,272 INFO o.a.j.s.SampleResult: sampleresult.default.encoding is set to ISO-8859-1
2021-05-31 17:01:17,272 INFO o.a.j.s.SampleResult: sampleresult.useNanoTime=true
2021-05-31 17:01:17,272 INFO o.a.j.s.SampleResult: sampleresult.nanoThreadSleep=5000
2021-05-31 17:01:17,410 INFO o.a.j.p.h.s.h.LazyLayeredConnectionSocketFactory: Setting up HTTPS TrustAll Socket Factory
2021-05-31 17:01:17,417 INFO o.a.j.u.JsseSSLManager: Using default SSL protocol: TLS
2021-05-31 17:01:17,417 INFO o.a.j.u.JsseSSLManager: SSL session context: per-thread
2021-05-31 17:01:17,526 INFO o.a.j.u.SSLManager: JmeterKeyStore Location:  type JKS
2021-05-31 17:01:17,530 INFO o.a.j.u.SSLManager: KeyStore created OK
2021-05-31 17:01:17,530 WARN o.a.j.u.SSLManager: Keystore file not found, loading empty keystore
2021-05-31 17:01:22,943 INFO o.a.j.t.JMeterThread: Thread started: Thread Group 1-3
2021-05-31 17:01:28,949 INFO o.a.j.t.JMeterThread: Thread started: Thread Group 1-4
2021-05-31 17:01:34,944 INFO o.a.j.t.JMeterThread: Thread started: Thread Group 1-5
2021-05-31 17:01:40,932 INFO o.a.j.t.JMeterThread: Thread started: Thread Group 1-6
2021-05-31 17:01:46,923 INFO o.a.j.t.JMeterThread: Thread started: Thread Group 1-7
2021-05-31 17:01:52,919 INFO o.a.j.t.JMeterThread: Thread started: Thread Group 1-8
2021-05-31 17:01:58,919 INFO o.a.j.t.JMeterThread: Thread started: Thread Group 1-9
2021-05-31 17:02:04,918 INFO o.a.j.t.JMeterThread: Thread started: Thread Group 1-10
2021-05-31 17:02:10,916 INFO o.a.j.t.JMeterThread: Thread started: Thread Group 1-11
2021-05-31 17:02:16,915 INFO o.a.j.t.JMeterThread: Thread started: Thread Group 1-12
2021-05-31 17:02:22,914 INFO o.a.j.t.JMeterThread: Thread started: Thread Group 1-13
2021-05-31 17:02:28,912 INFO o.a.j.t.JMeterThread: Thread started: Thread Group 1-14
2021-05-31 17:02:34,910 INFO o.a.j.t.JMeterThread: Thread started: Thread Group 1-15
2021-05-31 17:02:40,909 INFO o.a.j.t.JMeterThread: Thread started: Thread Group 1-16
2021-05-31 17:02:46,910 INFO o.a.j.t.JMeterThread: Thread started: Thread Group 1-17
2021-05-31 17:02:52,901 INFO o.a.j.t.JMeterThread: Thread started: Thread Group 1-18
2021-05-31 17:02:58,911 INFO o.a.j.t.JMeterThread: Thread started: Thread Group 1-19
2021-05-31 17:03:04,909 INFO o.a.j.t.JMeterThread: Thread started: Thread Group 1-20
2021-05-31 17:15:04,918 INFO o.a.j.t.JMeterThread: Thread finished: Thread Group 1-6
2021-05-31 17:15:05,467 INFO o.a.j.t.JMeterThread: Thread finished: Thread Group 1-19
2021-05-31 17:15:05,932 INFO o.a.j.t.JMeterThread: Thread finished: Thread Group 1-7
2021-05-31 17:15:06,038 INFO o.a.j.t.JMeterThread: Thread finished: Thread Group 1-8
2021-05-31 17:15:06,091 INFO o.a.j.t.JMeterThread: Thread finished: Thread Group 1-9
2021-05-31 17:15:06,206 INFO o.a.j.t.JMeterThread: Thread finished: Thread Group 1-1
2021-05-31 17:15:06,607 INFO o.a.j.t.JMeterThread: Thread finished: Thread Group 1-20
2021-05-31 17:15:06,856 INFO o.a.j.t.JMeterThread: Thread finished: Thread Group 1-17
2021-05-31 17:15:06,978 INFO o.a.j.t.JMeterThread: Thread finished: Thread Group 1-18
2021-05-31 17:15:07,160 INFO o.a.j.t.JMeterThread: Thread finished: Thread Group 1-5
2021-05-31 17:15:08,002 INFO o.a.j.t.JMeterThread: Thread finished: Thread Group 1-16
2021-05-31 17:15:08,057 INFO o.a.j.t.JMeterThread: Thread finished: Thread Group 1-15
2021-05-31 17:15:08,329 INFO o.a.j.t.JMeterThread: Thread finished: Thread Group 1-2
2021-05-31 17:15:08,355 INFO o.a.j.t.JMeterThread: Thread finished: Thread Group 1-14
2021-05-31 17:15:08,436 INFO o.a.j.t.JMeterThread: Thread finished: Thread Group 1-4
2021-05-31 17:15:09,097 INFO o.a.j.t.JMeterThread: Thread finished: Thread Group 1-12
2021-05-31 17:15:09,428 INFO o.a.j.t.JMeterThread: Thread finished: Thread Group 1-3
2021-05-31 17:15:09,435 INFO o.a.j.t.JMeterThread: Thread finished: Thread Group 1-13
2021-05-31 17:15:09,789 INFO o.a.j.t.JMeterThread: Thread finished: Thread Group 1-10
2021-05-31 17:15:10,481 INFO o.a.j.t.JMeterThread: Thread finished: Thread Group 1-11
2021-05-31 17:15:10,482 INFO o.a.j.e.StandardJMeterEngine: Notifying test listeners of end of test
2021-05-31 17:15:10,483 INFO o.a.j.JMeter: Generating Dashboard
2021-05-31 17:15:10,483 INFO o.a.j.r.d.ReportGenerator: Flushing result collector before report Generation
2021-05-31 17:15:10,493 INFO o.a.j.r.p.NormalizerSampleConsumer: Using format, 'ms', to parse timeStamp field
2021-05-31 17:15:10,501 ERROR o.a.j.r.d.ReportGenerator: Cannot assign "${jmeter.reportgenerator.apdex_satisfied_threshold}" to property "set_satisfied_threshold" (mapped as "setSatisfiedThreshold"), skip it
org.apache.jmeter.report.core.ConvertException: Unable to convert "${jmeter.reportgenerator.apdex_satisfied_threshold}" to "java.lang.Long"
	at org.apache.jmeter.report.core.Converters.lambda$static$4(Converters.java:80) ~[ApacheJMeter_core.jar:5.2.1]
	at org.apache.jmeter.report.dashboard.ReportGenerator.setProperty(ReportGenerator.java:537) [ApacheJMeter_core.jar:5.2.1]
	at org.apache.jmeter.report.dashboard.ReportGenerator.addGraphConsumer(ReportGenerator.java:349) [ApacheJMeter_core.jar:5.2.1]
	at org.apache.jmeter.report.dashboard.ReportGenerator.generate(ReportGenerator.java:236) [ApacheJMeter_core.jar:5.2.1]
	at org.apache.jmeter.JMeter$ListenToTest.endTest(JMeter.java:1330) [ApacheJMeter_core.jar:5.2.1]
	at org.apache.jmeter.JMeter$ListenToTest.testEnded(JMeter.java:1286) [ApacheJMeter_core.jar:5.2.1]
	at org.apache.jmeter.engine.StandardJMeterEngine.notifyTestListenersOfEnd(StandardJMeterEngine.java:218) [ApacheJMeter_core.jar:5.2.1]
	at org.apache.jmeter.engine.StandardJMeterEngine.run(StandardJMeterEngine.java:492) [ApacheJMeter_core.jar:5.2.1]
	at java.lang.Thread.run(Thread.java:834) [?:?]
Caused by: java.lang.NumberFormatException: For input string: "${jmeter.reportgenerator.apdex_satisfied_threshold}"
	at java.lang.NumberFormatException.forInputString(NumberFormatException.java:65) ~[?:?]
	at java.lang.Long.parseLong(Long.java:678) ~[?:?]
	at java.lang.Long.valueOf(Long.java:1144) ~[?:?]
	at org.apache.jmeter.report.core.Converters.lambda$static$4(Converters.java:78) ~[ApacheJMeter_core.jar:5.2.1]
	... 8 more
2021-05-31 17:15:10,508 ERROR o.a.j.JMeter: Error generating the report: Cannot assign "${jmeter.reportgenerator.apdex_satisfied_threshold}" to property "set_satisfied_threshold" (mapped as "setSatisfiedThreshold"), skip it
org.apache.jmeter.report.dashboard.GenerationException: Cannot assign "${jmeter.reportgenerator.apdex_satisfied_threshold}" to property "set_satisfied_threshold" (mapped as "setSatisfiedThreshold"), skip it
	at org.apache.jmeter.report.dashboard.ReportGenerator.setProperty(ReportGenerator.java:550) ~[ApacheJMeter_core.jar:5.2.1]
	at org.apache.jmeter.report.dashboard.ReportGenerator.addGraphConsumer(ReportGenerator.java:349) ~[ApacheJMeter_core.jar:5.2.1]
	at org.apache.jmeter.report.dashboard.ReportGenerator.generate(ReportGenerator.java:236) ~[ApacheJMeter_core.jar:5.2.1]
	at org.apache.jmeter.JMeter$ListenToTest.endTest(JMeter.java:1330) [ApacheJMeter_core.jar:5.2.1]
	at org.apache.jmeter.JMeter$ListenToTest.testEnded(JMeter.java:1286) [ApacheJMeter_core.jar:5.2.1]
	at org.apache.jmeter.engine.StandardJMeterEngine.notifyTestListenersOfEnd(StandardJMeterEngine.java:218) [ApacheJMeter_core.jar:5.2.1]
	at org.apache.jmeter.engine.StandardJMeterEngine.run(StandardJMeterEngine.java:492) [ApacheJMeter_core.jar:5.2.1]
	at java.lang.Thread.run(Thread.java:834) [?:?]
Caused by: org.apache.jmeter.report.core.ConvertException: Unable to convert "${jmeter.reportgenerator.apdex_satisfied_threshold}" to "java.lang.Long"
	at org.apache.jmeter.report.core.Converters.lambda$static$4(Converters.java:80) ~[ApacheJMeter_core.jar:5.2.1]
	at org.apache.jmeter.report.dashboard.ReportGenerator.setProperty(ReportGenerator.java:537) ~[ApacheJMeter_core.jar:5.2.1]
	... 7 more
Caused by: java.lang.NumberFormatException: For input string: "${jmeter.reportgenerator.apdex_satisfied_threshold}"
	at java.lang.NumberFormatException.forInputString(NumberFormatException.java:65) ~[?:?]
	at java.lang.Long.parseLong(Long.java:678) ~[?:?]
	at java.lang.Long.valueOf(Long.java:1144) ~[?:?]
	at org.apache.jmeter.report.core.Converters.lambda$static$4(Converters.java:78) ~[ApacheJMeter_core.jar:5.2.1]
	at org.apache.jmeter.report.dashboard.ReportGenerator.setProperty(ReportGenerator.java:537) ~[ApacheJMeter_core.jar:5.2.1]
	... 7 more
