2021-05-31 19:43:39,531 INFO o.a.j.u.JMeterUtils: Setting Locale to en_EN
2021-05-31 19:43:39,587 INFO o.a.j.JMeter: Setting JMeter property: HOST=urr2kzevn2.execute-api.eu-central-1.amazonaws.com
2021-05-31 19:43:39,587 INFO o.a.j.JMeter: Setting JMeter property: PATH=/production/todos
2021-05-31 19:43:39,587 INFO o.a.j.JMeter: Setting JMeter property: PORT=443
2021-05-31 19:43:39,593 INFO o.a.j.JMeter: Copyright (c) 1998-2019 The Apache Software Foundation
2021-05-31 19:43:39,593 INFO o.a.j.JMeter: Version 5.2.1
2021-05-31 19:43:39,593 INFO o.a.j.JMeter: java.version=11.0.9
2021-05-31 19:43:39,593 INFO o.a.j.JMeter: java.vm.name=OpenJDK 64-Bit Server VM
2021-05-31 19:43:39,593 INFO o.a.j.JMeter: os.name=Linux
2021-05-31 19:43:39,593 INFO o.a.j.JMeter: os.arch=amd64
2021-05-31 19:43:39,594 INFO o.a.j.JMeter: os.version=5.3.0-1023-aws
2021-05-31 19:43:39,594 INFO o.a.j.JMeter: file.encoding=UTF-8
2021-05-31 19:43:39,594 INFO o.a.j.JMeter: java.awt.headless=true
2021-05-31 19:43:39,594 INFO o.a.j.JMeter: Max memory     =1073741824
2021-05-31 19:43:39,594 INFO o.a.j.JMeter: Available Processors =2
2021-05-31 19:43:39,606 INFO o.a.j.JMeter: Default Locale=English (EN)
2021-05-31 19:43:39,606 INFO o.a.j.JMeter: JMeter  Locale=English (EN)
2021-05-31 19:43:39,607 INFO o.a.j.JMeter: JMeterHome=/opt/radon-ctt-agent/plugins/jmeter/apache-jmeter-5.2.1
2021-05-31 19:43:39,607 INFO o.a.j.JMeter: user.dir  =/opt/radon-ctt-agent
2021-05-31 19:43:39,607 INFO o.a.j.JMeter: PWD       =/opt/radon-ctt-agent
2021-05-31 19:43:39,607 INFO o.a.j.JMeter: IP: 172.17.0.2 Name: 2183220b1870 FullName: 2183220b1870
2021-05-31 19:43:39,613 INFO o.a.j.JMeter: Setting property 'jmeter.reportgenerator.outputdir' to:'/opt/radon-ctt-agent/jmeter/74ef4735-50c3-42fa-b267-0070f043f347/6bbf8f72-8803-43ad-afb4-23cadf8e4822/dashboard'
2021-05-31 19:43:39,617 INFO o.a.j.s.FileServer: Default base='/opt/radon-ctt-agent'
2021-05-31 19:43:39,620 INFO o.a.j.s.FileServer: Set new base='/opt/radon-ctt-agent/jmeter/74ef4735-50c3-42fa-b267-0070f043f347/config/resources'
2021-05-31 19:43:39,853 INFO o.a.j.s.SaveService: Testplan (JMX) version: 2.2. Testlog (JTL) version: 2.2
2021-05-31 19:43:39,866 INFO o.a.j.s.SaveService: Using SaveService properties version 5.0
2021-05-31 19:43:39,871 INFO o.a.j.s.SaveService: Using SaveService properties file encoding UTF-8
2021-05-31 19:43:39,875 INFO o.a.j.s.SaveService: Loading file: /opt/radon-ctt-agent/jmeter/74ef4735-50c3-42fa-b267-0070f043f347/config/resources/loadtest.jmx
2021-05-31 19:43:40,247 INFO o.a.j.r.d.ReportGenerator: ReportGenerator will use for Parsing the separator: ','
2021-05-31 19:43:40,248 INFO o.a.j.r.d.ReportGenerator: Will generate report at end of test from  results file: /opt/radon-ctt-agent/jmeter/74ef4735-50c3-42fa-b267-0070f043f347/6bbf8f72-8803-43ad-afb4-23cadf8e4822/sample_results.jtl
2021-05-31 19:43:40,248 INFO o.a.j.r.d.ReportGenerator: Reading report generator properties from: /opt/radon-ctt-agent/plugins/jmeter/apache-jmeter-5.2.1/bin/reportgenerator.properties
2021-05-31 19:43:40,249 INFO o.a.j.r.d.ReportGenerator: Merging with JMeter properties
2021-05-31 19:43:40,255 INFO o.a.j.r.c.ReportGeneratorConfiguration: Property 'jmeter.reportgenerator.temp_dir' not found, using default value 'temp' instead.
2021-05-31 19:43:40,256 INFO o.a.j.r.c.ReportGeneratorConfiguration: Property 'jmeter.reportgenerator.apdex_satisfied_threshold' not found, using default value '500' instead.
2021-05-31 19:43:40,256 INFO o.a.j.r.c.ReportGeneratorConfiguration: Property 'jmeter.reportgenerator.apdex_tolerated_threshold' not found, using default value '1500' instead.
2021-05-31 19:43:40,256 INFO o.a.j.r.c.ReportGeneratorConfiguration: Property 'jmeter.reportgenerator.apdex_per_transaction' not found, using default value 'null' instead.
2021-05-31 19:43:40,256 INFO o.a.j.r.c.ReportGeneratorConfiguration: apdex_per_transaction is empty, not APDEX per transaction customization
2021-05-31 19:43:40,259 INFO o.a.j.r.c.ReportGeneratorConfiguration: Property 'jmeter.reportgenerator.sample_filter' not found, using default value 'null' instead.
2021-05-31 19:43:40,259 INFO o.a.j.r.c.ReportGeneratorConfiguration: Property 'jmeter.reportgenerator.report_title' not found, using default value 'null' instead.
2021-05-31 19:43:40,260 INFO o.a.j.r.c.ReportGeneratorConfiguration: Property 'jmeter.reportgenerator.start_date' not found, using default value 'null' instead.
2021-05-31 19:43:40,260 INFO o.a.j.r.c.ReportGeneratorConfiguration: Property 'jmeter.reportgenerator.end_date' not found, using default value 'null' instead.
2021-05-31 19:43:40,260 INFO o.a.j.r.c.ReportGeneratorConfiguration: Property 'jmeter.reportgenerator.date_format' not found, using default value 'null' instead.
2021-05-31 19:43:40,261 INFO o.a.j.r.c.ReportGeneratorConfiguration: Will use date range start date: null, end date: null
2021-05-31 19:43:40,266 INFO o.a.j.r.c.ReportGeneratorConfiguration: Property 'jmeter.reportgenerator.graph.totalTPS.exclude_controllers' not found, using default value 'false' instead.
2021-05-31 19:43:40,266 INFO o.a.j.r.c.ReportGeneratorConfiguration: Property 'jmeter.reportgenerator.graph.activeThreadsOverTime.exclude_controllers' not found, using default value 'false' instead.
2021-05-31 19:43:40,267 INFO o.a.j.r.c.ReportGeneratorConfiguration: Property 'jmeter.reportgenerator.graph.timeVsThreads.exclude_controllers' not found, using default value 'false' instead.
2021-05-31 19:43:40,267 INFO o.a.j.r.c.ReportGeneratorConfiguration: Property 'jmeter.reportgenerator.graph.responseTimeDistribution.exclude_controllers' not found, using default value 'false' instead.
2021-05-31 19:43:40,267 INFO o.a.j.r.c.ReportGeneratorConfiguration: Property 'jmeter.reportgenerator.graph.transactionsPerSecond.exclude_controllers' not found, using default value 'false' instead.
2021-05-31 19:43:40,267 INFO o.a.j.r.c.ReportGeneratorConfiguration: Property 'jmeter.reportgenerator.graph.responseTimePercentiles.exclude_controllers' not found, using default value 'false' instead.
2021-05-31 19:43:40,268 INFO o.a.j.r.c.ReportGeneratorConfiguration: Property 'jmeter.reportgenerator.graph.responseTimePercentilesOverTime.exclude_controllers' not found, using default value 'false' instead.
2021-05-31 19:43:40,268 INFO o.a.j.r.c.ReportGeneratorConfiguration: Property 'jmeter.reportgenerator.graph.responseTimesOverTime.exclude_controllers' not found, using default value 'false' instead.
2021-05-31 19:43:40,269 INFO o.a.j.r.c.ReportGeneratorConfiguration: Property 'jmeter.reportgenerator.graph.connectTimeOverTime.exclude_controllers' not found, using default value 'false' instead.
2021-05-31 19:43:40,269 INFO o.a.j.r.c.ReportGeneratorConfiguration: Property 'jmeter.reportgenerator.graph.latenciesOverTime.exclude_controllers' not found, using default value 'false' instead.
2021-05-31 19:43:40,270 INFO o.a.j.r.c.ReportGeneratorConfiguration: Property 'jmeter.reportgenerator.exporter.json.filters_only_sample_series' not found, using default value 'true' instead.
2021-05-31 19:43:40,270 INFO o.a.j.r.c.ReportGeneratorConfiguration: Property 'jmeter.reportgenerator.exporter.json.series_filter' not found, using default value '' instead.
2021-05-31 19:43:40,270 INFO o.a.j.r.c.ReportGeneratorConfiguration: Property 'jmeter.reportgenerator.exporter.json.show_controllers_only' not found, using default value 'false' instead.
2021-05-31 19:43:40,271 INFO o.a.j.r.c.ReportGeneratorConfiguration: Property 'jmeter.reportgenerator.exporter.html.filters_only_sample_series' not found, using default value 'true' instead.
2021-05-31 19:43:40,271 INFO o.a.j.r.c.ReportGeneratorConfiguration: Property 'jmeter.reportgenerator.exporter.html.series_filter' not found, using default value '' instead.
2021-05-31 19:43:40,272 INFO o.a.j.r.c.ReportGeneratorConfiguration: Property 'jmeter.reportgenerator.exporter.html.show_controllers_only' not found, using default value 'false' instead.
2021-05-31 19:43:40,283 INFO o.a.j.e.StandardJMeterEngine: Running the test!
2021-05-31 19:43:40,294 INFO o.a.j.s.SampleEvent: List of sample_variables: []
2021-05-31 19:43:40,295 INFO o.a.j.s.SampleEvent: List of sample_variables: []
2021-05-31 19:43:40,853 INFO o.a.j.JMeter: Running test (1622490220853)
2021-05-31 19:43:40,891 INFO o.a.j.e.StandardJMeterEngine: Starting ThreadGroup: 1 : Thread Group
2021-05-31 19:43:40,891 INFO o.a.j.e.StandardJMeterEngine: Starting 100 threads for group Thread Group.
2021-05-31 19:43:40,891 INFO o.a.j.e.StandardJMeterEngine: Thread will continue on error
2021-05-31 19:43:40,892 INFO o.a.j.t.ThreadGroup: Starting thread group... number=1 threads=100 ramp-up=120 delayedStart=false
2021-05-31 19:43:40,998 INFO o.a.j.t.JMeterThread: Thread started: Thread Group 1-1
2021-05-31 19:43:41,075 INFO o.a.j.t.ThreadGroup: Started thread group number 1
2021-05-31 19:43:41,075 INFO o.a.j.e.StandardJMeterEngine: All thread groups have been started
2021-05-31 19:43:42,193 INFO o.a.j.t.JMeterThread: Thread started: Thread Group 1-2
2021-05-31 19:43:43,401 INFO o.a.j.t.JMeterThread: Thread started: Thread Group 1-3
2021-05-31 19:43:44,599 INFO o.a.j.t.JMeterThread: Thread started: Thread Group 1-4
2021-05-31 19:43:45,791 INFO o.a.j.t.JMeterThread: Thread started: Thread Group 1-5
2021-05-31 19:43:46,986 INFO o.a.j.t.JMeterThread: Thread started: Thread Group 1-6
2021-05-31 19:43:47,459 INFO o.a.j.p.h.s.HTTPHCAbstractImpl: Local host = 2183220b1870
2021-05-31 19:43:47,465 INFO o.a.j.p.h.s.HTTPHC4Impl: HTTP request retry count = 0
2021-05-31 19:43:47,467 INFO o.a.j.s.SampleResult: Note: Sample TimeStamps are END times
2021-05-31 19:43:47,467 INFO o.a.j.s.SampleResult: sampleresult.default.encoding is set to ISO-8859-1
2021-05-31 19:43:47,467 INFO o.a.j.s.SampleResult: sampleresult.useNanoTime=true
2021-05-31 19:43:47,467 INFO o.a.j.s.SampleResult: sampleresult.nanoThreadSleep=5000
2021-05-31 19:43:47,591 INFO o.a.j.p.h.s.h.LazyLayeredConnectionSocketFactory: Setting up HTTPS TrustAll Socket Factory
2021-05-31 19:43:47,600 INFO o.a.j.u.JsseSSLManager: Using default SSL protocol: TLS
2021-05-31 19:43:47,600 INFO o.a.j.u.JsseSSLManager: SSL session context: per-thread
2021-05-31 19:43:47,690 INFO o.a.j.u.SSLManager: JmeterKeyStore Location:  type JKS
2021-05-31 19:43:47,693 INFO o.a.j.u.SSLManager: KeyStore created OK
2021-05-31 19:43:47,693 WARN o.a.j.u.SSLManager: Keystore file not found, loading empty keystore
2021-05-31 19:43:48,186 INFO o.a.j.t.JMeterThread: Thread started: Thread Group 1-7
2021-05-31 19:43:49,385 INFO o.a.j.t.JMeterThread: Thread started: Thread Group 1-8
2021-05-31 19:43:50,578 INFO o.a.j.t.JMeterThread: Thread started: Thread Group 1-9
2021-05-31 19:43:51,774 INFO o.a.j.t.JMeterThread: Thread started: Thread Group 1-10
2021-05-31 19:43:52,971 INFO o.a.j.t.JMeterThread: Thread started: Thread Group 1-11
2021-05-31 19:43:54,169 INFO o.a.j.t.JMeterThread: Thread started: Thread Group 1-12
2021-05-31 19:43:55,368 INFO o.a.j.t.JMeterThread: Thread started: Thread Group 1-13
2021-05-31 19:43:56,560 INFO o.a.j.t.JMeterThread: Thread started: Thread Group 1-14
2021-05-31 19:43:57,754 INFO o.a.j.t.JMeterThread: Thread started: Thread Group 1-15
2021-05-31 19:43:58,950 INFO o.a.j.t.JMeterThread: Thread started: Thread Group 1-16
2021-05-31 19:44:00,147 INFO o.a.j.t.JMeterThread: Thread started: Thread Group 1-17
2021-05-31 19:44:01,345 INFO o.a.j.t.JMeterThread: Thread started: Thread Group 1-18
2021-05-31 19:44:02,543 INFO o.a.j.t.JMeterThread: Thread started: Thread Group 1-19
2021-05-31 19:44:03,743 INFO o.a.j.t.JMeterThread: Thread started: Thread Group 1-20
2021-05-31 19:44:04,939 INFO o.a.j.t.JMeterThread: Thread started: Thread Group 1-21
2021-05-31 19:44:06,138 INFO o.a.j.t.JMeterThread: Thread started: Thread Group 1-22
2021-05-31 19:44:07,339 INFO o.a.j.t.JMeterThread: Thread started: Thread Group 1-23
2021-05-31 19:44:08,536 INFO o.a.j.t.JMeterThread: Thread started: Thread Group 1-24
2021-05-31 19:44:09,734 INFO o.a.j.t.JMeterThread: Thread started: Thread Group 1-25
2021-05-31 19:44:10,934 INFO o.a.j.t.JMeterThread: Thread started: Thread Group 1-26
2021-05-31 19:44:12,132 INFO o.a.j.t.JMeterThread: Thread started: Thread Group 1-27
2021-05-31 19:44:13,331 INFO o.a.j.t.JMeterThread: Thread started: Thread Group 1-28
2021-05-31 19:44:14,531 INFO o.a.j.t.JMeterThread: Thread started: Thread Group 1-29
2021-05-31 19:44:15,730 INFO o.a.j.t.JMeterThread: Thread started: Thread Group 1-30
2021-05-31 19:44:16,929 INFO o.a.j.t.JMeterThread: Thread started: Thread Group 1-31
2021-05-31 19:44:18,128 INFO o.a.j.t.JMeterThread: Thread started: Thread Group 1-32
2021-05-31 19:44:19,326 INFO o.a.j.t.JMeterThread: Thread started: Thread Group 1-33
2021-05-31 19:44:20,526 INFO o.a.j.t.JMeterThread: Thread started: Thread Group 1-34
2021-05-31 19:44:21,726 INFO o.a.j.t.JMeterThread: Thread started: Thread Group 1-35
2021-05-31 19:44:22,926 INFO o.a.j.t.JMeterThread: Thread started: Thread Group 1-36
2021-05-31 19:44:24,125 INFO o.a.j.t.JMeterThread: Thread started: Thread Group 1-37
2021-05-31 19:44:25,322 INFO o.a.j.t.JMeterThread: Thread started: Thread Group 1-38
2021-05-31 19:44:26,522 INFO o.a.j.t.JMeterThread: Thread started: Thread Group 1-39
2021-05-31 19:44:27,722 INFO o.a.j.t.JMeterThread: Thread started: Thread Group 1-40
2021-05-31 19:44:28,921 INFO o.a.j.t.JMeterThread: Thread started: Thread Group 1-41
2021-05-31 19:44:30,119 INFO o.a.j.t.JMeterThread: Thread started: Thread Group 1-42
2021-05-31 19:44:31,318 INFO o.a.j.t.JMeterThread: Thread started: Thread Group 1-43
2021-05-31 19:44:32,518 INFO o.a.j.t.JMeterThread: Thread started: Thread Group 1-44
2021-05-31 19:44:33,718 INFO o.a.j.t.JMeterThread: Thread started: Thread Group 1-45
2021-05-31 19:44:34,918 INFO o.a.j.t.JMeterThread: Thread started: Thread Group 1-46
2021-05-31 19:44:36,115 INFO o.a.j.t.JMeterThread: Thread started: Thread Group 1-47
2021-05-31 19:44:37,314 INFO o.a.j.t.JMeterThread: Thread started: Thread Group 1-48
2021-05-31 19:44:38,514 INFO o.a.j.t.JMeterThread: Thread started: Thread Group 1-49
2021-05-31 19:44:39,713 INFO o.a.j.t.JMeterThread: Thread started: Thread Group 1-50
2021-05-31 19:44:40,913 INFO o.a.j.t.JMeterThread: Thread started: Thread Group 1-51
2021-05-31 19:44:42,109 INFO o.a.j.t.JMeterThread: Thread started: Thread Group 1-52
2021-05-31 19:44:43,307 INFO o.a.j.t.JMeterThread: Thread started: Thread Group 1-53
2021-05-31 19:44:44,505 INFO o.a.j.t.JMeterThread: Thread started: Thread Group 1-54
2021-05-31 19:44:45,705 INFO o.a.j.t.JMeterThread: Thread started: Thread Group 1-55
2021-05-31 19:44:46,913 INFO o.a.j.t.JMeterThread: Thread started: Thread Group 1-56
2021-05-31 19:44:48,117 INFO o.a.j.t.JMeterThread: Thread started: Thread Group 1-57
2021-05-31 19:44:49,297 INFO o.a.j.t.JMeterThread: Thread started: Thread Group 1-58
2021-05-31 19:44:50,498 INFO o.a.j.t.JMeterThread: Thread started: Thread Group 1-59
2021-05-31 19:44:51,696 INFO o.a.j.t.JMeterThread: Thread started: Thread Group 1-60
2021-05-31 19:44:52,895 INFO o.a.j.t.JMeterThread: Thread started: Thread Group 1-61
2021-05-31 19:44:54,095 INFO o.a.j.t.JMeterThread: Thread started: Thread Group 1-62
2021-05-31 19:44:55,294 INFO o.a.j.t.JMeterThread: Thread started: Thread Group 1-63
2021-05-31 19:44:56,495 INFO o.a.j.t.JMeterThread: Thread started: Thread Group 1-64
2021-05-31 19:44:57,695 INFO o.a.j.t.JMeterThread: Thread started: Thread Group 1-65
2021-05-31 19:44:58,893 INFO o.a.j.t.JMeterThread: Thread started: Thread Group 1-66
2021-05-31 19:45:00,095 INFO o.a.j.t.JMeterThread: Thread started: Thread Group 1-67
2021-05-31 19:45:01,296 INFO o.a.j.t.JMeterThread: Thread started: Thread Group 1-68
2021-05-31 19:45:02,494 INFO o.a.j.t.JMeterThread: Thread started: Thread Group 1-69
2021-05-31 19:45:03,693 INFO o.a.j.t.JMeterThread: Thread started: Thread Group 1-70
2021-05-31 19:45:04,893 INFO o.a.j.t.JMeterThread: Thread started: Thread Group 1-71
2021-05-31 19:45:06,095 INFO o.a.j.t.JMeterThread: Thread started: Thread Group 1-72
2021-05-31 19:45:07,295 INFO o.a.j.t.JMeterThread: Thread started: Thread Group 1-73
2021-05-31 19:45:08,494 INFO o.a.j.t.JMeterThread: Thread started: Thread Group 1-74
2021-05-31 19:45:09,693 INFO o.a.j.t.JMeterThread: Thread started: Thread Group 1-75
2021-05-31 19:45:10,893 INFO o.a.j.t.JMeterThread: Thread started: Thread Group 1-76
2021-05-31 19:45:12,096 INFO o.a.j.t.JMeterThread: Thread started: Thread Group 1-77
2021-05-31 19:45:13,298 INFO o.a.j.t.JMeterThread: Thread started: Thread Group 1-78
2021-05-31 19:45:14,494 INFO o.a.j.t.JMeterThread: Thread started: Thread Group 1-79
2021-05-31 19:45:15,695 INFO o.a.j.t.JMeterThread: Thread started: Thread Group 1-80
2021-05-31 19:45:16,895 INFO o.a.j.t.JMeterThread: Thread started: Thread Group 1-81
2021-05-31 19:45:18,094 INFO o.a.j.t.JMeterThread: Thread started: Thread Group 1-82
2021-05-31 19:45:19,294 INFO o.a.j.t.JMeterThread: Thread started: Thread Group 1-83
2021-05-31 19:45:20,493 INFO o.a.j.t.JMeterThread: Thread started: Thread Group 1-84
2021-05-31 19:45:21,694 INFO o.a.j.t.JMeterThread: Thread started: Thread Group 1-85
2021-05-31 19:45:22,895 INFO o.a.j.t.JMeterThread: Thread started: Thread Group 1-86
2021-05-31 19:45:24,093 INFO o.a.j.t.JMeterThread: Thread started: Thread Group 1-87
2021-05-31 19:45:25,294 INFO o.a.j.t.JMeterThread: Thread started: Thread Group 1-88
2021-05-31 19:45:26,494 INFO o.a.j.t.JMeterThread: Thread started: Thread Group 1-89
2021-05-31 19:45:27,694 INFO o.a.j.t.JMeterThread: Thread started: Thread Group 1-90
2021-05-31 19:45:28,893 INFO o.a.j.t.JMeterThread: Thread started: Thread Group 1-91
2021-05-31 19:45:30,119 INFO o.a.j.t.JMeterThread: Thread started: Thread Group 1-92
2021-05-31 19:45:31,304 INFO o.a.j.t.JMeterThread: Thread started: Thread Group 1-93
2021-05-31 19:45:32,504 INFO o.a.j.t.JMeterThread: Thread started: Thread Group 1-94
2021-05-31 19:45:33,705 INFO o.a.j.t.JMeterThread: Thread started: Thread Group 1-95
2021-05-31 19:45:34,904 INFO o.a.j.t.JMeterThread: Thread started: Thread Group 1-96
2021-05-31 19:45:36,103 INFO o.a.j.t.JMeterThread: Thread started: Thread Group 1-97
2021-05-31 19:45:37,302 INFO o.a.j.t.JMeterThread: Thread started: Thread Group 1-98
2021-05-31 19:45:38,501 INFO o.a.j.t.JMeterThread: Thread started: Thread Group 1-99
2021-05-31 19:45:39,704 INFO o.a.j.t.JMeterThread: Thread started: Thread Group 1-100
2021-05-31 19:57:34,656 INFO o.a.j.t.JMeterThread: Thread finished: Thread Group 1-12
2021-05-31 19:57:34,715 INFO o.a.j.t.JMeterThread: Thread finished: Thread Group 1-86
2021-05-31 19:57:34,921 INFO o.a.j.t.JMeterThread: Thread finished: Thread Group 1-76
2021-05-31 19:57:34,960 INFO o.a.j.t.JMeterThread: Thread finished: Thread Group 1-79
2021-05-31 19:57:35,263 INFO o.a.j.t.JMeterThread: Thread finished: Thread Group 1-98
2021-05-31 19:57:35,265 INFO o.a.j.t.JMeterThread: Thread finished: Thread Group 1-36
2021-05-31 19:57:35,342 INFO o.a.j.t.JMeterThread: Thread finished: Thread Group 1-24
2021-05-31 19:57:35,498 INFO o.a.j.t.JMeterThread: Thread finished: Thread Group 1-14
2021-05-31 19:57:35,571 INFO o.a.j.t.JMeterThread: Thread finished: Thread Group 1-67
2021-05-31 19:57:35,592 INFO o.a.j.t.JMeterThread: Thread finished: Thread Group 1-77
2021-05-31 19:57:35,673 INFO o.a.j.t.JMeterThread: Thread finished: Thread Group 1-43
2021-05-31 19:57:35,686 INFO o.a.j.t.JMeterThread: Thread finished: Thread Group 1-32
2021-05-31 19:57:35,737 INFO o.a.j.t.JMeterThread: Thread finished: Thread Group 1-17
2021-05-31 19:57:35,757 INFO o.a.j.t.JMeterThread: Thread finished: Thread Group 1-82
2021-05-31 19:57:35,802 INFO o.a.j.t.JMeterThread: Thread finished: Thread Group 1-51
2021-05-31 19:57:35,826 INFO o.a.j.t.JMeterThread: Thread finished: Thread Group 1-47
2021-05-31 19:57:35,915 INFO o.a.j.t.JMeterThread: Thread finished: Thread Group 1-53
2021-05-31 19:57:35,966 INFO o.a.j.t.JMeterThread: Thread finished: Thread Group 1-13
2021-05-31 19:57:36,101 INFO o.a.j.t.JMeterThread: Thread finished: Thread Group 1-45
2021-05-31 19:57:36,133 INFO o.a.j.t.JMeterThread: Thread finished: Thread Group 1-56
2021-05-31 19:57:36,148 INFO o.a.j.t.JMeterThread: Thread finished: Thread Group 1-91
2021-05-31 19:57:36,228 INFO o.a.j.t.JMeterThread: Thread finished: Thread Group 1-80
2021-05-31 19:57:36,267 INFO o.a.j.t.JMeterThread: Thread finished: Thread Group 1-19
2021-05-31 19:57:36,286 INFO o.a.j.t.JMeterThread: Thread finished: Thread Group 1-31
2021-05-31 19:57:36,345 INFO o.a.j.t.JMeterThread: Thread finished: Thread Group 1-22
2021-05-31 19:57:36,643 INFO o.a.j.t.JMeterThread: Thread finished: Thread Group 1-6
2021-05-31 19:57:36,689 INFO o.a.j.t.JMeterThread: Thread finished: Thread Group 1-29
2021-05-31 19:57:36,692 INFO o.a.j.t.JMeterThread: Thread finished: Thread Group 1-75
2021-05-31 19:57:36,716 INFO o.a.j.t.JMeterThread: Thread finished: Thread Group 1-27
2021-05-31 19:57:36,730 INFO o.a.j.t.JMeterThread: Thread finished: Thread Group 1-83
2021-05-31 19:57:36,758 INFO o.a.j.t.JMeterThread: Thread finished: Thread Group 1-37
2021-05-31 19:57:36,793 INFO o.a.j.t.JMeterThread: Thread finished: Thread Group 1-68
2021-05-31 19:57:36,806 INFO o.a.j.t.JMeterThread: Thread finished: Thread Group 1-100
2021-05-31 19:57:36,848 INFO o.a.j.t.JMeterThread: Thread finished: Thread Group 1-69
2021-05-31 19:57:36,917 INFO o.a.j.t.JMeterThread: Thread finished: Thread Group 1-16
2021-05-31 19:57:36,943 INFO o.a.j.t.JMeterThread: Thread finished: Thread Group 1-41
2021-05-31 19:57:36,948 INFO o.a.j.t.JMeterThread: Thread finished: Thread Group 1-15
2021-05-31 19:57:37,125 INFO o.a.j.t.JMeterThread: Thread finished: Thread Group 1-50
2021-05-31 19:57:37,131 INFO o.a.j.t.JMeterThread: Thread finished: Thread Group 1-59
2021-05-31 19:57:37,140 INFO o.a.j.t.JMeterThread: Thread finished: Thread Group 1-96
2021-05-31 19:57:37,153 INFO o.a.j.t.JMeterThread: Thread finished: Thread Group 1-74
2021-05-31 19:57:37,172 INFO o.a.j.t.JMeterThread: Thread finished: Thread Group 1-49
2021-05-31 19:57:37,211 INFO o.a.j.t.JMeterThread: Thread finished: Thread Group 1-38
2021-05-31 19:57:37,235 INFO o.a.j.t.JMeterThread: Thread finished: Thread Group 1-55
2021-05-31 19:57:37,256 INFO o.a.j.t.JMeterThread: Thread finished: Thread Group 1-54
2021-05-31 19:57:37,412 INFO o.a.j.t.JMeterThread: Thread finished: Thread Group 1-99
2021-05-31 19:57:37,666 INFO o.a.j.t.JMeterThread: Thread finished: Thread Group 1-7
2021-05-31 19:57:37,746 INFO o.a.j.t.JMeterThread: Thread finished: Thread Group 1-11
2021-05-31 19:57:37,750 INFO o.a.j.t.JMeterThread: Thread finished: Thread Group 1-46
2021-05-31 19:57:37,750 INFO o.a.j.t.JMeterThread: Thread finished: Thread Group 1-42
2021-05-31 19:57:37,918 INFO o.a.j.t.JMeterThread: Thread finished: Thread Group 1-88
2021-05-31 19:57:38,080 INFO o.a.j.t.JMeterThread: Thread finished: Thread Group 1-8
2021-05-31 19:57:38,128 INFO o.a.j.t.JMeterThread: Thread finished: Thread Group 1-4
2021-05-31 19:57:38,164 INFO o.a.j.t.JMeterThread: Thread finished: Thread Group 1-52
2021-05-31 19:57:38,189 INFO o.a.j.t.JMeterThread: Thread finished: Thread Group 1-71
2021-05-31 19:57:38,210 INFO o.a.j.t.JMeterThread: Thread finished: Thread Group 1-5
2021-05-31 19:57:38,298 INFO o.a.j.t.JMeterThread: Thread finished: Thread Group 1-72
2021-05-31 19:57:38,385 INFO o.a.j.t.JMeterThread: Thread finished: Thread Group 1-90
2021-05-31 19:57:38,500 INFO o.a.j.t.JMeterThread: Thread finished: Thread Group 1-18
2021-05-31 19:57:38,555 INFO o.a.j.t.JMeterThread: Thread finished: Thread Group 1-94
2021-05-31 19:57:38,569 INFO o.a.j.t.JMeterThread: Thread finished: Thread Group 1-89
2021-05-31 19:57:38,723 INFO o.a.j.t.JMeterThread: Thread finished: Thread Group 1-25
2021-05-31 19:57:38,757 INFO o.a.j.t.JMeterThread: Thread finished: Thread Group 1-78
2021-05-31 19:57:38,821 INFO o.a.j.t.JMeterThread: Thread finished: Thread Group 1-61
2021-05-31 19:57:38,859 INFO o.a.j.t.JMeterThread: Thread finished: Thread Group 1-73
2021-05-31 19:57:38,861 INFO o.a.j.t.JMeterThread: Thread finished: Thread Group 1-10
2021-05-31 19:57:38,880 INFO o.a.j.t.JMeterThread: Thread finished: Thread Group 1-57
2021-05-31 19:57:38,905 INFO o.a.j.t.JMeterThread: Thread finished: Thread Group 1-81
2021-05-31 19:57:38,909 INFO o.a.j.t.JMeterThread: Thread finished: Thread Group 1-63
2021-05-31 19:57:38,980 INFO o.a.j.t.JMeterThread: Thread finished: Thread Group 1-97
2021-05-31 19:57:39,002 INFO o.a.j.t.JMeterThread: Thread finished: Thread Group 1-87
2021-05-31 19:57:39,092 INFO o.a.j.t.JMeterThread: Thread finished: Thread Group 1-20
2021-05-31 19:57:39,160 INFO o.a.j.t.JMeterThread: Thread finished: Thread Group 1-62
2021-05-31 19:57:39,228 INFO o.a.j.t.JMeterThread: Thread finished: Thread Group 1-58
2021-05-31 19:57:39,372 INFO o.a.j.t.JMeterThread: Thread finished: Thread Group 1-3
2021-05-31 19:57:39,559 INFO o.a.j.t.JMeterThread: Thread finished: Thread Group 1-9
2021-05-31 19:57:39,848 INFO o.a.j.t.JMeterThread: Thread finished: Thread Group 1-2
2021-05-31 19:57:39,887 INFO o.a.j.t.JMeterThread: Thread finished: Thread Group 1-93
2021-05-31 19:57:39,887 INFO o.a.j.t.JMeterThread: Thread finished: Thread Group 1-26
2021-05-31 19:57:40,013 INFO o.a.j.t.JMeterThread: Thread finished: Thread Group 1-33
2021-05-31 19:57:40,042 INFO o.a.j.t.JMeterThread: Thread finished: Thread Group 1-95
2021-05-31 19:57:40,095 INFO o.a.j.t.JMeterThread: Thread finished: Thread Group 1-21
2021-05-31 19:57:40,172 INFO o.a.j.t.JMeterThread: Thread finished: Thread Group 1-23
2021-05-31 19:57:40,206 INFO o.a.j.t.JMeterThread: Thread finished: Thread Group 1-34
2021-05-31 19:57:40,219 INFO o.a.j.t.JMeterThread: Thread finished: Thread Group 1-60
2021-05-31 19:57:40,278 INFO o.a.j.t.JMeterThread: Thread finished: Thread Group 1-66
2021-05-31 19:57:40,309 INFO o.a.j.t.JMeterThread: Thread finished: Thread Group 1-44
2021-05-31 19:57:40,408 INFO o.a.j.t.JMeterThread: Thread finished: Thread Group 1-92
2021-05-31 19:57:40,425 INFO o.a.j.t.JMeterThread: Thread finished: Thread Group 1-84
2021-05-31 19:57:40,581 INFO o.a.j.t.JMeterThread: Thread finished: Thread Group 1-1
2021-05-31 19:57:40,634 INFO o.a.j.t.JMeterThread: Thread finished: Thread Group 1-28
2021-05-31 19:57:40,643 INFO o.a.j.t.JMeterThread: Thread finished: Thread Group 1-65
2021-05-31 19:57:40,709 INFO o.a.j.t.JMeterThread: Thread finished: Thread Group 1-85
2021-05-31 19:57:40,729 INFO o.a.j.t.JMeterThread: Thread finished: Thread Group 1-30
2021-05-31 19:57:40,835 INFO o.a.j.t.JMeterThread: Thread finished: Thread Group 1-70
2021-05-31 19:57:40,925 INFO o.a.j.t.JMeterThread: Thread finished: Thread Group 1-35
2021-05-31 19:57:41,001 INFO o.a.j.t.JMeterThread: Stopping because end time detected by thread: Thread Group 1-39
2021-05-31 19:57:41,001 INFO o.a.j.t.JMeterThread: Thread finished: Thread Group 1-39
2021-05-31 19:57:41,081 INFO o.a.j.t.JMeterThread: Stopping because end time detected by thread: Thread Group 1-40
2021-05-31 19:57:41,081 INFO o.a.j.t.JMeterThread: Thread finished: Thread Group 1-40
2021-05-31 19:57:41,094 INFO o.a.j.t.JMeterThread: Stopping because end time detected by thread: Thread Group 1-64
2021-05-31 19:57:41,096 INFO o.a.j.t.JMeterThread: Thread finished: Thread Group 1-64
2021-05-31 19:57:41,226 INFO o.a.j.t.JMeterThread: Stopping because end time detected by thread: Thread Group 1-48
2021-05-31 19:57:41,228 INFO o.a.j.t.JMeterThread: Thread finished: Thread Group 1-48
2021-05-31 19:57:41,229 INFO o.a.j.e.StandardJMeterEngine: Notifying test listeners of end of test
2021-05-31 19:57:41,229 INFO o.a.j.JMeter: Generating Dashboard
2021-05-31 19:57:41,230 INFO o.a.j.r.d.ReportGenerator: Flushing result collector before report Generation
2021-05-31 19:57:41,242 INFO o.a.j.r.p.NormalizerSampleConsumer: Using format, 'ms', to parse timeStamp field
2021-05-31 19:57:41,249 ERROR o.a.j.r.d.ReportGenerator: Cannot assign "${jmeter.reportgenerator.apdex_satisfied_threshold}" to property "set_satisfied_threshold" (mapped as "setSatisfiedThreshold"), skip it
org.apache.jmeter.report.core.ConvertException: Unable to convert "${jmeter.reportgenerator.apdex_satisfied_threshold}" to "java.lang.Long"
	at org.apache.jmeter.report.core.Converters.lambda$static$4(Converters.java:80) ~[ApacheJMeter_core.jar:5.2.1]
	at org.apache.jmeter.report.dashboard.ReportGenerator.setProperty(ReportGenerator.java:537) [ApacheJMeter_core.jar:5.2.1]
	at org.apache.jmeter.report.dashboard.ReportGenerator.addGraphConsumer(ReportGenerator.java:349) [ApacheJMeter_core.jar:5.2.1]
	at org.apache.jmeter.report.dashboard.ReportGenerator.generate(ReportGenerator.java:236) [ApacheJMeter_core.jar:5.2.1]
	at org.apache.jmeter.JMeter$ListenToTest.endTest(JMeter.java:1330) [ApacheJMeter_core.jar:5.2.1]
	at org.apache.jmeter.JMeter$ListenToTest.testEnded(JMeter.java:1286) [ApacheJMeter_core.jar:5.2.1]
	at org.apache.jmeter.engine.StandardJMeterEngine.notifyTestListenersOfEnd(StandardJMeterEngine.java:218) [ApacheJMeter_core.jar:5.2.1]
	at org.apache.jmeter.engine.StandardJMeterEngine.run(StandardJMeterEngine.java:492) [ApacheJMeter_core.jar:5.2.1]
	at java.lang.Thread.run(Thread.java:834) [?:?]
Caused by: java.lang.NumberFormatException: For input string: "${jmeter.reportgenerator.apdex_satisfied_threshold}"
	at java.lang.NumberFormatException.forInputString(NumberFormatException.java:65) ~[?:?]
	at java.lang.Long.parseLong(Long.java:678) ~[?:?]
	at java.lang.Long.valueOf(Long.java:1144) ~[?:?]
	at org.apache.jmeter.report.core.Converters.lambda$static$4(Converters.java:78) ~[ApacheJMeter_core.jar:5.2.1]
	... 8 more
2021-05-31 19:57:41,256 ERROR o.a.j.JMeter: Error generating the report: Cannot assign "${jmeter.reportgenerator.apdex_satisfied_threshold}" to property "set_satisfied_threshold" (mapped as "setSatisfiedThreshold"), skip it
org.apache.jmeter.report.dashboard.GenerationException: Cannot assign "${jmeter.reportgenerator.apdex_satisfied_threshold}" to property "set_satisfied_threshold" (mapped as "setSatisfiedThreshold"), skip it
	at org.apache.jmeter.report.dashboard.ReportGenerator.setProperty(ReportGenerator.java:550) ~[ApacheJMeter_core.jar:5.2.1]
	at org.apache.jmeter.report.dashboard.ReportGenerator.addGraphConsumer(ReportGenerator.java:349) ~[ApacheJMeter_core.jar:5.2.1]
	at org.apache.jmeter.report.dashboard.ReportGenerator.generate(ReportGenerator.java:236) ~[ApacheJMeter_core.jar:5.2.1]
	at org.apache.jmeter.JMeter$ListenToTest.endTest(JMeter.java:1330) [ApacheJMeter_core.jar:5.2.1]
	at org.apache.jmeter.JMeter$ListenToTest.testEnded(JMeter.java:1286) [ApacheJMeter_core.jar:5.2.1]
	at org.apache.jmeter.engine.StandardJMeterEngine.notifyTestListenersOfEnd(StandardJMeterEngine.java:218) [ApacheJMeter_core.jar:5.2.1]
	at org.apache.jmeter.engine.StandardJMeterEngine.run(StandardJMeterEngine.java:492) [ApacheJMeter_core.jar:5.2.1]
	at java.lang.Thread.run(Thread.java:834) [?:?]
Caused by: org.apache.jmeter.report.core.ConvertException: Unable to convert "${jmeter.reportgenerator.apdex_satisfied_threshold}" to "java.lang.Long"
	at org.apache.jmeter.report.core.Converters.lambda$static$4(Converters.java:80) ~[ApacheJMeter_core.jar:5.2.1]
	at org.apache.jmeter.report.dashboard.ReportGenerator.setProperty(ReportGenerator.java:537) ~[ApacheJMeter_core.jar:5.2.1]
	... 7 more
Caused by: java.lang.NumberFormatException: For input string: "${jmeter.reportgenerator.apdex_satisfied_threshold}"
	at java.lang.NumberFormatException.forInputString(NumberFormatException.java:65) ~[?:?]
	at java.lang.Long.parseLong(Long.java:678) ~[?:?]
	at java.lang.Long.valueOf(Long.java:1144) ~[?:?]
	at org.apache.jmeter.report.core.Converters.lambda$static$4(Converters.java:78) ~[ApacheJMeter_core.jar:5.2.1]
	at org.apache.jmeter.report.dashboard.ReportGenerator.setProperty(ReportGenerator.java:537) ~[ApacheJMeter_core.jar:5.2.1]
	... 7 more
