2021-05-31 19:23:27,452 INFO o.a.j.u.JMeterUtils: Setting Locale to en_EN
2021-05-31 19:23:27,508 INFO o.a.j.JMeter: Setting JMeter property: HOST=qy1ndjrkfe.execute-api.eu-central-1.amazonaws.com
2021-05-31 19:23:27,508 INFO o.a.j.JMeter: Setting JMeter property: PATH=/production/todos
2021-05-31 19:23:27,508 INFO o.a.j.JMeter: Setting JMeter property: PORT=443
2021-05-31 19:23:27,509 INFO o.a.j.JMeter: Copyright (c) 1998-2019 The Apache Software Foundation
2021-05-31 19:23:27,509 INFO o.a.j.JMeter: Version 5.2.1
2021-05-31 19:23:27,510 INFO o.a.j.JMeter: java.version=11.0.9
2021-05-31 19:23:27,510 INFO o.a.j.JMeter: java.vm.name=OpenJDK 64-Bit Server VM
2021-05-31 19:23:27,510 INFO o.a.j.JMeter: os.name=Linux
2021-05-31 19:23:27,510 INFO o.a.j.JMeter: os.arch=amd64
2021-05-31 19:23:27,510 INFO o.a.j.JMeter: os.version=5.3.0-1023-aws
2021-05-31 19:23:27,510 INFO o.a.j.JMeter: file.encoding=UTF-8
2021-05-31 19:23:27,510 INFO o.a.j.JMeter: java.awt.headless=true
2021-05-31 19:23:27,510 INFO o.a.j.JMeter: Max memory     =1073741824
2021-05-31 19:23:27,511 INFO o.a.j.JMeter: Available Processors =2
2021-05-31 19:23:27,520 INFO o.a.j.JMeter: Default Locale=English (EN)
2021-05-31 19:23:27,520 INFO o.a.j.JMeter: JMeter  Locale=English (EN)
2021-05-31 19:23:27,520 INFO o.a.j.JMeter: JMeterHome=/opt/radon-ctt-agent/plugins/jmeter/apache-jmeter-5.2.1
2021-05-31 19:23:27,520 INFO o.a.j.JMeter: user.dir  =/opt/radon-ctt-agent
2021-05-31 19:23:27,521 INFO o.a.j.JMeter: PWD       =/opt/radon-ctt-agent
2021-05-31 19:23:27,521 INFO o.a.j.JMeter: IP: 172.17.0.2 Name: 2167f31151e0 FullName: 2167f31151e0
2021-05-31 19:23:27,523 INFO o.a.j.JMeter: Setting property 'jmeter.reportgenerator.outputdir' to:'/opt/radon-ctt-agent/jmeter/fb5cb5a2-d410-47a8-8b3d-d804de2f13ba/3d11a4c4-773a-4adb-9718-9e2f101e483e/dashboard'
2021-05-31 19:23:27,527 INFO o.a.j.s.FileServer: Default base='/opt/radon-ctt-agent'
2021-05-31 19:23:27,529 INFO o.a.j.s.FileServer: Set new base='/opt/radon-ctt-agent/jmeter/fb5cb5a2-d410-47a8-8b3d-d804de2f13ba/config/resources'
2021-05-31 19:23:27,777 INFO o.a.j.s.SaveService: Testplan (JMX) version: 2.2. Testlog (JTL) version: 2.2
2021-05-31 19:23:27,791 INFO o.a.j.s.SaveService: Using SaveService properties version 5.0
2021-05-31 19:23:27,795 INFO o.a.j.s.SaveService: Using SaveService properties file encoding UTF-8
2021-05-31 19:23:27,799 INFO o.a.j.s.SaveService: Loading file: /opt/radon-ctt-agent/jmeter/fb5cb5a2-d410-47a8-8b3d-d804de2f13ba/config/resources/loadtest.jmx
2021-05-31 19:23:28,239 INFO o.a.j.r.d.ReportGenerator: ReportGenerator will use for Parsing the separator: ','
2021-05-31 19:23:28,240 INFO o.a.j.r.d.ReportGenerator: Will generate report at end of test from  results file: /opt/radon-ctt-agent/jmeter/fb5cb5a2-d410-47a8-8b3d-d804de2f13ba/3d11a4c4-773a-4adb-9718-9e2f101e483e/sample_results.jtl
2021-05-31 19:23:28,240 INFO o.a.j.r.d.ReportGenerator: Reading report generator properties from: /opt/radon-ctt-agent/plugins/jmeter/apache-jmeter-5.2.1/bin/reportgenerator.properties
2021-05-31 19:23:28,241 INFO o.a.j.r.d.ReportGenerator: Merging with JMeter properties
2021-05-31 19:23:28,246 INFO o.a.j.r.c.ReportGeneratorConfiguration: Property 'jmeter.reportgenerator.temp_dir' not found, using default value 'temp' instead.
2021-05-31 19:23:28,246 INFO o.a.j.r.c.ReportGeneratorConfiguration: Property 'jmeter.reportgenerator.apdex_satisfied_threshold' not found, using default value '500' instead.
2021-05-31 19:23:28,246 INFO o.a.j.r.c.ReportGeneratorConfiguration: Property 'jmeter.reportgenerator.apdex_tolerated_threshold' not found, using default value '1500' instead.
2021-05-31 19:23:28,246 INFO o.a.j.r.c.ReportGeneratorConfiguration: Property 'jmeter.reportgenerator.apdex_per_transaction' not found, using default value 'null' instead.
2021-05-31 19:23:28,246 INFO o.a.j.r.c.ReportGeneratorConfiguration: apdex_per_transaction is empty, not APDEX per transaction customization
2021-05-31 19:23:28,250 INFO o.a.j.r.c.ReportGeneratorConfiguration: Property 'jmeter.reportgenerator.sample_filter' not found, using default value 'null' instead.
2021-05-31 19:23:28,250 INFO o.a.j.r.c.ReportGeneratorConfiguration: Property 'jmeter.reportgenerator.report_title' not found, using default value 'null' instead.
2021-05-31 19:23:28,250 INFO o.a.j.r.c.ReportGeneratorConfiguration: Property 'jmeter.reportgenerator.start_date' not found, using default value 'null' instead.
2021-05-31 19:23:28,251 INFO o.a.j.r.c.ReportGeneratorConfiguration: Property 'jmeter.reportgenerator.end_date' not found, using default value 'null' instead.
2021-05-31 19:23:28,251 INFO o.a.j.r.c.ReportGeneratorConfiguration: Property 'jmeter.reportgenerator.date_format' not found, using default value 'null' instead.
2021-05-31 19:23:28,252 INFO o.a.j.r.c.ReportGeneratorConfiguration: Will use date range start date: null, end date: null
2021-05-31 19:23:28,257 INFO o.a.j.r.c.ReportGeneratorConfiguration: Property 'jmeter.reportgenerator.graph.totalTPS.exclude_controllers' not found, using default value 'false' instead.
2021-05-31 19:23:28,258 INFO o.a.j.r.c.ReportGeneratorConfiguration: Property 'jmeter.reportgenerator.graph.activeThreadsOverTime.exclude_controllers' not found, using default value 'false' instead.
2021-05-31 19:23:28,258 INFO o.a.j.r.c.ReportGeneratorConfiguration: Property 'jmeter.reportgenerator.graph.timeVsThreads.exclude_controllers' not found, using default value 'false' instead.
2021-05-31 19:23:28,258 INFO o.a.j.r.c.ReportGeneratorConfiguration: Property 'jmeter.reportgenerator.graph.responseTimeDistribution.exclude_controllers' not found, using default value 'false' instead.
2021-05-31 19:23:28,258 INFO o.a.j.r.c.ReportGeneratorConfiguration: Property 'jmeter.reportgenerator.graph.transactionsPerSecond.exclude_controllers' not found, using default value 'false' instead.
2021-05-31 19:23:28,258 INFO o.a.j.r.c.ReportGeneratorConfiguration: Property 'jmeter.reportgenerator.graph.responseTimePercentiles.exclude_controllers' not found, using default value 'false' instead.
2021-05-31 19:23:28,259 INFO o.a.j.r.c.ReportGeneratorConfiguration: Property 'jmeter.reportgenerator.graph.responseTimePercentilesOverTime.exclude_controllers' not found, using default value 'false' instead.
2021-05-31 19:23:28,259 INFO o.a.j.r.c.ReportGeneratorConfiguration: Property 'jmeter.reportgenerator.graph.responseTimesOverTime.exclude_controllers' not found, using default value 'false' instead.
2021-05-31 19:23:28,260 INFO o.a.j.r.c.ReportGeneratorConfiguration: Property 'jmeter.reportgenerator.graph.connectTimeOverTime.exclude_controllers' not found, using default value 'false' instead.
2021-05-31 19:23:28,260 INFO o.a.j.r.c.ReportGeneratorConfiguration: Property 'jmeter.reportgenerator.graph.latenciesOverTime.exclude_controllers' not found, using default value 'false' instead.
2021-05-31 19:23:28,261 INFO o.a.j.r.c.ReportGeneratorConfiguration: Property 'jmeter.reportgenerator.exporter.json.filters_only_sample_series' not found, using default value 'true' instead.
2021-05-31 19:23:28,261 INFO o.a.j.r.c.ReportGeneratorConfiguration: Property 'jmeter.reportgenerator.exporter.json.series_filter' not found, using default value '' instead.
2021-05-31 19:23:28,261 INFO o.a.j.r.c.ReportGeneratorConfiguration: Property 'jmeter.reportgenerator.exporter.json.show_controllers_only' not found, using default value 'false' instead.
2021-05-31 19:23:28,262 INFO o.a.j.r.c.ReportGeneratorConfiguration: Property 'jmeter.reportgenerator.exporter.html.filters_only_sample_series' not found, using default value 'true' instead.
2021-05-31 19:23:28,262 INFO o.a.j.r.c.ReportGeneratorConfiguration: Property 'jmeter.reportgenerator.exporter.html.series_filter' not found, using default value '' instead.
2021-05-31 19:23:28,263 INFO o.a.j.r.c.ReportGeneratorConfiguration: Property 'jmeter.reportgenerator.exporter.html.show_controllers_only' not found, using default value 'false' instead.
2021-05-31 19:23:28,278 INFO o.a.j.e.StandardJMeterEngine: Running the test!
2021-05-31 19:23:28,290 INFO o.a.j.s.SampleEvent: List of sample_variables: []
2021-05-31 19:23:28,290 INFO o.a.j.s.SampleEvent: List of sample_variables: []
2021-05-31 19:23:28,869 INFO o.a.j.JMeter: Running test (1622489008869)
2021-05-31 19:23:28,899 INFO o.a.j.e.StandardJMeterEngine: Starting ThreadGroup: 1 : Thread Group
2021-05-31 19:23:28,899 INFO o.a.j.e.StandardJMeterEngine: Starting 90 threads for group Thread Group.
2021-05-31 19:23:28,899 INFO o.a.j.e.StandardJMeterEngine: Thread will continue on error
2021-05-31 19:23:28,899 INFO o.a.j.t.ThreadGroup: Starting thread group... number=1 threads=90 ramp-up=120 delayedStart=false
2021-05-31 19:23:28,961 INFO o.a.j.t.JMeterThread: Thread started: Thread Group 1-1
2021-05-31 19:23:29,057 INFO o.a.j.t.ThreadGroup: Started thread group number 1
2021-05-31 19:23:29,057 INFO o.a.j.e.StandardJMeterEngine: All thread groups have been started
2021-05-31 19:23:30,292 INFO o.a.j.t.JMeterThread: Thread started: Thread Group 1-2
2021-05-31 19:23:31,620 INFO o.a.j.t.JMeterThread: Thread started: Thread Group 1-3
2021-05-31 19:23:32,953 INFO o.a.j.t.JMeterThread: Thread started: Thread Group 1-4
2021-05-31 19:23:34,280 INFO o.a.j.t.JMeterThread: Thread started: Thread Group 1-5
2021-05-31 19:23:35,278 INFO o.a.j.p.h.s.HTTPHCAbstractImpl: Local host = 2167f31151e0
2021-05-31 19:23:35,285 INFO o.a.j.p.h.s.HTTPHC4Impl: HTTP request retry count = 0
2021-05-31 19:23:35,286 INFO o.a.j.s.SampleResult: Note: Sample TimeStamps are END times
2021-05-31 19:23:35,286 INFO o.a.j.s.SampleResult: sampleresult.default.encoding is set to ISO-8859-1
2021-05-31 19:23:35,286 INFO o.a.j.s.SampleResult: sampleresult.useNanoTime=true
2021-05-31 19:23:35,286 INFO o.a.j.s.SampleResult: sampleresult.nanoThreadSleep=5000
2021-05-31 19:23:35,413 INFO o.a.j.p.h.s.h.LazyLayeredConnectionSocketFactory: Setting up HTTPS TrustAll Socket Factory
2021-05-31 19:23:35,424 INFO o.a.j.u.JsseSSLManager: Using default SSL protocol: TLS
2021-05-31 19:23:35,425 INFO o.a.j.u.JsseSSLManager: SSL session context: per-thread
2021-05-31 19:23:35,539 INFO o.a.j.u.SSLManager: JmeterKeyStore Location:  type JKS
2021-05-31 19:23:35,542 INFO o.a.j.u.SSLManager: KeyStore created OK
2021-05-31 19:23:35,543 WARN o.a.j.u.SSLManager: Keystore file not found, loading empty keystore
2021-05-31 19:23:35,607 INFO o.a.j.t.JMeterThread: Thread started: Thread Group 1-6
2021-05-31 19:23:36,936 INFO o.a.j.t.JMeterThread: Thread started: Thread Group 1-7
2021-05-31 19:23:38,261 INFO o.a.j.t.JMeterThread: Thread started: Thread Group 1-8
2021-05-31 19:23:39,592 INFO o.a.j.t.JMeterThread: Thread started: Thread Group 1-9
2021-05-31 19:23:40,920 INFO o.a.j.t.JMeterThread: Thread started: Thread Group 1-10
2021-05-31 19:23:42,253 INFO o.a.j.t.JMeterThread: Thread started: Thread Group 1-11
2021-05-31 19:23:43,582 INFO o.a.j.t.JMeterThread: Thread started: Thread Group 1-12
2021-05-31 19:23:44,915 INFO o.a.j.t.JMeterThread: Thread started: Thread Group 1-13
2021-05-31 19:23:46,248 INFO o.a.j.t.JMeterThread: Thread started: Thread Group 1-14
2021-05-31 19:23:47,567 INFO o.a.j.t.JMeterThread: Thread started: Thread Group 1-15
2021-05-31 19:23:48,903 INFO o.a.j.t.JMeterThread: Thread started: Thread Group 1-16
2021-05-31 19:23:50,235 INFO o.a.j.t.JMeterThread: Thread started: Thread Group 1-17
2021-05-31 19:23:51,562 INFO o.a.j.t.JMeterThread: Thread started: Thread Group 1-18
2021-05-31 19:23:52,897 INFO o.a.j.t.JMeterThread: Thread started: Thread Group 1-19
2021-05-31 19:23:54,229 INFO o.a.j.t.JMeterThread: Thread started: Thread Group 1-20
2021-05-31 19:23:55,564 INFO o.a.j.t.JMeterThread: Thread started: Thread Group 1-21
2021-05-31 19:23:56,896 INFO o.a.j.t.JMeterThread: Thread started: Thread Group 1-22
2021-05-31 19:23:58,229 INFO o.a.j.t.JMeterThread: Thread started: Thread Group 1-23
2021-05-31 19:23:59,561 INFO o.a.j.t.JMeterThread: Thread started: Thread Group 1-24
2021-05-31 19:24:00,893 INFO o.a.j.t.JMeterThread: Thread started: Thread Group 1-25
2021-05-31 19:24:02,225 INFO o.a.j.t.JMeterThread: Thread started: Thread Group 1-26
2021-05-31 19:24:03,559 INFO o.a.j.t.JMeterThread: Thread started: Thread Group 1-27
2021-05-31 19:24:04,892 INFO o.a.j.t.JMeterThread: Thread started: Thread Group 1-28
2021-05-31 19:24:06,224 INFO o.a.j.t.JMeterThread: Thread started: Thread Group 1-29
2021-05-31 19:24:07,558 INFO o.a.j.t.JMeterThread: Thread started: Thread Group 1-30
2021-05-31 19:24:08,891 INFO o.a.j.t.JMeterThread: Thread started: Thread Group 1-31
2021-05-31 19:24:10,224 INFO o.a.j.t.JMeterThread: Thread started: Thread Group 1-32
2021-05-31 19:24:11,558 INFO o.a.j.t.JMeterThread: Thread started: Thread Group 1-33
2021-05-31 19:24:12,892 INFO o.a.j.t.JMeterThread: Thread started: Thread Group 1-34
2021-05-31 19:24:14,224 INFO o.a.j.t.JMeterThread: Thread started: Thread Group 1-35
2021-05-31 19:24:15,557 INFO o.a.j.t.JMeterThread: Thread started: Thread Group 1-36
2021-05-31 19:24:16,892 INFO o.a.j.t.JMeterThread: Thread started: Thread Group 1-37
2021-05-31 19:24:18,221 INFO o.a.j.t.JMeterThread: Thread started: Thread Group 1-38
2021-05-31 19:24:19,554 INFO o.a.j.t.JMeterThread: Thread started: Thread Group 1-39
2021-05-31 19:24:20,889 INFO o.a.j.t.JMeterThread: Thread started: Thread Group 1-40
2021-05-31 19:24:22,221 INFO o.a.j.t.JMeterThread: Thread started: Thread Group 1-41
2021-05-31 19:24:23,556 INFO o.a.j.t.JMeterThread: Thread started: Thread Group 1-42
2021-05-31 19:24:24,890 INFO o.a.j.t.JMeterThread: Thread started: Thread Group 1-43
2021-05-31 19:24:26,221 INFO o.a.j.t.JMeterThread: Thread started: Thread Group 1-44
2021-05-31 19:24:27,552 INFO o.a.j.t.JMeterThread: Thread started: Thread Group 1-45
2021-05-31 19:24:28,885 INFO o.a.j.t.JMeterThread: Thread started: Thread Group 1-46
2021-05-31 19:24:30,219 INFO o.a.j.t.JMeterThread: Thread started: Thread Group 1-47
2021-05-31 19:24:31,551 INFO o.a.j.t.JMeterThread: Thread started: Thread Group 1-48
2021-05-31 19:24:32,884 INFO o.a.j.t.JMeterThread: Thread started: Thread Group 1-49
2021-05-31 19:24:34,217 INFO o.a.j.t.JMeterThread: Thread started: Thread Group 1-50
2021-05-31 19:24:35,551 INFO o.a.j.t.JMeterThread: Thread started: Thread Group 1-51
2021-05-31 19:24:36,884 INFO o.a.j.t.JMeterThread: Thread started: Thread Group 1-52
2021-05-31 19:24:38,217 INFO o.a.j.t.JMeterThread: Thread started: Thread Group 1-53
2021-05-31 19:24:39,551 INFO o.a.j.t.JMeterThread: Thread started: Thread Group 1-54
2021-05-31 19:24:40,885 INFO o.a.j.t.JMeterThread: Thread started: Thread Group 1-55
2021-05-31 19:24:42,216 INFO o.a.j.t.JMeterThread: Thread started: Thread Group 1-56
2021-05-31 19:24:43,549 INFO o.a.j.t.JMeterThread: Thread started: Thread Group 1-57
2021-05-31 19:24:44,881 INFO o.a.j.t.JMeterThread: Thread started: Thread Group 1-58
2021-05-31 19:24:46,214 INFO o.a.j.t.JMeterThread: Thread started: Thread Group 1-59
2021-05-31 19:24:47,548 INFO o.a.j.t.JMeterThread: Thread started: Thread Group 1-60
2021-05-31 19:24:48,881 INFO o.a.j.t.JMeterThread: Thread started: Thread Group 1-61
2021-05-31 19:24:50,214 INFO o.a.j.t.JMeterThread: Thread started: Thread Group 1-62
2021-05-31 19:24:51,548 INFO o.a.j.t.JMeterThread: Thread started: Thread Group 1-63
2021-05-31 19:24:52,879 INFO o.a.j.t.JMeterThread: Thread started: Thread Group 1-64
2021-05-31 19:24:54,213 INFO o.a.j.t.JMeterThread: Thread started: Thread Group 1-65
2021-05-31 19:24:55,545 INFO o.a.j.t.JMeterThread: Thread started: Thread Group 1-66
2021-05-31 19:24:56,878 INFO o.a.j.t.JMeterThread: Thread started: Thread Group 1-67
2021-05-31 19:24:58,212 INFO o.a.j.t.JMeterThread: Thread started: Thread Group 1-68
2021-05-31 19:24:59,544 INFO o.a.j.t.JMeterThread: Thread started: Thread Group 1-69
2021-05-31 19:25:00,878 INFO o.a.j.t.JMeterThread: Thread started: Thread Group 1-70
2021-05-31 19:25:02,210 INFO o.a.j.t.JMeterThread: Thread started: Thread Group 1-71
2021-05-31 19:25:03,543 INFO o.a.j.t.JMeterThread: Thread started: Thread Group 1-72
2021-05-31 19:25:04,880 INFO o.a.j.t.JMeterThread: Thread started: Thread Group 1-73
2021-05-31 19:25:06,211 INFO o.a.j.t.JMeterThread: Thread started: Thread Group 1-74
2021-05-31 19:25:07,542 INFO o.a.j.t.JMeterThread: Thread started: Thread Group 1-75
2021-05-31 19:25:08,876 INFO o.a.j.t.JMeterThread: Thread started: Thread Group 1-76
2021-05-31 19:25:10,209 INFO o.a.j.t.JMeterThread: Thread started: Thread Group 1-77
2021-05-31 19:25:11,542 INFO o.a.j.t.JMeterThread: Thread started: Thread Group 1-78
2021-05-31 19:25:12,874 INFO o.a.j.t.JMeterThread: Thread started: Thread Group 1-79
2021-05-31 19:25:14,208 INFO o.a.j.t.JMeterThread: Thread started: Thread Group 1-80
2021-05-31 19:25:15,541 INFO o.a.j.t.JMeterThread: Thread started: Thread Group 1-81
2021-05-31 19:25:16,873 INFO o.a.j.t.JMeterThread: Thread started: Thread Group 1-82
2021-05-31 19:25:18,206 INFO o.a.j.t.JMeterThread: Thread started: Thread Group 1-83
2021-05-31 19:25:19,541 INFO o.a.j.t.JMeterThread: Thread started: Thread Group 1-84
2021-05-31 19:25:20,873 INFO o.a.j.t.JMeterThread: Thread started: Thread Group 1-85
2021-05-31 19:25:22,205 INFO o.a.j.t.JMeterThread: Thread started: Thread Group 1-86
2021-05-31 19:25:23,539 INFO o.a.j.t.JMeterThread: Thread started: Thread Group 1-87
2021-05-31 19:25:24,872 INFO o.a.j.t.JMeterThread: Thread started: Thread Group 1-88
2021-05-31 19:25:26,205 INFO o.a.j.t.JMeterThread: Thread started: Thread Group 1-89
2021-05-31 19:25:27,538 INFO o.a.j.t.JMeterThread: Thread started: Thread Group 1-90
2021-05-31 19:37:22,742 INFO o.a.j.t.JMeterThread: Thread finished: Thread Group 1-2
2021-05-31 19:37:22,805 INFO o.a.j.t.JMeterThread: Thread finished: Thread Group 1-58
2021-05-31 19:37:22,822 INFO o.a.j.t.JMeterThread: Thread finished: Thread Group 1-39
2021-05-31 19:37:22,823 INFO o.a.j.t.JMeterThread: Thread finished: Thread Group 1-12
2021-05-31 19:37:22,963 INFO o.a.j.t.JMeterThread: Thread finished: Thread Group 1-13
2021-05-31 19:37:23,014 INFO o.a.j.t.JMeterThread: Thread finished: Thread Group 1-48
2021-05-31 19:37:23,061 INFO o.a.j.t.JMeterThread: Thread finished: Thread Group 1-81
2021-05-31 19:37:23,191 INFO o.a.j.t.JMeterThread: Thread finished: Thread Group 1-76
2021-05-31 19:37:23,370 INFO o.a.j.t.JMeterThread: Thread finished: Thread Group 1-49
2021-05-31 19:37:23,450 INFO o.a.j.t.JMeterThread: Thread finished: Thread Group 1-83
2021-05-31 19:37:23,504 INFO o.a.j.t.JMeterThread: Thread finished: Thread Group 1-35
2021-05-31 19:37:23,528 INFO o.a.j.t.JMeterThread: Thread finished: Thread Group 1-9
2021-05-31 19:37:23,550 INFO o.a.j.t.JMeterThread: Thread finished: Thread Group 1-42
2021-05-31 19:37:23,553 INFO o.a.j.t.JMeterThread: Thread finished: Thread Group 1-50
2021-05-31 19:37:23,585 INFO o.a.j.t.JMeterThread: Thread finished: Thread Group 1-70
2021-05-31 19:37:23,601 INFO o.a.j.t.JMeterThread: Thread finished: Thread Group 1-60
2021-05-31 19:37:23,860 INFO o.a.j.t.JMeterThread: Thread finished: Thread Group 1-18
2021-05-31 19:37:23,955 INFO o.a.j.t.JMeterThread: Thread finished: Thread Group 1-45
2021-05-31 19:37:23,999 INFO o.a.j.t.JMeterThread: Thread finished: Thread Group 1-84
2021-05-31 19:37:24,037 INFO o.a.j.t.JMeterThread: Thread finished: Thread Group 1-78
2021-05-31 19:37:24,375 INFO o.a.j.t.JMeterThread: Thread finished: Thread Group 1-14
2021-05-31 19:37:24,425 INFO o.a.j.t.JMeterThread: Thread finished: Thread Group 1-85
2021-05-31 19:37:24,614 INFO o.a.j.t.JMeterThread: Thread finished: Thread Group 1-59
2021-05-31 19:37:24,638 INFO o.a.j.t.JMeterThread: Thread finished: Thread Group 1-31
2021-05-31 19:37:24,682 INFO o.a.j.t.JMeterThread: Thread finished: Thread Group 1-90
2021-05-31 19:37:24,694 INFO o.a.j.t.JMeterThread: Thread finished: Thread Group 1-29
2021-05-31 19:37:24,775 INFO o.a.j.t.JMeterThread: Thread finished: Thread Group 1-56
2021-05-31 19:37:24,821 INFO o.a.j.t.JMeterThread: Thread finished: Thread Group 1-40
2021-05-31 19:37:24,876 INFO o.a.j.t.JMeterThread: Thread finished: Thread Group 1-30
2021-05-31 19:37:24,881 INFO o.a.j.t.JMeterThread: Thread finished: Thread Group 1-66
2021-05-31 19:37:24,950 INFO o.a.j.t.JMeterThread: Thread finished: Thread Group 1-43
2021-05-31 19:37:24,954 INFO o.a.j.t.JMeterThread: Thread finished: Thread Group 1-16
2021-05-31 19:37:24,955 INFO o.a.j.t.JMeterThread: Thread finished: Thread Group 1-44
2021-05-31 19:37:24,961 INFO o.a.j.t.JMeterThread: Thread finished: Thread Group 1-54
2021-05-31 19:37:25,056 INFO o.a.j.t.JMeterThread: Thread finished: Thread Group 1-62
2021-05-31 19:37:25,124 INFO o.a.j.t.JMeterThread: Thread finished: Thread Group 1-21
2021-05-31 19:37:25,130 INFO o.a.j.t.JMeterThread: Thread finished: Thread Group 1-74
2021-05-31 19:37:25,301 INFO o.a.j.t.JMeterThread: Thread finished: Thread Group 1-11
2021-05-31 19:37:25,315 INFO o.a.j.t.JMeterThread: Thread finished: Thread Group 1-37
2021-05-31 19:37:25,354 INFO o.a.j.t.JMeterThread: Thread finished: Thread Group 1-5
2021-05-31 19:37:25,369 INFO o.a.j.t.JMeterThread: Thread finished: Thread Group 1-89
2021-05-31 19:37:25,385 INFO o.a.j.t.JMeterThread: Thread finished: Thread Group 1-38
2021-05-31 19:37:25,453 INFO o.a.j.t.JMeterThread: Thread finished: Thread Group 1-65
2021-05-31 19:37:25,653 INFO o.a.j.t.JMeterThread: Thread finished: Thread Group 1-28
2021-05-31 19:37:25,699 INFO o.a.j.t.JMeterThread: Thread finished: Thread Group 1-53
2021-05-31 19:37:25,956 INFO o.a.j.t.JMeterThread: Thread finished: Thread Group 1-6
2021-05-31 19:37:25,996 INFO o.a.j.t.JMeterThread: Thread finished: Thread Group 1-26
2021-05-31 19:37:26,079 INFO o.a.j.t.JMeterThread: Thread finished: Thread Group 1-1
2021-05-31 19:37:26,303 INFO o.a.j.t.JMeterThread: Thread finished: Thread Group 1-57
2021-05-31 19:37:26,526 INFO o.a.j.t.JMeterThread: Thread finished: Thread Group 1-8
2021-05-31 19:37:26,753 INFO o.a.j.t.JMeterThread: Thread finished: Thread Group 1-51
2021-05-31 19:37:26,830 INFO o.a.j.t.JMeterThread: Thread finished: Thread Group 1-46
2021-05-31 19:37:26,840 INFO o.a.j.t.JMeterThread: Thread finished: Thread Group 1-88
2021-05-31 19:37:26,875 INFO o.a.j.t.JMeterThread: Thread finished: Thread Group 1-71
2021-05-31 19:37:26,965 INFO o.a.j.t.JMeterThread: Thread finished: Thread Group 1-61
2021-05-31 19:37:26,984 INFO o.a.j.t.JMeterThread: Thread finished: Thread Group 1-17
2021-05-31 19:37:27,056 INFO o.a.j.t.JMeterThread: Thread finished: Thread Group 1-67
2021-05-31 19:37:27,063 INFO o.a.j.t.JMeterThread: Thread finished: Thread Group 1-77
2021-05-31 19:37:27,063 INFO o.a.j.t.JMeterThread: Thread finished: Thread Group 1-20
2021-05-31 19:37:27,104 INFO o.a.j.t.JMeterThread: Thread finished: Thread Group 1-24
2021-05-31 19:37:27,125 INFO o.a.j.t.JMeterThread: Thread finished: Thread Group 1-27
2021-05-31 19:37:27,262 INFO o.a.j.t.JMeterThread: Thread finished: Thread Group 1-47
2021-05-31 19:37:27,274 INFO o.a.j.t.JMeterThread: Thread finished: Thread Group 1-22
2021-05-31 19:37:27,393 INFO o.a.j.t.JMeterThread: Thread finished: Thread Group 1-4
2021-05-31 19:37:27,396 INFO o.a.j.t.JMeterThread: Thread finished: Thread Group 1-32
2021-05-31 19:37:27,512 INFO o.a.j.t.JMeterThread: Thread finished: Thread Group 1-64
2021-05-31 19:37:27,565 INFO o.a.j.t.JMeterThread: Thread finished: Thread Group 1-52
2021-05-31 19:37:27,735 INFO o.a.j.t.JMeterThread: Thread finished: Thread Group 1-23
2021-05-31 19:37:27,757 INFO o.a.j.t.JMeterThread: Thread finished: Thread Group 1-79
2021-05-31 19:37:27,805 INFO o.a.j.t.JMeterThread: Thread finished: Thread Group 1-34
2021-05-31 19:37:27,845 INFO o.a.j.t.JMeterThread: Thread finished: Thread Group 1-82
2021-05-31 19:37:28,049 INFO o.a.j.t.JMeterThread: Thread finished: Thread Group 1-75
2021-05-31 19:37:28,074 INFO o.a.j.t.JMeterThread: Thread finished: Thread Group 1-73
2021-05-31 19:37:28,141 INFO o.a.j.t.JMeterThread: Thread finished: Thread Group 1-36
2021-05-31 19:37:28,177 INFO o.a.j.t.JMeterThread: Thread finished: Thread Group 1-3
2021-05-31 19:37:28,322 INFO o.a.j.t.JMeterThread: Thread finished: Thread Group 1-7
2021-05-31 19:37:28,352 INFO o.a.j.t.JMeterThread: Thread finished: Thread Group 1-55
2021-05-31 19:37:28,383 INFO o.a.j.t.JMeterThread: Thread finished: Thread Group 1-87
2021-05-31 19:37:28,430 INFO o.a.j.t.JMeterThread: Thread finished: Thread Group 1-86
2021-05-31 19:37:28,485 INFO o.a.j.t.JMeterThread: Thread finished: Thread Group 1-63
2021-05-31 19:37:28,526 INFO o.a.j.t.JMeterThread: Thread finished: Thread Group 1-25
2021-05-31 19:37:28,534 INFO o.a.j.t.JMeterThread: Thread finished: Thread Group 1-41
2021-05-31 19:37:28,582 INFO o.a.j.t.JMeterThread: Thread finished: Thread Group 1-15
2021-05-31 19:37:28,690 INFO o.a.j.t.JMeterThread: Thread finished: Thread Group 1-33
2021-05-31 19:37:28,704 INFO o.a.j.t.JMeterThread: Thread finished: Thread Group 1-72
2021-05-31 19:37:28,892 INFO o.a.j.t.JMeterThread: Thread finished: Thread Group 1-69
2021-05-31 19:37:28,973 INFO o.a.j.t.JMeterThread: Stopping because end time detected by thread: Thread Group 1-10
2021-05-31 19:37:28,974 INFO o.a.j.t.JMeterThread: Thread finished: Thread Group 1-10
2021-05-31 19:37:28,977 INFO o.a.j.t.JMeterThread: Thread finished: Thread Group 1-68
2021-05-31 19:37:29,105 INFO o.a.j.t.JMeterThread: Stopping because end time detected by thread: Thread Group 1-80
2021-05-31 19:37:29,106 INFO o.a.j.t.JMeterThread: Thread finished: Thread Group 1-80
2021-05-31 19:37:29,122 INFO o.a.j.t.JMeterThread: Stopping because end time detected by thread: Thread Group 1-19
2021-05-31 19:37:29,123 INFO o.a.j.t.JMeterThread: Thread finished: Thread Group 1-19
2021-05-31 19:37:29,123 INFO o.a.j.e.StandardJMeterEngine: Notifying test listeners of end of test
2021-05-31 19:37:29,124 INFO o.a.j.JMeter: Generating Dashboard
2021-05-31 19:37:29,124 INFO o.a.j.r.d.ReportGenerator: Flushing result collector before report Generation
2021-05-31 19:37:29,135 INFO o.a.j.r.p.NormalizerSampleConsumer: Using format, 'ms', to parse timeStamp field
2021-05-31 19:37:29,142 ERROR o.a.j.r.d.ReportGenerator: Cannot assign "${jmeter.reportgenerator.apdex_satisfied_threshold}" to property "set_satisfied_threshold" (mapped as "setSatisfiedThreshold"), skip it
org.apache.jmeter.report.core.ConvertException: Unable to convert "${jmeter.reportgenerator.apdex_satisfied_threshold}" to "java.lang.Long"
	at org.apache.jmeter.report.core.Converters.lambda$static$4(Converters.java:80) ~[ApacheJMeter_core.jar:5.2.1]
	at org.apache.jmeter.report.dashboard.ReportGenerator.setProperty(ReportGenerator.java:537) [ApacheJMeter_core.jar:5.2.1]
	at org.apache.jmeter.report.dashboard.ReportGenerator.addGraphConsumer(ReportGenerator.java:349) [ApacheJMeter_core.jar:5.2.1]
	at org.apache.jmeter.report.dashboard.ReportGenerator.generate(ReportGenerator.java:236) [ApacheJMeter_core.jar:5.2.1]
	at org.apache.jmeter.JMeter$ListenToTest.endTest(JMeter.java:1330) [ApacheJMeter_core.jar:5.2.1]
	at org.apache.jmeter.JMeter$ListenToTest.testEnded(JMeter.java:1286) [ApacheJMeter_core.jar:5.2.1]
	at org.apache.jmeter.engine.StandardJMeterEngine.notifyTestListenersOfEnd(StandardJMeterEngine.java:218) [ApacheJMeter_core.jar:5.2.1]
	at org.apache.jmeter.engine.StandardJMeterEngine.run(StandardJMeterEngine.java:492) [ApacheJMeter_core.jar:5.2.1]
	at java.lang.Thread.run(Thread.java:834) [?:?]
Caused by: java.lang.NumberFormatException: For input string: "${jmeter.reportgenerator.apdex_satisfied_threshold}"
	at java.lang.NumberFormatException.forInputString(NumberFormatException.java:65) ~[?:?]
	at java.lang.Long.parseLong(Long.java:678) ~[?:?]
	at java.lang.Long.valueOf(Long.java:1144) ~[?:?]
	at org.apache.jmeter.report.core.Converters.lambda$static$4(Converters.java:78) ~[ApacheJMeter_core.jar:5.2.1]
	... 8 more
2021-05-31 19:37:29,149 ERROR o.a.j.JMeter: Error generating the report: Cannot assign "${jmeter.reportgenerator.apdex_satisfied_threshold}" to property "set_satisfied_threshold" (mapped as "setSatisfiedThreshold"), skip it
org.apache.jmeter.report.dashboard.GenerationException: Cannot assign "${jmeter.reportgenerator.apdex_satisfied_threshold}" to property "set_satisfied_threshold" (mapped as "setSatisfiedThreshold"), skip it
	at org.apache.jmeter.report.dashboard.ReportGenerator.setProperty(ReportGenerator.java:550) ~[ApacheJMeter_core.jar:5.2.1]
	at org.apache.jmeter.report.dashboard.ReportGenerator.addGraphConsumer(ReportGenerator.java:349) ~[ApacheJMeter_core.jar:5.2.1]
	at org.apache.jmeter.report.dashboard.ReportGenerator.generate(ReportGenerator.java:236) ~[ApacheJMeter_core.jar:5.2.1]
	at org.apache.jmeter.JMeter$ListenToTest.endTest(JMeter.java:1330) [ApacheJMeter_core.jar:5.2.1]
	at org.apache.jmeter.JMeter$ListenToTest.testEnded(JMeter.java:1286) [ApacheJMeter_core.jar:5.2.1]
	at org.apache.jmeter.engine.StandardJMeterEngine.notifyTestListenersOfEnd(StandardJMeterEngine.java:218) [ApacheJMeter_core.jar:5.2.1]
	at org.apache.jmeter.engine.StandardJMeterEngine.run(StandardJMeterEngine.java:492) [ApacheJMeter_core.jar:5.2.1]
	at java.lang.Thread.run(Thread.java:834) [?:?]
Caused by: org.apache.jmeter.report.core.ConvertException: Unable to convert "${jmeter.reportgenerator.apdex_satisfied_threshold}" to "java.lang.Long"
	at org.apache.jmeter.report.core.Converters.lambda$static$4(Converters.java:80) ~[ApacheJMeter_core.jar:5.2.1]
	at org.apache.jmeter.report.dashboard.ReportGenerator.setProperty(ReportGenerator.java:537) ~[ApacheJMeter_core.jar:5.2.1]
	... 7 more
Caused by: java.lang.NumberFormatException: For input string: "${jmeter.reportgenerator.apdex_satisfied_threshold}"
	at java.lang.NumberFormatException.forInputString(NumberFormatException.java:65) ~[?:?]
	at java.lang.Long.parseLong(Long.java:678) ~[?:?]
	at java.lang.Long.valueOf(Long.java:1144) ~[?:?]
	at org.apache.jmeter.report.core.Converters.lambda$static$4(Converters.java:78) ~[ApacheJMeter_core.jar:5.2.1]
	at org.apache.jmeter.report.dashboard.ReportGenerator.setProperty(ReportGenerator.java:537) ~[ApacheJMeter_core.jar:5.2.1]
	... 7 more
