2021-05-31 15:04:48,195 INFO o.a.j.u.JMeterUtils: Setting Locale to en_EN
2021-05-31 15:04:48,249 INFO o.a.j.JMeter: Setting JMeter property: HOST=tw0mt4xmei.execute-api.eu-central-1.amazonaws.com
2021-05-31 15:04:48,249 INFO o.a.j.JMeter: Setting JMeter property: PATH=/production/todos
2021-05-31 15:04:48,249 INFO o.a.j.JMeter: Setting JMeter property: PORT=443
2021-05-31 15:04:48,251 INFO o.a.j.JMeter: Copyright (c) 1998-2019 The Apache Software Foundation
2021-05-31 15:04:48,251 INFO o.a.j.JMeter: Version 5.2.1
2021-05-31 15:04:48,251 INFO o.a.j.JMeter: java.version=11.0.9
2021-05-31 15:04:48,258 INFO o.a.j.JMeter: java.vm.name=OpenJDK 64-Bit Server VM
2021-05-31 15:04:48,258 INFO o.a.j.JMeter: os.name=Linux
2021-05-31 15:04:48,258 INFO o.a.j.JMeter: os.arch=amd64
2021-05-31 15:04:48,258 INFO o.a.j.JMeter: os.version=5.3.0-1023-aws
2021-05-31 15:04:48,258 INFO o.a.j.JMeter: file.encoding=UTF-8
2021-05-31 15:04:48,258 INFO o.a.j.JMeter: java.awt.headless=true
2021-05-31 15:04:48,259 INFO o.a.j.JMeter: Max memory     =1073741824
2021-05-31 15:04:48,259 INFO o.a.j.JMeter: Available Processors =2
2021-05-31 15:04:48,272 INFO o.a.j.JMeter: Default Locale=English (EN)
2021-05-31 15:04:48,272 INFO o.a.j.JMeter: JMeter  Locale=English (EN)
2021-05-31 15:04:48,272 INFO o.a.j.JMeter: JMeterHome=/opt/radon-ctt-agent/plugins/jmeter/apache-jmeter-5.2.1
2021-05-31 15:04:48,273 INFO o.a.j.JMeter: user.dir  =/opt/radon-ctt-agent
2021-05-31 15:04:48,273 INFO o.a.j.JMeter: PWD       =/opt/radon-ctt-agent
2021-05-31 15:04:48,273 INFO o.a.j.JMeter: IP: 172.17.0.2 Name: 7699cc23b4eb FullName: 7699cc23b4eb
2021-05-31 15:04:48,277 INFO o.a.j.JMeter: Setting property 'jmeter.reportgenerator.outputdir' to:'/opt/radon-ctt-agent/jmeter/11dee7bb-c337-4bbb-89a8-647c418198d3/8a488dcd-2f7c-47c3-bd04-536665e4fd3b/dashboard'
2021-05-31 15:04:48,280 INFO o.a.j.s.FileServer: Default base='/opt/radon-ctt-agent'
2021-05-31 15:04:48,282 INFO o.a.j.s.FileServer: Set new base='/opt/radon-ctt-agent/jmeter/11dee7bb-c337-4bbb-89a8-647c418198d3/config/resources'
2021-05-31 15:04:48,518 INFO o.a.j.s.SaveService: Testplan (JMX) version: 2.2. Testlog (JTL) version: 2.2
2021-05-31 15:04:48,533 INFO o.a.j.s.SaveService: Using SaveService properties version 5.0
2021-05-31 15:04:48,542 INFO o.a.j.s.SaveService: Using SaveService properties file encoding UTF-8
2021-05-31 15:04:48,550 INFO o.a.j.s.SaveService: Loading file: /opt/radon-ctt-agent/jmeter/11dee7bb-c337-4bbb-89a8-647c418198d3/config/resources/loadtest.jmx
2021-05-31 15:04:48,940 INFO o.a.j.r.d.ReportGenerator: ReportGenerator will use for Parsing the separator: ','
2021-05-31 15:04:48,941 INFO o.a.j.r.d.ReportGenerator: Will generate report at end of test from  results file: /opt/radon-ctt-agent/jmeter/11dee7bb-c337-4bbb-89a8-647c418198d3/8a488dcd-2f7c-47c3-bd04-536665e4fd3b/sample_results.jtl
2021-05-31 15:04:48,941 INFO o.a.j.r.d.ReportGenerator: Reading report generator properties from: /opt/radon-ctt-agent/plugins/jmeter/apache-jmeter-5.2.1/bin/reportgenerator.properties
2021-05-31 15:04:48,941 INFO o.a.j.r.d.ReportGenerator: Merging with JMeter properties
2021-05-31 15:04:48,947 INFO o.a.j.r.c.ReportGeneratorConfiguration: Property 'jmeter.reportgenerator.temp_dir' not found, using default value 'temp' instead.
2021-05-31 15:04:48,947 INFO o.a.j.r.c.ReportGeneratorConfiguration: Property 'jmeter.reportgenerator.apdex_satisfied_threshold' not found, using default value '500' instead.
2021-05-31 15:04:48,947 INFO o.a.j.r.c.ReportGeneratorConfiguration: Property 'jmeter.reportgenerator.apdex_tolerated_threshold' not found, using default value '1500' instead.
2021-05-31 15:04:48,947 INFO o.a.j.r.c.ReportGeneratorConfiguration: Property 'jmeter.reportgenerator.apdex_per_transaction' not found, using default value 'null' instead.
2021-05-31 15:04:48,947 INFO o.a.j.r.c.ReportGeneratorConfiguration: apdex_per_transaction is empty, not APDEX per transaction customization
2021-05-31 15:04:48,950 INFO o.a.j.r.c.ReportGeneratorConfiguration: Property 'jmeter.reportgenerator.sample_filter' not found, using default value 'null' instead.
2021-05-31 15:04:48,950 INFO o.a.j.r.c.ReportGeneratorConfiguration: Property 'jmeter.reportgenerator.report_title' not found, using default value 'null' instead.
2021-05-31 15:04:48,951 INFO o.a.j.r.c.ReportGeneratorConfiguration: Property 'jmeter.reportgenerator.start_date' not found, using default value 'null' instead.
2021-05-31 15:04:48,951 INFO o.a.j.r.c.ReportGeneratorConfiguration: Property 'jmeter.reportgenerator.end_date' not found, using default value 'null' instead.
2021-05-31 15:04:48,951 INFO o.a.j.r.c.ReportGeneratorConfiguration: Property 'jmeter.reportgenerator.date_format' not found, using default value 'null' instead.
2021-05-31 15:04:48,951 INFO o.a.j.r.c.ReportGeneratorConfiguration: Will use date range start date: null, end date: null
2021-05-31 15:04:48,956 INFO o.a.j.r.c.ReportGeneratorConfiguration: Property 'jmeter.reportgenerator.graph.totalTPS.exclude_controllers' not found, using default value 'false' instead.
2021-05-31 15:04:48,956 INFO o.a.j.r.c.ReportGeneratorConfiguration: Property 'jmeter.reportgenerator.graph.activeThreadsOverTime.exclude_controllers' not found, using default value 'false' instead.
2021-05-31 15:04:48,956 INFO o.a.j.r.c.ReportGeneratorConfiguration: Property 'jmeter.reportgenerator.graph.timeVsThreads.exclude_controllers' not found, using default value 'false' instead.
2021-05-31 15:04:48,956 INFO o.a.j.r.c.ReportGeneratorConfiguration: Property 'jmeter.reportgenerator.graph.responseTimeDistribution.exclude_controllers' not found, using default value 'false' instead.
2021-05-31 15:04:48,956 INFO o.a.j.r.c.ReportGeneratorConfiguration: Property 'jmeter.reportgenerator.graph.transactionsPerSecond.exclude_controllers' not found, using default value 'false' instead.
2021-05-31 15:04:48,956 INFO o.a.j.r.c.ReportGeneratorConfiguration: Property 'jmeter.reportgenerator.graph.responseTimePercentiles.exclude_controllers' not found, using default value 'false' instead.
2021-05-31 15:04:48,957 INFO o.a.j.r.c.ReportGeneratorConfiguration: Property 'jmeter.reportgenerator.graph.responseTimePercentilesOverTime.exclude_controllers' not found, using default value 'false' instead.
2021-05-31 15:04:48,957 INFO o.a.j.r.c.ReportGeneratorConfiguration: Property 'jmeter.reportgenerator.graph.responseTimesOverTime.exclude_controllers' not found, using default value 'false' instead.
2021-05-31 15:04:48,957 INFO o.a.j.r.c.ReportGeneratorConfiguration: Property 'jmeter.reportgenerator.graph.connectTimeOverTime.exclude_controllers' not found, using default value 'false' instead.
2021-05-31 15:04:48,957 INFO o.a.j.r.c.ReportGeneratorConfiguration: Property 'jmeter.reportgenerator.graph.latenciesOverTime.exclude_controllers' not found, using default value 'false' instead.
2021-05-31 15:04:48,958 INFO o.a.j.r.c.ReportGeneratorConfiguration: Property 'jmeter.reportgenerator.exporter.json.filters_only_sample_series' not found, using default value 'true' instead.
2021-05-31 15:04:48,958 INFO o.a.j.r.c.ReportGeneratorConfiguration: Property 'jmeter.reportgenerator.exporter.json.series_filter' not found, using default value '' instead.
2021-05-31 15:04:48,958 INFO o.a.j.r.c.ReportGeneratorConfiguration: Property 'jmeter.reportgenerator.exporter.json.show_controllers_only' not found, using default value 'false' instead.
2021-05-31 15:04:48,959 INFO o.a.j.r.c.ReportGeneratorConfiguration: Property 'jmeter.reportgenerator.exporter.html.filters_only_sample_series' not found, using default value 'true' instead.
2021-05-31 15:04:48,959 INFO o.a.j.r.c.ReportGeneratorConfiguration: Property 'jmeter.reportgenerator.exporter.html.series_filter' not found, using default value '' instead.
2021-05-31 15:04:48,959 INFO o.a.j.r.c.ReportGeneratorConfiguration: Property 'jmeter.reportgenerator.exporter.html.show_controllers_only' not found, using default value 'false' instead.
2021-05-31 15:04:48,968 INFO o.a.j.e.StandardJMeterEngine: Running the test!
2021-05-31 15:04:48,975 INFO o.a.j.s.SampleEvent: List of sample_variables: []
2021-05-31 15:04:48,976 INFO o.a.j.s.SampleEvent: List of sample_variables: []
2021-05-31 15:04:49,546 INFO o.a.j.JMeter: Running test (1622473489546)
2021-05-31 15:04:49,603 INFO o.a.j.e.StandardJMeterEngine: Starting ThreadGroup: 1 : Thread Group
2021-05-31 15:04:49,604 INFO o.a.j.e.StandardJMeterEngine: Starting 80 threads for group Thread Group.
2021-05-31 15:04:49,604 INFO o.a.j.e.StandardJMeterEngine: Thread will continue on error
2021-05-31 15:04:49,604 INFO o.a.j.t.ThreadGroup: Starting thread group... number=1 threads=80 ramp-up=120 delayedStart=false
2021-05-31 15:04:49,694 INFO o.a.j.t.ThreadGroup: Started thread group number 1
2021-05-31 15:04:49,699 INFO o.a.j.e.StandardJMeterEngine: All thread groups have been started
2021-05-31 15:04:49,703 INFO o.a.j.t.JMeterThread: Thread started: Thread Group 1-1
2021-05-31 15:04:51,195 INFO o.a.j.t.JMeterThread: Thread started: Thread Group 1-2
2021-05-31 15:04:52,708 INFO o.a.j.t.JMeterThread: Thread started: Thread Group 1-3
2021-05-31 15:04:54,204 INFO o.a.j.t.JMeterThread: Thread started: Thread Group 1-4
2021-05-31 15:04:55,699 INFO o.a.j.t.JMeterThread: Thread started: Thread Group 1-5
2021-05-31 15:04:55,955 INFO o.a.j.p.h.s.HTTPHCAbstractImpl: Local host = 7699cc23b4eb
2021-05-31 15:04:55,962 INFO o.a.j.p.h.s.HTTPHC4Impl: HTTP request retry count = 0
2021-05-31 15:04:55,964 INFO o.a.j.s.SampleResult: Note: Sample TimeStamps are END times
2021-05-31 15:04:55,964 INFO o.a.j.s.SampleResult: sampleresult.default.encoding is set to ISO-8859-1
2021-05-31 15:04:55,964 INFO o.a.j.s.SampleResult: sampleresult.useNanoTime=true
2021-05-31 15:04:55,964 INFO o.a.j.s.SampleResult: sampleresult.nanoThreadSleep=5000
2021-05-31 15:04:56,108 INFO o.a.j.p.h.s.h.LazyLayeredConnectionSocketFactory: Setting up HTTPS TrustAll Socket Factory
2021-05-31 15:04:56,114 INFO o.a.j.u.JsseSSLManager: Using default SSL protocol: TLS
2021-05-31 15:04:56,114 INFO o.a.j.u.JsseSSLManager: SSL session context: per-thread
2021-05-31 15:04:56,212 INFO o.a.j.u.SSLManager: JmeterKeyStore Location:  type JKS
2021-05-31 15:04:56,216 INFO o.a.j.u.SSLManager: KeyStore created OK
2021-05-31 15:04:56,216 WARN o.a.j.u.SSLManager: Keystore file not found, loading empty keystore
2021-05-31 15:04:57,199 INFO o.a.j.t.JMeterThread: Thread started: Thread Group 1-6
2021-05-31 15:04:58,698 INFO o.a.j.t.JMeterThread: Thread started: Thread Group 1-7
2021-05-31 15:05:00,196 INFO o.a.j.t.JMeterThread: Thread started: Thread Group 1-8
2021-05-31 15:05:01,696 INFO o.a.j.t.JMeterThread: Thread started: Thread Group 1-9
2021-05-31 15:05:03,193 INFO o.a.j.t.JMeterThread: Thread started: Thread Group 1-10
2021-05-31 15:05:04,695 INFO o.a.j.t.JMeterThread: Thread started: Thread Group 1-11
2021-05-31 15:05:06,192 INFO o.a.j.t.JMeterThread: Thread started: Thread Group 1-12
2021-05-31 15:05:07,691 INFO o.a.j.t.JMeterThread: Thread started: Thread Group 1-13
2021-05-31 15:05:09,190 INFO o.a.j.t.JMeterThread: Thread started: Thread Group 1-14
2021-05-31 15:05:10,686 INFO o.a.j.t.JMeterThread: Thread started: Thread Group 1-15
2021-05-31 15:05:12,185 INFO o.a.j.t.JMeterThread: Thread started: Thread Group 1-16
2021-05-31 15:05:13,684 INFO o.a.j.t.JMeterThread: Thread started: Thread Group 1-17
2021-05-31 15:05:15,183 INFO o.a.j.t.JMeterThread: Thread started: Thread Group 1-18
2021-05-31 15:05:16,683 INFO o.a.j.t.JMeterThread: Thread started: Thread Group 1-19
2021-05-31 15:05:18,184 INFO o.a.j.t.JMeterThread: Thread started: Thread Group 1-20
2021-05-31 15:05:19,680 INFO o.a.j.t.JMeterThread: Thread started: Thread Group 1-21
2021-05-31 15:05:21,180 INFO o.a.j.t.JMeterThread: Thread started: Thread Group 1-22
2021-05-31 15:05:22,675 INFO o.a.j.t.JMeterThread: Thread started: Thread Group 1-23
2021-05-31 15:05:24,171 INFO o.a.j.t.JMeterThread: Thread started: Thread Group 1-24
2021-05-31 15:05:25,670 INFO o.a.j.t.JMeterThread: Thread started: Thread Group 1-25
2021-05-31 15:05:27,170 INFO o.a.j.t.JMeterThread: Thread started: Thread Group 1-26
2021-05-31 15:05:28,668 INFO o.a.j.t.JMeterThread: Thread started: Thread Group 1-27
2021-05-31 15:05:30,168 INFO o.a.j.t.JMeterThread: Thread started: Thread Group 1-28
2021-05-31 15:05:31,667 INFO o.a.j.t.JMeterThread: Thread started: Thread Group 1-29
2021-05-31 15:05:33,165 INFO o.a.j.t.JMeterThread: Thread started: Thread Group 1-30
2021-05-31 15:05:34,665 INFO o.a.j.t.JMeterThread: Thread started: Thread Group 1-31
2021-05-31 15:05:36,164 INFO o.a.j.t.JMeterThread: Thread started: Thread Group 1-32
2021-05-31 15:05:37,663 INFO o.a.j.t.JMeterThread: Thread started: Thread Group 1-33
2021-05-31 15:05:39,163 INFO o.a.j.t.JMeterThread: Thread started: Thread Group 1-34
2021-05-31 15:05:40,661 INFO o.a.j.t.JMeterThread: Thread started: Thread Group 1-35
2021-05-31 15:05:42,160 INFO o.a.j.t.JMeterThread: Thread started: Thread Group 1-36
2021-05-31 15:05:43,658 INFO o.a.j.t.JMeterThread: Thread started: Thread Group 1-37
2021-05-31 15:05:45,157 INFO o.a.j.t.JMeterThread: Thread started: Thread Group 1-38
2021-05-31 15:05:46,656 INFO o.a.j.t.JMeterThread: Thread started: Thread Group 1-39
2021-05-31 15:05:48,154 INFO o.a.j.t.JMeterThread: Thread started: Thread Group 1-40
2021-05-31 15:05:49,653 INFO o.a.j.t.JMeterThread: Thread started: Thread Group 1-41
2021-05-31 15:05:51,152 INFO o.a.j.t.JMeterThread: Thread started: Thread Group 1-42
2021-05-31 15:05:52,651 INFO o.a.j.t.JMeterThread: Thread started: Thread Group 1-43
2021-05-31 15:05:54,150 INFO o.a.j.t.JMeterThread: Thread started: Thread Group 1-44
2021-05-31 15:05:55,648 INFO o.a.j.t.JMeterThread: Thread started: Thread Group 1-45
2021-05-31 15:05:57,147 INFO o.a.j.t.JMeterThread: Thread started: Thread Group 1-46
2021-05-31 15:05:58,646 INFO o.a.j.t.JMeterThread: Thread started: Thread Group 1-47
2021-05-31 15:06:00,149 INFO o.a.j.t.JMeterThread: Thread started: Thread Group 1-48
2021-05-31 15:06:01,645 INFO o.a.j.t.JMeterThread: Thread started: Thread Group 1-49
2021-05-31 15:06:03,143 INFO o.a.j.t.JMeterThread: Thread started: Thread Group 1-50
2021-05-31 15:06:04,643 INFO o.a.j.t.JMeterThread: Thread started: Thread Group 1-51
2021-05-31 15:06:06,142 INFO o.a.j.t.JMeterThread: Thread started: Thread Group 1-52
2021-05-31 15:06:07,642 INFO o.a.j.t.JMeterThread: Thread started: Thread Group 1-53
2021-05-31 15:06:09,128 INFO o.a.j.t.JMeterThread: Thread started: Thread Group 1-54
2021-05-31 15:06:10,635 INFO o.a.j.t.JMeterThread: Thread started: Thread Group 1-55
2021-05-31 15:06:12,133 INFO o.a.j.t.JMeterThread: Thread started: Thread Group 1-56
2021-05-31 15:06:13,627 INFO o.a.j.t.JMeterThread: Thread started: Thread Group 1-57
2021-05-31 15:06:15,127 INFO o.a.j.t.JMeterThread: Thread started: Thread Group 1-58
2021-05-31 15:06:16,631 INFO o.a.j.t.JMeterThread: Thread started: Thread Group 1-59
2021-05-31 15:06:18,131 INFO o.a.j.t.JMeterThread: Thread started: Thread Group 1-60
2021-05-31 15:06:19,627 INFO o.a.j.t.JMeterThread: Thread started: Thread Group 1-61
2021-05-31 15:06:21,126 INFO o.a.j.t.JMeterThread: Thread started: Thread Group 1-62
2021-05-31 15:06:22,625 INFO o.a.j.t.JMeterThread: Thread started: Thread Group 1-63
2021-05-31 15:06:24,125 INFO o.a.j.t.JMeterThread: Thread started: Thread Group 1-64
2021-05-31 15:06:25,624 INFO o.a.j.t.JMeterThread: Thread started: Thread Group 1-65
2021-05-31 15:06:27,123 INFO o.a.j.t.JMeterThread: Thread started: Thread Group 1-66
2021-05-31 15:06:28,623 INFO o.a.j.t.JMeterThread: Thread started: Thread Group 1-67
2021-05-31 15:06:30,122 INFO o.a.j.t.JMeterThread: Thread started: Thread Group 1-68
2021-05-31 15:06:31,621 INFO o.a.j.t.JMeterThread: Thread started: Thread Group 1-69
2021-05-31 15:06:33,121 INFO o.a.j.t.JMeterThread: Thread started: Thread Group 1-70
2021-05-31 15:06:34,620 INFO o.a.j.t.JMeterThread: Thread started: Thread Group 1-71
2021-05-31 15:06:36,119 INFO o.a.j.t.JMeterThread: Thread started: Thread Group 1-72
2021-05-31 15:06:37,619 INFO o.a.j.t.JMeterThread: Thread started: Thread Group 1-73
2021-05-31 15:06:39,119 INFO o.a.j.t.JMeterThread: Thread started: Thread Group 1-74
2021-05-31 15:06:40,617 INFO o.a.j.t.JMeterThread: Thread started: Thread Group 1-75
2021-05-31 15:06:42,117 INFO o.a.j.t.JMeterThread: Thread started: Thread Group 1-76
2021-05-31 15:06:43,616 INFO o.a.j.t.JMeterThread: Thread started: Thread Group 1-77
2021-05-31 15:06:45,117 INFO o.a.j.t.JMeterThread: Thread started: Thread Group 1-78
2021-05-31 15:06:46,619 INFO o.a.j.t.JMeterThread: Thread started: Thread Group 1-79
2021-05-31 15:06:48,128 INFO o.a.j.t.JMeterThread: Thread started: Thread Group 1-80
2021-05-31 15:18:43,335 INFO o.a.j.t.JMeterThread: Thread finished: Thread Group 1-9
2021-05-31 15:18:43,415 INFO o.a.j.t.JMeterThread: Thread finished: Thread Group 1-2
2021-05-31 15:18:43,492 INFO o.a.j.t.JMeterThread: Thread finished: Thread Group 1-71
2021-05-31 15:18:43,593 INFO o.a.j.t.JMeterThread: Thread finished: Thread Group 1-8
2021-05-31 15:18:43,669 INFO o.a.j.t.JMeterThread: Thread finished: Thread Group 1-14
2021-05-31 15:18:43,697 INFO o.a.j.t.JMeterThread: Thread finished: Thread Group 1-78
2021-05-31 15:18:43,808 INFO o.a.j.t.JMeterThread: Thread finished: Thread Group 1-75
2021-05-31 15:18:43,922 INFO o.a.j.t.JMeterThread: Thread finished: Thread Group 1-76
2021-05-31 15:18:44,159 INFO o.a.j.t.JMeterThread: Thread finished: Thread Group 1-49
2021-05-31 15:18:44,197 INFO o.a.j.t.JMeterThread: Thread finished: Thread Group 1-47
2021-05-31 15:18:44,498 INFO o.a.j.t.JMeterThread: Thread finished: Thread Group 1-44
2021-05-31 15:18:44,519 INFO o.a.j.t.JMeterThread: Thread finished: Thread Group 1-61
2021-05-31 15:18:44,568 INFO o.a.j.t.JMeterThread: Thread finished: Thread Group 1-65
2021-05-31 15:18:44,645 INFO o.a.j.t.JMeterThread: Thread finished: Thread Group 1-15
2021-05-31 15:18:44,689 INFO o.a.j.t.JMeterThread: Thread finished: Thread Group 1-58
2021-05-31 15:18:44,834 INFO o.a.j.t.JMeterThread: Thread finished: Thread Group 1-54
2021-05-31 15:18:44,895 INFO o.a.j.t.JMeterThread: Thread finished: Thread Group 1-48
2021-05-31 15:18:44,922 INFO o.a.j.t.JMeterThread: Thread finished: Thread Group 1-6
2021-05-31 15:18:45,198 INFO o.a.j.t.JMeterThread: Thread finished: Thread Group 1-34
2021-05-31 15:18:45,572 INFO o.a.j.t.JMeterThread: Thread finished: Thread Group 1-32
2021-05-31 15:18:45,742 INFO o.a.j.t.JMeterThread: Thread finished: Thread Group 1-50
2021-05-31 15:18:45,805 INFO o.a.j.t.JMeterThread: Thread finished: Thread Group 1-17
2021-05-31 15:18:45,930 INFO o.a.j.t.JMeterThread: Thread finished: Thread Group 1-43
2021-05-31 15:18:46,016 INFO o.a.j.t.JMeterThread: Thread finished: Thread Group 1-73
2021-05-31 15:18:46,048 INFO o.a.j.t.JMeterThread: Thread finished: Thread Group 1-27
2021-05-31 15:18:46,092 INFO o.a.j.t.JMeterThread: Thread finished: Thread Group 1-13
2021-05-31 15:18:46,112 INFO o.a.j.t.JMeterThread: Thread finished: Thread Group 1-3
2021-05-31 15:18:46,220 INFO o.a.j.t.JMeterThread: Thread finished: Thread Group 1-39
2021-05-31 15:18:46,503 INFO o.a.j.t.JMeterThread: Thread finished: Thread Group 1-52
2021-05-31 15:18:46,717 INFO o.a.j.t.JMeterThread: Thread finished: Thread Group 1-41
2021-05-31 15:18:46,840 INFO o.a.j.t.JMeterThread: Thread finished: Thread Group 1-31
2021-05-31 15:18:46,860 INFO o.a.j.t.JMeterThread: Thread finished: Thread Group 1-45
2021-05-31 15:18:47,046 INFO o.a.j.t.JMeterThread: Thread finished: Thread Group 1-77
2021-05-31 15:18:47,186 INFO o.a.j.t.JMeterThread: Thread finished: Thread Group 1-59
2021-05-31 15:18:47,226 INFO o.a.j.t.JMeterThread: Thread finished: Thread Group 1-21
2021-05-31 15:18:47,335 INFO o.a.j.t.JMeterThread: Thread finished: Thread Group 1-16
2021-05-31 15:18:47,616 INFO o.a.j.t.JMeterThread: Thread finished: Thread Group 1-63
2021-05-31 15:18:47,681 INFO o.a.j.t.JMeterThread: Thread finished: Thread Group 1-5
2021-05-31 15:18:47,728 INFO o.a.j.t.JMeterThread: Thread finished: Thread Group 1-28
2021-05-31 15:18:47,760 INFO o.a.j.t.JMeterThread: Thread finished: Thread Group 1-23
2021-05-31 15:18:47,796 INFO o.a.j.t.JMeterThread: Thread finished: Thread Group 1-29
2021-05-31 15:18:47,942 INFO o.a.j.t.JMeterThread: Thread finished: Thread Group 1-33
2021-05-31 15:18:48,512 INFO o.a.j.t.JMeterThread: Thread finished: Thread Group 1-53
2021-05-31 15:18:48,613 INFO o.a.j.t.JMeterThread: Thread finished: Thread Group 1-55
2021-05-31 15:18:48,776 INFO o.a.j.t.JMeterThread: Thread finished: Thread Group 1-24
2021-05-31 15:18:48,927 INFO o.a.j.t.JMeterThread: Thread finished: Thread Group 1-4
2021-05-31 15:18:48,957 INFO o.a.j.t.JMeterThread: Thread finished: Thread Group 1-62
2021-05-31 15:18:49,025 INFO o.a.j.t.JMeterThread: Thread finished: Thread Group 1-72
2021-05-31 15:18:49,297 INFO o.a.j.t.JMeterThread: Thread finished: Thread Group 1-10
2021-05-31 15:18:49,406 INFO o.a.j.t.JMeterThread: Thread finished: Thread Group 1-64
2021-05-31 15:18:49,521 INFO o.a.j.t.JMeterThread: Thread finished: Thread Group 1-51
2021-05-31 15:18:49,595 INFO o.a.j.t.JMeterThread: Thread finished: Thread Group 1-18
2021-05-31 15:18:49,918 INFO o.a.j.t.JMeterThread: Stopping because end time detected by thread: Thread Group 1-57
2021-05-31 15:18:49,918 INFO o.a.j.t.JMeterThread: Thread finished: Thread Group 1-57
2021-05-31 15:18:49,999 INFO o.a.j.t.JMeterThread: Stopping because end time detected by thread: Thread Group 1-74
2021-05-31 15:18:50,001 INFO o.a.j.t.JMeterThread: Thread finished: Thread Group 1-74
2021-05-31 15:18:50,193 INFO o.a.j.t.JMeterThread: Stopping because end time detected by thread: Thread Group 1-68
2021-05-31 15:18:50,195 INFO o.a.j.t.JMeterThread: Thread finished: Thread Group 1-68
2021-05-31 15:18:50,462 INFO o.a.j.t.JMeterThread: Stopping because end time detected by thread: Thread Group 1-37
2021-05-31 15:18:50,462 INFO o.a.j.t.JMeterThread: Thread finished: Thread Group 1-37
2021-05-31 15:18:50,464 INFO o.a.j.t.JMeterThread: Stopping because end time detected by thread: Thread Group 1-66
2021-05-31 15:18:50,464 INFO o.a.j.t.JMeterThread: Thread finished: Thread Group 1-66
2021-05-31 15:18:50,611 INFO o.a.j.t.JMeterThread: Stopping because end time detected by thread: Thread Group 1-12
2021-05-31 15:18:50,612 INFO o.a.j.t.JMeterThread: Thread finished: Thread Group 1-12
2021-05-31 15:18:50,670 INFO o.a.j.t.JMeterThread: Stopping because end time detected by thread: Thread Group 1-20
2021-05-31 15:18:50,670 INFO o.a.j.t.JMeterThread: Thread finished: Thread Group 1-20
2021-05-31 15:18:50,728 INFO o.a.j.t.JMeterThread: Stopping because end time detected by thread: Thread Group 1-69
2021-05-31 15:18:50,730 INFO o.a.j.t.JMeterThread: Thread finished: Thread Group 1-69
2021-05-31 15:18:50,938 INFO o.a.j.t.JMeterThread: Stopping because end time detected by thread: Thread Group 1-79
2021-05-31 15:18:50,940 INFO o.a.j.t.JMeterThread: Thread finished: Thread Group 1-79
2021-05-31 15:18:51,437 INFO o.a.j.t.JMeterThread: Stopping because end time detected by thread: Thread Group 1-35
2021-05-31 15:18:51,438 INFO o.a.j.t.JMeterThread: Thread finished: Thread Group 1-35
2021-05-31 15:18:51,438 INFO o.a.j.t.JMeterThread: Stopping because end time detected by thread: Thread Group 1-46
2021-05-31 15:18:51,441 INFO o.a.j.t.JMeterThread: Thread finished: Thread Group 1-46
2021-05-31 15:18:51,675 INFO o.a.j.t.JMeterThread: Stopping because end time detected by thread: Thread Group 1-1
2021-05-31 15:18:51,677 INFO o.a.j.t.JMeterThread: Thread finished: Thread Group 1-1
2021-05-31 15:18:51,944 INFO o.a.j.t.JMeterThread: Stopping because end time detected by thread: Thread Group 1-42
2021-05-31 15:18:51,944 INFO o.a.j.t.JMeterThread: Thread finished: Thread Group 1-42
2021-05-31 15:18:52,309 INFO o.a.j.t.JMeterThread: Stopping because end time detected by thread: Thread Group 1-36
2021-05-31 15:18:52,309 INFO o.a.j.t.JMeterThread: Thread finished: Thread Group 1-36
2021-05-31 15:18:52,638 INFO o.a.j.t.JMeterThread: Stopping because end time detected by thread: Thread Group 1-67
2021-05-31 15:18:52,640 INFO o.a.j.t.JMeterThread: Thread finished: Thread Group 1-67
2021-05-31 15:18:52,647 INFO o.a.j.t.JMeterThread: Stopping because end time detected by thread: Thread Group 1-38
2021-05-31 15:18:52,649 INFO o.a.j.t.JMeterThread: Thread finished: Thread Group 1-38
2021-05-31 15:18:53,004 INFO o.a.j.t.JMeterThread: Stopping because end time detected by thread: Thread Group 1-11
2021-05-31 15:18:53,004 INFO o.a.j.t.JMeterThread: Thread finished: Thread Group 1-11
2021-05-31 15:18:53,027 INFO o.a.j.t.JMeterThread: Stopping because end time detected by thread: Thread Group 1-70
2021-05-31 15:18:53,029 INFO o.a.j.t.JMeterThread: Thread finished: Thread Group 1-70
2021-05-31 15:18:53,083 INFO o.a.j.t.JMeterThread: Stopping because end time detected by thread: Thread Group 1-56
2021-05-31 15:18:53,083 INFO o.a.j.t.JMeterThread: Thread finished: Thread Group 1-56
2021-05-31 15:18:53,708 INFO o.a.j.t.JMeterThread: Stopping because end time detected by thread: Thread Group 1-26
2021-05-31 15:18:53,708 INFO o.a.j.t.JMeterThread: Thread finished: Thread Group 1-26
2021-05-31 15:18:53,793 INFO o.a.j.t.JMeterThread: Stopping because end time detected by thread: Thread Group 1-30
2021-05-31 15:18:53,796 INFO o.a.j.t.JMeterThread: Thread finished: Thread Group 1-30
2021-05-31 15:18:53,965 INFO o.a.j.t.JMeterThread: Stopping because end time detected by thread: Thread Group 1-40
2021-05-31 15:18:53,965 INFO o.a.j.t.JMeterThread: Thread finished: Thread Group 1-40
2021-05-31 15:18:54,296 INFO o.a.j.t.JMeterThread: Stopping because end time detected by thread: Thread Group 1-80
2021-05-31 15:18:54,297 INFO o.a.j.t.JMeterThread: Thread finished: Thread Group 1-80
2021-05-31 15:18:54,926 INFO o.a.j.t.JMeterThread: Stopping because end time detected by thread: Thread Group 1-19
2021-05-31 15:18:54,926 INFO o.a.j.t.JMeterThread: Thread finished: Thread Group 1-19
2021-05-31 15:18:55,150 INFO o.a.j.t.JMeterThread: Stopping because end time detected by thread: Thread Group 1-7
2021-05-31 15:18:55,150 INFO o.a.j.t.JMeterThread: Thread finished: Thread Group 1-7
2021-05-31 15:18:55,154 INFO o.a.j.t.JMeterThread: Stopping because end time detected by thread: Thread Group 1-22
2021-05-31 15:18:55,155 INFO o.a.j.t.JMeterThread: Thread finished: Thread Group 1-22
2021-05-31 15:18:55,555 INFO o.a.j.t.JMeterThread: Stopping because end time detected by thread: Thread Group 1-60
2021-05-31 15:18:55,555 INFO o.a.j.t.JMeterThread: Thread finished: Thread Group 1-60
2021-05-31 15:18:55,617 INFO o.a.j.t.JMeterThread: Stopping because end time detected by thread: Thread Group 1-25
2021-05-31 15:18:55,620 INFO o.a.j.t.JMeterThread: Thread finished: Thread Group 1-25
2021-05-31 15:18:55,620 INFO o.a.j.e.StandardJMeterEngine: Notifying test listeners of end of test
2021-05-31 15:18:55,620 INFO o.a.j.JMeter: Generating Dashboard
2021-05-31 15:18:55,621 INFO o.a.j.r.d.ReportGenerator: Flushing result collector before report Generation
2021-05-31 15:18:55,632 INFO o.a.j.r.p.NormalizerSampleConsumer: Using format, 'ms', to parse timeStamp field
2021-05-31 15:18:55,640 ERROR o.a.j.r.d.ReportGenerator: Cannot assign "${jmeter.reportgenerator.apdex_satisfied_threshold}" to property "set_satisfied_threshold" (mapped as "setSatisfiedThreshold"), skip it
org.apache.jmeter.report.core.ConvertException: Unable to convert "${jmeter.reportgenerator.apdex_satisfied_threshold}" to "java.lang.Long"
	at org.apache.jmeter.report.core.Converters.lambda$static$4(Converters.java:80) ~[ApacheJMeter_core.jar:5.2.1]
	at org.apache.jmeter.report.dashboard.ReportGenerator.setProperty(ReportGenerator.java:537) [ApacheJMeter_core.jar:5.2.1]
	at org.apache.jmeter.report.dashboard.ReportGenerator.addGraphConsumer(ReportGenerator.java:349) [ApacheJMeter_core.jar:5.2.1]
	at org.apache.jmeter.report.dashboard.ReportGenerator.generate(ReportGenerator.java:236) [ApacheJMeter_core.jar:5.2.1]
	at org.apache.jmeter.JMeter$ListenToTest.endTest(JMeter.java:1330) [ApacheJMeter_core.jar:5.2.1]
	at org.apache.jmeter.JMeter$ListenToTest.testEnded(JMeter.java:1286) [ApacheJMeter_core.jar:5.2.1]
	at org.apache.jmeter.engine.StandardJMeterEngine.notifyTestListenersOfEnd(StandardJMeterEngine.java:218) [ApacheJMeter_core.jar:5.2.1]
	at org.apache.jmeter.engine.StandardJMeterEngine.run(StandardJMeterEngine.java:492) [ApacheJMeter_core.jar:5.2.1]
	at java.lang.Thread.run(Thread.java:834) [?:?]
Caused by: java.lang.NumberFormatException: For input string: "${jmeter.reportgenerator.apdex_satisfied_threshold}"
	at java.lang.NumberFormatException.forInputString(NumberFormatException.java:65) ~[?:?]
	at java.lang.Long.parseLong(Long.java:678) ~[?:?]
	at java.lang.Long.valueOf(Long.java:1144) ~[?:?]
	at org.apache.jmeter.report.core.Converters.lambda$static$4(Converters.java:78) ~[ApacheJMeter_core.jar:5.2.1]
	... 8 more
2021-05-31 15:18:55,647 ERROR o.a.j.JMeter: Error generating the report: Cannot assign "${jmeter.reportgenerator.apdex_satisfied_threshold}" to property "set_satisfied_threshold" (mapped as "setSatisfiedThreshold"), skip it
org.apache.jmeter.report.dashboard.GenerationException: Cannot assign "${jmeter.reportgenerator.apdex_satisfied_threshold}" to property "set_satisfied_threshold" (mapped as "setSatisfiedThreshold"), skip it
	at org.apache.jmeter.report.dashboard.ReportGenerator.setProperty(ReportGenerator.java:550) ~[ApacheJMeter_core.jar:5.2.1]
	at org.apache.jmeter.report.dashboard.ReportGenerator.addGraphConsumer(ReportGenerator.java:349) ~[ApacheJMeter_core.jar:5.2.1]
	at org.apache.jmeter.report.dashboard.ReportGenerator.generate(ReportGenerator.java:236) ~[ApacheJMeter_core.jar:5.2.1]
	at org.apache.jmeter.JMeter$ListenToTest.endTest(JMeter.java:1330) [ApacheJMeter_core.jar:5.2.1]
	at org.apache.jmeter.JMeter$ListenToTest.testEnded(JMeter.java:1286) [ApacheJMeter_core.jar:5.2.1]
	at org.apache.jmeter.engine.StandardJMeterEngine.notifyTestListenersOfEnd(StandardJMeterEngine.java:218) [ApacheJMeter_core.jar:5.2.1]
	at org.apache.jmeter.engine.StandardJMeterEngine.run(StandardJMeterEngine.java:492) [ApacheJMeter_core.jar:5.2.1]
	at java.lang.Thread.run(Thread.java:834) [?:?]
Caused by: org.apache.jmeter.report.core.ConvertException: Unable to convert "${jmeter.reportgenerator.apdex_satisfied_threshold}" to "java.lang.Long"
	at org.apache.jmeter.report.core.Converters.lambda$static$4(Converters.java:80) ~[ApacheJMeter_core.jar:5.2.1]
	at org.apache.jmeter.report.dashboard.ReportGenerator.setProperty(ReportGenerator.java:537) ~[ApacheJMeter_core.jar:5.2.1]
	... 7 more
Caused by: java.lang.NumberFormatException: For input string: "${jmeter.reportgenerator.apdex_satisfied_threshold}"
	at java.lang.NumberFormatException.forInputString(NumberFormatException.java:65) ~[?:?]
	at java.lang.Long.parseLong(Long.java:678) ~[?:?]
	at java.lang.Long.valueOf(Long.java:1144) ~[?:?]
	at org.apache.jmeter.report.core.Converters.lambda$static$4(Converters.java:78) ~[ApacheJMeter_core.jar:5.2.1]
	at org.apache.jmeter.report.dashboard.ReportGenerator.setProperty(ReportGenerator.java:537) ~[ApacheJMeter_core.jar:5.2.1]
	... 7 more
