2021-05-31 14:03:03,852 INFO o.a.j.u.JMeterUtils: Setting Locale to en_EN
2021-05-31 14:03:03,935 INFO o.a.j.JMeter: Setting JMeter property: HOST=9bl5w1dfog.execute-api.eu-central-1.amazonaws.com
2021-05-31 14:03:03,935 INFO o.a.j.JMeter: Setting JMeter property: PATH=/production/todos
2021-05-31 14:03:03,935 INFO o.a.j.JMeter: Setting JMeter property: PORT=443
2021-05-31 14:03:03,937 INFO o.a.j.JMeter: Copyright (c) 1998-2019 The Apache Software Foundation
2021-05-31 14:03:03,937 INFO o.a.j.JMeter: Version 5.2.1
2021-05-31 14:03:03,937 INFO o.a.j.JMeter: java.version=11.0.9
2021-05-31 14:03:03,937 INFO o.a.j.JMeter: java.vm.name=OpenJDK 64-Bit Server VM
2021-05-31 14:03:03,938 INFO o.a.j.JMeter: os.name=Linux
2021-05-31 14:03:03,938 INFO o.a.j.JMeter: os.arch=amd64
2021-05-31 14:03:03,938 INFO o.a.j.JMeter: os.version=5.3.0-1023-aws
2021-05-31 14:03:03,938 INFO o.a.j.JMeter: file.encoding=UTF-8
2021-05-31 14:03:03,938 INFO o.a.j.JMeter: java.awt.headless=true
2021-05-31 14:03:03,939 INFO o.a.j.JMeter: Max memory     =1073741824
2021-05-31 14:03:03,939 INFO o.a.j.JMeter: Available Processors =2
2021-05-31 14:03:03,949 INFO o.a.j.JMeter: Default Locale=English (EN)
2021-05-31 14:03:03,949 INFO o.a.j.JMeter: JMeter  Locale=English (EN)
2021-05-31 14:03:03,949 INFO o.a.j.JMeter: JMeterHome=/opt/radon-ctt-agent/plugins/jmeter/apache-jmeter-5.2.1
2021-05-31 14:03:03,949 INFO o.a.j.JMeter: user.dir  =/opt/radon-ctt-agent
2021-05-31 14:03:03,949 INFO o.a.j.JMeter: PWD       =/opt/radon-ctt-agent
2021-05-31 14:03:03,950 INFO o.a.j.JMeter: IP: 172.17.0.2 Name: 9cf14a69d747 FullName: 9cf14a69d747
2021-05-31 14:03:03,954 INFO o.a.j.JMeter: Setting property 'jmeter.reportgenerator.outputdir' to:'/opt/radon-ctt-agent/jmeter/9e4ca9f6-72c3-4410-9360-3bbf63773a6c/17744fd2-1dfe-4d47-8e42-8f7d0f4f80c6/dashboard'
2021-05-31 14:03:03,959 INFO o.a.j.s.FileServer: Default base='/opt/radon-ctt-agent'
2021-05-31 14:03:03,962 INFO o.a.j.s.FileServer: Set new base='/opt/radon-ctt-agent/jmeter/9e4ca9f6-72c3-4410-9360-3bbf63773a6c/config/resources'
2021-05-31 14:03:04,201 INFO o.a.j.s.SaveService: Testplan (JMX) version: 2.2. Testlog (JTL) version: 2.2
2021-05-31 14:03:04,212 INFO o.a.j.s.SaveService: Using SaveService properties version 5.0
2021-05-31 14:03:04,216 INFO o.a.j.s.SaveService: Using SaveService properties file encoding UTF-8
2021-05-31 14:03:04,220 INFO o.a.j.s.SaveService: Loading file: /opt/radon-ctt-agent/jmeter/9e4ca9f6-72c3-4410-9360-3bbf63773a6c/config/resources/loadtest.jmx
2021-05-31 14:03:04,618 INFO o.a.j.r.d.ReportGenerator: ReportGenerator will use for Parsing the separator: ','
2021-05-31 14:03:04,618 INFO o.a.j.r.d.ReportGenerator: Will generate report at end of test from  results file: /opt/radon-ctt-agent/jmeter/9e4ca9f6-72c3-4410-9360-3bbf63773a6c/17744fd2-1dfe-4d47-8e42-8f7d0f4f80c6/sample_results.jtl
2021-05-31 14:03:04,619 INFO o.a.j.r.d.ReportGenerator: Reading report generator properties from: /opt/radon-ctt-agent/plugins/jmeter/apache-jmeter-5.2.1/bin/reportgenerator.properties
2021-05-31 14:03:04,620 INFO o.a.j.r.d.ReportGenerator: Merging with JMeter properties
2021-05-31 14:03:04,625 INFO o.a.j.r.c.ReportGeneratorConfiguration: Property 'jmeter.reportgenerator.temp_dir' not found, using default value 'temp' instead.
2021-05-31 14:03:04,625 INFO o.a.j.r.c.ReportGeneratorConfiguration: Property 'jmeter.reportgenerator.apdex_satisfied_threshold' not found, using default value '500' instead.
2021-05-31 14:03:04,625 INFO o.a.j.r.c.ReportGeneratorConfiguration: Property 'jmeter.reportgenerator.apdex_tolerated_threshold' not found, using default value '1500' instead.
2021-05-31 14:03:04,625 INFO o.a.j.r.c.ReportGeneratorConfiguration: Property 'jmeter.reportgenerator.apdex_per_transaction' not found, using default value 'null' instead.
2021-05-31 14:03:04,626 INFO o.a.j.r.c.ReportGeneratorConfiguration: apdex_per_transaction is empty, not APDEX per transaction customization
2021-05-31 14:03:04,628 INFO o.a.j.r.c.ReportGeneratorConfiguration: Property 'jmeter.reportgenerator.sample_filter' not found, using default value 'null' instead.
2021-05-31 14:03:04,628 INFO o.a.j.r.c.ReportGeneratorConfiguration: Property 'jmeter.reportgenerator.report_title' not found, using default value 'null' instead.
2021-05-31 14:03:04,629 INFO o.a.j.r.c.ReportGeneratorConfiguration: Property 'jmeter.reportgenerator.start_date' not found, using default value 'null' instead.
2021-05-31 14:03:04,629 INFO o.a.j.r.c.ReportGeneratorConfiguration: Property 'jmeter.reportgenerator.end_date' not found, using default value 'null' instead.
2021-05-31 14:03:04,629 INFO o.a.j.r.c.ReportGeneratorConfiguration: Property 'jmeter.reportgenerator.date_format' not found, using default value 'null' instead.
2021-05-31 14:03:04,629 INFO o.a.j.r.c.ReportGeneratorConfiguration: Will use date range start date: null, end date: null
2021-05-31 14:03:04,634 INFO o.a.j.r.c.ReportGeneratorConfiguration: Property 'jmeter.reportgenerator.graph.totalTPS.exclude_controllers' not found, using default value 'false' instead.
2021-05-31 14:03:04,634 INFO o.a.j.r.c.ReportGeneratorConfiguration: Property 'jmeter.reportgenerator.graph.activeThreadsOverTime.exclude_controllers' not found, using default value 'false' instead.
2021-05-31 14:03:04,634 INFO o.a.j.r.c.ReportGeneratorConfiguration: Property 'jmeter.reportgenerator.graph.timeVsThreads.exclude_controllers' not found, using default value 'false' instead.
2021-05-31 14:03:04,634 INFO o.a.j.r.c.ReportGeneratorConfiguration: Property 'jmeter.reportgenerator.graph.responseTimeDistribution.exclude_controllers' not found, using default value 'false' instead.
2021-05-31 14:03:04,634 INFO o.a.j.r.c.ReportGeneratorConfiguration: Property 'jmeter.reportgenerator.graph.transactionsPerSecond.exclude_controllers' not found, using default value 'false' instead.
2021-05-31 14:03:04,635 INFO o.a.j.r.c.ReportGeneratorConfiguration: Property 'jmeter.reportgenerator.graph.responseTimePercentiles.exclude_controllers' not found, using default value 'false' instead.
2021-05-31 14:03:04,635 INFO o.a.j.r.c.ReportGeneratorConfiguration: Property 'jmeter.reportgenerator.graph.responseTimePercentilesOverTime.exclude_controllers' not found, using default value 'false' instead.
2021-05-31 14:03:04,635 INFO o.a.j.r.c.ReportGeneratorConfiguration: Property 'jmeter.reportgenerator.graph.responseTimesOverTime.exclude_controllers' not found, using default value 'false' instead.
2021-05-31 14:03:04,635 INFO o.a.j.r.c.ReportGeneratorConfiguration: Property 'jmeter.reportgenerator.graph.connectTimeOverTime.exclude_controllers' not found, using default value 'false' instead.
2021-05-31 14:03:04,635 INFO o.a.j.r.c.ReportGeneratorConfiguration: Property 'jmeter.reportgenerator.graph.latenciesOverTime.exclude_controllers' not found, using default value 'false' instead.
2021-05-31 14:03:04,636 INFO o.a.j.r.c.ReportGeneratorConfiguration: Property 'jmeter.reportgenerator.exporter.json.filters_only_sample_series' not found, using default value 'true' instead.
2021-05-31 14:03:04,636 INFO o.a.j.r.c.ReportGeneratorConfiguration: Property 'jmeter.reportgenerator.exporter.json.series_filter' not found, using default value '' instead.
2021-05-31 14:03:04,637 INFO o.a.j.r.c.ReportGeneratorConfiguration: Property 'jmeter.reportgenerator.exporter.json.show_controllers_only' not found, using default value 'false' instead.
2021-05-31 14:03:04,637 INFO o.a.j.r.c.ReportGeneratorConfiguration: Property 'jmeter.reportgenerator.exporter.html.filters_only_sample_series' not found, using default value 'true' instead.
2021-05-31 14:03:04,637 INFO o.a.j.r.c.ReportGeneratorConfiguration: Property 'jmeter.reportgenerator.exporter.html.series_filter' not found, using default value '' instead.
2021-05-31 14:03:04,637 INFO o.a.j.r.c.ReportGeneratorConfiguration: Property 'jmeter.reportgenerator.exporter.html.show_controllers_only' not found, using default value 'false' instead.
2021-05-31 14:03:04,647 INFO o.a.j.e.StandardJMeterEngine: Running the test!
2021-05-31 14:03:04,655 INFO o.a.j.s.SampleEvent: List of sample_variables: []
2021-05-31 14:03:04,655 INFO o.a.j.s.SampleEvent: List of sample_variables: []
2021-05-31 14:03:05,194 INFO o.a.j.JMeter: Running test (1622469785194)
2021-05-31 14:03:05,229 INFO o.a.j.e.StandardJMeterEngine: Starting ThreadGroup: 1 : Thread Group
2021-05-31 14:03:05,230 INFO o.a.j.e.StandardJMeterEngine: Starting 50 threads for group Thread Group.
2021-05-31 14:03:05,230 INFO o.a.j.e.StandardJMeterEngine: Thread will continue on error
2021-05-31 14:03:05,230 INFO o.a.j.t.ThreadGroup: Starting thread group... number=1 threads=50 ramp-up=120 delayedStart=false
2021-05-31 14:03:05,283 INFO o.a.j.t.JMeterThread: Thread started: Thread Group 1-1
2021-05-31 14:03:05,336 INFO o.a.j.t.ThreadGroup: Started thread group number 1
2021-05-31 14:03:05,336 INFO o.a.j.e.StandardJMeterEngine: All thread groups have been started
2021-05-31 14:03:07,672 INFO o.a.j.t.JMeterThread: Thread started: Thread Group 1-2
2021-05-31 14:03:10,071 INFO o.a.j.t.JMeterThread: Thread started: Thread Group 1-3
2021-05-31 14:03:11,604 INFO o.a.j.p.h.s.HTTPHCAbstractImpl: Local host = 9cf14a69d747
2021-05-31 14:03:11,611 INFO o.a.j.p.h.s.HTTPHC4Impl: HTTP request retry count = 0
2021-05-31 14:03:11,613 INFO o.a.j.s.SampleResult: Note: Sample TimeStamps are END times
2021-05-31 14:03:11,613 INFO o.a.j.s.SampleResult: sampleresult.default.encoding is set to ISO-8859-1
2021-05-31 14:03:11,613 INFO o.a.j.s.SampleResult: sampleresult.useNanoTime=true
2021-05-31 14:03:11,613 INFO o.a.j.s.SampleResult: sampleresult.nanoThreadSleep=5000
2021-05-31 14:03:11,751 INFO o.a.j.p.h.s.h.LazyLayeredConnectionSocketFactory: Setting up HTTPS TrustAll Socket Factory
2021-05-31 14:03:11,762 INFO o.a.j.u.JsseSSLManager: Using default SSL protocol: TLS
2021-05-31 14:03:11,762 INFO o.a.j.u.JsseSSLManager: SSL session context: per-thread
2021-05-31 14:03:11,849 INFO o.a.j.u.SSLManager: JmeterKeyStore Location:  type JKS
2021-05-31 14:03:11,852 INFO o.a.j.u.SSLManager: KeyStore created OK
2021-05-31 14:03:11,852 WARN o.a.j.u.SSLManager: Keystore file not found, loading empty keystore
2021-05-31 14:03:12,478 INFO o.a.j.t.JMeterThread: Thread started: Thread Group 1-4
2021-05-31 14:03:14,872 INFO o.a.j.t.JMeterThread: Thread started: Thread Group 1-5
2021-05-31 14:03:17,273 INFO o.a.j.t.JMeterThread: Thread started: Thread Group 1-6
2021-05-31 14:03:19,668 INFO o.a.j.t.JMeterThread: Thread started: Thread Group 1-7
2021-05-31 14:03:22,066 INFO o.a.j.t.JMeterThread: Thread started: Thread Group 1-8
2021-05-31 14:03:24,465 INFO o.a.j.t.JMeterThread: Thread started: Thread Group 1-9
2021-05-31 14:03:26,863 INFO o.a.j.t.JMeterThread: Thread started: Thread Group 1-10
2021-05-31 14:03:29,261 INFO o.a.j.t.JMeterThread: Thread started: Thread Group 1-11
2021-05-31 14:03:31,659 INFO o.a.j.t.JMeterThread: Thread started: Thread Group 1-12
2021-05-31 14:03:34,057 INFO o.a.j.t.JMeterThread: Thread started: Thread Group 1-13
2021-05-31 14:03:36,459 INFO o.a.j.t.JMeterThread: Thread started: Thread Group 1-14
2021-05-31 14:03:38,849 INFO o.a.j.t.JMeterThread: Thread started: Thread Group 1-15
2021-05-31 14:03:41,250 INFO o.a.j.t.JMeterThread: Thread started: Thread Group 1-16
2021-05-31 14:03:43,646 INFO o.a.j.t.JMeterThread: Thread started: Thread Group 1-17
2021-05-31 14:03:46,041 INFO o.a.j.t.JMeterThread: Thread started: Thread Group 1-18
2021-05-31 14:03:48,440 INFO o.a.j.t.JMeterThread: Thread started: Thread Group 1-19
2021-05-31 14:03:50,840 INFO o.a.j.t.JMeterThread: Thread started: Thread Group 1-20
2021-05-31 14:03:53,235 INFO o.a.j.t.JMeterThread: Thread started: Thread Group 1-21
2021-05-31 14:03:55,636 INFO o.a.j.t.JMeterThread: Thread started: Thread Group 1-22
2021-05-31 14:03:58,032 INFO o.a.j.t.JMeterThread: Thread started: Thread Group 1-23
2021-05-31 14:04:00,434 INFO o.a.j.t.JMeterThread: Thread started: Thread Group 1-24
2021-05-31 14:04:02,835 INFO o.a.j.t.JMeterThread: Thread started: Thread Group 1-25
2021-05-31 14:04:05,234 INFO o.a.j.t.JMeterThread: Thread started: Thread Group 1-26
2021-05-31 14:04:07,634 INFO o.a.j.t.JMeterThread: Thread started: Thread Group 1-27
2021-05-31 14:04:10,032 INFO o.a.j.t.JMeterThread: Thread started: Thread Group 1-28
2021-05-31 14:04:12,431 INFO o.a.j.t.JMeterThread: Thread started: Thread Group 1-29
2021-05-31 14:04:14,837 INFO o.a.j.t.JMeterThread: Thread started: Thread Group 1-30
2021-05-31 14:04:17,235 INFO o.a.j.t.JMeterThread: Thread started: Thread Group 1-31
2021-05-31 14:04:19,635 INFO o.a.j.t.JMeterThread: Thread started: Thread Group 1-32
2021-05-31 14:04:22,032 INFO o.a.j.t.JMeterThread: Thread started: Thread Group 1-33
2021-05-31 14:04:24,436 INFO o.a.j.t.JMeterThread: Thread started: Thread Group 1-34
2021-05-31 14:04:26,834 INFO o.a.j.t.JMeterThread: Thread started: Thread Group 1-35
2021-05-31 14:04:29,234 INFO o.a.j.t.JMeterThread: Thread started: Thread Group 1-36
2021-05-31 14:04:31,633 INFO o.a.j.t.JMeterThread: Thread started: Thread Group 1-37
2021-05-31 14:04:34,033 INFO o.a.j.t.JMeterThread: Thread started: Thread Group 1-38
2021-05-31 14:04:36,432 INFO o.a.j.t.JMeterThread: Thread started: Thread Group 1-39
2021-05-31 14:04:38,835 INFO o.a.j.t.JMeterThread: Thread started: Thread Group 1-40
2021-05-31 14:04:41,232 INFO o.a.j.t.JMeterThread: Thread started: Thread Group 1-41
2021-05-31 14:04:43,632 INFO o.a.j.t.JMeterThread: Thread started: Thread Group 1-42
2021-05-31 14:04:46,039 INFO o.a.j.t.JMeterThread: Thread started: Thread Group 1-43
2021-05-31 14:04:48,434 INFO o.a.j.t.JMeterThread: Thread started: Thread Group 1-44
2021-05-31 14:04:50,832 INFO o.a.j.t.JMeterThread: Thread started: Thread Group 1-45
2021-05-31 14:04:53,231 INFO o.a.j.t.JMeterThread: Thread started: Thread Group 1-46
2021-05-31 14:04:55,632 INFO o.a.j.t.JMeterThread: Thread started: Thread Group 1-47
2021-05-31 14:04:58,031 INFO o.a.j.t.JMeterThread: Thread started: Thread Group 1-48
2021-05-31 14:05:00,431 INFO o.a.j.t.JMeterThread: Thread started: Thread Group 1-49
2021-05-31 14:05:02,831 INFO o.a.j.t.JMeterThread: Thread started: Thread Group 1-50
2021-05-31 14:16:59,372 INFO o.a.j.t.JMeterThread: Thread finished: Thread Group 1-48
2021-05-31 14:16:59,387 INFO o.a.j.t.JMeterThread: Thread finished: Thread Group 1-5
2021-05-31 14:16:59,394 INFO o.a.j.t.JMeterThread: Thread finished: Thread Group 1-20
2021-05-31 14:16:59,490 INFO o.a.j.t.JMeterThread: Thread finished: Thread Group 1-9
2021-05-31 14:16:59,646 INFO o.a.j.t.JMeterThread: Thread finished: Thread Group 1-11
2021-05-31 14:16:59,906 INFO o.a.j.t.JMeterThread: Thread finished: Thread Group 1-23
2021-05-31 14:17:00,271 INFO o.a.j.t.JMeterThread: Thread finished: Thread Group 1-31
2021-05-31 14:17:00,617 INFO o.a.j.t.JMeterThread: Thread finished: Thread Group 1-42
2021-05-31 14:17:00,664 INFO o.a.j.t.JMeterThread: Thread finished: Thread Group 1-43
2021-05-31 14:17:00,675 INFO o.a.j.t.JMeterThread: Thread finished: Thread Group 1-46
2021-05-31 14:17:00,940 INFO o.a.j.t.JMeterThread: Thread finished: Thread Group 1-22
2021-05-31 14:17:01,021 INFO o.a.j.t.JMeterThread: Thread finished: Thread Group 1-40
2021-05-31 14:17:01,104 INFO o.a.j.t.JMeterThread: Thread finished: Thread Group 1-17
2021-05-31 14:17:01,283 INFO o.a.j.t.JMeterThread: Thread finished: Thread Group 1-10
2021-05-31 14:17:01,315 INFO o.a.j.t.JMeterThread: Thread finished: Thread Group 1-44
2021-05-31 14:17:01,438 INFO o.a.j.t.JMeterThread: Thread finished: Thread Group 1-19
2021-05-31 14:17:01,544 INFO o.a.j.t.JMeterThread: Thread finished: Thread Group 1-33
2021-05-31 14:17:01,837 INFO o.a.j.t.JMeterThread: Thread finished: Thread Group 1-30
2021-05-31 14:17:01,905 INFO o.a.j.t.JMeterThread: Thread finished: Thread Group 1-25
2021-05-31 14:17:02,064 INFO o.a.j.t.JMeterThread: Thread finished: Thread Group 1-21
2021-05-31 14:17:02,178 INFO o.a.j.t.JMeterThread: Thread finished: Thread Group 1-8
2021-05-31 14:17:02,278 INFO o.a.j.t.JMeterThread: Thread finished: Thread Group 1-37
2021-05-31 14:17:02,405 INFO o.a.j.t.JMeterThread: Thread finished: Thread Group 1-34
2021-05-31 14:17:02,513 INFO o.a.j.t.JMeterThread: Thread finished: Thread Group 1-3
2021-05-31 14:17:02,616 INFO o.a.j.t.JMeterThread: Thread finished: Thread Group 1-6
2021-05-31 14:17:02,814 INFO o.a.j.t.JMeterThread: Thread finished: Thread Group 1-38
2021-05-31 14:17:03,406 INFO o.a.j.t.JMeterThread: Thread finished: Thread Group 1-26
2021-05-31 14:17:03,600 INFO o.a.j.t.JMeterThread: Thread finished: Thread Group 1-45
2021-05-31 14:17:03,614 INFO o.a.j.t.JMeterThread: Thread finished: Thread Group 1-15
2021-05-31 14:17:03,638 INFO o.a.j.t.JMeterThread: Thread finished: Thread Group 1-14
2021-05-31 14:17:03,725 INFO o.a.j.t.JMeterThread: Thread finished: Thread Group 1-16
2021-05-31 14:17:03,875 INFO o.a.j.t.JMeterThread: Thread finished: Thread Group 1-29
2021-05-31 14:17:04,309 INFO o.a.j.t.JMeterThread: Thread finished: Thread Group 1-1
2021-05-31 14:17:04,360 INFO o.a.j.t.JMeterThread: Thread finished: Thread Group 1-39
2021-05-31 14:17:04,543 INFO o.a.j.t.JMeterThread: Thread finished: Thread Group 1-4
2021-05-31 14:17:04,734 INFO o.a.j.t.JMeterThread: Thread finished: Thread Group 1-7
2021-05-31 14:17:04,806 INFO o.a.j.t.JMeterThread: Thread finished: Thread Group 1-41
2021-05-31 14:17:04,867 INFO o.a.j.t.JMeterThread: Thread finished: Thread Group 1-27
2021-05-31 14:17:04,948 INFO o.a.j.t.JMeterThread: Thread finished: Thread Group 1-28
2021-05-31 14:17:05,135 INFO o.a.j.t.JMeterThread: Thread finished: Thread Group 1-12
2021-05-31 14:17:05,204 INFO o.a.j.t.JMeterThread: Thread finished: Thread Group 1-47
2021-05-31 14:17:05,228 INFO o.a.j.t.JMeterThread: Thread finished: Thread Group 1-35
2021-05-31 14:17:05,418 INFO o.a.j.t.JMeterThread: Stopping because end time detected by thread: Thread Group 1-32
2021-05-31 14:17:05,418 INFO o.a.j.t.JMeterThread: Thread finished: Thread Group 1-32
2021-05-31 14:17:06,497 INFO o.a.j.t.JMeterThread: Stopping because end time detected by thread: Thread Group 1-13
2021-05-31 14:17:06,497 INFO o.a.j.t.JMeterThread: Thread finished: Thread Group 1-13
2021-05-31 14:17:06,966 INFO o.a.j.t.JMeterThread: Stopping because end time detected by thread: Thread Group 1-36
2021-05-31 14:17:06,968 INFO o.a.j.t.JMeterThread: Thread finished: Thread Group 1-36
2021-05-31 14:17:07,059 INFO o.a.j.t.JMeterThread: Stopping because end time detected by thread: Thread Group 1-49
2021-05-31 14:17:07,060 INFO o.a.j.t.JMeterThread: Thread finished: Thread Group 1-49
2021-05-31 14:17:07,454 INFO o.a.j.t.JMeterThread: Stopping because end time detected by thread: Thread Group 1-18
2021-05-31 14:17:07,455 INFO o.a.j.t.JMeterThread: Thread finished: Thread Group 1-18
2021-05-31 14:17:07,455 INFO o.a.j.t.JMeterThread: Stopping because end time detected by thread: Thread Group 1-50
2021-05-31 14:17:07,455 INFO o.a.j.t.JMeterThread: Thread finished: Thread Group 1-50
2021-05-31 14:17:09,765 INFO o.a.j.t.JMeterThread: Stopping because end time detected by thread: Thread Group 1-2
2021-05-31 14:17:09,765 INFO o.a.j.t.JMeterThread: Thread finished: Thread Group 1-2
2021-05-31 14:17:10,775 INFO o.a.j.t.JMeterThread: Stopping because end time detected by thread: Thread Group 1-24
2021-05-31 14:17:10,777 INFO o.a.j.t.JMeterThread: Thread finished: Thread Group 1-24
2021-05-31 14:17:10,777 INFO o.a.j.e.StandardJMeterEngine: Notifying test listeners of end of test
2021-05-31 14:17:10,778 INFO o.a.j.JMeter: Generating Dashboard
2021-05-31 14:17:10,778 INFO o.a.j.r.d.ReportGenerator: Flushing result collector before report Generation
2021-05-31 14:17:10,789 INFO o.a.j.r.p.NormalizerSampleConsumer: Using format, 'ms', to parse timeStamp field
2021-05-31 14:17:10,797 ERROR o.a.j.r.d.ReportGenerator: Cannot assign "${jmeter.reportgenerator.apdex_satisfied_threshold}" to property "set_satisfied_threshold" (mapped as "setSatisfiedThreshold"), skip it
org.apache.jmeter.report.core.ConvertException: Unable to convert "${jmeter.reportgenerator.apdex_satisfied_threshold}" to "java.lang.Long"
	at org.apache.jmeter.report.core.Converters.lambda$static$4(Converters.java:80) ~[ApacheJMeter_core.jar:5.2.1]
	at org.apache.jmeter.report.dashboard.ReportGenerator.setProperty(ReportGenerator.java:537) [ApacheJMeter_core.jar:5.2.1]
	at org.apache.jmeter.report.dashboard.ReportGenerator.addGraphConsumer(ReportGenerator.java:349) [ApacheJMeter_core.jar:5.2.1]
	at org.apache.jmeter.report.dashboard.ReportGenerator.generate(ReportGenerator.java:236) [ApacheJMeter_core.jar:5.2.1]
	at org.apache.jmeter.JMeter$ListenToTest.endTest(JMeter.java:1330) [ApacheJMeter_core.jar:5.2.1]
	at org.apache.jmeter.JMeter$ListenToTest.testEnded(JMeter.java:1286) [ApacheJMeter_core.jar:5.2.1]
	at org.apache.jmeter.engine.StandardJMeterEngine.notifyTestListenersOfEnd(StandardJMeterEngine.java:218) [ApacheJMeter_core.jar:5.2.1]
	at org.apache.jmeter.engine.StandardJMeterEngine.run(StandardJMeterEngine.java:492) [ApacheJMeter_core.jar:5.2.1]
	at java.lang.Thread.run(Thread.java:834) [?:?]
Caused by: java.lang.NumberFormatException: For input string: "${jmeter.reportgenerator.apdex_satisfied_threshold}"
	at java.lang.NumberFormatException.forInputString(NumberFormatException.java:65) ~[?:?]
	at java.lang.Long.parseLong(Long.java:678) ~[?:?]
	at java.lang.Long.valueOf(Long.java:1144) ~[?:?]
	at org.apache.jmeter.report.core.Converters.lambda$static$4(Converters.java:78) ~[ApacheJMeter_core.jar:5.2.1]
	... 8 more
2021-05-31 14:17:10,803 ERROR o.a.j.JMeter: Error generating the report: Cannot assign "${jmeter.reportgenerator.apdex_satisfied_threshold}" to property "set_satisfied_threshold" (mapped as "setSatisfiedThreshold"), skip it
org.apache.jmeter.report.dashboard.GenerationException: Cannot assign "${jmeter.reportgenerator.apdex_satisfied_threshold}" to property "set_satisfied_threshold" (mapped as "setSatisfiedThreshold"), skip it
	at org.apache.jmeter.report.dashboard.ReportGenerator.setProperty(ReportGenerator.java:550) ~[ApacheJMeter_core.jar:5.2.1]
	at org.apache.jmeter.report.dashboard.ReportGenerator.addGraphConsumer(ReportGenerator.java:349) ~[ApacheJMeter_core.jar:5.2.1]
	at org.apache.jmeter.report.dashboard.ReportGenerator.generate(ReportGenerator.java:236) ~[ApacheJMeter_core.jar:5.2.1]
	at org.apache.jmeter.JMeter$ListenToTest.endTest(JMeter.java:1330) [ApacheJMeter_core.jar:5.2.1]
	at org.apache.jmeter.JMeter$ListenToTest.testEnded(JMeter.java:1286) [ApacheJMeter_core.jar:5.2.1]
	at org.apache.jmeter.engine.StandardJMeterEngine.notifyTestListenersOfEnd(StandardJMeterEngine.java:218) [ApacheJMeter_core.jar:5.2.1]
	at org.apache.jmeter.engine.StandardJMeterEngine.run(StandardJMeterEngine.java:492) [ApacheJMeter_core.jar:5.2.1]
	at java.lang.Thread.run(Thread.java:834) [?:?]
Caused by: org.apache.jmeter.report.core.ConvertException: Unable to convert "${jmeter.reportgenerator.apdex_satisfied_threshold}" to "java.lang.Long"
	at org.apache.jmeter.report.core.Converters.lambda$static$4(Converters.java:80) ~[ApacheJMeter_core.jar:5.2.1]
	at org.apache.jmeter.report.dashboard.ReportGenerator.setProperty(ReportGenerator.java:537) ~[ApacheJMeter_core.jar:5.2.1]
	... 7 more
Caused by: java.lang.NumberFormatException: For input string: "${jmeter.reportgenerator.apdex_satisfied_threshold}"
	at java.lang.NumberFormatException.forInputString(NumberFormatException.java:65) ~[?:?]
	at java.lang.Long.parseLong(Long.java:678) ~[?:?]
	at java.lang.Long.valueOf(Long.java:1144) ~[?:?]
	at org.apache.jmeter.report.core.Converters.lambda$static$4(Converters.java:78) ~[ApacheJMeter_core.jar:5.2.1]
	at org.apache.jmeter.report.dashboard.ReportGenerator.setProperty(ReportGenerator.java:537) ~[ApacheJMeter_core.jar:5.2.1]
	... 7 more
