2021-05-31 16:40:26,552 INFO o.a.j.u.JMeterUtils: Setting Locale to en_EN
2021-05-31 16:40:26,610 INFO o.a.j.JMeter: Setting JMeter property: HOST=1sxqlky3hh.execute-api.eu-central-1.amazonaws.com
2021-05-31 16:40:26,610 INFO o.a.j.JMeter: Setting JMeter property: PATH=/production/todos
2021-05-31 16:40:26,610 INFO o.a.j.JMeter: Setting JMeter property: PORT=443
2021-05-31 16:40:26,618 INFO o.a.j.JMeter: Copyright (c) 1998-2019 The Apache Software Foundation
2021-05-31 16:40:26,618 INFO o.a.j.JMeter: Version 5.2.1
2021-05-31 16:40:26,618 INFO o.a.j.JMeter: java.version=11.0.9
2021-05-31 16:40:26,619 INFO o.a.j.JMeter: java.vm.name=OpenJDK 64-Bit Server VM
2021-05-31 16:40:26,619 INFO o.a.j.JMeter: os.name=Linux
2021-05-31 16:40:26,619 INFO o.a.j.JMeter: os.arch=amd64
2021-05-31 16:40:26,619 INFO o.a.j.JMeter: os.version=5.3.0-1023-aws
2021-05-31 16:40:26,619 INFO o.a.j.JMeter: file.encoding=UTF-8
2021-05-31 16:40:26,619 INFO o.a.j.JMeter: java.awt.headless=true
2021-05-31 16:40:26,620 INFO o.a.j.JMeter: Max memory     =1073741824
2021-05-31 16:40:26,620 INFO o.a.j.JMeter: Available Processors =2
2021-05-31 16:40:26,629 INFO o.a.j.JMeter: Default Locale=English (EN)
2021-05-31 16:40:26,630 INFO o.a.j.JMeter: JMeter  Locale=English (EN)
2021-05-31 16:40:26,630 INFO o.a.j.JMeter: JMeterHome=/opt/radon-ctt-agent/plugins/jmeter/apache-jmeter-5.2.1
2021-05-31 16:40:26,630 INFO o.a.j.JMeter: user.dir  =/opt/radon-ctt-agent
2021-05-31 16:40:26,630 INFO o.a.j.JMeter: PWD       =/opt/radon-ctt-agent
2021-05-31 16:40:26,631 INFO o.a.j.JMeter: IP: 172.17.0.2 Name: 99a6a8e776ec FullName: 99a6a8e776ec
2021-05-31 16:40:26,635 INFO o.a.j.JMeter: Setting property 'jmeter.reportgenerator.outputdir' to:'/opt/radon-ctt-agent/jmeter/c8d8a218-28bc-45da-906d-db119fabaca8/737f7da0-2468-40c1-9d07-b83493549664/dashboard'
2021-05-31 16:40:26,640 INFO o.a.j.s.FileServer: Default base='/opt/radon-ctt-agent'
2021-05-31 16:40:26,643 INFO o.a.j.s.FileServer: Set new base='/opt/radon-ctt-agent/jmeter/c8d8a218-28bc-45da-906d-db119fabaca8/config/resources'
2021-05-31 16:40:26,934 INFO o.a.j.s.SaveService: Testplan (JMX) version: 2.2. Testlog (JTL) version: 2.2
2021-05-31 16:40:26,946 INFO o.a.j.s.SaveService: Using SaveService properties version 5.0
2021-05-31 16:40:26,951 INFO o.a.j.s.SaveService: Using SaveService properties file encoding UTF-8
2021-05-31 16:40:26,954 INFO o.a.j.s.SaveService: Loading file: /opt/radon-ctt-agent/jmeter/c8d8a218-28bc-45da-906d-db119fabaca8/config/resources/loadtest.jmx
2021-05-31 16:40:27,437 INFO o.a.j.r.d.ReportGenerator: ReportGenerator will use for Parsing the separator: ','
2021-05-31 16:40:27,437 INFO o.a.j.r.d.ReportGenerator: Will generate report at end of test from  results file: /opt/radon-ctt-agent/jmeter/c8d8a218-28bc-45da-906d-db119fabaca8/737f7da0-2468-40c1-9d07-b83493549664/sample_results.jtl
2021-05-31 16:40:27,438 INFO o.a.j.r.d.ReportGenerator: Reading report generator properties from: /opt/radon-ctt-agent/plugins/jmeter/apache-jmeter-5.2.1/bin/reportgenerator.properties
2021-05-31 16:40:27,439 INFO o.a.j.r.d.ReportGenerator: Merging with JMeter properties
2021-05-31 16:40:27,444 INFO o.a.j.r.c.ReportGeneratorConfiguration: Property 'jmeter.reportgenerator.temp_dir' not found, using default value 'temp' instead.
2021-05-31 16:40:27,445 INFO o.a.j.r.c.ReportGeneratorConfiguration: Property 'jmeter.reportgenerator.apdex_satisfied_threshold' not found, using default value '500' instead.
2021-05-31 16:40:27,445 INFO o.a.j.r.c.ReportGeneratorConfiguration: Property 'jmeter.reportgenerator.apdex_tolerated_threshold' not found, using default value '1500' instead.
2021-05-31 16:40:27,445 INFO o.a.j.r.c.ReportGeneratorConfiguration: Property 'jmeter.reportgenerator.apdex_per_transaction' not found, using default value 'null' instead.
2021-05-31 16:40:27,445 INFO o.a.j.r.c.ReportGeneratorConfiguration: apdex_per_transaction is empty, not APDEX per transaction customization
2021-05-31 16:40:27,449 INFO o.a.j.r.c.ReportGeneratorConfiguration: Property 'jmeter.reportgenerator.sample_filter' not found, using default value 'null' instead.
2021-05-31 16:40:27,450 INFO o.a.j.r.c.ReportGeneratorConfiguration: Property 'jmeter.reportgenerator.report_title' not found, using default value 'null' instead.
2021-05-31 16:40:27,450 INFO o.a.j.r.c.ReportGeneratorConfiguration: Property 'jmeter.reportgenerator.start_date' not found, using default value 'null' instead.
2021-05-31 16:40:27,450 INFO o.a.j.r.c.ReportGeneratorConfiguration: Property 'jmeter.reportgenerator.end_date' not found, using default value 'null' instead.
2021-05-31 16:40:27,450 INFO o.a.j.r.c.ReportGeneratorConfiguration: Property 'jmeter.reportgenerator.date_format' not found, using default value 'null' instead.
2021-05-31 16:40:27,451 INFO o.a.j.r.c.ReportGeneratorConfiguration: Will use date range start date: null, end date: null
2021-05-31 16:40:27,455 INFO o.a.j.r.c.ReportGeneratorConfiguration: Property 'jmeter.reportgenerator.graph.totalTPS.exclude_controllers' not found, using default value 'false' instead.
2021-05-31 16:40:27,456 INFO o.a.j.r.c.ReportGeneratorConfiguration: Property 'jmeter.reportgenerator.graph.activeThreadsOverTime.exclude_controllers' not found, using default value 'false' instead.
2021-05-31 16:40:27,456 INFO o.a.j.r.c.ReportGeneratorConfiguration: Property 'jmeter.reportgenerator.graph.timeVsThreads.exclude_controllers' not found, using default value 'false' instead.
2021-05-31 16:40:27,456 INFO o.a.j.r.c.ReportGeneratorConfiguration: Property 'jmeter.reportgenerator.graph.responseTimeDistribution.exclude_controllers' not found, using default value 'false' instead.
2021-05-31 16:40:27,456 INFO o.a.j.r.c.ReportGeneratorConfiguration: Property 'jmeter.reportgenerator.graph.transactionsPerSecond.exclude_controllers' not found, using default value 'false' instead.
2021-05-31 16:40:27,456 INFO o.a.j.r.c.ReportGeneratorConfiguration: Property 'jmeter.reportgenerator.graph.responseTimePercentiles.exclude_controllers' not found, using default value 'false' instead.
2021-05-31 16:40:27,457 INFO o.a.j.r.c.ReportGeneratorConfiguration: Property 'jmeter.reportgenerator.graph.responseTimePercentilesOverTime.exclude_controllers' not found, using default value 'false' instead.
2021-05-31 16:40:27,457 INFO o.a.j.r.c.ReportGeneratorConfiguration: Property 'jmeter.reportgenerator.graph.responseTimesOverTime.exclude_controllers' not found, using default value 'false' instead.
2021-05-31 16:40:27,457 INFO o.a.j.r.c.ReportGeneratorConfiguration: Property 'jmeter.reportgenerator.graph.connectTimeOverTime.exclude_controllers' not found, using default value 'false' instead.
2021-05-31 16:40:27,457 INFO o.a.j.r.c.ReportGeneratorConfiguration: Property 'jmeter.reportgenerator.graph.latenciesOverTime.exclude_controllers' not found, using default value 'false' instead.
2021-05-31 16:40:27,458 INFO o.a.j.r.c.ReportGeneratorConfiguration: Property 'jmeter.reportgenerator.exporter.json.filters_only_sample_series' not found, using default value 'true' instead.
2021-05-31 16:40:27,458 INFO o.a.j.r.c.ReportGeneratorConfiguration: Property 'jmeter.reportgenerator.exporter.json.series_filter' not found, using default value '' instead.
2021-05-31 16:40:27,458 INFO o.a.j.r.c.ReportGeneratorConfiguration: Property 'jmeter.reportgenerator.exporter.json.show_controllers_only' not found, using default value 'false' instead.
2021-05-31 16:40:27,459 INFO o.a.j.r.c.ReportGeneratorConfiguration: Property 'jmeter.reportgenerator.exporter.html.filters_only_sample_series' not found, using default value 'true' instead.
2021-05-31 16:40:27,459 INFO o.a.j.r.c.ReportGeneratorConfiguration: Property 'jmeter.reportgenerator.exporter.html.series_filter' not found, using default value '' instead.
2021-05-31 16:40:27,459 INFO o.a.j.r.c.ReportGeneratorConfiguration: Property 'jmeter.reportgenerator.exporter.html.show_controllers_only' not found, using default value 'false' instead.
2021-05-31 16:40:27,468 INFO o.a.j.e.StandardJMeterEngine: Running the test!
2021-05-31 16:40:27,482 INFO o.a.j.s.SampleEvent: List of sample_variables: []
2021-05-31 16:40:27,482 INFO o.a.j.s.SampleEvent: List of sample_variables: []
2021-05-31 16:40:28,055 INFO o.a.j.JMeter: Running test (1622479228055)
2021-05-31 16:40:28,104 INFO o.a.j.e.StandardJMeterEngine: Starting ThreadGroup: 1 : Thread Group
2021-05-31 16:40:28,105 INFO o.a.j.e.StandardJMeterEngine: Starting 10 threads for group Thread Group.
2021-05-31 16:40:28,105 INFO o.a.j.e.StandardJMeterEngine: Thread will continue on error
2021-05-31 16:40:28,105 INFO o.a.j.t.ThreadGroup: Starting thread group... number=1 threads=10 ramp-up=120 delayedStart=false
2021-05-31 16:40:28,130 INFO o.a.j.t.JMeterThread: Thread started: Thread Group 1-1
2021-05-31 16:40:28,156 INFO o.a.j.t.ThreadGroup: Started thread group number 1
2021-05-31 16:40:28,157 INFO o.a.j.e.StandardJMeterEngine: All thread groups have been started
2021-05-31 16:40:34,398 INFO o.a.j.p.h.s.HTTPHCAbstractImpl: Local host = 99a6a8e776ec
2021-05-31 16:40:34,404 INFO o.a.j.p.h.s.HTTPHC4Impl: HTTP request retry count = 0
2021-05-31 16:40:34,406 INFO o.a.j.s.SampleResult: Note: Sample TimeStamps are END times
2021-05-31 16:40:34,406 INFO o.a.j.s.SampleResult: sampleresult.default.encoding is set to ISO-8859-1
2021-05-31 16:40:34,406 INFO o.a.j.s.SampleResult: sampleresult.useNanoTime=true
2021-05-31 16:40:34,406 INFO o.a.j.s.SampleResult: sampleresult.nanoThreadSleep=5000
2021-05-31 16:40:34,538 INFO o.a.j.p.h.s.h.LazyLayeredConnectionSocketFactory: Setting up HTTPS TrustAll Socket Factory
2021-05-31 16:40:34,544 INFO o.a.j.u.JsseSSLManager: Using default SSL protocol: TLS
2021-05-31 16:40:34,544 INFO o.a.j.u.JsseSSLManager: SSL session context: per-thread
2021-05-31 16:40:34,662 INFO o.a.j.u.SSLManager: JmeterKeyStore Location:  type JKS
2021-05-31 16:40:34,665 INFO o.a.j.u.SSLManager: KeyStore created OK
2021-05-31 16:40:34,665 WARN o.a.j.u.SSLManager: Keystore file not found, loading empty keystore
2021-05-31 16:40:40,123 INFO o.a.j.t.JMeterThread: Thread started: Thread Group 1-2
2021-05-31 16:40:52,124 INFO o.a.j.t.JMeterThread: Thread started: Thread Group 1-3
2021-05-31 16:41:04,127 INFO o.a.j.t.JMeterThread: Thread started: Thread Group 1-4
2021-05-31 16:41:16,109 INFO o.a.j.t.JMeterThread: Thread started: Thread Group 1-5
2021-05-31 16:41:28,112 INFO o.a.j.t.JMeterThread: Thread started: Thread Group 1-6
2021-05-31 16:41:40,114 INFO o.a.j.t.JMeterThread: Thread started: Thread Group 1-7
2021-05-31 16:41:52,113 INFO o.a.j.t.JMeterThread: Thread started: Thread Group 1-8
2021-05-31 16:42:04,109 INFO o.a.j.t.JMeterThread: Thread started: Thread Group 1-9
2021-05-31 16:42:16,110 INFO o.a.j.t.JMeterThread: Thread started: Thread Group 1-10
2021-05-31 16:54:21,857 INFO o.a.j.t.JMeterThread: Thread finished: Thread Group 1-1
2021-05-31 16:54:22,087 INFO o.a.j.t.JMeterThread: Thread finished: Thread Group 1-6
2021-05-31 16:54:22,503 INFO o.a.j.t.JMeterThread: Thread finished: Thread Group 1-2
2021-05-31 16:54:22,758 INFO o.a.j.t.JMeterThread: Thread finished: Thread Group 1-3
2021-05-31 16:54:23,374 INFO o.a.j.t.JMeterThread: Thread finished: Thread Group 1-4
2021-05-31 16:54:24,131 INFO o.a.j.t.JMeterThread: Thread finished: Thread Group 1-7
2021-05-31 16:54:25,066 INFO o.a.j.t.JMeterThread: Thread finished: Thread Group 1-9
2021-05-31 16:54:27,209 INFO o.a.j.t.JMeterThread: Thread finished: Thread Group 1-8
2021-05-31 16:54:27,351 INFO o.a.j.t.JMeterThread: Thread finished: Thread Group 1-5
2021-05-31 16:54:28,185 INFO o.a.j.t.JMeterThread: Stopping because end time detected by thread: Thread Group 1-10
2021-05-31 16:54:28,186 INFO o.a.j.t.JMeterThread: Thread finished: Thread Group 1-10
2021-05-31 16:54:28,187 INFO o.a.j.e.StandardJMeterEngine: Notifying test listeners of end of test
2021-05-31 16:54:28,187 INFO o.a.j.JMeter: Generating Dashboard
2021-05-31 16:54:28,187 INFO o.a.j.r.d.ReportGenerator: Flushing result collector before report Generation
2021-05-31 16:54:28,197 INFO o.a.j.r.p.NormalizerSampleConsumer: Using format, 'ms', to parse timeStamp field
2021-05-31 16:54:28,205 ERROR o.a.j.r.d.ReportGenerator: Cannot assign "${jmeter.reportgenerator.apdex_satisfied_threshold}" to property "set_satisfied_threshold" (mapped as "setSatisfiedThreshold"), skip it
org.apache.jmeter.report.core.ConvertException: Unable to convert "${jmeter.reportgenerator.apdex_satisfied_threshold}" to "java.lang.Long"
	at org.apache.jmeter.report.core.Converters.lambda$static$4(Converters.java:80) ~[ApacheJMeter_core.jar:5.2.1]
	at org.apache.jmeter.report.dashboard.ReportGenerator.setProperty(ReportGenerator.java:537) [ApacheJMeter_core.jar:5.2.1]
	at org.apache.jmeter.report.dashboard.ReportGenerator.addGraphConsumer(ReportGenerator.java:349) [ApacheJMeter_core.jar:5.2.1]
	at org.apache.jmeter.report.dashboard.ReportGenerator.generate(ReportGenerator.java:236) [ApacheJMeter_core.jar:5.2.1]
	at org.apache.jmeter.JMeter$ListenToTest.endTest(JMeter.java:1330) [ApacheJMeter_core.jar:5.2.1]
	at org.apache.jmeter.JMeter$ListenToTest.testEnded(JMeter.java:1286) [ApacheJMeter_core.jar:5.2.1]
	at org.apache.jmeter.engine.StandardJMeterEngine.notifyTestListenersOfEnd(StandardJMeterEngine.java:218) [ApacheJMeter_core.jar:5.2.1]
	at org.apache.jmeter.engine.StandardJMeterEngine.run(StandardJMeterEngine.java:492) [ApacheJMeter_core.jar:5.2.1]
	at java.lang.Thread.run(Thread.java:834) [?:?]
Caused by: java.lang.NumberFormatException: For input string: "${jmeter.reportgenerator.apdex_satisfied_threshold}"
	at java.lang.NumberFormatException.forInputString(NumberFormatException.java:65) ~[?:?]
	at java.lang.Long.parseLong(Long.java:678) ~[?:?]
	at java.lang.Long.valueOf(Long.java:1144) ~[?:?]
	at org.apache.jmeter.report.core.Converters.lambda$static$4(Converters.java:78) ~[ApacheJMeter_core.jar:5.2.1]
	... 8 more
2021-05-31 16:54:28,212 ERROR o.a.j.JMeter: Error generating the report: Cannot assign "${jmeter.reportgenerator.apdex_satisfied_threshold}" to property "set_satisfied_threshold" (mapped as "setSatisfiedThreshold"), skip it
org.apache.jmeter.report.dashboard.GenerationException: Cannot assign "${jmeter.reportgenerator.apdex_satisfied_threshold}" to property "set_satisfied_threshold" (mapped as "setSatisfiedThreshold"), skip it
	at org.apache.jmeter.report.dashboard.ReportGenerator.setProperty(ReportGenerator.java:550) ~[ApacheJMeter_core.jar:5.2.1]
	at org.apache.jmeter.report.dashboard.ReportGenerator.addGraphConsumer(ReportGenerator.java:349) ~[ApacheJMeter_core.jar:5.2.1]
	at org.apache.jmeter.report.dashboard.ReportGenerator.generate(ReportGenerator.java:236) ~[ApacheJMeter_core.jar:5.2.1]
	at org.apache.jmeter.JMeter$ListenToTest.endTest(JMeter.java:1330) [ApacheJMeter_core.jar:5.2.1]
	at org.apache.jmeter.JMeter$ListenToTest.testEnded(JMeter.java:1286) [ApacheJMeter_core.jar:5.2.1]
	at org.apache.jmeter.engine.StandardJMeterEngine.notifyTestListenersOfEnd(StandardJMeterEngine.java:218) [ApacheJMeter_core.jar:5.2.1]
	at org.apache.jmeter.engine.StandardJMeterEngine.run(StandardJMeterEngine.java:492) [ApacheJMeter_core.jar:5.2.1]
	at java.lang.Thread.run(Thread.java:834) [?:?]
Caused by: org.apache.jmeter.report.core.ConvertException: Unable to convert "${jmeter.reportgenerator.apdex_satisfied_threshold}" to "java.lang.Long"
	at org.apache.jmeter.report.core.Converters.lambda$static$4(Converters.java:80) ~[ApacheJMeter_core.jar:5.2.1]
	at org.apache.jmeter.report.dashboard.ReportGenerator.setProperty(ReportGenerator.java:537) ~[ApacheJMeter_core.jar:5.2.1]
	... 7 more
Caused by: java.lang.NumberFormatException: For input string: "${jmeter.reportgenerator.apdex_satisfied_threshold}"
	at java.lang.NumberFormatException.forInputString(NumberFormatException.java:65) ~[?:?]
	at java.lang.Long.parseLong(Long.java:678) ~[?:?]
	at java.lang.Long.valueOf(Long.java:1144) ~[?:?]
	at org.apache.jmeter.report.core.Converters.lambda$static$4(Converters.java:78) ~[ApacheJMeter_core.jar:5.2.1]
	at org.apache.jmeter.report.dashboard.ReportGenerator.setProperty(ReportGenerator.java:537) ~[ApacheJMeter_core.jar:5.2.1]
	... 7 more
