2021-05-31 13:42:11,729 INFO o.a.j.u.JMeterUtils: Setting Locale to en_EN
2021-05-31 13:42:11,788 INFO o.a.j.JMeter: Setting JMeter property: HOST=h2jr3iy8ga.execute-api.eu-central-1.amazonaws.com
2021-05-31 13:42:11,789 INFO o.a.j.JMeter: Setting JMeter property: PATH=/production/todos
2021-05-31 13:42:11,789 INFO o.a.j.JMeter: Setting JMeter property: PORT=443
2021-05-31 13:42:11,790 INFO o.a.j.JMeter: Copyright (c) 1998-2019 The Apache Software Foundation
2021-05-31 13:42:11,790 INFO o.a.j.JMeter: Version 5.2.1
2021-05-31 13:42:11,790 INFO o.a.j.JMeter: java.version=11.0.9
2021-05-31 13:42:11,790 INFO o.a.j.JMeter: java.vm.name=OpenJDK 64-Bit Server VM
2021-05-31 13:42:11,791 INFO o.a.j.JMeter: os.name=Linux
2021-05-31 13:42:11,791 INFO o.a.j.JMeter: os.arch=amd64
2021-05-31 13:42:11,791 INFO o.a.j.JMeter: os.version=5.3.0-1023-aws
2021-05-31 13:42:11,791 INFO o.a.j.JMeter: file.encoding=UTF-8
2021-05-31 13:42:11,791 INFO o.a.j.JMeter: java.awt.headless=true
2021-05-31 13:42:11,791 INFO o.a.j.JMeter: Max memory     =1073741824
2021-05-31 13:42:11,791 INFO o.a.j.JMeter: Available Processors =2
2021-05-31 13:42:11,802 INFO o.a.j.JMeter: Default Locale=English (EN)
2021-05-31 13:42:11,802 INFO o.a.j.JMeter: JMeter  Locale=English (EN)
2021-05-31 13:42:11,802 INFO o.a.j.JMeter: JMeterHome=/opt/radon-ctt-agent/plugins/jmeter/apache-jmeter-5.2.1
2021-05-31 13:42:11,802 INFO o.a.j.JMeter: user.dir  =/opt/radon-ctt-agent
2021-05-31 13:42:11,803 INFO o.a.j.JMeter: PWD       =/opt/radon-ctt-agent
2021-05-31 13:42:11,803 INFO o.a.j.JMeter: IP: 172.17.0.2 Name: 5135ea6b03a8 FullName: 5135ea6b03a8
2021-05-31 13:42:11,806 INFO o.a.j.JMeter: Setting property 'jmeter.reportgenerator.outputdir' to:'/opt/radon-ctt-agent/jmeter/82c562b2-0fdf-450f-a422-0ca69d694a62/558e3dcf-38e2-4dd6-8e5d-c682d2024f6f/dashboard'
2021-05-31 13:42:11,809 INFO o.a.j.s.FileServer: Default base='/opt/radon-ctt-agent'
2021-05-31 13:42:11,811 INFO o.a.j.s.FileServer: Set new base='/opt/radon-ctt-agent/jmeter/82c562b2-0fdf-450f-a422-0ca69d694a62/config/resources'
2021-05-31 13:42:12,084 INFO o.a.j.s.SaveService: Testplan (JMX) version: 2.2. Testlog (JTL) version: 2.2
2021-05-31 13:42:12,096 INFO o.a.j.s.SaveService: Using SaveService properties version 5.0
2021-05-31 13:42:12,101 INFO o.a.j.s.SaveService: Using SaveService properties file encoding UTF-8
2021-05-31 13:42:12,105 INFO o.a.j.s.SaveService: Loading file: /opt/radon-ctt-agent/jmeter/82c562b2-0fdf-450f-a422-0ca69d694a62/config/resources/loadtest.jmx
2021-05-31 13:42:12,498 INFO o.a.j.r.d.ReportGenerator: ReportGenerator will use for Parsing the separator: ','
2021-05-31 13:42:12,499 INFO o.a.j.r.d.ReportGenerator: Will generate report at end of test from  results file: /opt/radon-ctt-agent/jmeter/82c562b2-0fdf-450f-a422-0ca69d694a62/558e3dcf-38e2-4dd6-8e5d-c682d2024f6f/sample_results.jtl
2021-05-31 13:42:12,499 INFO o.a.j.r.d.ReportGenerator: Reading report generator properties from: /opt/radon-ctt-agent/plugins/jmeter/apache-jmeter-5.2.1/bin/reportgenerator.properties
2021-05-31 13:42:12,500 INFO o.a.j.r.d.ReportGenerator: Merging with JMeter properties
2021-05-31 13:42:12,506 INFO o.a.j.r.c.ReportGeneratorConfiguration: Property 'jmeter.reportgenerator.temp_dir' not found, using default value 'temp' instead.
2021-05-31 13:42:12,506 INFO o.a.j.r.c.ReportGeneratorConfiguration: Property 'jmeter.reportgenerator.apdex_satisfied_threshold' not found, using default value '500' instead.
2021-05-31 13:42:12,506 INFO o.a.j.r.c.ReportGeneratorConfiguration: Property 'jmeter.reportgenerator.apdex_tolerated_threshold' not found, using default value '1500' instead.
2021-05-31 13:42:12,506 INFO o.a.j.r.c.ReportGeneratorConfiguration: Property 'jmeter.reportgenerator.apdex_per_transaction' not found, using default value 'null' instead.
2021-05-31 13:42:12,506 INFO o.a.j.r.c.ReportGeneratorConfiguration: apdex_per_transaction is empty, not APDEX per transaction customization
2021-05-31 13:42:12,509 INFO o.a.j.r.c.ReportGeneratorConfiguration: Property 'jmeter.reportgenerator.sample_filter' not found, using default value 'null' instead.
2021-05-31 13:42:12,510 INFO o.a.j.r.c.ReportGeneratorConfiguration: Property 'jmeter.reportgenerator.report_title' not found, using default value 'null' instead.
2021-05-31 13:42:12,510 INFO o.a.j.r.c.ReportGeneratorConfiguration: Property 'jmeter.reportgenerator.start_date' not found, using default value 'null' instead.
2021-05-31 13:42:12,510 INFO o.a.j.r.c.ReportGeneratorConfiguration: Property 'jmeter.reportgenerator.end_date' not found, using default value 'null' instead.
2021-05-31 13:42:12,510 INFO o.a.j.r.c.ReportGeneratorConfiguration: Property 'jmeter.reportgenerator.date_format' not found, using default value 'null' instead.
2021-05-31 13:42:12,511 INFO o.a.j.r.c.ReportGeneratorConfiguration: Will use date range start date: null, end date: null
2021-05-31 13:42:12,515 INFO o.a.j.r.c.ReportGeneratorConfiguration: Property 'jmeter.reportgenerator.graph.totalTPS.exclude_controllers' not found, using default value 'false' instead.
2021-05-31 13:42:12,515 INFO o.a.j.r.c.ReportGeneratorConfiguration: Property 'jmeter.reportgenerator.graph.activeThreadsOverTime.exclude_controllers' not found, using default value 'false' instead.
2021-05-31 13:42:12,515 INFO o.a.j.r.c.ReportGeneratorConfiguration: Property 'jmeter.reportgenerator.graph.timeVsThreads.exclude_controllers' not found, using default value 'false' instead.
2021-05-31 13:42:12,516 INFO o.a.j.r.c.ReportGeneratorConfiguration: Property 'jmeter.reportgenerator.graph.responseTimeDistribution.exclude_controllers' not found, using default value 'false' instead.
2021-05-31 13:42:12,516 INFO o.a.j.r.c.ReportGeneratorConfiguration: Property 'jmeter.reportgenerator.graph.transactionsPerSecond.exclude_controllers' not found, using default value 'false' instead.
2021-05-31 13:42:12,516 INFO o.a.j.r.c.ReportGeneratorConfiguration: Property 'jmeter.reportgenerator.graph.responseTimePercentiles.exclude_controllers' not found, using default value 'false' instead.
2021-05-31 13:42:12,516 INFO o.a.j.r.c.ReportGeneratorConfiguration: Property 'jmeter.reportgenerator.graph.responseTimePercentilesOverTime.exclude_controllers' not found, using default value 'false' instead.
2021-05-31 13:42:12,516 INFO o.a.j.r.c.ReportGeneratorConfiguration: Property 'jmeter.reportgenerator.graph.responseTimesOverTime.exclude_controllers' not found, using default value 'false' instead.
2021-05-31 13:42:12,517 INFO o.a.j.r.c.ReportGeneratorConfiguration: Property 'jmeter.reportgenerator.graph.connectTimeOverTime.exclude_controllers' not found, using default value 'false' instead.
2021-05-31 13:42:12,517 INFO o.a.j.r.c.ReportGeneratorConfiguration: Property 'jmeter.reportgenerator.graph.latenciesOverTime.exclude_controllers' not found, using default value 'false' instead.
2021-05-31 13:42:12,518 INFO o.a.j.r.c.ReportGeneratorConfiguration: Property 'jmeter.reportgenerator.exporter.json.filters_only_sample_series' not found, using default value 'true' instead.
2021-05-31 13:42:12,518 INFO o.a.j.r.c.ReportGeneratorConfiguration: Property 'jmeter.reportgenerator.exporter.json.series_filter' not found, using default value '' instead.
2021-05-31 13:42:12,518 INFO o.a.j.r.c.ReportGeneratorConfiguration: Property 'jmeter.reportgenerator.exporter.json.show_controllers_only' not found, using default value 'false' instead.
2021-05-31 13:42:12,518 INFO o.a.j.r.c.ReportGeneratorConfiguration: Property 'jmeter.reportgenerator.exporter.html.filters_only_sample_series' not found, using default value 'true' instead.
2021-05-31 13:42:12,519 INFO o.a.j.r.c.ReportGeneratorConfiguration: Property 'jmeter.reportgenerator.exporter.html.series_filter' not found, using default value '' instead.
2021-05-31 13:42:12,519 INFO o.a.j.r.c.ReportGeneratorConfiguration: Property 'jmeter.reportgenerator.exporter.html.show_controllers_only' not found, using default value 'false' instead.
2021-05-31 13:42:12,528 INFO o.a.j.e.StandardJMeterEngine: Running the test!
2021-05-31 13:42:12,542 INFO o.a.j.s.SampleEvent: List of sample_variables: []
2021-05-31 13:42:12,542 INFO o.a.j.s.SampleEvent: List of sample_variables: []
2021-05-31 13:42:13,149 INFO o.a.j.JMeter: Running test (1622468533149)
2021-05-31 13:42:13,201 INFO o.a.j.e.StandardJMeterEngine: Starting ThreadGroup: 1 : Thread Group
2021-05-31 13:42:13,202 INFO o.a.j.e.StandardJMeterEngine: Starting 40 threads for group Thread Group.
2021-05-31 13:42:13,202 INFO o.a.j.e.StandardJMeterEngine: Thread will continue on error
2021-05-31 13:42:13,202 INFO o.a.j.t.ThreadGroup: Starting thread group... number=1 threads=40 ramp-up=120 delayedStart=false
2021-05-31 13:42:13,257 INFO o.a.j.t.JMeterThread: Thread started: Thread Group 1-1
2021-05-31 13:42:13,267 INFO o.a.j.t.ThreadGroup: Started thread group number 1
2021-05-31 13:42:13,267 INFO o.a.j.e.StandardJMeterEngine: All thread groups have been started
2021-05-31 13:42:16,252 INFO o.a.j.t.JMeterThread: Thread started: Thread Group 1-2
2021-05-31 13:42:19,258 INFO o.a.j.t.JMeterThread: Thread started: Thread Group 1-3
2021-05-31 13:42:19,485 INFO o.a.j.p.h.s.HTTPHCAbstractImpl: Local host = 5135ea6b03a8
2021-05-31 13:42:19,492 INFO o.a.j.p.h.s.HTTPHC4Impl: HTTP request retry count = 0
2021-05-31 13:42:19,493 INFO o.a.j.s.SampleResult: Note: Sample TimeStamps are END times
2021-05-31 13:42:19,493 INFO o.a.j.s.SampleResult: sampleresult.default.encoding is set to ISO-8859-1
2021-05-31 13:42:19,493 INFO o.a.j.s.SampleResult: sampleresult.useNanoTime=true
2021-05-31 13:42:19,493 INFO o.a.j.s.SampleResult: sampleresult.nanoThreadSleep=5000
2021-05-31 13:42:19,612 INFO o.a.j.p.h.s.h.LazyLayeredConnectionSocketFactory: Setting up HTTPS TrustAll Socket Factory
2021-05-31 13:42:19,618 INFO o.a.j.u.JsseSSLManager: Using default SSL protocol: TLS
2021-05-31 13:42:19,618 INFO o.a.j.u.JsseSSLManager: SSL session context: per-thread
2021-05-31 13:42:19,724 INFO o.a.j.u.SSLManager: JmeterKeyStore Location:  type JKS
2021-05-31 13:42:19,727 INFO o.a.j.u.SSLManager: KeyStore created OK
2021-05-31 13:42:19,728 WARN o.a.j.u.SSLManager: Keystore file not found, loading empty keystore
2021-05-31 13:42:22,254 INFO o.a.j.t.JMeterThread: Thread started: Thread Group 1-4
2021-05-31 13:42:25,248 INFO o.a.j.t.JMeterThread: Thread started: Thread Group 1-5
2021-05-31 13:42:28,249 INFO o.a.j.t.JMeterThread: Thread started: Thread Group 1-6
2021-05-31 13:42:31,248 INFO o.a.j.t.JMeterThread: Thread started: Thread Group 1-7
2021-05-31 13:42:34,247 INFO o.a.j.t.JMeterThread: Thread started: Thread Group 1-8
2021-05-31 13:42:37,247 INFO o.a.j.t.JMeterThread: Thread started: Thread Group 1-9
2021-05-31 13:42:40,246 INFO o.a.j.t.JMeterThread: Thread started: Thread Group 1-10
2021-05-31 13:42:43,247 INFO o.a.j.t.JMeterThread: Thread started: Thread Group 1-11
2021-05-31 13:42:46,245 INFO o.a.j.t.JMeterThread: Thread started: Thread Group 1-12
2021-05-31 13:42:49,235 INFO o.a.j.t.JMeterThread: Thread started: Thread Group 1-13
2021-05-31 13:42:52,235 INFO o.a.j.t.JMeterThread: Thread started: Thread Group 1-14
2021-05-31 13:42:55,235 INFO o.a.j.t.JMeterThread: Thread started: Thread Group 1-15
2021-05-31 13:42:58,234 INFO o.a.j.t.JMeterThread: Thread started: Thread Group 1-16
2021-05-31 13:43:01,234 INFO o.a.j.t.JMeterThread: Thread started: Thread Group 1-17
2021-05-31 13:43:04,234 INFO o.a.j.t.JMeterThread: Thread started: Thread Group 1-18
2021-05-31 13:43:07,232 INFO o.a.j.t.JMeterThread: Thread started: Thread Group 1-19
2021-05-31 13:43:10,231 INFO o.a.j.t.JMeterThread: Thread started: Thread Group 1-20
2021-05-31 13:43:13,229 INFO o.a.j.t.JMeterThread: Thread started: Thread Group 1-21
2021-05-31 13:43:16,228 INFO o.a.j.t.JMeterThread: Thread started: Thread Group 1-22
2021-05-31 13:43:19,227 INFO o.a.j.t.JMeterThread: Thread started: Thread Group 1-23
2021-05-31 13:43:22,225 INFO o.a.j.t.JMeterThread: Thread started: Thread Group 1-24
2021-05-31 13:43:25,225 INFO o.a.j.t.JMeterThread: Thread started: Thread Group 1-25
2021-05-31 13:43:28,221 INFO o.a.j.t.JMeterThread: Thread started: Thread Group 1-26
2021-05-31 13:43:31,219 INFO o.a.j.t.JMeterThread: Thread started: Thread Group 1-27
2021-05-31 13:43:34,216 INFO o.a.j.t.JMeterThread: Thread started: Thread Group 1-28
2021-05-31 13:43:37,213 INFO o.a.j.t.JMeterThread: Thread started: Thread Group 1-29
2021-05-31 13:43:40,213 INFO o.a.j.t.JMeterThread: Thread started: Thread Group 1-30
2021-05-31 13:43:43,211 INFO o.a.j.t.JMeterThread: Thread started: Thread Group 1-31
2021-05-31 13:43:46,221 INFO o.a.j.t.JMeterThread: Thread started: Thread Group 1-32
2021-05-31 13:43:49,221 INFO o.a.j.t.JMeterThread: Thread started: Thread Group 1-33
2021-05-31 13:43:52,212 INFO o.a.j.t.JMeterThread: Thread started: Thread Group 1-34
2021-05-31 13:43:55,204 INFO o.a.j.t.JMeterThread: Thread started: Thread Group 1-35
2021-05-31 13:43:58,208 INFO o.a.j.t.JMeterThread: Thread started: Thread Group 1-36
2021-05-31 13:44:01,208 INFO o.a.j.t.JMeterThread: Thread started: Thread Group 1-37
2021-05-31 13:44:04,204 INFO o.a.j.t.JMeterThread: Thread started: Thread Group 1-38
2021-05-31 13:44:07,205 INFO o.a.j.t.JMeterThread: Thread started: Thread Group 1-39
2021-05-31 13:44:10,204 INFO o.a.j.t.JMeterThread: Thread started: Thread Group 1-40
2021-05-31 13:56:07,256 INFO o.a.j.t.JMeterThread: Thread finished: Thread Group 1-13
2021-05-31 13:56:07,465 INFO o.a.j.t.JMeterThread: Thread finished: Thread Group 1-24
2021-05-31 13:56:07,683 INFO o.a.j.t.JMeterThread: Thread finished: Thread Group 1-1
2021-05-31 13:56:07,892 INFO o.a.j.t.JMeterThread: Thread finished: Thread Group 1-11
2021-05-31 13:56:08,098 INFO o.a.j.t.JMeterThread: Thread finished: Thread Group 1-35
2021-05-31 13:56:08,101 INFO o.a.j.t.JMeterThread: Thread finished: Thread Group 1-12
2021-05-31 13:56:08,299 INFO o.a.j.t.JMeterThread: Thread finished: Thread Group 1-40
2021-05-31 13:56:08,351 INFO o.a.j.t.JMeterThread: Thread finished: Thread Group 1-32
2021-05-31 13:56:08,546 INFO o.a.j.t.JMeterThread: Thread finished: Thread Group 1-34
2021-05-31 13:56:08,567 INFO o.a.j.t.JMeterThread: Thread finished: Thread Group 1-26
2021-05-31 13:56:08,747 INFO o.a.j.t.JMeterThread: Thread finished: Thread Group 1-8
2021-05-31 13:56:08,754 INFO o.a.j.t.JMeterThread: Thread finished: Thread Group 1-28
2021-05-31 13:56:08,819 INFO o.a.j.t.JMeterThread: Thread finished: Thread Group 1-10
2021-05-31 13:56:08,869 INFO o.a.j.t.JMeterThread: Thread finished: Thread Group 1-37
2021-05-31 13:56:08,947 INFO o.a.j.t.JMeterThread: Thread finished: Thread Group 1-4
2021-05-31 13:56:08,962 INFO o.a.j.t.JMeterThread: Thread finished: Thread Group 1-2
2021-05-31 13:56:09,501 INFO o.a.j.t.JMeterThread: Thread finished: Thread Group 1-19
2021-05-31 13:56:09,553 INFO o.a.j.t.JMeterThread: Thread finished: Thread Group 1-22
2021-05-31 13:56:09,814 INFO o.a.j.t.JMeterThread: Thread finished: Thread Group 1-18
2021-05-31 13:56:09,994 INFO o.a.j.t.JMeterThread: Thread finished: Thread Group 1-14
2021-05-31 13:56:10,531 INFO o.a.j.t.JMeterThread: Thread finished: Thread Group 1-36
2021-05-31 13:56:10,771 INFO o.a.j.t.JMeterThread: Thread finished: Thread Group 1-27
2021-05-31 13:56:11,007 INFO o.a.j.t.JMeterThread: Thread finished: Thread Group 1-20
2021-05-31 13:56:11,389 INFO o.a.j.t.JMeterThread: Thread finished: Thread Group 1-29
2021-05-31 13:56:11,409 INFO o.a.j.t.JMeterThread: Thread finished: Thread Group 1-16
2021-05-31 13:56:11,466 INFO o.a.j.t.JMeterThread: Thread finished: Thread Group 1-30
2021-05-31 13:56:11,472 INFO o.a.j.t.JMeterThread: Thread finished: Thread Group 1-5
2021-05-31 13:56:11,653 INFO o.a.j.t.JMeterThread: Thread finished: Thread Group 1-9
2021-05-31 13:56:11,994 INFO o.a.j.t.JMeterThread: Thread finished: Thread Group 1-17
2021-05-31 13:56:12,026 INFO o.a.j.t.JMeterThread: Thread finished: Thread Group 1-7
2021-05-31 13:56:12,106 INFO o.a.j.t.JMeterThread: Thread finished: Thread Group 1-39
2021-05-31 13:56:12,390 INFO o.a.j.t.JMeterThread: Thread finished: Thread Group 1-21
2021-05-31 13:56:12,480 INFO o.a.j.t.JMeterThread: Thread finished: Thread Group 1-31
2021-05-31 13:56:12,907 INFO o.a.j.t.JMeterThread: Thread finished: Thread Group 1-15
2021-05-31 13:56:12,931 INFO o.a.j.t.JMeterThread: Thread finished: Thread Group 1-3
2021-05-31 13:56:13,057 INFO o.a.j.t.JMeterThread: Thread finished: Thread Group 1-25
2021-05-31 13:56:13,290 INFO o.a.j.t.JMeterThread: Stopping because end time detected by thread: Thread Group 1-33
2021-05-31 13:56:13,293 INFO o.a.j.t.JMeterThread: Thread finished: Thread Group 1-33
2021-05-31 13:56:13,293 INFO o.a.j.t.JMeterThread: Stopping because end time detected by thread: Thread Group 1-6
2021-05-31 13:56:13,293 INFO o.a.j.t.JMeterThread: Thread finished: Thread Group 1-6
2021-05-31 13:56:13,390 INFO o.a.j.t.JMeterThread: Stopping because end time detected by thread: Thread Group 1-23
2021-05-31 13:56:13,390 INFO o.a.j.t.JMeterThread: Thread finished: Thread Group 1-23
2021-05-31 13:56:13,448 INFO o.a.j.t.JMeterThread: Stopping because end time detected by thread: Thread Group 1-38
2021-05-31 13:56:13,450 INFO o.a.j.t.JMeterThread: Thread finished: Thread Group 1-38
2021-05-31 13:56:13,451 INFO o.a.j.e.StandardJMeterEngine: Notifying test listeners of end of test
2021-05-31 13:56:13,452 INFO o.a.j.JMeter: Generating Dashboard
2021-05-31 13:56:13,452 INFO o.a.j.r.d.ReportGenerator: Flushing result collector before report Generation
2021-05-31 13:56:13,463 INFO o.a.j.r.p.NormalizerSampleConsumer: Using format, 'ms', to parse timeStamp field
2021-05-31 13:56:13,471 ERROR o.a.j.r.d.ReportGenerator: Cannot assign "${jmeter.reportgenerator.apdex_satisfied_threshold}" to property "set_satisfied_threshold" (mapped as "setSatisfiedThreshold"), skip it
org.apache.jmeter.report.core.ConvertException: Unable to convert "${jmeter.reportgenerator.apdex_satisfied_threshold}" to "java.lang.Long"
	at org.apache.jmeter.report.core.Converters.lambda$static$4(Converters.java:80) ~[ApacheJMeter_core.jar:5.2.1]
	at org.apache.jmeter.report.dashboard.ReportGenerator.setProperty(ReportGenerator.java:537) [ApacheJMeter_core.jar:5.2.1]
	at org.apache.jmeter.report.dashboard.ReportGenerator.addGraphConsumer(ReportGenerator.java:349) [ApacheJMeter_core.jar:5.2.1]
	at org.apache.jmeter.report.dashboard.ReportGenerator.generate(ReportGenerator.java:236) [ApacheJMeter_core.jar:5.2.1]
	at org.apache.jmeter.JMeter$ListenToTest.endTest(JMeter.java:1330) [ApacheJMeter_core.jar:5.2.1]
	at org.apache.jmeter.JMeter$ListenToTest.testEnded(JMeter.java:1286) [ApacheJMeter_core.jar:5.2.1]
	at org.apache.jmeter.engine.StandardJMeterEngine.notifyTestListenersOfEnd(StandardJMeterEngine.java:218) [ApacheJMeter_core.jar:5.2.1]
	at org.apache.jmeter.engine.StandardJMeterEngine.run(StandardJMeterEngine.java:492) [ApacheJMeter_core.jar:5.2.1]
	at java.lang.Thread.run(Thread.java:834) [?:?]
Caused by: java.lang.NumberFormatException: For input string: "${jmeter.reportgenerator.apdex_satisfied_threshold}"
	at java.lang.NumberFormatException.forInputString(NumberFormatException.java:65) ~[?:?]
	at java.lang.Long.parseLong(Long.java:678) ~[?:?]
	at java.lang.Long.valueOf(Long.java:1144) ~[?:?]
	at org.apache.jmeter.report.core.Converters.lambda$static$4(Converters.java:78) ~[ApacheJMeter_core.jar:5.2.1]
	... 8 more
2021-05-31 13:56:13,479 ERROR o.a.j.JMeter: Error generating the report: Cannot assign "${jmeter.reportgenerator.apdex_satisfied_threshold}" to property "set_satisfied_threshold" (mapped as "setSatisfiedThreshold"), skip it
org.apache.jmeter.report.dashboard.GenerationException: Cannot assign "${jmeter.reportgenerator.apdex_satisfied_threshold}" to property "set_satisfied_threshold" (mapped as "setSatisfiedThreshold"), skip it
	at org.apache.jmeter.report.dashboard.ReportGenerator.setProperty(ReportGenerator.java:550) ~[ApacheJMeter_core.jar:5.2.1]
	at org.apache.jmeter.report.dashboard.ReportGenerator.addGraphConsumer(ReportGenerator.java:349) ~[ApacheJMeter_core.jar:5.2.1]
	at org.apache.jmeter.report.dashboard.ReportGenerator.generate(ReportGenerator.java:236) ~[ApacheJMeter_core.jar:5.2.1]
	at org.apache.jmeter.JMeter$ListenToTest.endTest(JMeter.java:1330) [ApacheJMeter_core.jar:5.2.1]
	at org.apache.jmeter.JMeter$ListenToTest.testEnded(JMeter.java:1286) [ApacheJMeter_core.jar:5.2.1]
	at org.apache.jmeter.engine.StandardJMeterEngine.notifyTestListenersOfEnd(StandardJMeterEngine.java:218) [ApacheJMeter_core.jar:5.2.1]
	at org.apache.jmeter.engine.StandardJMeterEngine.run(StandardJMeterEngine.java:492) [ApacheJMeter_core.jar:5.2.1]
	at java.lang.Thread.run(Thread.java:834) [?:?]
Caused by: org.apache.jmeter.report.core.ConvertException: Unable to convert "${jmeter.reportgenerator.apdex_satisfied_threshold}" to "java.lang.Long"
	at org.apache.jmeter.report.core.Converters.lambda$static$4(Converters.java:80) ~[ApacheJMeter_core.jar:5.2.1]
	at org.apache.jmeter.report.dashboard.ReportGenerator.setProperty(ReportGenerator.java:537) ~[ApacheJMeter_core.jar:5.2.1]
	... 7 more
Caused by: java.lang.NumberFormatException: For input string: "${jmeter.reportgenerator.apdex_satisfied_threshold}"
	at java.lang.NumberFormatException.forInputString(NumberFormatException.java:65) ~[?:?]
	at java.lang.Long.parseLong(Long.java:678) ~[?:?]
	at java.lang.Long.valueOf(Long.java:1144) ~[?:?]
	at org.apache.jmeter.report.core.Converters.lambda$static$4(Converters.java:78) ~[ApacheJMeter_core.jar:5.2.1]
	at org.apache.jmeter.report.dashboard.ReportGenerator.setProperty(ReportGenerator.java:537) ~[ApacheJMeter_core.jar:5.2.1]
	... 7 more
