2021-05-31 15:46:43,999 INFO o.a.j.u.JMeterUtils: Setting Locale to en_EN
2021-05-31 15:46:44,046 INFO o.a.j.JMeter: Setting JMeter property: HOST=ioxnftjrh7.execute-api.eu-central-1.amazonaws.com
2021-05-31 15:46:44,047 INFO o.a.j.JMeter: Setting JMeter property: PATH=/production/todos
2021-05-31 15:46:44,047 INFO o.a.j.JMeter: Setting JMeter property: PORT=443
2021-05-31 15:46:44,048 INFO o.a.j.JMeter: Copyright (c) 1998-2019 The Apache Software Foundation
2021-05-31 15:46:44,048 INFO o.a.j.JMeter: Version 5.2.1
2021-05-31 15:46:44,048 INFO o.a.j.JMeter: java.version=11.0.9
2021-05-31 15:46:44,049 INFO o.a.j.JMeter: java.vm.name=OpenJDK 64-Bit Server VM
2021-05-31 15:46:44,049 INFO o.a.j.JMeter: os.name=Linux
2021-05-31 15:46:44,049 INFO o.a.j.JMeter: os.arch=amd64
2021-05-31 15:46:44,049 INFO o.a.j.JMeter: os.version=5.3.0-1023-aws
2021-05-31 15:46:44,049 INFO o.a.j.JMeter: file.encoding=UTF-8
2021-05-31 15:46:44,049 INFO o.a.j.JMeter: java.awt.headless=true
2021-05-31 15:46:44,049 INFO o.a.j.JMeter: Max memory     =1073741824
2021-05-31 15:46:44,049 INFO o.a.j.JMeter: Available Processors =2
2021-05-31 15:46:44,077 INFO o.a.j.JMeter: Default Locale=English (EN)
2021-05-31 15:46:44,077 INFO o.a.j.JMeter: JMeter  Locale=English (EN)
2021-05-31 15:46:44,077 INFO o.a.j.JMeter: JMeterHome=/opt/radon-ctt-agent/plugins/jmeter/apache-jmeter-5.2.1
2021-05-31 15:46:44,077 INFO o.a.j.JMeter: user.dir  =/opt/radon-ctt-agent
2021-05-31 15:46:44,078 INFO o.a.j.JMeter: PWD       =/opt/radon-ctt-agent
2021-05-31 15:46:44,078 INFO o.a.j.JMeter: IP: 172.17.0.2 Name: b0cf7b5c0c56 FullName: b0cf7b5c0c56
2021-05-31 15:46:44,082 INFO o.a.j.JMeter: Setting property 'jmeter.reportgenerator.outputdir' to:'/opt/radon-ctt-agent/jmeter/d77e6e92-15c9-4199-a3b3-968143168cf5/a6488a41-192c-4b76-8acc-e551783b1fe4/dashboard'
2021-05-31 15:46:44,086 INFO o.a.j.s.FileServer: Default base='/opt/radon-ctt-agent'
2021-05-31 15:46:44,088 INFO o.a.j.s.FileServer: Set new base='/opt/radon-ctt-agent/jmeter/d77e6e92-15c9-4199-a3b3-968143168cf5/config/resources'
2021-05-31 15:46:44,357 INFO o.a.j.s.SaveService: Testplan (JMX) version: 2.2. Testlog (JTL) version: 2.2
2021-05-31 15:46:44,371 INFO o.a.j.s.SaveService: Using SaveService properties version 5.0
2021-05-31 15:46:44,376 INFO o.a.j.s.SaveService: Using SaveService properties file encoding UTF-8
2021-05-31 15:46:44,380 INFO o.a.j.s.SaveService: Loading file: /opt/radon-ctt-agent/jmeter/d77e6e92-15c9-4199-a3b3-968143168cf5/config/resources/loadtest.jmx
2021-05-31 15:46:44,792 INFO o.a.j.r.d.ReportGenerator: ReportGenerator will use for Parsing the separator: ','
2021-05-31 15:46:44,793 INFO o.a.j.r.d.ReportGenerator: Will generate report at end of test from  results file: /opt/radon-ctt-agent/jmeter/d77e6e92-15c9-4199-a3b3-968143168cf5/a6488a41-192c-4b76-8acc-e551783b1fe4/sample_results.jtl
2021-05-31 15:46:44,793 INFO o.a.j.r.d.ReportGenerator: Reading report generator properties from: /opt/radon-ctt-agent/plugins/jmeter/apache-jmeter-5.2.1/bin/reportgenerator.properties
2021-05-31 15:46:44,794 INFO o.a.j.r.d.ReportGenerator: Merging with JMeter properties
2021-05-31 15:46:44,799 INFO o.a.j.r.c.ReportGeneratorConfiguration: Property 'jmeter.reportgenerator.temp_dir' not found, using default value 'temp' instead.
2021-05-31 15:46:44,799 INFO o.a.j.r.c.ReportGeneratorConfiguration: Property 'jmeter.reportgenerator.apdex_satisfied_threshold' not found, using default value '500' instead.
2021-05-31 15:46:44,799 INFO o.a.j.r.c.ReportGeneratorConfiguration: Property 'jmeter.reportgenerator.apdex_tolerated_threshold' not found, using default value '1500' instead.
2021-05-31 15:46:44,800 INFO o.a.j.r.c.ReportGeneratorConfiguration: Property 'jmeter.reportgenerator.apdex_per_transaction' not found, using default value 'null' instead.
2021-05-31 15:46:44,800 INFO o.a.j.r.c.ReportGeneratorConfiguration: apdex_per_transaction is empty, not APDEX per transaction customization
2021-05-31 15:46:44,803 INFO o.a.j.r.c.ReportGeneratorConfiguration: Property 'jmeter.reportgenerator.sample_filter' not found, using default value 'null' instead.
2021-05-31 15:46:44,803 INFO o.a.j.r.c.ReportGeneratorConfiguration: Property 'jmeter.reportgenerator.report_title' not found, using default value 'null' instead.
2021-05-31 15:46:44,804 INFO o.a.j.r.c.ReportGeneratorConfiguration: Property 'jmeter.reportgenerator.start_date' not found, using default value 'null' instead.
2021-05-31 15:46:44,804 INFO o.a.j.r.c.ReportGeneratorConfiguration: Property 'jmeter.reportgenerator.end_date' not found, using default value 'null' instead.
2021-05-31 15:46:44,804 INFO o.a.j.r.c.ReportGeneratorConfiguration: Property 'jmeter.reportgenerator.date_format' not found, using default value 'null' instead.
2021-05-31 15:46:44,808 INFO o.a.j.r.c.ReportGeneratorConfiguration: Will use date range start date: null, end date: null
2021-05-31 15:46:44,812 INFO o.a.j.r.c.ReportGeneratorConfiguration: Property 'jmeter.reportgenerator.graph.totalTPS.exclude_controllers' not found, using default value 'false' instead.
2021-05-31 15:46:44,813 INFO o.a.j.r.c.ReportGeneratorConfiguration: Property 'jmeter.reportgenerator.graph.activeThreadsOverTime.exclude_controllers' not found, using default value 'false' instead.
2021-05-31 15:46:44,813 INFO o.a.j.r.c.ReportGeneratorConfiguration: Property 'jmeter.reportgenerator.graph.timeVsThreads.exclude_controllers' not found, using default value 'false' instead.
2021-05-31 15:46:44,813 INFO o.a.j.r.c.ReportGeneratorConfiguration: Property 'jmeter.reportgenerator.graph.responseTimeDistribution.exclude_controllers' not found, using default value 'false' instead.
2021-05-31 15:46:44,813 INFO o.a.j.r.c.ReportGeneratorConfiguration: Property 'jmeter.reportgenerator.graph.transactionsPerSecond.exclude_controllers' not found, using default value 'false' instead.
2021-05-31 15:46:44,814 INFO o.a.j.r.c.ReportGeneratorConfiguration: Property 'jmeter.reportgenerator.graph.responseTimePercentiles.exclude_controllers' not found, using default value 'false' instead.
2021-05-31 15:46:44,814 INFO o.a.j.r.c.ReportGeneratorConfiguration: Property 'jmeter.reportgenerator.graph.responseTimePercentilesOverTime.exclude_controllers' not found, using default value 'false' instead.
2021-05-31 15:46:44,814 INFO o.a.j.r.c.ReportGeneratorConfiguration: Property 'jmeter.reportgenerator.graph.responseTimesOverTime.exclude_controllers' not found, using default value 'false' instead.
2021-05-31 15:46:44,815 INFO o.a.j.r.c.ReportGeneratorConfiguration: Property 'jmeter.reportgenerator.graph.connectTimeOverTime.exclude_controllers' not found, using default value 'false' instead.
2021-05-31 15:46:44,816 INFO o.a.j.r.c.ReportGeneratorConfiguration: Property 'jmeter.reportgenerator.graph.latenciesOverTime.exclude_controllers' not found, using default value 'false' instead.
2021-05-31 15:46:44,817 INFO o.a.j.r.c.ReportGeneratorConfiguration: Property 'jmeter.reportgenerator.exporter.json.filters_only_sample_series' not found, using default value 'true' instead.
2021-05-31 15:46:44,817 INFO o.a.j.r.c.ReportGeneratorConfiguration: Property 'jmeter.reportgenerator.exporter.json.series_filter' not found, using default value '' instead.
2021-05-31 15:46:44,817 INFO o.a.j.r.c.ReportGeneratorConfiguration: Property 'jmeter.reportgenerator.exporter.json.show_controllers_only' not found, using default value 'false' instead.
2021-05-31 15:46:44,817 INFO o.a.j.r.c.ReportGeneratorConfiguration: Property 'jmeter.reportgenerator.exporter.html.filters_only_sample_series' not found, using default value 'true' instead.
2021-05-31 15:46:44,818 INFO o.a.j.r.c.ReportGeneratorConfiguration: Property 'jmeter.reportgenerator.exporter.html.series_filter' not found, using default value '' instead.
2021-05-31 15:46:44,819 INFO o.a.j.r.c.ReportGeneratorConfiguration: Property 'jmeter.reportgenerator.exporter.html.show_controllers_only' not found, using default value 'false' instead.
2021-05-31 15:46:44,831 INFO o.a.j.e.StandardJMeterEngine: Running the test!
2021-05-31 15:46:44,840 INFO o.a.j.s.SampleEvent: List of sample_variables: []
2021-05-31 15:46:44,840 INFO o.a.j.s.SampleEvent: List of sample_variables: []
2021-05-31 15:46:45,387 INFO o.a.j.JMeter: Running test (1622476005387)
2021-05-31 15:46:45,434 INFO o.a.j.e.StandardJMeterEngine: Starting ThreadGroup: 1 : Thread Group
2021-05-31 15:46:45,434 INFO o.a.j.e.StandardJMeterEngine: Starting 100 threads for group Thread Group.
2021-05-31 15:46:45,434 INFO o.a.j.e.StandardJMeterEngine: Thread will continue on error
2021-05-31 15:46:45,434 INFO o.a.j.t.ThreadGroup: Starting thread group... number=1 threads=100 ramp-up=120 delayedStart=false
2021-05-31 15:46:45,473 INFO o.a.j.t.JMeterThread: Thread started: Thread Group 1-1
2021-05-31 15:46:45,602 INFO o.a.j.t.ThreadGroup: Started thread group number 1
2021-05-31 15:46:45,602 INFO o.a.j.e.StandardJMeterEngine: All thread groups have been started
2021-05-31 15:46:46,666 INFO o.a.j.t.JMeterThread: Thread started: Thread Group 1-2
2021-05-31 15:46:47,870 INFO o.a.j.t.JMeterThread: Thread started: Thread Group 1-3
2021-05-31 15:46:49,063 INFO o.a.j.t.JMeterThread: Thread started: Thread Group 1-4
2021-05-31 15:46:50,258 INFO o.a.j.t.JMeterThread: Thread started: Thread Group 1-5
2021-05-31 15:46:51,456 INFO o.a.j.t.JMeterThread: Thread started: Thread Group 1-6
2021-05-31 15:46:51,708 INFO o.a.j.p.h.s.HTTPHCAbstractImpl: Local host = b0cf7b5c0c56
2021-05-31 15:46:51,714 INFO o.a.j.p.h.s.HTTPHC4Impl: HTTP request retry count = 0
2021-05-31 15:46:51,715 INFO o.a.j.s.SampleResult: Note: Sample TimeStamps are END times
2021-05-31 15:46:51,715 INFO o.a.j.s.SampleResult: sampleresult.default.encoding is set to ISO-8859-1
2021-05-31 15:46:51,715 INFO o.a.j.s.SampleResult: sampleresult.useNanoTime=true
2021-05-31 15:46:51,715 INFO o.a.j.s.SampleResult: sampleresult.nanoThreadSleep=5000
2021-05-31 15:46:51,864 INFO o.a.j.p.h.s.h.LazyLayeredConnectionSocketFactory: Setting up HTTPS TrustAll Socket Factory
2021-05-31 15:46:51,873 INFO o.a.j.u.JsseSSLManager: Using default SSL protocol: TLS
2021-05-31 15:46:51,873 INFO o.a.j.u.JsseSSLManager: SSL session context: per-thread
2021-05-31 15:46:51,990 INFO o.a.j.u.SSLManager: JmeterKeyStore Location:  type JKS
2021-05-31 15:46:51,993 INFO o.a.j.u.SSLManager: KeyStore created OK
2021-05-31 15:46:51,994 WARN o.a.j.u.SSLManager: Keystore file not found, loading empty keystore
2021-05-31 15:46:52,656 INFO o.a.j.t.JMeterThread: Thread started: Thread Group 1-7
2021-05-31 15:46:53,856 INFO o.a.j.t.JMeterThread: Thread started: Thread Group 1-8
2021-05-31 15:46:55,054 INFO o.a.j.t.JMeterThread: Thread started: Thread Group 1-9
2021-05-31 15:46:56,253 INFO o.a.j.t.JMeterThread: Thread started: Thread Group 1-10
2021-05-31 15:46:57,448 INFO o.a.j.t.JMeterThread: Thread started: Thread Group 1-11
2021-05-31 15:46:58,637 INFO o.a.j.t.JMeterThread: Thread started: Thread Group 1-12
2021-05-31 15:46:59,838 INFO o.a.j.t.JMeterThread: Thread started: Thread Group 1-13
2021-05-31 15:47:01,039 INFO o.a.j.t.JMeterThread: Thread started: Thread Group 1-14
2021-05-31 15:47:02,243 INFO o.a.j.t.JMeterThread: Thread started: Thread Group 1-15
2021-05-31 15:47:03,443 INFO o.a.j.t.JMeterThread: Thread started: Thread Group 1-16
2021-05-31 15:47:04,638 INFO o.a.j.t.JMeterThread: Thread started: Thread Group 1-17
2021-05-31 15:47:05,840 INFO o.a.j.t.JMeterThread: Thread started: Thread Group 1-18
2021-05-31 15:47:07,040 INFO o.a.j.t.JMeterThread: Thread started: Thread Group 1-19
2021-05-31 15:47:08,240 INFO o.a.j.t.JMeterThread: Thread started: Thread Group 1-20
2021-05-31 15:47:09,438 INFO o.a.j.t.JMeterThread: Thread started: Thread Group 1-21
2021-05-31 15:47:10,638 INFO o.a.j.t.JMeterThread: Thread started: Thread Group 1-22
2021-05-31 15:47:11,838 INFO o.a.j.t.JMeterThread: Thread started: Thread Group 1-23
2021-05-31 15:47:13,038 INFO o.a.j.t.JMeterThread: Thread started: Thread Group 1-24
2021-05-31 15:47:14,237 INFO o.a.j.t.JMeterThread: Thread started: Thread Group 1-25
2021-05-31 15:47:15,437 INFO o.a.j.t.JMeterThread: Thread started: Thread Group 1-26
2021-05-31 15:47:16,636 INFO o.a.j.t.JMeterThread: Thread started: Thread Group 1-27
2021-05-31 15:47:17,837 INFO o.a.j.t.JMeterThread: Thread started: Thread Group 1-28
2021-05-31 15:47:19,037 INFO o.a.j.t.JMeterThread: Thread started: Thread Group 1-29
2021-05-31 15:47:20,238 INFO o.a.j.t.JMeterThread: Thread started: Thread Group 1-30
2021-05-31 15:47:21,437 INFO o.a.j.t.JMeterThread: Thread started: Thread Group 1-31
2021-05-31 15:47:22,638 INFO o.a.j.t.JMeterThread: Thread started: Thread Group 1-32
2021-05-31 15:47:23,840 INFO o.a.j.t.JMeterThread: Thread started: Thread Group 1-33
2021-05-31 15:47:25,039 INFO o.a.j.t.JMeterThread: Thread started: Thread Group 1-34
2021-05-31 15:47:26,238 INFO o.a.j.t.JMeterThread: Thread started: Thread Group 1-35
2021-05-31 15:47:27,440 INFO o.a.j.t.JMeterThread: Thread started: Thread Group 1-36
2021-05-31 15:47:28,639 INFO o.a.j.t.JMeterThread: Thread started: Thread Group 1-37
2021-05-31 15:47:29,838 INFO o.a.j.t.JMeterThread: Thread started: Thread Group 1-38
2021-05-31 15:47:31,040 INFO o.a.j.t.JMeterThread: Thread started: Thread Group 1-39
2021-05-31 15:47:32,237 INFO o.a.j.t.JMeterThread: Thread started: Thread Group 1-40
2021-05-31 15:47:33,438 INFO o.a.j.t.JMeterThread: Thread started: Thread Group 1-41
2021-05-31 15:47:34,638 INFO o.a.j.t.JMeterThread: Thread started: Thread Group 1-42
2021-05-31 15:47:35,840 INFO o.a.j.t.JMeterThread: Thread started: Thread Group 1-43
2021-05-31 15:47:37,040 INFO o.a.j.t.JMeterThread: Thread started: Thread Group 1-44
2021-05-31 15:47:38,237 INFO o.a.j.t.JMeterThread: Thread started: Thread Group 1-45
2021-05-31 15:47:39,437 INFO o.a.j.t.JMeterThread: Thread started: Thread Group 1-46
2021-05-31 15:47:40,638 INFO o.a.j.t.JMeterThread: Thread started: Thread Group 1-47
2021-05-31 15:47:41,839 INFO o.a.j.t.JMeterThread: Thread started: Thread Group 1-48
2021-05-31 15:47:43,037 INFO o.a.j.t.JMeterThread: Thread started: Thread Group 1-49
2021-05-31 15:47:44,236 INFO o.a.j.t.JMeterThread: Thread started: Thread Group 1-50
2021-05-31 15:47:45,436 INFO o.a.j.t.JMeterThread: Thread started: Thread Group 1-51
2021-05-31 15:47:46,638 INFO o.a.j.t.JMeterThread: Thread started: Thread Group 1-52
2021-05-31 15:47:47,836 INFO o.a.j.t.JMeterThread: Thread started: Thread Group 1-53
2021-05-31 15:47:49,038 INFO o.a.j.t.JMeterThread: Thread started: Thread Group 1-54
2021-05-31 15:47:50,238 INFO o.a.j.t.JMeterThread: Thread started: Thread Group 1-55
2021-05-31 15:47:51,437 INFO o.a.j.t.JMeterThread: Thread started: Thread Group 1-56
2021-05-31 15:47:52,636 INFO o.a.j.t.JMeterThread: Thread started: Thread Group 1-57
2021-05-31 15:47:53,837 INFO o.a.j.t.JMeterThread: Thread started: Thread Group 1-58
2021-05-31 15:47:55,036 INFO o.a.j.t.JMeterThread: Thread started: Thread Group 1-59
2021-05-31 15:47:56,236 INFO o.a.j.t.JMeterThread: Thread started: Thread Group 1-60
2021-05-31 15:47:57,438 INFO o.a.j.t.JMeterThread: Thread started: Thread Group 1-61
2021-05-31 15:47:58,638 INFO o.a.j.t.JMeterThread: Thread started: Thread Group 1-62
2021-05-31 15:47:59,837 INFO o.a.j.t.JMeterThread: Thread started: Thread Group 1-63
2021-05-31 15:48:01,037 INFO o.a.j.t.JMeterThread: Thread started: Thread Group 1-64
2021-05-31 15:48:02,236 INFO o.a.j.t.JMeterThread: Thread started: Thread Group 1-65
2021-05-31 15:48:03,437 INFO o.a.j.t.JMeterThread: Thread started: Thread Group 1-66
2021-05-31 15:48:04,638 INFO o.a.j.t.JMeterThread: Thread started: Thread Group 1-67
2021-05-31 15:48:05,838 INFO o.a.j.t.JMeterThread: Thread started: Thread Group 1-68
2021-05-31 15:48:07,039 INFO o.a.j.t.JMeterThread: Thread started: Thread Group 1-69
2021-05-31 15:48:08,238 INFO o.a.j.t.JMeterThread: Thread started: Thread Group 1-70
2021-05-31 15:48:09,437 INFO o.a.j.t.JMeterThread: Thread started: Thread Group 1-71
2021-05-31 15:48:10,636 INFO o.a.j.t.JMeterThread: Thread started: Thread Group 1-72
2021-05-31 15:48:11,838 INFO o.a.j.t.JMeterThread: Thread started: Thread Group 1-73
2021-05-31 15:48:13,036 INFO o.a.j.t.JMeterThread: Thread started: Thread Group 1-74
2021-05-31 15:48:14,237 INFO o.a.j.t.JMeterThread: Thread started: Thread Group 1-75
2021-05-31 15:48:15,436 INFO o.a.j.t.JMeterThread: Thread started: Thread Group 1-76
2021-05-31 15:48:16,637 INFO o.a.j.t.JMeterThread: Thread started: Thread Group 1-77
2021-05-31 15:48:17,839 INFO o.a.j.t.JMeterThread: Thread started: Thread Group 1-78
2021-05-31 15:48:19,036 INFO o.a.j.t.JMeterThread: Thread started: Thread Group 1-79
2021-05-31 15:48:20,236 INFO o.a.j.t.JMeterThread: Thread started: Thread Group 1-80
2021-05-31 15:48:21,436 INFO o.a.j.t.JMeterThread: Thread started: Thread Group 1-81
2021-05-31 15:48:22,637 INFO o.a.j.t.JMeterThread: Thread started: Thread Group 1-82
2021-05-31 15:48:23,836 INFO o.a.j.t.JMeterThread: Thread started: Thread Group 1-83
2021-05-31 15:48:25,038 INFO o.a.j.t.JMeterThread: Thread started: Thread Group 1-84
2021-05-31 15:48:26,236 INFO o.a.j.t.JMeterThread: Thread started: Thread Group 1-85
2021-05-31 15:48:27,436 INFO o.a.j.t.JMeterThread: Thread started: Thread Group 1-86
2021-05-31 15:48:28,637 INFO o.a.j.t.JMeterThread: Thread started: Thread Group 1-87
2021-05-31 15:48:29,837 INFO o.a.j.t.JMeterThread: Thread started: Thread Group 1-88
2021-05-31 15:48:31,037 INFO o.a.j.t.JMeterThread: Thread started: Thread Group 1-89
2021-05-31 15:48:32,237 INFO o.a.j.t.JMeterThread: Thread started: Thread Group 1-90
2021-05-31 15:48:33,439 INFO o.a.j.t.JMeterThread: Thread started: Thread Group 1-91
2021-05-31 15:48:34,639 INFO o.a.j.t.JMeterThread: Thread started: Thread Group 1-92
2021-05-31 15:48:35,844 INFO o.a.j.t.JMeterThread: Thread started: Thread Group 1-93
2021-05-31 15:48:37,044 INFO o.a.j.t.JMeterThread: Thread started: Thread Group 1-94
2021-05-31 15:48:38,243 INFO o.a.j.t.JMeterThread: Thread started: Thread Group 1-95
2021-05-31 15:48:39,436 INFO o.a.j.t.JMeterThread: Thread started: Thread Group 1-96
2021-05-31 15:48:40,637 INFO o.a.j.t.JMeterThread: Thread started: Thread Group 1-97
2021-05-31 15:48:41,836 INFO o.a.j.t.JMeterThread: Thread started: Thread Group 1-98
2021-05-31 15:48:43,035 INFO o.a.j.t.JMeterThread: Thread started: Thread Group 1-99
2021-05-31 15:48:44,237 INFO o.a.j.t.JMeterThread: Thread started: Thread Group 1-100
2021-05-31 16:00:39,309 INFO o.a.j.t.JMeterThread: Thread finished: Thread Group 1-27
2021-05-31 16:00:39,681 INFO o.a.j.t.JMeterThread: Thread finished: Thread Group 1-57
2021-05-31 16:00:39,766 INFO o.a.j.t.JMeterThread: Thread finished: Thread Group 1-12
2021-05-31 16:00:39,792 INFO o.a.j.t.JMeterThread: Thread finished: Thread Group 1-13
2021-05-31 16:00:39,795 INFO o.a.j.t.JMeterThread: Thread finished: Thread Group 1-8
2021-05-31 16:00:39,802 INFO o.a.j.t.JMeterThread: Thread finished: Thread Group 1-30
2021-05-31 16:00:39,861 INFO o.a.j.t.JMeterThread: Thread finished: Thread Group 1-55
2021-05-31 16:00:40,013 INFO o.a.j.t.JMeterThread: Thread finished: Thread Group 1-62
2021-05-31 16:00:40,107 INFO o.a.j.t.JMeterThread: Thread finished: Thread Group 1-26
2021-05-31 16:00:40,126 INFO o.a.j.t.JMeterThread: Thread finished: Thread Group 1-80
2021-05-31 16:00:40,187 INFO o.a.j.t.JMeterThread: Thread finished: Thread Group 1-23
2021-05-31 16:00:40,269 INFO o.a.j.t.JMeterThread: Thread finished: Thread Group 1-32
2021-05-31 16:00:40,616 INFO o.a.j.t.JMeterThread: Thread finished: Thread Group 1-28
2021-05-31 16:00:40,808 INFO o.a.j.t.JMeterThread: Thread finished: Thread Group 1-25
2021-05-31 16:00:40,893 INFO o.a.j.t.JMeterThread: Thread finished: Thread Group 1-93
2021-05-31 16:00:41,051 INFO o.a.j.t.JMeterThread: Thread finished: Thread Group 1-18
2021-05-31 16:00:41,235 INFO o.a.j.t.JMeterThread: Thread finished: Thread Group 1-35
2021-05-31 16:00:41,252 INFO o.a.j.t.JMeterThread: Thread finished: Thread Group 1-95
2021-05-31 16:00:41,520 INFO o.a.j.t.JMeterThread: Thread finished: Thread Group 1-82
2021-05-31 16:00:41,705 INFO o.a.j.t.JMeterThread: Thread finished: Thread Group 1-94
2021-05-31 16:00:41,769 INFO o.a.j.t.JMeterThread: Thread finished: Thread Group 1-66
2021-05-31 16:00:41,827 INFO o.a.j.t.JMeterThread: Thread finished: Thread Group 1-45
2021-05-31 16:00:41,951 INFO o.a.j.t.JMeterThread: Thread finished: Thread Group 1-22
2021-05-31 16:00:41,951 INFO o.a.j.t.JMeterThread: Thread finished: Thread Group 1-36
2021-05-31 16:00:42,265 INFO o.a.j.t.JMeterThread: Thread finished: Thread Group 1-50
2021-05-31 16:00:42,301 INFO o.a.j.t.JMeterThread: Thread finished: Thread Group 1-54
2021-05-31 16:00:42,341 INFO o.a.j.t.JMeterThread: Thread finished: Thread Group 1-74
2021-05-31 16:00:42,379 INFO o.a.j.t.JMeterThread: Thread finished: Thread Group 1-40
2021-05-31 16:00:42,478 INFO o.a.j.t.JMeterThread: Thread finished: Thread Group 1-73
2021-05-31 16:00:42,478 INFO o.a.j.t.JMeterThread: Thread finished: Thread Group 1-7
2021-05-31 16:00:42,611 INFO o.a.j.t.JMeterThread: Thread finished: Thread Group 1-64
2021-05-31 16:00:42,671 INFO o.a.j.t.JMeterThread: Thread finished: Thread Group 1-100
2021-05-31 16:00:42,942 INFO o.a.j.t.JMeterThread: Thread finished: Thread Group 1-72
2021-05-31 16:00:42,950 INFO o.a.j.t.JMeterThread: Thread finished: Thread Group 1-9
2021-05-31 16:00:43,057 INFO o.a.j.t.JMeterThread: Thread finished: Thread Group 1-58
2021-05-31 16:00:43,111 INFO o.a.j.t.JMeterThread: Thread finished: Thread Group 1-44
2021-05-31 16:00:43,589 INFO o.a.j.t.JMeterThread: Thread finished: Thread Group 1-90
2021-05-31 16:00:43,625 INFO o.a.j.t.JMeterThread: Thread finished: Thread Group 1-4
2021-05-31 16:00:43,649 INFO o.a.j.t.JMeterThread: Thread finished: Thread Group 1-77
2021-05-31 16:00:43,831 INFO o.a.j.t.JMeterThread: Thread finished: Thread Group 1-83
2021-05-31 16:00:43,836 INFO o.a.j.t.JMeterThread: Thread finished: Thread Group 1-3
2021-05-31 16:00:43,860 INFO o.a.j.t.JMeterThread: Thread finished: Thread Group 1-81
2021-05-31 16:00:43,923 INFO o.a.j.t.JMeterThread: Thread finished: Thread Group 1-67
2021-05-31 16:00:43,985 INFO o.a.j.t.JMeterThread: Thread finished: Thread Group 1-70
2021-05-31 16:00:44,004 INFO o.a.j.t.JMeterThread: Thread finished: Thread Group 1-5
2021-05-31 16:00:44,014 INFO o.a.j.t.JMeterThread: Thread finished: Thread Group 1-65
2021-05-31 16:00:44,044 INFO o.a.j.t.JMeterThread: Thread finished: Thread Group 1-85
2021-05-31 16:00:44,071 INFO o.a.j.t.JMeterThread: Thread finished: Thread Group 1-86
2021-05-31 16:00:44,155 INFO o.a.j.t.JMeterThread: Thread finished: Thread Group 1-98
2021-05-31 16:00:44,304 INFO o.a.j.t.JMeterThread: Thread finished: Thread Group 1-34
2021-05-31 16:00:44,369 INFO o.a.j.t.JMeterThread: Thread finished: Thread Group 1-38
2021-05-31 16:00:44,466 INFO o.a.j.t.JMeterThread: Thread finished: Thread Group 1-19
2021-05-31 16:00:44,649 INFO o.a.j.t.JMeterThread: Thread finished: Thread Group 1-16
2021-05-31 16:00:44,651 INFO o.a.j.t.JMeterThread: Thread finished: Thread Group 1-43
2021-05-31 16:00:44,894 INFO o.a.j.t.JMeterThread: Thread finished: Thread Group 1-11
2021-05-31 16:00:45,052 INFO o.a.j.t.JMeterThread: Thread finished: Thread Group 1-6
2021-05-31 16:00:45,118 INFO o.a.j.t.JMeterThread: Thread finished: Thread Group 1-1
2021-05-31 16:00:45,189 INFO o.a.j.t.JMeterThread: Thread finished: Thread Group 1-78
2021-05-31 16:00:45,192 INFO o.a.j.t.JMeterThread: Thread finished: Thread Group 1-2
2021-05-31 16:00:45,194 INFO o.a.j.t.JMeterThread: Thread finished: Thread Group 1-31
2021-05-31 16:00:45,430 INFO o.a.j.t.JMeterThread: Thread finished: Thread Group 1-10
2021-05-31 16:00:45,689 INFO o.a.j.t.JMeterThread: Stopping because end time detected by thread: Thread Group 1-33
2021-05-31 16:00:45,691 INFO o.a.j.t.JMeterThread: Thread finished: Thread Group 1-33
2021-05-31 16:00:45,777 INFO o.a.j.t.JMeterThread: Stopping because end time detected by thread: Thread Group 1-84
2021-05-31 16:00:45,777 INFO o.a.j.t.JMeterThread: Thread finished: Thread Group 1-84
2021-05-31 16:00:46,062 INFO o.a.j.t.JMeterThread: Stopping because end time detected by thread: Thread Group 1-75
2021-05-31 16:00:46,064 INFO o.a.j.t.JMeterThread: Thread finished: Thread Group 1-75
2021-05-31 16:00:46,174 INFO o.a.j.t.JMeterThread: Stopping because end time detected by thread: Thread Group 1-76
2021-05-31 16:00:46,175 INFO o.a.j.t.JMeterThread: Thread finished: Thread Group 1-76
2021-05-31 16:00:46,261 INFO o.a.j.t.JMeterThread: Stopping because end time detected by thread: Thread Group 1-48
2021-05-31 16:00:46,261 INFO o.a.j.t.JMeterThread: Thread finished: Thread Group 1-48
2021-05-31 16:00:46,756 INFO o.a.j.t.JMeterThread: Stopping because end time detected by thread: Thread Group 1-88
2021-05-31 16:00:46,758 INFO o.a.j.t.JMeterThread: Thread finished: Thread Group 1-88
2021-05-31 16:00:46,872 INFO o.a.j.t.JMeterThread: Stopping because end time detected by thread: Thread Group 1-51
2021-05-31 16:00:46,872 INFO o.a.j.t.JMeterThread: Thread finished: Thread Group 1-51
2021-05-31 16:00:47,318 INFO o.a.j.t.JMeterThread: Stopping because end time detected by thread: Thread Group 1-17
2021-05-31 16:00:47,318 INFO o.a.j.t.JMeterThread: Thread finished: Thread Group 1-17
2021-05-31 16:00:47,358 INFO o.a.j.t.JMeterThread: Stopping because end time detected by thread: Thread Group 1-59
2021-05-31 16:00:47,360 INFO o.a.j.t.JMeterThread: Thread finished: Thread Group 1-59
2021-05-31 16:00:47,399 INFO o.a.j.t.JMeterThread: Stopping because end time detected by thread: Thread Group 1-89
2021-05-31 16:00:47,401 INFO o.a.j.t.JMeterThread: Thread finished: Thread Group 1-89
2021-05-31 16:00:47,559 INFO o.a.j.t.JMeterThread: Stopping because end time detected by thread: Thread Group 1-20
2021-05-31 16:00:47,560 INFO o.a.j.t.JMeterThread: Thread finished: Thread Group 1-20
2021-05-31 16:00:47,621 INFO o.a.j.t.JMeterThread: Stopping because end time detected by thread: Thread Group 1-47
2021-05-31 16:00:47,621 INFO o.a.j.t.JMeterThread: Thread finished: Thread Group 1-47
2021-05-31 16:00:47,759 INFO o.a.j.t.JMeterThread: Stopping because end time detected by thread: Thread Group 1-63
2021-05-31 16:00:47,760 INFO o.a.j.t.JMeterThread: Thread finished: Thread Group 1-63
2021-05-31 16:00:47,998 INFO o.a.j.t.JMeterThread: Stopping because end time detected by thread: Thread Group 1-68
2021-05-31 16:00:47,999 INFO o.a.j.t.JMeterThread: Thread finished: Thread Group 1-68
2021-05-31 16:00:48,100 INFO o.a.j.t.JMeterThread: Stopping because end time detected by thread: Thread Group 1-91
2021-05-31 16:00:48,100 INFO o.a.j.t.JMeterThread: Thread finished: Thread Group 1-91
2021-05-31 16:00:48,126 INFO o.a.j.t.JMeterThread: Stopping because end time detected by thread: Thread Group 1-71
2021-05-31 16:00:48,126 INFO o.a.j.t.JMeterThread: Thread finished: Thread Group 1-71
2021-05-31 16:00:48,160 INFO o.a.j.t.JMeterThread: Stopping because end time detected by thread: Thread Group 1-61
2021-05-31 16:00:48,161 INFO o.a.j.t.JMeterThread: Thread finished: Thread Group 1-61
2021-05-31 16:00:48,575 INFO o.a.j.t.JMeterThread: Stopping because end time detected by thread: Thread Group 1-37
2021-05-31 16:00:48,576 INFO o.a.j.t.JMeterThread: Thread finished: Thread Group 1-37
2021-05-31 16:00:48,611 INFO o.a.j.t.JMeterThread: Stopping because end time detected by thread: Thread Group 1-49
2021-05-31 16:00:48,611 INFO o.a.j.t.JMeterThread: Thread finished: Thread Group 1-49
2021-05-31 16:00:48,741 INFO o.a.j.t.JMeterThread: Stopping because end time detected by thread: Thread Group 1-46
2021-05-31 16:00:48,743 INFO o.a.j.t.JMeterThread: Thread finished: Thread Group 1-46
2021-05-31 16:00:49,146 INFO o.a.j.t.JMeterThread: Stopping because end time detected by thread: Thread Group 1-96
2021-05-31 16:00:49,148 INFO o.a.j.t.JMeterThread: Thread finished: Thread Group 1-96
2021-05-31 16:00:49,153 INFO o.a.j.t.JMeterThread: Stopping because end time detected by thread: Thread Group 1-29
2021-05-31 16:00:49,155 INFO o.a.j.t.JMeterThread: Thread finished: Thread Group 1-29
2021-05-31 16:00:49,166 INFO o.a.j.t.JMeterThread: Stopping because end time detected by thread: Thread Group 1-41
2021-05-31 16:00:49,168 INFO o.a.j.t.JMeterThread: Thread finished: Thread Group 1-41
2021-05-31 16:00:49,255 INFO o.a.j.t.JMeterThread: Stopping because end time detected by thread: Thread Group 1-42
2021-05-31 16:00:49,255 INFO o.a.j.t.JMeterThread: Stopping because end time detected by thread: Thread Group 1-87
2021-05-31 16:00:49,255 INFO o.a.j.t.JMeterThread: Thread finished: Thread Group 1-87
2021-05-31 16:00:49,257 INFO o.a.j.t.JMeterThread: Thread finished: Thread Group 1-42
2021-05-31 16:00:49,594 INFO o.a.j.t.JMeterThread: Stopping because end time detected by thread: Thread Group 1-79
2021-05-31 16:00:49,596 INFO o.a.j.t.JMeterThread: Thread finished: Thread Group 1-79
2021-05-31 16:00:49,979 INFO o.a.j.t.JMeterThread: Stopping because end time detected by thread: Thread Group 1-24
2021-05-31 16:00:49,979 INFO o.a.j.t.JMeterThread: Thread finished: Thread Group 1-24
2021-05-31 16:00:50,079 INFO o.a.j.t.JMeterThread: Stopping because end time detected by thread: Thread Group 1-53
2021-05-31 16:00:50,079 INFO o.a.j.t.JMeterThread: Thread finished: Thread Group 1-53
2021-05-31 16:00:50,101 INFO o.a.j.t.JMeterThread: Stopping because end time detected by thread: Thread Group 1-14
2021-05-31 16:00:50,103 INFO o.a.j.t.JMeterThread: Thread finished: Thread Group 1-14
2021-05-31 16:00:50,126 INFO o.a.j.t.JMeterThread: Stopping because end time detected by thread: Thread Group 1-97
2021-05-31 16:00:50,126 INFO o.a.j.t.JMeterThread: Thread finished: Thread Group 1-97
2021-05-31 16:00:50,213 INFO o.a.j.t.JMeterThread: Stopping because end time detected by thread: Thread Group 1-21
2021-05-31 16:00:50,213 INFO o.a.j.t.JMeterThread: Thread finished: Thread Group 1-21
2021-05-31 16:00:50,279 INFO o.a.j.t.JMeterThread: Stopping because end time detected by thread: Thread Group 1-69
2021-05-31 16:00:50,281 INFO o.a.j.t.JMeterThread: Thread finished: Thread Group 1-69
2021-05-31 16:00:50,683 INFO o.a.j.t.JMeterThread: Stopping because end time detected by thread: Thread Group 1-99
2021-05-31 16:00:50,686 INFO o.a.j.t.JMeterThread: Thread finished: Thread Group 1-99
2021-05-31 16:00:50,765 INFO o.a.j.t.JMeterThread: Stopping because end time detected by thread: Thread Group 1-52
2021-05-31 16:00:50,766 INFO o.a.j.t.JMeterThread: Thread finished: Thread Group 1-52
2021-05-31 16:00:51,007 INFO o.a.j.t.JMeterThread: Stopping because end time detected by thread: Thread Group 1-15
2021-05-31 16:00:51,007 INFO o.a.j.t.JMeterThread: Thread finished: Thread Group 1-15
2021-05-31 16:00:51,132 INFO o.a.j.t.JMeterThread: Stopping because end time detected by thread: Thread Group 1-39
2021-05-31 16:00:51,132 INFO o.a.j.t.JMeterThread: Thread finished: Thread Group 1-39
2021-05-31 16:00:51,166 INFO o.a.j.t.JMeterThread: Stopping because end time detected by thread: Thread Group 1-56
2021-05-31 16:00:51,168 INFO o.a.j.t.JMeterThread: Thread finished: Thread Group 1-56
2021-05-31 16:00:51,251 INFO o.a.j.t.JMeterThread: Stopping because end time detected by thread: Thread Group 1-92
2021-05-31 16:00:51,251 INFO o.a.j.t.JMeterThread: Thread finished: Thread Group 1-92
2021-05-31 16:00:51,554 INFO o.a.j.t.JMeterThread: Stopping because end time detected by thread: Thread Group 1-60
2021-05-31 16:00:51,556 INFO o.a.j.t.JMeterThread: Thread finished: Thread Group 1-60
2021-05-31 16:00:51,556 INFO o.a.j.e.StandardJMeterEngine: Notifying test listeners of end of test
2021-05-31 16:00:51,557 INFO o.a.j.JMeter: Generating Dashboard
2021-05-31 16:00:51,557 INFO o.a.j.r.d.ReportGenerator: Flushing result collector before report Generation
2021-05-31 16:00:51,568 INFO o.a.j.r.p.NormalizerSampleConsumer: Using format, 'ms', to parse timeStamp field
2021-05-31 16:00:51,576 ERROR o.a.j.r.d.ReportGenerator: Cannot assign "${jmeter.reportgenerator.apdex_satisfied_threshold}" to property "set_satisfied_threshold" (mapped as "setSatisfiedThreshold"), skip it
org.apache.jmeter.report.core.ConvertException: Unable to convert "${jmeter.reportgenerator.apdex_satisfied_threshold}" to "java.lang.Long"
	at org.apache.jmeter.report.core.Converters.lambda$static$4(Converters.java:80) ~[ApacheJMeter_core.jar:5.2.1]
	at org.apache.jmeter.report.dashboard.ReportGenerator.setProperty(ReportGenerator.java:537) [ApacheJMeter_core.jar:5.2.1]
	at org.apache.jmeter.report.dashboard.ReportGenerator.addGraphConsumer(ReportGenerator.java:349) [ApacheJMeter_core.jar:5.2.1]
	at org.apache.jmeter.report.dashboard.ReportGenerator.generate(ReportGenerator.java:236) [ApacheJMeter_core.jar:5.2.1]
	at org.apache.jmeter.JMeter$ListenToTest.endTest(JMeter.java:1330) [ApacheJMeter_core.jar:5.2.1]
	at org.apache.jmeter.JMeter$ListenToTest.testEnded(JMeter.java:1286) [ApacheJMeter_core.jar:5.2.1]
	at org.apache.jmeter.engine.StandardJMeterEngine.notifyTestListenersOfEnd(StandardJMeterEngine.java:218) [ApacheJMeter_core.jar:5.2.1]
	at org.apache.jmeter.engine.StandardJMeterEngine.run(StandardJMeterEngine.java:492) [ApacheJMeter_core.jar:5.2.1]
	at java.lang.Thread.run(Thread.java:834) [?:?]
Caused by: java.lang.NumberFormatException: For input string: "${jmeter.reportgenerator.apdex_satisfied_threshold}"
	at java.lang.NumberFormatException.forInputString(NumberFormatException.java:65) ~[?:?]
	at java.lang.Long.parseLong(Long.java:678) ~[?:?]
	at java.lang.Long.valueOf(Long.java:1144) ~[?:?]
	at org.apache.jmeter.report.core.Converters.lambda$static$4(Converters.java:78) ~[ApacheJMeter_core.jar:5.2.1]
	... 8 more
2021-05-31 16:00:51,582 ERROR o.a.j.JMeter: Error generating the report: Cannot assign "${jmeter.reportgenerator.apdex_satisfied_threshold}" to property "set_satisfied_threshold" (mapped as "setSatisfiedThreshold"), skip it
org.apache.jmeter.report.dashboard.GenerationException: Cannot assign "${jmeter.reportgenerator.apdex_satisfied_threshold}" to property "set_satisfied_threshold" (mapped as "setSatisfiedThreshold"), skip it
	at org.apache.jmeter.report.dashboard.ReportGenerator.setProperty(ReportGenerator.java:550) ~[ApacheJMeter_core.jar:5.2.1]
	at org.apache.jmeter.report.dashboard.ReportGenerator.addGraphConsumer(ReportGenerator.java:349) ~[ApacheJMeter_core.jar:5.2.1]
	at org.apache.jmeter.report.dashboard.ReportGenerator.generate(ReportGenerator.java:236) ~[ApacheJMeter_core.jar:5.2.1]
	at org.apache.jmeter.JMeter$ListenToTest.endTest(JMeter.java:1330) [ApacheJMeter_core.jar:5.2.1]
	at org.apache.jmeter.JMeter$ListenToTest.testEnded(JMeter.java:1286) [ApacheJMeter_core.jar:5.2.1]
	at org.apache.jmeter.engine.StandardJMeterEngine.notifyTestListenersOfEnd(StandardJMeterEngine.java:218) [ApacheJMeter_core.jar:5.2.1]
	at org.apache.jmeter.engine.StandardJMeterEngine.run(StandardJMeterEngine.java:492) [ApacheJMeter_core.jar:5.2.1]
	at java.lang.Thread.run(Thread.java:834) [?:?]
Caused by: org.apache.jmeter.report.core.ConvertException: Unable to convert "${jmeter.reportgenerator.apdex_satisfied_threshold}" to "java.lang.Long"
	at org.apache.jmeter.report.core.Converters.lambda$static$4(Converters.java:80) ~[ApacheJMeter_core.jar:5.2.1]
	at org.apache.jmeter.report.dashboard.ReportGenerator.setProperty(ReportGenerator.java:537) ~[ApacheJMeter_core.jar:5.2.1]
	... 7 more
Caused by: java.lang.NumberFormatException: For input string: "${jmeter.reportgenerator.apdex_satisfied_threshold}"
	at java.lang.NumberFormatException.forInputString(NumberFormatException.java:65) ~[?:?]
	at java.lang.Long.parseLong(Long.java:678) ~[?:?]
	at java.lang.Long.valueOf(Long.java:1144) ~[?:?]
	at org.apache.jmeter.report.core.Converters.lambda$static$4(Converters.java:78) ~[ApacheJMeter_core.jar:5.2.1]
	at org.apache.jmeter.report.dashboard.ReportGenerator.setProperty(ReportGenerator.java:537) ~[ApacheJMeter_core.jar:5.2.1]
	... 7 more
