2021-05-31 13:22:02,362 INFO o.a.j.u.JMeterUtils: Setting Locale to en_EN
2021-05-31 13:22:02,418 INFO o.a.j.JMeter: Setting JMeter property: HOST=4ntds40myc.execute-api.eu-central-1.amazonaws.com
2021-05-31 13:22:02,419 INFO o.a.j.JMeter: Setting JMeter property: PATH=/production/todos
2021-05-31 13:22:02,419 INFO o.a.j.JMeter: Setting JMeter property: PORT=443
2021-05-31 13:22:02,420 INFO o.a.j.JMeter: Copyright (c) 1998-2019 The Apache Software Foundation
2021-05-31 13:22:02,420 INFO o.a.j.JMeter: Version 5.2.1
2021-05-31 13:22:02,421 INFO o.a.j.JMeter: java.version=11.0.9
2021-05-31 13:22:02,421 INFO o.a.j.JMeter: java.vm.name=OpenJDK 64-Bit Server VM
2021-05-31 13:22:02,421 INFO o.a.j.JMeter: os.name=Linux
2021-05-31 13:22:02,421 INFO o.a.j.JMeter: os.arch=amd64
2021-05-31 13:22:02,421 INFO o.a.j.JMeter: os.version=5.3.0-1023-aws
2021-05-31 13:22:02,421 INFO o.a.j.JMeter: file.encoding=UTF-8
2021-05-31 13:22:02,421 INFO o.a.j.JMeter: java.awt.headless=true
2021-05-31 13:22:02,421 INFO o.a.j.JMeter: Max memory     =1073741824
2021-05-31 13:22:02,421 INFO o.a.j.JMeter: Available Processors =2
2021-05-31 13:22:02,431 INFO o.a.j.JMeter: Default Locale=English (EN)
2021-05-31 13:22:02,431 INFO o.a.j.JMeter: JMeter  Locale=English (EN)
2021-05-31 13:22:02,431 INFO o.a.j.JMeter: JMeterHome=/opt/radon-ctt-agent/plugins/jmeter/apache-jmeter-5.2.1
2021-05-31 13:22:02,431 INFO o.a.j.JMeter: user.dir  =/opt/radon-ctt-agent
2021-05-31 13:22:02,431 INFO o.a.j.JMeter: PWD       =/opt/radon-ctt-agent
2021-05-31 13:22:02,432 INFO o.a.j.JMeter: IP: 172.17.0.2 Name: f7d633376fad FullName: f7d633376fad
2021-05-31 13:22:02,434 INFO o.a.j.JMeter: Setting property 'jmeter.reportgenerator.outputdir' to:'/opt/radon-ctt-agent/jmeter/6d0fda84-afb6-4456-b2f8-eefa98e99921/fc58e3cb-0a4d-4bd9-ab65-794e1a733208/dashboard'
2021-05-31 13:22:02,438 INFO o.a.j.s.FileServer: Default base='/opt/radon-ctt-agent'
2021-05-31 13:22:02,440 INFO o.a.j.s.FileServer: Set new base='/opt/radon-ctt-agent/jmeter/6d0fda84-afb6-4456-b2f8-eefa98e99921/config/resources'
2021-05-31 13:22:02,688 INFO o.a.j.s.SaveService: Testplan (JMX) version: 2.2. Testlog (JTL) version: 2.2
2021-05-31 13:22:02,701 INFO o.a.j.s.SaveService: Using SaveService properties version 5.0
2021-05-31 13:22:02,706 INFO o.a.j.s.SaveService: Using SaveService properties file encoding UTF-8
2021-05-31 13:22:02,710 INFO o.a.j.s.SaveService: Loading file: /opt/radon-ctt-agent/jmeter/6d0fda84-afb6-4456-b2f8-eefa98e99921/config/resources/loadtest.jmx
2021-05-31 13:22:03,203 INFO o.a.j.r.d.ReportGenerator: ReportGenerator will use for Parsing the separator: ','
2021-05-31 13:22:03,203 INFO o.a.j.r.d.ReportGenerator: Will generate report at end of test from  results file: /opt/radon-ctt-agent/jmeter/6d0fda84-afb6-4456-b2f8-eefa98e99921/fc58e3cb-0a4d-4bd9-ab65-794e1a733208/sample_results.jtl
2021-05-31 13:22:03,203 INFO o.a.j.r.d.ReportGenerator: Reading report generator properties from: /opt/radon-ctt-agent/plugins/jmeter/apache-jmeter-5.2.1/bin/reportgenerator.properties
2021-05-31 13:22:03,204 INFO o.a.j.r.d.ReportGenerator: Merging with JMeter properties
2021-05-31 13:22:03,210 INFO o.a.j.r.c.ReportGeneratorConfiguration: Property 'jmeter.reportgenerator.temp_dir' not found, using default value 'temp' instead.
2021-05-31 13:22:03,210 INFO o.a.j.r.c.ReportGeneratorConfiguration: Property 'jmeter.reportgenerator.apdex_satisfied_threshold' not found, using default value '500' instead.
2021-05-31 13:22:03,210 INFO o.a.j.r.c.ReportGeneratorConfiguration: Property 'jmeter.reportgenerator.apdex_tolerated_threshold' not found, using default value '1500' instead.
2021-05-31 13:22:03,210 INFO o.a.j.r.c.ReportGeneratorConfiguration: Property 'jmeter.reportgenerator.apdex_per_transaction' not found, using default value 'null' instead.
2021-05-31 13:22:03,210 INFO o.a.j.r.c.ReportGeneratorConfiguration: apdex_per_transaction is empty, not APDEX per transaction customization
2021-05-31 13:22:03,213 INFO o.a.j.r.c.ReportGeneratorConfiguration: Property 'jmeter.reportgenerator.sample_filter' not found, using default value 'null' instead.
2021-05-31 13:22:03,214 INFO o.a.j.r.c.ReportGeneratorConfiguration: Property 'jmeter.reportgenerator.report_title' not found, using default value 'null' instead.
2021-05-31 13:22:03,214 INFO o.a.j.r.c.ReportGeneratorConfiguration: Property 'jmeter.reportgenerator.start_date' not found, using default value 'null' instead.
2021-05-31 13:22:03,214 INFO o.a.j.r.c.ReportGeneratorConfiguration: Property 'jmeter.reportgenerator.end_date' not found, using default value 'null' instead.
2021-05-31 13:22:03,214 INFO o.a.j.r.c.ReportGeneratorConfiguration: Property 'jmeter.reportgenerator.date_format' not found, using default value 'null' instead.
2021-05-31 13:22:03,216 INFO o.a.j.r.c.ReportGeneratorConfiguration: Will use date range start date: null, end date: null
2021-05-31 13:22:03,220 INFO o.a.j.r.c.ReportGeneratorConfiguration: Property 'jmeter.reportgenerator.graph.totalTPS.exclude_controllers' not found, using default value 'false' instead.
2021-05-31 13:22:03,221 INFO o.a.j.r.c.ReportGeneratorConfiguration: Property 'jmeter.reportgenerator.graph.activeThreadsOverTime.exclude_controllers' not found, using default value 'false' instead.
2021-05-31 13:22:03,221 INFO o.a.j.r.c.ReportGeneratorConfiguration: Property 'jmeter.reportgenerator.graph.timeVsThreads.exclude_controllers' not found, using default value 'false' instead.
2021-05-31 13:22:03,221 INFO o.a.j.r.c.ReportGeneratorConfiguration: Property 'jmeter.reportgenerator.graph.responseTimeDistribution.exclude_controllers' not found, using default value 'false' instead.
2021-05-31 13:22:03,221 INFO o.a.j.r.c.ReportGeneratorConfiguration: Property 'jmeter.reportgenerator.graph.transactionsPerSecond.exclude_controllers' not found, using default value 'false' instead.
2021-05-31 13:22:03,222 INFO o.a.j.r.c.ReportGeneratorConfiguration: Property 'jmeter.reportgenerator.graph.responseTimePercentiles.exclude_controllers' not found, using default value 'false' instead.
2021-05-31 13:22:03,222 INFO o.a.j.r.c.ReportGeneratorConfiguration: Property 'jmeter.reportgenerator.graph.responseTimePercentilesOverTime.exclude_controllers' not found, using default value 'false' instead.
2021-05-31 13:22:03,222 INFO o.a.j.r.c.ReportGeneratorConfiguration: Property 'jmeter.reportgenerator.graph.responseTimesOverTime.exclude_controllers' not found, using default value 'false' instead.
2021-05-31 13:22:03,223 INFO o.a.j.r.c.ReportGeneratorConfiguration: Property 'jmeter.reportgenerator.graph.connectTimeOverTime.exclude_controllers' not found, using default value 'false' instead.
2021-05-31 13:22:03,223 INFO o.a.j.r.c.ReportGeneratorConfiguration: Property 'jmeter.reportgenerator.graph.latenciesOverTime.exclude_controllers' not found, using default value 'false' instead.
2021-05-31 13:22:03,224 INFO o.a.j.r.c.ReportGeneratorConfiguration: Property 'jmeter.reportgenerator.exporter.json.filters_only_sample_series' not found, using default value 'true' instead.
2021-05-31 13:22:03,225 INFO o.a.j.r.c.ReportGeneratorConfiguration: Property 'jmeter.reportgenerator.exporter.json.series_filter' not found, using default value '' instead.
2021-05-31 13:22:03,225 INFO o.a.j.r.c.ReportGeneratorConfiguration: Property 'jmeter.reportgenerator.exporter.json.show_controllers_only' not found, using default value 'false' instead.
2021-05-31 13:22:03,225 INFO o.a.j.r.c.ReportGeneratorConfiguration: Property 'jmeter.reportgenerator.exporter.html.filters_only_sample_series' not found, using default value 'true' instead.
2021-05-31 13:22:03,226 INFO o.a.j.r.c.ReportGeneratorConfiguration: Property 'jmeter.reportgenerator.exporter.html.series_filter' not found, using default value '' instead.
2021-05-31 13:22:03,226 INFO o.a.j.r.c.ReportGeneratorConfiguration: Property 'jmeter.reportgenerator.exporter.html.show_controllers_only' not found, using default value 'false' instead.
2021-05-31 13:22:03,238 INFO o.a.j.e.StandardJMeterEngine: Running the test!
2021-05-31 13:22:03,248 INFO o.a.j.s.SampleEvent: List of sample_variables: []
2021-05-31 13:22:03,248 INFO o.a.j.s.SampleEvent: List of sample_variables: []
2021-05-31 13:22:03,822 INFO o.a.j.JMeter: Running test (1622467323822)
2021-05-31 13:22:03,870 INFO o.a.j.e.StandardJMeterEngine: Starting ThreadGroup: 1 : Thread Group
2021-05-31 13:22:03,871 INFO o.a.j.e.StandardJMeterEngine: Starting 30 threads for group Thread Group.
2021-05-31 13:22:03,871 INFO o.a.j.e.StandardJMeterEngine: Thread will continue on error
2021-05-31 13:22:03,871 INFO o.a.j.t.ThreadGroup: Starting thread group... number=1 threads=30 ramp-up=120 delayedStart=false
2021-05-31 13:22:03,920 INFO o.a.j.t.ThreadGroup: Started thread group number 1
2021-05-31 13:22:03,921 INFO o.a.j.e.StandardJMeterEngine: All thread groups have been started
2021-05-31 13:22:03,926 INFO o.a.j.t.JMeterThread: Thread started: Thread Group 1-1
2021-05-31 13:22:07,923 INFO o.a.j.t.JMeterThread: Thread started: Thread Group 1-2
2021-05-31 13:22:10,221 INFO o.a.j.p.h.s.HTTPHCAbstractImpl: Local host = f7d633376fad
2021-05-31 13:22:10,232 INFO o.a.j.p.h.s.HTTPHC4Impl: HTTP request retry count = 0
2021-05-31 13:22:10,234 INFO o.a.j.s.SampleResult: Note: Sample TimeStamps are END times
2021-05-31 13:22:10,234 INFO o.a.j.s.SampleResult: sampleresult.default.encoding is set to ISO-8859-1
2021-05-31 13:22:10,234 INFO o.a.j.s.SampleResult: sampleresult.useNanoTime=true
2021-05-31 13:22:10,234 INFO o.a.j.s.SampleResult: sampleresult.nanoThreadSleep=5000
2021-05-31 13:22:10,380 INFO o.a.j.p.h.s.h.LazyLayeredConnectionSocketFactory: Setting up HTTPS TrustAll Socket Factory
2021-05-31 13:22:10,389 INFO o.a.j.u.JsseSSLManager: Using default SSL protocol: TLS
2021-05-31 13:22:10,389 INFO o.a.j.u.JsseSSLManager: SSL session context: per-thread
2021-05-31 13:22:10,522 INFO o.a.j.u.SSLManager: JmeterKeyStore Location:  type JKS
2021-05-31 13:22:10,525 INFO o.a.j.u.SSLManager: KeyStore created OK
2021-05-31 13:22:10,525 WARN o.a.j.u.SSLManager: Keystore file not found, loading empty keystore
2021-05-31 13:22:11,919 INFO o.a.j.t.JMeterThread: Thread started: Thread Group 1-3
2021-05-31 13:22:15,916 INFO o.a.j.t.JMeterThread: Thread started: Thread Group 1-4
2021-05-31 13:22:19,911 INFO o.a.j.t.JMeterThread: Thread started: Thread Group 1-5
2021-05-31 13:22:23,911 INFO o.a.j.t.JMeterThread: Thread started: Thread Group 1-6
2021-05-31 13:22:27,910 INFO o.a.j.t.JMeterThread: Thread started: Thread Group 1-7
2021-05-31 13:22:31,909 INFO o.a.j.t.JMeterThread: Thread started: Thread Group 1-8
2021-05-31 13:22:35,906 INFO o.a.j.t.JMeterThread: Thread started: Thread Group 1-9
2021-05-31 13:22:39,904 INFO o.a.j.t.JMeterThread: Thread started: Thread Group 1-10
2021-05-31 13:22:43,903 INFO o.a.j.t.JMeterThread: Thread started: Thread Group 1-11
2021-05-31 13:22:47,903 INFO o.a.j.t.JMeterThread: Thread started: Thread Group 1-12
2021-05-31 13:22:51,900 INFO o.a.j.t.JMeterThread: Thread started: Thread Group 1-13
2021-05-31 13:22:55,898 INFO o.a.j.t.JMeterThread: Thread started: Thread Group 1-14
2021-05-31 13:22:59,895 INFO o.a.j.t.JMeterThread: Thread started: Thread Group 1-15
2021-05-31 13:23:03,891 INFO o.a.j.t.JMeterThread: Thread started: Thread Group 1-16
2021-05-31 13:23:07,889 INFO o.a.j.t.JMeterThread: Thread started: Thread Group 1-17
2021-05-31 13:23:11,890 INFO o.a.j.t.JMeterThread: Thread started: Thread Group 1-18
2021-05-31 13:23:15,888 INFO o.a.j.t.JMeterThread: Thread started: Thread Group 1-19
2021-05-31 13:23:19,888 INFO o.a.j.t.JMeterThread: Thread started: Thread Group 1-20
2021-05-31 13:23:23,888 INFO o.a.j.t.JMeterThread: Thread started: Thread Group 1-21
2021-05-31 13:23:27,887 INFO o.a.j.t.JMeterThread: Thread started: Thread Group 1-22
2021-05-31 13:23:31,886 INFO o.a.j.t.JMeterThread: Thread started: Thread Group 1-23
2021-05-31 13:23:35,884 INFO o.a.j.t.JMeterThread: Thread started: Thread Group 1-24
2021-05-31 13:23:39,884 INFO o.a.j.t.JMeterThread: Thread started: Thread Group 1-25
2021-05-31 13:23:43,883 INFO o.a.j.t.JMeterThread: Thread started: Thread Group 1-26
2021-05-31 13:23:47,883 INFO o.a.j.t.JMeterThread: Thread started: Thread Group 1-27
2021-05-31 13:23:51,881 INFO o.a.j.t.JMeterThread: Thread started: Thread Group 1-28
2021-05-31 13:23:55,884 INFO o.a.j.t.JMeterThread: Thread started: Thread Group 1-29
2021-05-31 13:23:59,884 INFO o.a.j.t.JMeterThread: Thread started: Thread Group 1-30
2021-05-31 13:35:58,295 INFO o.a.j.t.JMeterThread: Thread finished: Thread Group 1-21
2021-05-31 13:35:58,329 INFO o.a.j.t.JMeterThread: Thread finished: Thread Group 1-24
2021-05-31 13:35:58,788 INFO o.a.j.t.JMeterThread: Thread finished: Thread Group 1-5
2021-05-31 13:35:58,985 INFO o.a.j.t.JMeterThread: Thread finished: Thread Group 1-10
2021-05-31 13:35:59,260 INFO o.a.j.t.JMeterThread: Thread finished: Thread Group 1-13
2021-05-31 13:35:59,299 INFO o.a.j.t.JMeterThread: Thread finished: Thread Group 1-15
2021-05-31 13:35:59,487 INFO o.a.j.t.JMeterThread: Thread finished: Thread Group 1-26
2021-05-31 13:36:00,061 INFO o.a.j.t.JMeterThread: Thread finished: Thread Group 1-18
2021-05-31 13:36:00,238 INFO o.a.j.t.JMeterThread: Thread finished: Thread Group 1-12
2021-05-31 13:36:00,649 INFO o.a.j.t.JMeterThread: Thread finished: Thread Group 1-23
2021-05-31 13:36:00,705 INFO o.a.j.t.JMeterThread: Thread finished: Thread Group 1-22
2021-05-31 13:36:00,963 INFO o.a.j.t.JMeterThread: Thread finished: Thread Group 1-20
2021-05-31 13:36:01,010 INFO o.a.j.t.JMeterThread: Thread finished: Thread Group 1-7
2021-05-31 13:36:01,635 INFO o.a.j.t.JMeterThread: Thread finished: Thread Group 1-28
2021-05-31 13:36:01,831 INFO o.a.j.t.JMeterThread: Thread finished: Thread Group 1-16
2021-05-31 13:36:02,085 INFO o.a.j.t.JMeterThread: Thread finished: Thread Group 1-9
2021-05-31 13:36:02,148 INFO o.a.j.t.JMeterThread: Thread finished: Thread Group 1-25
2021-05-31 13:36:02,165 INFO o.a.j.t.JMeterThread: Thread finished: Thread Group 1-14
2021-05-31 13:36:02,722 INFO o.a.j.t.JMeterThread: Thread finished: Thread Group 1-2
2021-05-31 13:36:02,822 INFO o.a.j.t.JMeterThread: Thread finished: Thread Group 1-11
2021-05-31 13:36:02,949 INFO o.a.j.t.JMeterThread: Thread finished: Thread Group 1-4
2021-05-31 13:36:03,332 INFO o.a.j.t.JMeterThread: Thread finished: Thread Group 1-8
2021-05-31 13:36:03,362 INFO o.a.j.t.JMeterThread: Thread finished: Thread Group 1-30
2021-05-31 13:36:03,511 INFO o.a.j.t.JMeterThread: Thread finished: Thread Group 1-6
2021-05-31 13:36:03,716 INFO o.a.j.t.JMeterThread: Thread finished: Thread Group 1-1
2021-05-31 13:36:03,876 INFO o.a.j.t.JMeterThread: Thread finished: Thread Group 1-27
2021-05-31 13:36:03,985 INFO o.a.j.t.JMeterThread: Stopping because end time detected by thread: Thread Group 1-19
2021-05-31 13:36:03,985 INFO o.a.j.t.JMeterThread: Thread finished: Thread Group 1-19
2021-05-31 13:36:04,075 INFO o.a.j.t.JMeterThread: Stopping because end time detected by thread: Thread Group 1-3
2021-05-31 13:36:04,076 INFO o.a.j.t.JMeterThread: Thread finished: Thread Group 1-3
2021-05-31 13:36:04,459 INFO o.a.j.t.JMeterThread: Stopping because end time detected by thread: Thread Group 1-17
2021-05-31 13:36:04,461 INFO o.a.j.t.JMeterThread: Thread finished: Thread Group 1-17
2021-05-31 13:36:05,955 INFO o.a.j.t.JMeterThread: Stopping because end time detected by thread: Thread Group 1-29
2021-05-31 13:36:05,955 INFO o.a.j.t.JMeterThread: Thread finished: Thread Group 1-29
2021-05-31 13:36:05,956 INFO o.a.j.e.StandardJMeterEngine: Notifying test listeners of end of test
2021-05-31 13:36:05,956 INFO o.a.j.JMeter: Generating Dashboard
2021-05-31 13:36:05,956 INFO o.a.j.r.d.ReportGenerator: Flushing result collector before report Generation
2021-05-31 13:36:05,967 INFO o.a.j.r.p.NormalizerSampleConsumer: Using format, 'ms', to parse timeStamp field
2021-05-31 13:36:05,976 ERROR o.a.j.r.d.ReportGenerator: Cannot assign "${jmeter.reportgenerator.apdex_satisfied_threshold}" to property "set_satisfied_threshold" (mapped as "setSatisfiedThreshold"), skip it
org.apache.jmeter.report.core.ConvertException: Unable to convert "${jmeter.reportgenerator.apdex_satisfied_threshold}" to "java.lang.Long"
	at org.apache.jmeter.report.core.Converters.lambda$static$4(Converters.java:80) ~[ApacheJMeter_core.jar:5.2.1]
	at org.apache.jmeter.report.dashboard.ReportGenerator.setProperty(ReportGenerator.java:537) [ApacheJMeter_core.jar:5.2.1]
	at org.apache.jmeter.report.dashboard.ReportGenerator.addGraphConsumer(ReportGenerator.java:349) [ApacheJMeter_core.jar:5.2.1]
	at org.apache.jmeter.report.dashboard.ReportGenerator.generate(ReportGenerator.java:236) [ApacheJMeter_core.jar:5.2.1]
	at org.apache.jmeter.JMeter$ListenToTest.endTest(JMeter.java:1330) [ApacheJMeter_core.jar:5.2.1]
	at org.apache.jmeter.JMeter$ListenToTest.testEnded(JMeter.java:1286) [ApacheJMeter_core.jar:5.2.1]
	at org.apache.jmeter.engine.StandardJMeterEngine.notifyTestListenersOfEnd(StandardJMeterEngine.java:218) [ApacheJMeter_core.jar:5.2.1]
	at org.apache.jmeter.engine.StandardJMeterEngine.run(StandardJMeterEngine.java:492) [ApacheJMeter_core.jar:5.2.1]
	at java.lang.Thread.run(Thread.java:834) [?:?]
Caused by: java.lang.NumberFormatException: For input string: "${jmeter.reportgenerator.apdex_satisfied_threshold}"
	at java.lang.NumberFormatException.forInputString(NumberFormatException.java:65) ~[?:?]
	at java.lang.Long.parseLong(Long.java:678) ~[?:?]
	at java.lang.Long.valueOf(Long.java:1144) ~[?:?]
	at org.apache.jmeter.report.core.Converters.lambda$static$4(Converters.java:78) ~[ApacheJMeter_core.jar:5.2.1]
	... 8 more
2021-05-31 13:36:05,983 ERROR o.a.j.JMeter: Error generating the report: Cannot assign "${jmeter.reportgenerator.apdex_satisfied_threshold}" to property "set_satisfied_threshold" (mapped as "setSatisfiedThreshold"), skip it
org.apache.jmeter.report.dashboard.GenerationException: Cannot assign "${jmeter.reportgenerator.apdex_satisfied_threshold}" to property "set_satisfied_threshold" (mapped as "setSatisfiedThreshold"), skip it
	at org.apache.jmeter.report.dashboard.ReportGenerator.setProperty(ReportGenerator.java:550) ~[ApacheJMeter_core.jar:5.2.1]
	at org.apache.jmeter.report.dashboard.ReportGenerator.addGraphConsumer(ReportGenerator.java:349) ~[ApacheJMeter_core.jar:5.2.1]
	at org.apache.jmeter.report.dashboard.ReportGenerator.generate(ReportGenerator.java:236) ~[ApacheJMeter_core.jar:5.2.1]
	at org.apache.jmeter.JMeter$ListenToTest.endTest(JMeter.java:1330) [ApacheJMeter_core.jar:5.2.1]
	at org.apache.jmeter.JMeter$ListenToTest.testEnded(JMeter.java:1286) [ApacheJMeter_core.jar:5.2.1]
	at org.apache.jmeter.engine.StandardJMeterEngine.notifyTestListenersOfEnd(StandardJMeterEngine.java:218) [ApacheJMeter_core.jar:5.2.1]
	at org.apache.jmeter.engine.StandardJMeterEngine.run(StandardJMeterEngine.java:492) [ApacheJMeter_core.jar:5.2.1]
	at java.lang.Thread.run(Thread.java:834) [?:?]
Caused by: org.apache.jmeter.report.core.ConvertException: Unable to convert "${jmeter.reportgenerator.apdex_satisfied_threshold}" to "java.lang.Long"
	at org.apache.jmeter.report.core.Converters.lambda$static$4(Converters.java:80) ~[ApacheJMeter_core.jar:5.2.1]
	at org.apache.jmeter.report.dashboard.ReportGenerator.setProperty(ReportGenerator.java:537) ~[ApacheJMeter_core.jar:5.2.1]
	... 7 more
Caused by: java.lang.NumberFormatException: For input string: "${jmeter.reportgenerator.apdex_satisfied_threshold}"
	at java.lang.NumberFormatException.forInputString(NumberFormatException.java:65) ~[?:?]
	at java.lang.Long.parseLong(Long.java:678) ~[?:?]
	at java.lang.Long.valueOf(Long.java:1144) ~[?:?]
	at org.apache.jmeter.report.core.Converters.lambda$static$4(Converters.java:78) ~[ApacheJMeter_core.jar:5.2.1]
	at org.apache.jmeter.report.dashboard.ReportGenerator.setProperty(ReportGenerator.java:537) ~[ApacheJMeter_core.jar:5.2.1]
	... 7 more
