2021-05-31 19:02:47,648 INFO o.a.j.u.JMeterUtils: Setting Locale to en_EN
2021-05-31 19:02:47,705 INFO o.a.j.JMeter: Setting JMeter property: HOST=3h0811ppq1.execute-api.eu-central-1.amazonaws.com
2021-05-31 19:02:47,705 INFO o.a.j.JMeter: Setting JMeter property: PATH=/production/todos
2021-05-31 19:02:47,705 INFO o.a.j.JMeter: Setting JMeter property: PORT=443
2021-05-31 19:02:47,707 INFO o.a.j.JMeter: Copyright (c) 1998-2019 The Apache Software Foundation
2021-05-31 19:02:47,707 INFO o.a.j.JMeter: Version 5.2.1
2021-05-31 19:02:47,707 INFO o.a.j.JMeter: java.version=11.0.9
2021-05-31 19:02:47,707 INFO o.a.j.JMeter: java.vm.name=OpenJDK 64-Bit Server VM
2021-05-31 19:02:47,708 INFO o.a.j.JMeter: os.name=Linux
2021-05-31 19:02:47,708 INFO o.a.j.JMeter: os.arch=amd64
2021-05-31 19:02:47,708 INFO o.a.j.JMeter: os.version=5.3.0-1023-aws
2021-05-31 19:02:47,708 INFO o.a.j.JMeter: file.encoding=UTF-8
2021-05-31 19:02:47,708 INFO o.a.j.JMeter: java.awt.headless=true
2021-05-31 19:02:47,708 INFO o.a.j.JMeter: Max memory     =1073741824
2021-05-31 19:02:47,708 INFO o.a.j.JMeter: Available Processors =2
2021-05-31 19:02:47,725 INFO o.a.j.JMeter: Default Locale=English (EN)
2021-05-31 19:02:47,725 INFO o.a.j.JMeter: JMeter  Locale=English (EN)
2021-05-31 19:02:47,725 INFO o.a.j.JMeter: JMeterHome=/opt/radon-ctt-agent/plugins/jmeter/apache-jmeter-5.2.1
2021-05-31 19:02:47,725 INFO o.a.j.JMeter: user.dir  =/opt/radon-ctt-agent
2021-05-31 19:02:47,726 INFO o.a.j.JMeter: PWD       =/opt/radon-ctt-agent
2021-05-31 19:02:47,726 INFO o.a.j.JMeter: IP: 172.17.0.2 Name: 159e1dd70d3b FullName: 159e1dd70d3b
2021-05-31 19:02:47,729 INFO o.a.j.JMeter: Setting property 'jmeter.reportgenerator.outputdir' to:'/opt/radon-ctt-agent/jmeter/89e9ea67-4ff1-4b0a-bc0e-4501f88a562c/39c59d3e-62e2-4d14-a7e5-daeecf49af9c/dashboard'
2021-05-31 19:02:47,733 INFO o.a.j.s.FileServer: Default base='/opt/radon-ctt-agent'
2021-05-31 19:02:47,735 INFO o.a.j.s.FileServer: Set new base='/opt/radon-ctt-agent/jmeter/89e9ea67-4ff1-4b0a-bc0e-4501f88a562c/config/resources'
2021-05-31 19:02:47,991 INFO o.a.j.s.SaveService: Testplan (JMX) version: 2.2. Testlog (JTL) version: 2.2
2021-05-31 19:02:48,005 INFO o.a.j.s.SaveService: Using SaveService properties version 5.0
2021-05-31 19:02:48,010 INFO o.a.j.s.SaveService: Using SaveService properties file encoding UTF-8
2021-05-31 19:02:48,021 INFO o.a.j.s.SaveService: Loading file: /opt/radon-ctt-agent/jmeter/89e9ea67-4ff1-4b0a-bc0e-4501f88a562c/config/resources/loadtest.jmx
2021-05-31 19:02:48,538 INFO o.a.j.r.d.ReportGenerator: ReportGenerator will use for Parsing the separator: ','
2021-05-31 19:02:48,539 INFO o.a.j.r.d.ReportGenerator: Will generate report at end of test from  results file: /opt/radon-ctt-agent/jmeter/89e9ea67-4ff1-4b0a-bc0e-4501f88a562c/39c59d3e-62e2-4d14-a7e5-daeecf49af9c/sample_results.jtl
2021-05-31 19:02:48,539 INFO o.a.j.r.d.ReportGenerator: Reading report generator properties from: /opt/radon-ctt-agent/plugins/jmeter/apache-jmeter-5.2.1/bin/reportgenerator.properties
2021-05-31 19:02:48,540 INFO o.a.j.r.d.ReportGenerator: Merging with JMeter properties
2021-05-31 19:02:48,545 INFO o.a.j.r.c.ReportGeneratorConfiguration: Property 'jmeter.reportgenerator.temp_dir' not found, using default value 'temp' instead.
2021-05-31 19:02:48,546 INFO o.a.j.r.c.ReportGeneratorConfiguration: Property 'jmeter.reportgenerator.apdex_satisfied_threshold' not found, using default value '500' instead.
2021-05-31 19:02:48,546 INFO o.a.j.r.c.ReportGeneratorConfiguration: Property 'jmeter.reportgenerator.apdex_tolerated_threshold' not found, using default value '1500' instead.
2021-05-31 19:02:48,546 INFO o.a.j.r.c.ReportGeneratorConfiguration: Property 'jmeter.reportgenerator.apdex_per_transaction' not found, using default value 'null' instead.
2021-05-31 19:02:48,546 INFO o.a.j.r.c.ReportGeneratorConfiguration: apdex_per_transaction is empty, not APDEX per transaction customization
2021-05-31 19:02:48,549 INFO o.a.j.r.c.ReportGeneratorConfiguration: Property 'jmeter.reportgenerator.sample_filter' not found, using default value 'null' instead.
2021-05-31 19:02:48,549 INFO o.a.j.r.c.ReportGeneratorConfiguration: Property 'jmeter.reportgenerator.report_title' not found, using default value 'null' instead.
2021-05-31 19:02:48,550 INFO o.a.j.r.c.ReportGeneratorConfiguration: Property 'jmeter.reportgenerator.start_date' not found, using default value 'null' instead.
2021-05-31 19:02:48,550 INFO o.a.j.r.c.ReportGeneratorConfiguration: Property 'jmeter.reportgenerator.end_date' not found, using default value 'null' instead.
2021-05-31 19:02:48,550 INFO o.a.j.r.c.ReportGeneratorConfiguration: Property 'jmeter.reportgenerator.date_format' not found, using default value 'null' instead.
2021-05-31 19:02:48,550 INFO o.a.j.r.c.ReportGeneratorConfiguration: Will use date range start date: null, end date: null
2021-05-31 19:02:48,555 INFO o.a.j.r.c.ReportGeneratorConfiguration: Property 'jmeter.reportgenerator.graph.totalTPS.exclude_controllers' not found, using default value 'false' instead.
2021-05-31 19:02:48,556 INFO o.a.j.r.c.ReportGeneratorConfiguration: Property 'jmeter.reportgenerator.graph.activeThreadsOverTime.exclude_controllers' not found, using default value 'false' instead.
2021-05-31 19:02:48,556 INFO o.a.j.r.c.ReportGeneratorConfiguration: Property 'jmeter.reportgenerator.graph.timeVsThreads.exclude_controllers' not found, using default value 'false' instead.
2021-05-31 19:02:48,556 INFO o.a.j.r.c.ReportGeneratorConfiguration: Property 'jmeter.reportgenerator.graph.responseTimeDistribution.exclude_controllers' not found, using default value 'false' instead.
2021-05-31 19:02:48,556 INFO o.a.j.r.c.ReportGeneratorConfiguration: Property 'jmeter.reportgenerator.graph.transactionsPerSecond.exclude_controllers' not found, using default value 'false' instead.
2021-05-31 19:02:48,556 INFO o.a.j.r.c.ReportGeneratorConfiguration: Property 'jmeter.reportgenerator.graph.responseTimePercentiles.exclude_controllers' not found, using default value 'false' instead.
2021-05-31 19:02:48,557 INFO o.a.j.r.c.ReportGeneratorConfiguration: Property 'jmeter.reportgenerator.graph.responseTimePercentilesOverTime.exclude_controllers' not found, using default value 'false' instead.
2021-05-31 19:02:48,557 INFO o.a.j.r.c.ReportGeneratorConfiguration: Property 'jmeter.reportgenerator.graph.responseTimesOverTime.exclude_controllers' not found, using default value 'false' instead.
2021-05-31 19:02:48,557 INFO o.a.j.r.c.ReportGeneratorConfiguration: Property 'jmeter.reportgenerator.graph.connectTimeOverTime.exclude_controllers' not found, using default value 'false' instead.
2021-05-31 19:02:48,557 INFO o.a.j.r.c.ReportGeneratorConfiguration: Property 'jmeter.reportgenerator.graph.latenciesOverTime.exclude_controllers' not found, using default value 'false' instead.
2021-05-31 19:02:48,558 INFO o.a.j.r.c.ReportGeneratorConfiguration: Property 'jmeter.reportgenerator.exporter.json.filters_only_sample_series' not found, using default value 'true' instead.
2021-05-31 19:02:48,558 INFO o.a.j.r.c.ReportGeneratorConfiguration: Property 'jmeter.reportgenerator.exporter.json.series_filter' not found, using default value '' instead.
2021-05-31 19:02:48,558 INFO o.a.j.r.c.ReportGeneratorConfiguration: Property 'jmeter.reportgenerator.exporter.json.show_controllers_only' not found, using default value 'false' instead.
2021-05-31 19:02:48,559 INFO o.a.j.r.c.ReportGeneratorConfiguration: Property 'jmeter.reportgenerator.exporter.html.filters_only_sample_series' not found, using default value 'true' instead.
2021-05-31 19:02:48,559 INFO o.a.j.r.c.ReportGeneratorConfiguration: Property 'jmeter.reportgenerator.exporter.html.series_filter' not found, using default value '' instead.
2021-05-31 19:02:48,559 INFO o.a.j.r.c.ReportGeneratorConfiguration: Property 'jmeter.reportgenerator.exporter.html.show_controllers_only' not found, using default value 'false' instead.
2021-05-31 19:02:48,569 INFO o.a.j.e.StandardJMeterEngine: Running the test!
2021-05-31 19:02:48,580 INFO o.a.j.s.SampleEvent: List of sample_variables: []
2021-05-31 19:02:48,580 INFO o.a.j.s.SampleEvent: List of sample_variables: []
2021-05-31 19:02:49,200 INFO o.a.j.JMeter: Running test (1622487769200)
2021-05-31 19:02:49,242 INFO o.a.j.e.StandardJMeterEngine: Starting ThreadGroup: 1 : Thread Group
2021-05-31 19:02:49,243 INFO o.a.j.e.StandardJMeterEngine: Starting 80 threads for group Thread Group.
2021-05-31 19:02:49,243 INFO o.a.j.e.StandardJMeterEngine: Thread will continue on error
2021-05-31 19:02:49,243 INFO o.a.j.t.ThreadGroup: Starting thread group... number=1 threads=80 ramp-up=120 delayedStart=false
2021-05-31 19:02:49,282 INFO o.a.j.t.JMeterThread: Thread started: Thread Group 1-1
2021-05-31 19:02:49,356 INFO o.a.j.t.ThreadGroup: Started thread group number 1
2021-05-31 19:02:49,356 INFO o.a.j.e.StandardJMeterEngine: All thread groups have been started
2021-05-31 19:02:50,783 INFO o.a.j.t.JMeterThread: Thread started: Thread Group 1-2
2021-05-31 19:02:52,276 INFO o.a.j.t.JMeterThread: Thread started: Thread Group 1-3
2021-05-31 19:02:53,774 INFO o.a.j.t.JMeterThread: Thread started: Thread Group 1-4
2021-05-31 19:02:55,266 INFO o.a.j.t.JMeterThread: Thread started: Thread Group 1-5
2021-05-31 19:02:55,622 INFO o.a.j.p.h.s.HTTPHCAbstractImpl: Local host = 159e1dd70d3b
2021-05-31 19:02:55,629 INFO o.a.j.p.h.s.HTTPHC4Impl: HTTP request retry count = 0
2021-05-31 19:02:55,630 INFO o.a.j.s.SampleResult: Note: Sample TimeStamps are END times
2021-05-31 19:02:55,630 INFO o.a.j.s.SampleResult: sampleresult.default.encoding is set to ISO-8859-1
2021-05-31 19:02:55,630 INFO o.a.j.s.SampleResult: sampleresult.useNanoTime=true
2021-05-31 19:02:55,631 INFO o.a.j.s.SampleResult: sampleresult.nanoThreadSleep=5000
2021-05-31 19:02:55,767 INFO o.a.j.p.h.s.h.LazyLayeredConnectionSocketFactory: Setting up HTTPS TrustAll Socket Factory
2021-05-31 19:02:55,774 INFO o.a.j.u.JsseSSLManager: Using default SSL protocol: TLS
2021-05-31 19:02:55,774 INFO o.a.j.u.JsseSSLManager: SSL session context: per-thread
2021-05-31 19:02:55,902 INFO o.a.j.u.SSLManager: JmeterKeyStore Location:  type JKS
2021-05-31 19:02:55,906 INFO o.a.j.u.SSLManager: KeyStore created OK
2021-05-31 19:02:55,907 WARN o.a.j.u.SSLManager: Keystore file not found, loading empty keystore
2021-05-31 19:02:56,764 INFO o.a.j.t.JMeterThread: Thread started: Thread Group 1-6
2021-05-31 19:02:58,263 INFO o.a.j.t.JMeterThread: Thread started: Thread Group 1-7
2021-05-31 19:02:59,761 INFO o.a.j.t.JMeterThread: Thread started: Thread Group 1-8
2021-05-31 19:03:01,260 INFO o.a.j.t.JMeterThread: Thread started: Thread Group 1-9
2021-05-31 19:03:02,757 INFO o.a.j.t.JMeterThread: Thread started: Thread Group 1-10
2021-05-31 19:03:04,261 INFO o.a.j.t.JMeterThread: Thread started: Thread Group 1-11
2021-05-31 19:03:05,760 INFO o.a.j.t.JMeterThread: Thread started: Thread Group 1-12
2021-05-31 19:03:07,259 INFO o.a.j.t.JMeterThread: Thread started: Thread Group 1-13
2021-05-31 19:03:08,766 INFO o.a.j.t.JMeterThread: Thread started: Thread Group 1-14
2021-05-31 19:03:10,245 INFO o.a.j.t.JMeterThread: Thread started: Thread Group 1-15
2021-05-31 19:03:11,746 INFO o.a.j.t.JMeterThread: Thread started: Thread Group 1-16
2021-05-31 19:03:13,246 INFO o.a.j.t.JMeterThread: Thread started: Thread Group 1-17
2021-05-31 19:03:14,746 INFO o.a.j.t.JMeterThread: Thread started: Thread Group 1-18
2021-05-31 19:03:16,246 INFO o.a.j.t.JMeterThread: Thread started: Thread Group 1-19
2021-05-31 19:03:17,745 INFO o.a.j.t.JMeterThread: Thread started: Thread Group 1-20
2021-05-31 19:03:19,245 INFO o.a.j.t.JMeterThread: Thread started: Thread Group 1-21
2021-05-31 19:03:20,747 INFO o.a.j.t.JMeterThread: Thread started: Thread Group 1-22
2021-05-31 19:03:22,246 INFO o.a.j.t.JMeterThread: Thread started: Thread Group 1-23
2021-05-31 19:03:23,745 INFO o.a.j.t.JMeterThread: Thread started: Thread Group 1-24
2021-05-31 19:03:25,245 INFO o.a.j.t.JMeterThread: Thread started: Thread Group 1-25
2021-05-31 19:03:26,744 INFO o.a.j.t.JMeterThread: Thread started: Thread Group 1-26
2021-05-31 19:03:28,245 INFO o.a.j.t.JMeterThread: Thread started: Thread Group 1-27
2021-05-31 19:03:29,745 INFO o.a.j.t.JMeterThread: Thread started: Thread Group 1-28
2021-05-31 19:03:31,245 INFO o.a.j.t.JMeterThread: Thread started: Thread Group 1-29
2021-05-31 19:03:32,745 INFO o.a.j.t.JMeterThread: Thread started: Thread Group 1-30
2021-05-31 19:03:34,245 INFO o.a.j.t.JMeterThread: Thread started: Thread Group 1-31
2021-05-31 19:03:35,745 INFO o.a.j.t.JMeterThread: Thread started: Thread Group 1-32
2021-05-31 19:03:37,244 INFO o.a.j.t.JMeterThread: Thread started: Thread Group 1-33
2021-05-31 19:03:38,744 INFO o.a.j.t.JMeterThread: Thread started: Thread Group 1-34
2021-05-31 19:03:40,245 INFO o.a.j.t.JMeterThread: Thread started: Thread Group 1-35
2021-05-31 19:03:41,745 INFO o.a.j.t.JMeterThread: Thread started: Thread Group 1-36
2021-05-31 19:03:43,244 INFO o.a.j.t.JMeterThread: Thread started: Thread Group 1-37
2021-05-31 19:03:44,744 INFO o.a.j.t.JMeterThread: Thread started: Thread Group 1-38
2021-05-31 19:03:46,246 INFO o.a.j.t.JMeterThread: Thread started: Thread Group 1-39
2021-05-31 19:03:47,744 INFO o.a.j.t.JMeterThread: Thread started: Thread Group 1-40
2021-05-31 19:03:49,244 INFO o.a.j.t.JMeterThread: Thread started: Thread Group 1-41
2021-05-31 19:03:50,746 INFO o.a.j.t.JMeterThread: Thread started: Thread Group 1-42
2021-05-31 19:03:52,246 INFO o.a.j.t.JMeterThread: Thread started: Thread Group 1-43
2021-05-31 19:03:53,744 INFO o.a.j.t.JMeterThread: Thread started: Thread Group 1-44
2021-05-31 19:03:55,248 INFO o.a.j.t.JMeterThread: Thread started: Thread Group 1-45
2021-05-31 19:03:56,749 INFO o.a.j.t.JMeterThread: Thread started: Thread Group 1-46
2021-05-31 19:03:58,245 INFO o.a.j.t.JMeterThread: Thread started: Thread Group 1-47
2021-05-31 19:03:59,745 INFO o.a.j.t.JMeterThread: Thread started: Thread Group 1-48
2021-05-31 19:04:01,244 INFO o.a.j.t.JMeterThread: Thread started: Thread Group 1-49
2021-05-31 19:04:02,745 INFO o.a.j.t.JMeterThread: Thread started: Thread Group 1-50
2021-05-31 19:04:04,244 INFO o.a.j.t.JMeterThread: Thread started: Thread Group 1-51
2021-05-31 19:04:05,744 INFO o.a.j.t.JMeterThread: Thread started: Thread Group 1-52
2021-05-31 19:04:07,245 INFO o.a.j.t.JMeterThread: Thread started: Thread Group 1-53
2021-05-31 19:04:08,747 INFO o.a.j.t.JMeterThread: Thread started: Thread Group 1-54
2021-05-31 19:04:10,245 INFO o.a.j.t.JMeterThread: Thread started: Thread Group 1-55
2021-05-31 19:04:11,745 INFO o.a.j.t.JMeterThread: Thread started: Thread Group 1-56
2021-05-31 19:04:13,245 INFO o.a.j.t.JMeterThread: Thread started: Thread Group 1-57
2021-05-31 19:04:14,744 INFO o.a.j.t.JMeterThread: Thread started: Thread Group 1-58
2021-05-31 19:04:16,245 INFO o.a.j.t.JMeterThread: Thread started: Thread Group 1-59
2021-05-31 19:04:17,744 INFO o.a.j.t.JMeterThread: Thread started: Thread Group 1-60
2021-05-31 19:04:19,244 INFO o.a.j.t.JMeterThread: Thread started: Thread Group 1-61
2021-05-31 19:04:20,748 INFO o.a.j.t.JMeterThread: Thread started: Thread Group 1-62
2021-05-31 19:04:22,245 INFO o.a.j.t.JMeterThread: Thread started: Thread Group 1-63
2021-05-31 19:04:23,745 INFO o.a.j.t.JMeterThread: Thread started: Thread Group 1-64
2021-05-31 19:04:25,244 INFO o.a.j.t.JMeterThread: Thread started: Thread Group 1-65
2021-05-31 19:04:26,746 INFO o.a.j.t.JMeterThread: Thread started: Thread Group 1-66
2021-05-31 19:04:28,251 INFO o.a.j.t.JMeterThread: Thread started: Thread Group 1-67
2021-05-31 19:04:29,745 INFO o.a.j.t.JMeterThread: Thread started: Thread Group 1-68
2021-05-31 19:04:31,245 INFO o.a.j.t.JMeterThread: Thread started: Thread Group 1-69
2021-05-31 19:04:32,745 INFO o.a.j.t.JMeterThread: Thread started: Thread Group 1-70
2021-05-31 19:04:34,246 INFO o.a.j.t.JMeterThread: Thread started: Thread Group 1-71
2021-05-31 19:04:35,744 INFO o.a.j.t.JMeterThread: Thread started: Thread Group 1-72
2021-05-31 19:04:37,244 INFO o.a.j.t.JMeterThread: Thread started: Thread Group 1-73
2021-05-31 19:04:38,744 INFO o.a.j.t.JMeterThread: Thread started: Thread Group 1-74
2021-05-31 19:04:40,244 INFO o.a.j.t.JMeterThread: Thread started: Thread Group 1-75
2021-05-31 19:04:41,745 INFO o.a.j.t.JMeterThread: Thread started: Thread Group 1-76
2021-05-31 19:04:43,244 INFO o.a.j.t.JMeterThread: Thread started: Thread Group 1-77
2021-05-31 19:04:44,744 INFO o.a.j.t.JMeterThread: Thread started: Thread Group 1-78
2021-05-31 19:04:46,245 INFO o.a.j.t.JMeterThread: Thread started: Thread Group 1-79
2021-05-31 19:04:47,745 INFO o.a.j.t.JMeterThread: Thread started: Thread Group 1-80
2021-05-31 19:16:43,064 INFO o.a.j.t.JMeterThread: Thread finished: Thread Group 1-58
2021-05-31 19:16:43,090 INFO o.a.j.t.JMeterThread: Thread finished: Thread Group 1-27
2021-05-31 19:16:43,169 INFO o.a.j.t.JMeterThread: Thread finished: Thread Group 1-21
2021-05-31 19:16:43,255 INFO o.a.j.t.JMeterThread: Thread finished: Thread Group 1-55
2021-05-31 19:16:43,274 INFO o.a.j.t.JMeterThread: Thread finished: Thread Group 1-18
2021-05-31 19:16:43,283 INFO o.a.j.t.JMeterThread: Thread finished: Thread Group 1-79
2021-05-31 19:16:43,304 INFO o.a.j.t.JMeterThread: Thread finished: Thread Group 1-77
2021-05-31 19:16:43,375 INFO o.a.j.t.JMeterThread: Thread finished: Thread Group 1-52
2021-05-31 19:16:43,483 INFO o.a.j.t.JMeterThread: Thread finished: Thread Group 1-9
2021-05-31 19:16:43,508 INFO o.a.j.t.JMeterThread: Thread finished: Thread Group 1-54
2021-05-31 19:16:43,512 INFO o.a.j.t.JMeterThread: Thread finished: Thread Group 1-31
2021-05-31 19:16:43,552 INFO o.a.j.t.JMeterThread: Thread finished: Thread Group 1-10
2021-05-31 19:16:43,651 INFO o.a.j.t.JMeterThread: Thread finished: Thread Group 1-5
2021-05-31 19:16:43,662 INFO o.a.j.t.JMeterThread: Thread finished: Thread Group 1-51
2021-05-31 19:16:43,675 INFO o.a.j.t.JMeterThread: Thread finished: Thread Group 1-28
2021-05-31 19:16:43,788 INFO o.a.j.t.JMeterThread: Thread finished: Thread Group 1-50
2021-05-31 19:16:43,813 INFO o.a.j.t.JMeterThread: Thread finished: Thread Group 1-70
2021-05-31 19:16:43,844 INFO o.a.j.t.JMeterThread: Thread finished: Thread Group 1-26
2021-05-31 19:16:43,870 INFO o.a.j.t.JMeterThread: Thread finished: Thread Group 1-75
2021-05-31 19:16:43,908 INFO o.a.j.t.JMeterThread: Thread finished: Thread Group 1-48
2021-05-31 19:16:44,031 INFO o.a.j.t.JMeterThread: Thread finished: Thread Group 1-17
2021-05-31 19:16:44,238 INFO o.a.j.t.JMeterThread: Thread finished: Thread Group 1-49
2021-05-31 19:16:44,256 INFO o.a.j.t.JMeterThread: Thread finished: Thread Group 1-3
2021-05-31 19:16:44,368 INFO o.a.j.t.JMeterThread: Thread finished: Thread Group 1-59
2021-05-31 19:16:44,419 INFO o.a.j.t.JMeterThread: Thread finished: Thread Group 1-74
2021-05-31 19:16:44,550 INFO o.a.j.t.JMeterThread: Thread finished: Thread Group 1-57
2021-05-31 19:16:44,583 INFO o.a.j.t.JMeterThread: Thread finished: Thread Group 1-23
2021-05-31 19:16:44,632 INFO o.a.j.t.JMeterThread: Thread finished: Thread Group 1-22
2021-05-31 19:16:44,694 INFO o.a.j.t.JMeterThread: Thread finished: Thread Group 1-16
2021-05-31 19:16:44,823 INFO o.a.j.t.JMeterThread: Thread finished: Thread Group 1-2
2021-05-31 19:16:44,929 INFO o.a.j.t.JMeterThread: Thread finished: Thread Group 1-11
2021-05-31 19:16:45,284 INFO o.a.j.t.JMeterThread: Thread finished: Thread Group 1-37
2021-05-31 19:16:45,454 INFO o.a.j.t.JMeterThread: Thread finished: Thread Group 1-53
2021-05-31 19:16:45,584 INFO o.a.j.t.JMeterThread: Thread finished: Thread Group 1-40
2021-05-31 19:16:45,635 INFO o.a.j.t.JMeterThread: Thread finished: Thread Group 1-36
2021-05-31 19:16:45,635 INFO o.a.j.t.JMeterThread: Thread finished: Thread Group 1-35
2021-05-31 19:16:45,642 INFO o.a.j.t.JMeterThread: Thread finished: Thread Group 1-34
2021-05-31 19:16:45,720 INFO o.a.j.t.JMeterThread: Thread finished: Thread Group 1-68
2021-05-31 19:16:45,894 INFO o.a.j.t.JMeterThread: Thread finished: Thread Group 1-19
2021-05-31 19:16:45,947 INFO o.a.j.t.JMeterThread: Thread finished: Thread Group 1-72
2021-05-31 19:16:45,955 INFO o.a.j.t.JMeterThread: Thread finished: Thread Group 1-45
2021-05-31 19:16:45,988 INFO o.a.j.t.JMeterThread: Thread finished: Thread Group 1-71
2021-05-31 19:16:46,053 INFO o.a.j.t.JMeterThread: Thread finished: Thread Group 1-33
2021-05-31 19:16:46,248 INFO o.a.j.t.JMeterThread: Thread finished: Thread Group 1-1
2021-05-31 19:16:46,458 INFO o.a.j.t.JMeterThread: Thread finished: Thread Group 1-24
2021-05-31 19:16:46,469 INFO o.a.j.t.JMeterThread: Thread finished: Thread Group 1-66
2021-05-31 19:16:46,704 INFO o.a.j.t.JMeterThread: Thread finished: Thread Group 1-43
2021-05-31 19:16:46,724 INFO o.a.j.t.JMeterThread: Thread finished: Thread Group 1-46
2021-05-31 19:16:46,754 INFO o.a.j.t.JMeterThread: Thread finished: Thread Group 1-7
2021-05-31 19:16:46,917 INFO o.a.j.t.JMeterThread: Thread finished: Thread Group 1-8
2021-05-31 19:16:46,962 INFO o.a.j.t.JMeterThread: Thread finished: Thread Group 1-62
2021-05-31 19:16:46,965 INFO o.a.j.t.JMeterThread: Thread finished: Thread Group 1-60
2021-05-31 19:16:47,055 INFO o.a.j.t.JMeterThread: Thread finished: Thread Group 1-80
2021-05-31 19:16:47,104 INFO o.a.j.t.JMeterThread: Thread finished: Thread Group 1-63
2021-05-31 19:16:47,167 INFO o.a.j.t.JMeterThread: Thread finished: Thread Group 1-76
2021-05-31 19:16:47,379 INFO o.a.j.t.JMeterThread: Thread finished: Thread Group 1-13
2021-05-31 19:16:47,539 INFO o.a.j.t.JMeterThread: Thread finished: Thread Group 1-29
2021-05-31 19:16:47,592 INFO o.a.j.t.JMeterThread: Thread finished: Thread Group 1-47
2021-05-31 19:16:47,663 INFO o.a.j.t.JMeterThread: Thread finished: Thread Group 1-69
2021-05-31 19:16:47,676 INFO o.a.j.t.JMeterThread: Thread finished: Thread Group 1-30
2021-05-31 19:16:47,714 INFO o.a.j.t.JMeterThread: Thread finished: Thread Group 1-78
2021-05-31 19:16:47,730 INFO o.a.j.t.JMeterThread: Thread finished: Thread Group 1-44
2021-05-31 19:16:47,774 INFO o.a.j.t.JMeterThread: Thread finished: Thread Group 1-38
2021-05-31 19:16:47,800 INFO o.a.j.t.JMeterThread: Thread finished: Thread Group 1-25
2021-05-31 19:16:47,829 INFO o.a.j.t.JMeterThread: Thread finished: Thread Group 1-73
2021-05-31 19:16:47,853 INFO o.a.j.t.JMeterThread: Thread finished: Thread Group 1-65
2021-05-31 19:16:47,939 INFO o.a.j.t.JMeterThread: Thread finished: Thread Group 1-42
2021-05-31 19:16:48,088 INFO o.a.j.t.JMeterThread: Thread finished: Thread Group 1-12
2021-05-31 19:16:48,186 INFO o.a.j.t.JMeterThread: Thread finished: Thread Group 1-67
2021-05-31 19:16:48,300 INFO o.a.j.t.JMeterThread: Thread finished: Thread Group 1-39
2021-05-31 19:16:48,576 INFO o.a.j.t.JMeterThread: Thread finished: Thread Group 1-41
2021-05-31 19:16:48,656 INFO o.a.j.t.JMeterThread: Thread finished: Thread Group 1-6
2021-05-31 19:16:48,853 INFO o.a.j.t.JMeterThread: Thread finished: Thread Group 1-64
2021-05-31 19:16:48,855 INFO o.a.j.t.JMeterThread: Thread finished: Thread Group 1-61
2021-05-31 19:16:48,888 INFO o.a.j.t.JMeterThread: Thread finished: Thread Group 1-32
2021-05-31 19:16:48,965 INFO o.a.j.t.JMeterThread: Thread finished: Thread Group 1-20
2021-05-31 19:16:48,982 INFO o.a.j.t.JMeterThread: Thread finished: Thread Group 1-56
2021-05-31 19:16:48,984 INFO o.a.j.t.JMeterThread: Thread finished: Thread Group 1-15
2021-05-31 19:16:49,224 INFO o.a.j.t.JMeterThread: Thread finished: Thread Group 1-14
2021-05-31 19:16:49,293 INFO o.a.j.t.JMeterThread: Stopping because end time detected by thread: Thread Group 1-4
2021-05-31 19:16:49,293 INFO o.a.j.t.JMeterThread: Thread finished: Thread Group 1-4
2021-05-31 19:16:49,294 INFO o.a.j.e.StandardJMeterEngine: Notifying test listeners of end of test
2021-05-31 19:16:49,294 INFO o.a.j.JMeter: Generating Dashboard
2021-05-31 19:16:49,294 INFO o.a.j.r.d.ReportGenerator: Flushing result collector before report Generation
2021-05-31 19:16:49,307 INFO o.a.j.r.p.NormalizerSampleConsumer: Using format, 'ms', to parse timeStamp field
2021-05-31 19:16:49,317 ERROR o.a.j.r.d.ReportGenerator: Cannot assign "${jmeter.reportgenerator.apdex_satisfied_threshold}" to property "set_satisfied_threshold" (mapped as "setSatisfiedThreshold"), skip it
org.apache.jmeter.report.core.ConvertException: Unable to convert "${jmeter.reportgenerator.apdex_satisfied_threshold}" to "java.lang.Long"
	at org.apache.jmeter.report.core.Converters.lambda$static$4(Converters.java:80) ~[ApacheJMeter_core.jar:5.2.1]
	at org.apache.jmeter.report.dashboard.ReportGenerator.setProperty(ReportGenerator.java:537) [ApacheJMeter_core.jar:5.2.1]
	at org.apache.jmeter.report.dashboard.ReportGenerator.addGraphConsumer(ReportGenerator.java:349) [ApacheJMeter_core.jar:5.2.1]
	at org.apache.jmeter.report.dashboard.ReportGenerator.generate(ReportGenerator.java:236) [ApacheJMeter_core.jar:5.2.1]
	at org.apache.jmeter.JMeter$ListenToTest.endTest(JMeter.java:1330) [ApacheJMeter_core.jar:5.2.1]
	at org.apache.jmeter.JMeter$ListenToTest.testEnded(JMeter.java:1286) [ApacheJMeter_core.jar:5.2.1]
	at org.apache.jmeter.engine.StandardJMeterEngine.notifyTestListenersOfEnd(StandardJMeterEngine.java:218) [ApacheJMeter_core.jar:5.2.1]
	at org.apache.jmeter.engine.StandardJMeterEngine.run(StandardJMeterEngine.java:492) [ApacheJMeter_core.jar:5.2.1]
	at java.lang.Thread.run(Thread.java:834) [?:?]
Caused by: java.lang.NumberFormatException: For input string: "${jmeter.reportgenerator.apdex_satisfied_threshold}"
	at java.lang.NumberFormatException.forInputString(NumberFormatException.java:65) ~[?:?]
	at java.lang.Long.parseLong(Long.java:678) ~[?:?]
	at java.lang.Long.valueOf(Long.java:1144) ~[?:?]
	at org.apache.jmeter.report.core.Converters.lambda$static$4(Converters.java:78) ~[ApacheJMeter_core.jar:5.2.1]
	... 8 more
2021-05-31 19:16:49,324 ERROR o.a.j.JMeter: Error generating the report: Cannot assign "${jmeter.reportgenerator.apdex_satisfied_threshold}" to property "set_satisfied_threshold" (mapped as "setSatisfiedThreshold"), skip it
org.apache.jmeter.report.dashboard.GenerationException: Cannot assign "${jmeter.reportgenerator.apdex_satisfied_threshold}" to property "set_satisfied_threshold" (mapped as "setSatisfiedThreshold"), skip it
	at org.apache.jmeter.report.dashboard.ReportGenerator.setProperty(ReportGenerator.java:550) ~[ApacheJMeter_core.jar:5.2.1]
	at org.apache.jmeter.report.dashboard.ReportGenerator.addGraphConsumer(ReportGenerator.java:349) ~[ApacheJMeter_core.jar:5.2.1]
	at org.apache.jmeter.report.dashboard.ReportGenerator.generate(ReportGenerator.java:236) ~[ApacheJMeter_core.jar:5.2.1]
	at org.apache.jmeter.JMeter$ListenToTest.endTest(JMeter.java:1330) [ApacheJMeter_core.jar:5.2.1]
	at org.apache.jmeter.JMeter$ListenToTest.testEnded(JMeter.java:1286) [ApacheJMeter_core.jar:5.2.1]
	at org.apache.jmeter.engine.StandardJMeterEngine.notifyTestListenersOfEnd(StandardJMeterEngine.java:218) [ApacheJMeter_core.jar:5.2.1]
	at org.apache.jmeter.engine.StandardJMeterEngine.run(StandardJMeterEngine.java:492) [ApacheJMeter_core.jar:5.2.1]
	at java.lang.Thread.run(Thread.java:834) [?:?]
Caused by: org.apache.jmeter.report.core.ConvertException: Unable to convert "${jmeter.reportgenerator.apdex_satisfied_threshold}" to "java.lang.Long"
	at org.apache.jmeter.report.core.Converters.lambda$static$4(Converters.java:80) ~[ApacheJMeter_core.jar:5.2.1]
	at org.apache.jmeter.report.dashboard.ReportGenerator.setProperty(ReportGenerator.java:537) ~[ApacheJMeter_core.jar:5.2.1]
	... 7 more
Caused by: java.lang.NumberFormatException: For input string: "${jmeter.reportgenerator.apdex_satisfied_threshold}"
	at java.lang.NumberFormatException.forInputString(NumberFormatException.java:65) ~[?:?]
	at java.lang.Long.parseLong(Long.java:678) ~[?:?]
	at java.lang.Long.valueOf(Long.java:1144) ~[?:?]
	at org.apache.jmeter.report.core.Converters.lambda$static$4(Converters.java:78) ~[ApacheJMeter_core.jar:5.2.1]
	at org.apache.jmeter.report.dashboard.ReportGenerator.setProperty(ReportGenerator.java:537) ~[ApacheJMeter_core.jar:5.2.1]
	... 7 more
