2021-05-31 14:43:56,367 INFO o.a.j.u.JMeterUtils: Setting Locale to en_EN
2021-05-31 14:43:56,431 INFO o.a.j.JMeter: Setting JMeter property: HOST=1gnx5ov7va.execute-api.eu-central-1.amazonaws.com
2021-05-31 14:43:56,431 INFO o.a.j.JMeter: Setting JMeter property: PATH=/production/todos
2021-05-31 14:43:56,431 INFO o.a.j.JMeter: Setting JMeter property: PORT=443
2021-05-31 14:43:56,433 INFO o.a.j.JMeter: Copyright (c) 1998-2019 The Apache Software Foundation
2021-05-31 14:43:56,433 INFO o.a.j.JMeter: Version 5.2.1
2021-05-31 14:43:56,433 INFO o.a.j.JMeter: java.version=11.0.9
2021-05-31 14:43:56,433 INFO o.a.j.JMeter: java.vm.name=OpenJDK 64-Bit Server VM
2021-05-31 14:43:56,433 INFO o.a.j.JMeter: os.name=Linux
2021-05-31 14:43:56,433 INFO o.a.j.JMeter: os.arch=amd64
2021-05-31 14:43:56,433 INFO o.a.j.JMeter: os.version=5.3.0-1023-aws
2021-05-31 14:43:56,434 INFO o.a.j.JMeter: file.encoding=UTF-8
2021-05-31 14:43:56,434 INFO o.a.j.JMeter: java.awt.headless=true
2021-05-31 14:43:56,434 INFO o.a.j.JMeter: Max memory     =1073741824
2021-05-31 14:43:56,434 INFO o.a.j.JMeter: Available Processors =2
2021-05-31 14:43:56,443 INFO o.a.j.JMeter: Default Locale=English (EN)
2021-05-31 14:43:56,443 INFO o.a.j.JMeter: JMeter  Locale=English (EN)
2021-05-31 14:43:56,443 INFO o.a.j.JMeter: JMeterHome=/opt/radon-ctt-agent/plugins/jmeter/apache-jmeter-5.2.1
2021-05-31 14:43:56,443 INFO o.a.j.JMeter: user.dir  =/opt/radon-ctt-agent
2021-05-31 14:43:56,444 INFO o.a.j.JMeter: PWD       =/opt/radon-ctt-agent
2021-05-31 14:43:56,444 INFO o.a.j.JMeter: IP: 172.17.0.2 Name: 5885aca83e02 FullName: 5885aca83e02
2021-05-31 14:43:56,446 INFO o.a.j.JMeter: Setting property 'jmeter.reportgenerator.outputdir' to:'/opt/radon-ctt-agent/jmeter/7f0deba6-71db-4c06-a676-3f42c62f9fd0/ac554ad5-e9a1-4bb4-98ea-1c49cb115f6f/dashboard'
2021-05-31 14:43:56,450 INFO o.a.j.s.FileServer: Default base='/opt/radon-ctt-agent'
2021-05-31 14:43:56,452 INFO o.a.j.s.FileServer: Set new base='/opt/radon-ctt-agent/jmeter/7f0deba6-71db-4c06-a676-3f42c62f9fd0/config/resources'
2021-05-31 14:43:56,704 INFO o.a.j.s.SaveService: Testplan (JMX) version: 2.2. Testlog (JTL) version: 2.2
2021-05-31 14:43:56,714 INFO o.a.j.s.SaveService: Using SaveService properties version 5.0
2021-05-31 14:43:56,719 INFO o.a.j.s.SaveService: Using SaveService properties file encoding UTF-8
2021-05-31 14:43:56,723 INFO o.a.j.s.SaveService: Loading file: /opt/radon-ctt-agent/jmeter/7f0deba6-71db-4c06-a676-3f42c62f9fd0/config/resources/loadtest.jmx
2021-05-31 14:43:57,131 INFO o.a.j.r.d.ReportGenerator: ReportGenerator will use for Parsing the separator: ','
2021-05-31 14:43:57,132 INFO o.a.j.r.d.ReportGenerator: Will generate report at end of test from  results file: /opt/radon-ctt-agent/jmeter/7f0deba6-71db-4c06-a676-3f42c62f9fd0/ac554ad5-e9a1-4bb4-98ea-1c49cb115f6f/sample_results.jtl
2021-05-31 14:43:57,132 INFO o.a.j.r.d.ReportGenerator: Reading report generator properties from: /opt/radon-ctt-agent/plugins/jmeter/apache-jmeter-5.2.1/bin/reportgenerator.properties
2021-05-31 14:43:57,137 INFO o.a.j.r.d.ReportGenerator: Merging with JMeter properties
2021-05-31 14:43:57,143 INFO o.a.j.r.c.ReportGeneratorConfiguration: Property 'jmeter.reportgenerator.temp_dir' not found, using default value 'temp' instead.
2021-05-31 14:43:57,143 INFO o.a.j.r.c.ReportGeneratorConfiguration: Property 'jmeter.reportgenerator.apdex_satisfied_threshold' not found, using default value '500' instead.
2021-05-31 14:43:57,143 INFO o.a.j.r.c.ReportGeneratorConfiguration: Property 'jmeter.reportgenerator.apdex_tolerated_threshold' not found, using default value '1500' instead.
2021-05-31 14:43:57,143 INFO o.a.j.r.c.ReportGeneratorConfiguration: Property 'jmeter.reportgenerator.apdex_per_transaction' not found, using default value 'null' instead.
2021-05-31 14:43:57,144 INFO o.a.j.r.c.ReportGeneratorConfiguration: apdex_per_transaction is empty, not APDEX per transaction customization
2021-05-31 14:43:57,146 INFO o.a.j.r.c.ReportGeneratorConfiguration: Property 'jmeter.reportgenerator.sample_filter' not found, using default value 'null' instead.
2021-05-31 14:43:57,147 INFO o.a.j.r.c.ReportGeneratorConfiguration: Property 'jmeter.reportgenerator.report_title' not found, using default value 'null' instead.
2021-05-31 14:43:57,147 INFO o.a.j.r.c.ReportGeneratorConfiguration: Property 'jmeter.reportgenerator.start_date' not found, using default value 'null' instead.
2021-05-31 14:43:57,147 INFO o.a.j.r.c.ReportGeneratorConfiguration: Property 'jmeter.reportgenerator.end_date' not found, using default value 'null' instead.
2021-05-31 14:43:57,148 INFO o.a.j.r.c.ReportGeneratorConfiguration: Property 'jmeter.reportgenerator.date_format' not found, using default value 'null' instead.
2021-05-31 14:43:57,149 INFO o.a.j.r.c.ReportGeneratorConfiguration: Will use date range start date: null, end date: null
2021-05-31 14:43:57,154 INFO o.a.j.r.c.ReportGeneratorConfiguration: Property 'jmeter.reportgenerator.graph.totalTPS.exclude_controllers' not found, using default value 'false' instead.
2021-05-31 14:43:57,155 INFO o.a.j.r.c.ReportGeneratorConfiguration: Property 'jmeter.reportgenerator.graph.activeThreadsOverTime.exclude_controllers' not found, using default value 'false' instead.
2021-05-31 14:43:57,155 INFO o.a.j.r.c.ReportGeneratorConfiguration: Property 'jmeter.reportgenerator.graph.timeVsThreads.exclude_controllers' not found, using default value 'false' instead.
2021-05-31 14:43:57,155 INFO o.a.j.r.c.ReportGeneratorConfiguration: Property 'jmeter.reportgenerator.graph.responseTimeDistribution.exclude_controllers' not found, using default value 'false' instead.
2021-05-31 14:43:57,155 INFO o.a.j.r.c.ReportGeneratorConfiguration: Property 'jmeter.reportgenerator.graph.transactionsPerSecond.exclude_controllers' not found, using default value 'false' instead.
2021-05-31 14:43:57,156 INFO o.a.j.r.c.ReportGeneratorConfiguration: Property 'jmeter.reportgenerator.graph.responseTimePercentiles.exclude_controllers' not found, using default value 'false' instead.
2021-05-31 14:43:57,156 INFO o.a.j.r.c.ReportGeneratorConfiguration: Property 'jmeter.reportgenerator.graph.responseTimePercentilesOverTime.exclude_controllers' not found, using default value 'false' instead.
2021-05-31 14:43:57,156 INFO o.a.j.r.c.ReportGeneratorConfiguration: Property 'jmeter.reportgenerator.graph.responseTimesOverTime.exclude_controllers' not found, using default value 'false' instead.
2021-05-31 14:43:57,157 INFO o.a.j.r.c.ReportGeneratorConfiguration: Property 'jmeter.reportgenerator.graph.connectTimeOverTime.exclude_controllers' not found, using default value 'false' instead.
2021-05-31 14:43:57,158 INFO o.a.j.r.c.ReportGeneratorConfiguration: Property 'jmeter.reportgenerator.graph.latenciesOverTime.exclude_controllers' not found, using default value 'false' instead.
2021-05-31 14:43:57,159 INFO o.a.j.r.c.ReportGeneratorConfiguration: Property 'jmeter.reportgenerator.exporter.json.filters_only_sample_series' not found, using default value 'true' instead.
2021-05-31 14:43:57,159 INFO o.a.j.r.c.ReportGeneratorConfiguration: Property 'jmeter.reportgenerator.exporter.json.series_filter' not found, using default value '' instead.
2021-05-31 14:43:57,159 INFO o.a.j.r.c.ReportGeneratorConfiguration: Property 'jmeter.reportgenerator.exporter.json.show_controllers_only' not found, using default value 'false' instead.
2021-05-31 14:43:57,160 INFO o.a.j.r.c.ReportGeneratorConfiguration: Property 'jmeter.reportgenerator.exporter.html.filters_only_sample_series' not found, using default value 'true' instead.
2021-05-31 14:43:57,160 INFO o.a.j.r.c.ReportGeneratorConfiguration: Property 'jmeter.reportgenerator.exporter.html.series_filter' not found, using default value '' instead.
2021-05-31 14:43:57,161 INFO o.a.j.r.c.ReportGeneratorConfiguration: Property 'jmeter.reportgenerator.exporter.html.show_controllers_only' not found, using default value 'false' instead.
2021-05-31 14:43:57,166 INFO o.a.j.e.StandardJMeterEngine: Running the test!
2021-05-31 14:43:57,176 INFO o.a.j.s.SampleEvent: List of sample_variables: []
2021-05-31 14:43:57,176 INFO o.a.j.s.SampleEvent: List of sample_variables: []
2021-05-31 14:43:57,741 INFO o.a.j.JMeter: Running test (1622472237741)
2021-05-31 14:43:57,785 INFO o.a.j.e.StandardJMeterEngine: Starting ThreadGroup: 1 : Thread Group
2021-05-31 14:43:57,785 INFO o.a.j.e.StandardJMeterEngine: Starting 70 threads for group Thread Group.
2021-05-31 14:43:57,785 INFO o.a.j.e.StandardJMeterEngine: Thread will continue on error
2021-05-31 14:43:57,786 INFO o.a.j.t.ThreadGroup: Starting thread group... number=1 threads=70 ramp-up=120 delayedStart=false
2021-05-31 14:43:57,819 INFO o.a.j.t.JMeterThread: Thread started: Thread Group 1-1
2021-05-31 14:43:57,907 INFO o.a.j.t.ThreadGroup: Started thread group number 1
2021-05-31 14:43:57,907 INFO o.a.j.e.StandardJMeterEngine: All thread groups have been started
2021-05-31 14:43:59,530 INFO o.a.j.t.JMeterThread: Thread started: Thread Group 1-2
2021-05-31 14:44:01,246 INFO o.a.j.t.JMeterThread: Thread started: Thread Group 1-3
2021-05-31 14:44:02,959 INFO o.a.j.t.JMeterThread: Thread started: Thread Group 1-4
2021-05-31 14:44:04,172 INFO o.a.j.p.h.s.HTTPHCAbstractImpl: Local host = 5885aca83e02
2021-05-31 14:44:04,178 INFO o.a.j.p.h.s.HTTPHC4Impl: HTTP request retry count = 0
2021-05-31 14:44:04,180 INFO o.a.j.s.SampleResult: Note: Sample TimeStamps are END times
2021-05-31 14:44:04,180 INFO o.a.j.s.SampleResult: sampleresult.default.encoding is set to ISO-8859-1
2021-05-31 14:44:04,180 INFO o.a.j.s.SampleResult: sampleresult.useNanoTime=true
2021-05-31 14:44:04,180 INFO o.a.j.s.SampleResult: sampleresult.nanoThreadSleep=5000
2021-05-31 14:44:04,315 INFO o.a.j.p.h.s.h.LazyLayeredConnectionSocketFactory: Setting up HTTPS TrustAll Socket Factory
2021-05-31 14:44:04,321 INFO o.a.j.u.JsseSSLManager: Using default SSL protocol: TLS
2021-05-31 14:44:04,321 INFO o.a.j.u.JsseSSLManager: SSL session context: per-thread
2021-05-31 14:44:04,429 INFO o.a.j.u.SSLManager: JmeterKeyStore Location:  type JKS
2021-05-31 14:44:04,433 INFO o.a.j.u.SSLManager: KeyStore created OK
2021-05-31 14:44:04,434 WARN o.a.j.u.SSLManager: Keystore file not found, loading empty keystore
2021-05-31 14:44:04,667 INFO o.a.j.t.JMeterThread: Thread started: Thread Group 1-5
2021-05-31 14:44:06,377 INFO o.a.j.t.JMeterThread: Thread started: Thread Group 1-6
2021-05-31 14:44:08,091 INFO o.a.j.t.JMeterThread: Thread started: Thread Group 1-7
2021-05-31 14:44:09,804 INFO o.a.j.t.JMeterThread: Thread started: Thread Group 1-8
2021-05-31 14:44:11,519 INFO o.a.j.t.JMeterThread: Thread started: Thread Group 1-9
2021-05-31 14:44:13,231 INFO o.a.j.t.JMeterThread: Thread started: Thread Group 1-10
2021-05-31 14:44:14,940 INFO o.a.j.t.JMeterThread: Thread started: Thread Group 1-11
2021-05-31 14:44:16,643 INFO o.a.j.t.JMeterThread: Thread started: Thread Group 1-12
2021-05-31 14:44:18,358 INFO o.a.j.t.JMeterThread: Thread started: Thread Group 1-13
2021-05-31 14:44:20,073 INFO o.a.j.t.JMeterThread: Thread started: Thread Group 1-14
2021-05-31 14:44:21,788 INFO o.a.j.t.JMeterThread: Thread started: Thread Group 1-15
2021-05-31 14:44:23,501 INFO o.a.j.t.JMeterThread: Thread started: Thread Group 1-16
2021-05-31 14:44:25,218 INFO o.a.j.t.JMeterThread: Thread started: Thread Group 1-17
2021-05-31 14:44:26,930 INFO o.a.j.t.JMeterThread: Thread started: Thread Group 1-18
2021-05-31 14:44:28,646 INFO o.a.j.t.JMeterThread: Thread started: Thread Group 1-19
2021-05-31 14:44:30,357 INFO o.a.j.t.JMeterThread: Thread started: Thread Group 1-20
2021-05-31 14:44:32,072 INFO o.a.j.t.JMeterThread: Thread started: Thread Group 1-21
2021-05-31 14:44:33,783 INFO o.a.j.t.JMeterThread: Thread started: Thread Group 1-22
2021-05-31 14:44:35,497 INFO o.a.j.t.JMeterThread: Thread started: Thread Group 1-23
2021-05-31 14:44:37,212 INFO o.a.j.t.JMeterThread: Thread started: Thread Group 1-24
2021-05-31 14:44:38,925 INFO o.a.j.t.JMeterThread: Thread started: Thread Group 1-25
2021-05-31 14:44:40,638 INFO o.a.j.t.JMeterThread: Thread started: Thread Group 1-26
2021-05-31 14:44:42,351 INFO o.a.j.t.JMeterThread: Thread started: Thread Group 1-27
2021-05-31 14:44:44,066 INFO o.a.j.t.JMeterThread: Thread started: Thread Group 1-28
2021-05-31 14:44:45,780 INFO o.a.j.t.JMeterThread: Thread started: Thread Group 1-29
2021-05-31 14:44:47,493 INFO o.a.j.t.JMeterThread: Thread started: Thread Group 1-30
2021-05-31 14:44:49,208 INFO o.a.j.t.JMeterThread: Thread started: Thread Group 1-31
2021-05-31 14:44:50,922 INFO o.a.j.t.JMeterThread: Thread started: Thread Group 1-32
2021-05-31 14:44:52,637 INFO o.a.j.t.JMeterThread: Thread started: Thread Group 1-33
2021-05-31 14:44:54,349 INFO o.a.j.t.JMeterThread: Thread started: Thread Group 1-34
2021-05-31 14:44:56,064 INFO o.a.j.t.JMeterThread: Thread started: Thread Group 1-35
2021-05-31 14:44:57,779 INFO o.a.j.t.JMeterThread: Thread started: Thread Group 1-36
2021-05-31 14:44:59,495 INFO o.a.j.t.JMeterThread: Thread started: Thread Group 1-37
2021-05-31 14:45:01,208 INFO o.a.j.t.JMeterThread: Thread started: Thread Group 1-38
2021-05-31 14:45:02,921 INFO o.a.j.t.JMeterThread: Thread started: Thread Group 1-39
2021-05-31 14:45:04,634 INFO o.a.j.t.JMeterThread: Thread started: Thread Group 1-40
2021-05-31 14:45:06,348 INFO o.a.j.t.JMeterThread: Thread started: Thread Group 1-41
2021-05-31 14:45:08,065 INFO o.a.j.t.JMeterThread: Thread started: Thread Group 1-42
2021-05-31 14:45:09,779 INFO o.a.j.t.JMeterThread: Thread started: Thread Group 1-43
2021-05-31 14:45:11,490 INFO o.a.j.t.JMeterThread: Thread started: Thread Group 1-44
2021-05-31 14:45:13,203 INFO o.a.j.t.JMeterThread: Thread started: Thread Group 1-45
2021-05-31 14:45:14,918 INFO o.a.j.t.JMeterThread: Thread started: Thread Group 1-46
2021-05-31 14:45:16,632 INFO o.a.j.t.JMeterThread: Thread started: Thread Group 1-47
2021-05-31 14:45:18,346 INFO o.a.j.t.JMeterThread: Thread started: Thread Group 1-48
2021-05-31 14:45:20,060 INFO o.a.j.t.JMeterThread: Thread started: Thread Group 1-49
2021-05-31 14:45:21,774 INFO o.a.j.t.JMeterThread: Thread started: Thread Group 1-50
2021-05-31 14:45:23,487 INFO o.a.j.t.JMeterThread: Thread started: Thread Group 1-51
2021-05-31 14:45:25,201 INFO o.a.j.t.JMeterThread: Thread started: Thread Group 1-52
2021-05-31 14:45:26,916 INFO o.a.j.t.JMeterThread: Thread started: Thread Group 1-53
2021-05-31 14:45:28,630 INFO o.a.j.t.JMeterThread: Thread started: Thread Group 1-54
2021-05-31 14:45:30,345 INFO o.a.j.t.JMeterThread: Thread started: Thread Group 1-55
2021-05-31 14:45:32,057 INFO o.a.j.t.JMeterThread: Thread started: Thread Group 1-56
2021-05-31 14:45:33,771 INFO o.a.j.t.JMeterThread: Thread started: Thread Group 1-57
2021-05-31 14:45:35,485 INFO o.a.j.t.JMeterThread: Thread started: Thread Group 1-58
2021-05-31 14:45:37,200 INFO o.a.j.t.JMeterThread: Thread started: Thread Group 1-59
2021-05-31 14:45:38,915 INFO o.a.j.t.JMeterThread: Thread started: Thread Group 1-60
2021-05-31 14:45:40,628 INFO o.a.j.t.JMeterThread: Thread started: Thread Group 1-61
2021-05-31 14:45:42,343 INFO o.a.j.t.JMeterThread: Thread started: Thread Group 1-62
2021-05-31 14:45:44,056 INFO o.a.j.t.JMeterThread: Thread started: Thread Group 1-63
2021-05-31 14:45:45,771 INFO o.a.j.t.JMeterThread: Thread started: Thread Group 1-64
2021-05-31 14:45:47,483 INFO o.a.j.t.JMeterThread: Thread started: Thread Group 1-65
2021-05-31 14:45:49,198 INFO o.a.j.t.JMeterThread: Thread started: Thread Group 1-66
2021-05-31 14:45:50,913 INFO o.a.j.t.JMeterThread: Thread started: Thread Group 1-67
2021-05-31 14:45:52,627 INFO o.a.j.t.JMeterThread: Thread started: Thread Group 1-68
2021-05-31 14:45:54,341 INFO o.a.j.t.JMeterThread: Thread started: Thread Group 1-69
2021-05-31 14:45:56,055 INFO o.a.j.t.JMeterThread: Thread started: Thread Group 1-70
2021-05-31 14:57:51,489 INFO o.a.j.t.JMeterThread: Thread finished: Thread Group 1-17
2021-05-31 14:57:51,631 INFO o.a.j.t.JMeterThread: Thread finished: Thread Group 1-23
2021-05-31 14:57:51,681 INFO o.a.j.t.JMeterThread: Thread finished: Thread Group 1-14
2021-05-31 14:57:51,711 INFO o.a.j.t.JMeterThread: Thread finished: Thread Group 1-8
2021-05-31 14:57:51,880 INFO o.a.j.t.JMeterThread: Thread finished: Thread Group 1-57
2021-05-31 14:57:52,295 INFO o.a.j.t.JMeterThread: Thread finished: Thread Group 1-18
2021-05-31 14:57:52,471 INFO o.a.j.t.JMeterThread: Thread finished: Thread Group 1-19
2021-05-31 14:57:52,556 INFO o.a.j.t.JMeterThread: Thread finished: Thread Group 1-4
2021-05-31 14:57:52,808 INFO o.a.j.t.JMeterThread: Thread finished: Thread Group 1-50
2021-05-31 14:57:52,853 INFO o.a.j.t.JMeterThread: Thread finished: Thread Group 1-26
2021-05-31 14:57:52,874 INFO o.a.j.t.JMeterThread: Thread finished: Thread Group 1-7
2021-05-31 14:57:52,890 INFO o.a.j.t.JMeterThread: Thread finished: Thread Group 1-38
2021-05-31 14:57:53,074 INFO o.a.j.t.JMeterThread: Thread finished: Thread Group 1-5
2021-05-31 14:57:53,341 INFO o.a.j.t.JMeterThread: Thread finished: Thread Group 1-68
2021-05-31 14:57:53,416 INFO o.a.j.t.JMeterThread: Thread finished: Thread Group 1-67
2021-05-31 14:57:53,435 INFO o.a.j.t.JMeterThread: Thread finished: Thread Group 1-6
2021-05-31 14:57:53,474 INFO o.a.j.t.JMeterThread: Thread finished: Thread Group 1-39
2021-05-31 14:57:53,606 INFO o.a.j.t.JMeterThread: Thread finished: Thread Group 1-10
2021-05-31 14:57:53,660 INFO o.a.j.t.JMeterThread: Thread finished: Thread Group 1-29
2021-05-31 14:57:53,827 INFO o.a.j.t.JMeterThread: Thread finished: Thread Group 1-9
2021-05-31 14:57:53,968 INFO o.a.j.t.JMeterThread: Thread finished: Thread Group 1-62
2021-05-31 14:57:53,976 INFO o.a.j.t.JMeterThread: Thread finished: Thread Group 1-24
2021-05-31 14:57:54,044 INFO o.a.j.t.JMeterThread: Thread finished: Thread Group 1-28
2021-05-31 14:57:54,216 INFO o.a.j.t.JMeterThread: Thread finished: Thread Group 1-43
2021-05-31 14:57:54,223 INFO o.a.j.t.JMeterThread: Thread finished: Thread Group 1-45
2021-05-31 14:57:54,941 INFO o.a.j.t.JMeterThread: Thread finished: Thread Group 1-31
2021-05-31 14:57:55,123 INFO o.a.j.t.JMeterThread: Thread finished: Thread Group 1-51
2021-05-31 14:57:55,193 INFO o.a.j.t.JMeterThread: Thread finished: Thread Group 1-22
2021-05-31 14:57:55,222 INFO o.a.j.t.JMeterThread: Thread finished: Thread Group 1-37
2021-05-31 14:57:55,304 INFO o.a.j.t.JMeterThread: Thread finished: Thread Group 1-20
2021-05-31 14:57:55,449 INFO o.a.j.t.JMeterThread: Thread finished: Thread Group 1-44
2021-05-31 14:57:55,861 INFO o.a.j.t.JMeterThread: Thread finished: Thread Group 1-40
2021-05-31 14:57:56,317 INFO o.a.j.t.JMeterThread: Thread finished: Thread Group 1-70
2021-05-31 14:57:56,334 INFO o.a.j.t.JMeterThread: Thread finished: Thread Group 1-34
2021-05-31 14:57:56,702 INFO o.a.j.t.JMeterThread: Thread finished: Thread Group 1-48
2021-05-31 14:57:56,843 INFO o.a.j.t.JMeterThread: Thread finished: Thread Group 1-15
2021-05-31 14:57:56,898 INFO o.a.j.t.JMeterThread: Thread finished: Thread Group 1-25
2021-05-31 14:57:57,091 INFO o.a.j.t.JMeterThread: Thread finished: Thread Group 1-46
2021-05-31 14:57:57,192 INFO o.a.j.t.JMeterThread: Thread finished: Thread Group 1-64
2021-05-31 14:57:57,266 INFO o.a.j.t.JMeterThread: Thread finished: Thread Group 1-1
2021-05-31 14:57:57,331 INFO o.a.j.t.JMeterThread: Thread finished: Thread Group 1-47
2021-05-31 14:57:57,411 INFO o.a.j.t.JMeterThread: Thread finished: Thread Group 1-58
2021-05-31 14:57:57,434 INFO o.a.j.t.JMeterThread: Thread finished: Thread Group 1-65
2021-05-31 14:57:57,527 INFO o.a.j.t.JMeterThread: Thread finished: Thread Group 1-60
2021-05-31 14:57:57,532 INFO o.a.j.t.JMeterThread: Thread finished: Thread Group 1-13
2021-05-31 14:57:57,585 INFO o.a.j.t.JMeterThread: Thread finished: Thread Group 1-32
2021-05-31 14:57:57,634 INFO o.a.j.t.JMeterThread: Thread finished: Thread Group 1-2
2021-05-31 14:57:57,636 INFO o.a.j.t.JMeterThread: Thread finished: Thread Group 1-16
2021-05-31 14:57:57,652 INFO o.a.j.t.JMeterThread: Thread finished: Thread Group 1-33
2021-05-31 14:57:57,669 INFO o.a.j.t.JMeterThread: Thread finished: Thread Group 1-11
2021-05-31 14:57:57,805 INFO o.a.j.t.JMeterThread: Thread finished: Thread Group 1-59
2021-05-31 14:57:57,844 INFO o.a.j.t.JMeterThread: Thread finished: Thread Group 1-66
2021-05-31 14:57:58,059 INFO o.a.j.t.JMeterThread: Stopping because end time detected by thread: Thread Group 1-41
2021-05-31 14:57:58,060 INFO o.a.j.t.JMeterThread: Thread finished: Thread Group 1-41
2021-05-31 14:57:58,204 INFO o.a.j.t.JMeterThread: Stopping because end time detected by thread: Thread Group 1-3
2021-05-31 14:57:58,206 INFO o.a.j.t.JMeterThread: Thread finished: Thread Group 1-3
2021-05-31 14:57:58,225 INFO o.a.j.t.JMeterThread: Stopping because end time detected by thread: Thread Group 1-55
2021-05-31 14:57:58,226 INFO o.a.j.t.JMeterThread: Thread finished: Thread Group 1-55
2021-05-31 14:57:58,561 INFO o.a.j.t.JMeterThread: Stopping because end time detected by thread: Thread Group 1-35
2021-05-31 14:57:58,561 INFO o.a.j.t.JMeterThread: Thread finished: Thread Group 1-35
2021-05-31 14:57:59,346 INFO o.a.j.t.JMeterThread: Stopping because end time detected by thread: Thread Group 1-42
2021-05-31 14:57:59,348 INFO o.a.j.t.JMeterThread: Thread finished: Thread Group 1-42
2021-05-31 14:57:59,848 INFO o.a.j.t.JMeterThread: Stopping because end time detected by thread: Thread Group 1-56
2021-05-31 14:57:59,849 INFO o.a.j.t.JMeterThread: Thread finished: Thread Group 1-56
2021-05-31 14:58:00,094 INFO o.a.j.t.JMeterThread: Stopping because end time detected by thread: Thread Group 1-27
2021-05-31 14:58:00,095 INFO o.a.j.t.JMeterThread: Thread finished: Thread Group 1-27
2021-05-31 14:58:00,344 INFO o.a.j.t.JMeterThread: Stopping because end time detected by thread: Thread Group 1-30
2021-05-31 14:58:00,346 INFO o.a.j.t.JMeterThread: Thread finished: Thread Group 1-30
2021-05-31 14:58:00,373 INFO o.a.j.t.JMeterThread: Stopping because end time detected by thread: Thread Group 1-61
2021-05-31 14:58:00,373 INFO o.a.j.t.JMeterThread: Thread finished: Thread Group 1-61
2021-05-31 14:58:00,982 INFO o.a.j.t.JMeterThread: Stopping because end time detected by thread: Thread Group 1-52
2021-05-31 14:58:00,982 INFO o.a.j.t.JMeterThread: Thread finished: Thread Group 1-52
2021-05-31 14:58:01,287 INFO o.a.j.t.JMeterThread: Stopping because end time detected by thread: Thread Group 1-12
2021-05-31 14:58:01,287 INFO o.a.j.t.JMeterThread: Thread finished: Thread Group 1-12
2021-05-31 14:58:01,413 INFO o.a.j.t.JMeterThread: Stopping because end time detected by thread: Thread Group 1-21
2021-05-31 14:58:01,413 INFO o.a.j.t.JMeterThread: Thread finished: Thread Group 1-21
2021-05-31 14:58:01,988 INFO o.a.j.t.JMeterThread: Stopping because end time detected by thread: Thread Group 1-54
2021-05-31 14:58:01,989 INFO o.a.j.t.JMeterThread: Thread finished: Thread Group 1-54
2021-05-31 14:58:02,073 INFO o.a.j.t.JMeterThread: Stopping because end time detected by thread: Thread Group 1-63
2021-05-31 14:58:02,073 INFO o.a.j.t.JMeterThread: Thread finished: Thread Group 1-63
2021-05-31 14:58:02,725 INFO o.a.j.t.JMeterThread: Stopping because end time detected by thread: Thread Group 1-36
2021-05-31 14:58:02,725 INFO o.a.j.t.JMeterThread: Thread finished: Thread Group 1-36
2021-05-31 14:58:03,217 INFO o.a.j.t.JMeterThread: Stopping because end time detected by thread: Thread Group 1-53
2021-05-31 14:58:03,219 INFO o.a.j.t.JMeterThread: Thread finished: Thread Group 1-53
2021-05-31 14:58:03,744 INFO o.a.j.t.JMeterThread: Stopping because end time detected by thread: Thread Group 1-49
2021-05-31 14:58:03,745 INFO o.a.j.t.JMeterThread: Thread finished: Thread Group 1-49
2021-05-31 14:58:03,861 INFO o.a.j.t.JMeterThread: Stopping because end time detected by thread: Thread Group 1-69
2021-05-31 14:58:03,861 INFO o.a.j.t.JMeterThread: Thread finished: Thread Group 1-69
2021-05-31 14:58:03,862 INFO o.a.j.e.StandardJMeterEngine: Notifying test listeners of end of test
2021-05-31 14:58:03,862 INFO o.a.j.JMeter: Generating Dashboard
2021-05-31 14:58:03,862 INFO o.a.j.r.d.ReportGenerator: Flushing result collector before report Generation
2021-05-31 14:58:03,873 INFO o.a.j.r.p.NormalizerSampleConsumer: Using format, 'ms', to parse timeStamp field
2021-05-31 14:58:03,881 ERROR o.a.j.r.d.ReportGenerator: Cannot assign "${jmeter.reportgenerator.apdex_satisfied_threshold}" to property "set_satisfied_threshold" (mapped as "setSatisfiedThreshold"), skip it
org.apache.jmeter.report.core.ConvertException: Unable to convert "${jmeter.reportgenerator.apdex_satisfied_threshold}" to "java.lang.Long"
	at org.apache.jmeter.report.core.Converters.lambda$static$4(Converters.java:80) ~[ApacheJMeter_core.jar:5.2.1]
	at org.apache.jmeter.report.dashboard.ReportGenerator.setProperty(ReportGenerator.java:537) [ApacheJMeter_core.jar:5.2.1]
	at org.apache.jmeter.report.dashboard.ReportGenerator.addGraphConsumer(ReportGenerator.java:349) [ApacheJMeter_core.jar:5.2.1]
	at org.apache.jmeter.report.dashboard.ReportGenerator.generate(ReportGenerator.java:236) [ApacheJMeter_core.jar:5.2.1]
	at org.apache.jmeter.JMeter$ListenToTest.endTest(JMeter.java:1330) [ApacheJMeter_core.jar:5.2.1]
	at org.apache.jmeter.JMeter$ListenToTest.testEnded(JMeter.java:1286) [ApacheJMeter_core.jar:5.2.1]
	at org.apache.jmeter.engine.StandardJMeterEngine.notifyTestListenersOfEnd(StandardJMeterEngine.java:218) [ApacheJMeter_core.jar:5.2.1]
	at org.apache.jmeter.engine.StandardJMeterEngine.run(StandardJMeterEngine.java:492) [ApacheJMeter_core.jar:5.2.1]
	at java.lang.Thread.run(Thread.java:834) [?:?]
Caused by: java.lang.NumberFormatException: For input string: "${jmeter.reportgenerator.apdex_satisfied_threshold}"
	at java.lang.NumberFormatException.forInputString(NumberFormatException.java:65) ~[?:?]
	at java.lang.Long.parseLong(Long.java:678) ~[?:?]
	at java.lang.Long.valueOf(Long.java:1144) ~[?:?]
	at org.apache.jmeter.report.core.Converters.lambda$static$4(Converters.java:78) ~[ApacheJMeter_core.jar:5.2.1]
	... 8 more
2021-05-31 14:58:03,887 ERROR o.a.j.JMeter: Error generating the report: Cannot assign "${jmeter.reportgenerator.apdex_satisfied_threshold}" to property "set_satisfied_threshold" (mapped as "setSatisfiedThreshold"), skip it
org.apache.jmeter.report.dashboard.GenerationException: Cannot assign "${jmeter.reportgenerator.apdex_satisfied_threshold}" to property "set_satisfied_threshold" (mapped as "setSatisfiedThreshold"), skip it
	at org.apache.jmeter.report.dashboard.ReportGenerator.setProperty(ReportGenerator.java:550) ~[ApacheJMeter_core.jar:5.2.1]
	at org.apache.jmeter.report.dashboard.ReportGenerator.addGraphConsumer(ReportGenerator.java:349) ~[ApacheJMeter_core.jar:5.2.1]
	at org.apache.jmeter.report.dashboard.ReportGenerator.generate(ReportGenerator.java:236) ~[ApacheJMeter_core.jar:5.2.1]
	at org.apache.jmeter.JMeter$ListenToTest.endTest(JMeter.java:1330) [ApacheJMeter_core.jar:5.2.1]
	at org.apache.jmeter.JMeter$ListenToTest.testEnded(JMeter.java:1286) [ApacheJMeter_core.jar:5.2.1]
	at org.apache.jmeter.engine.StandardJMeterEngine.notifyTestListenersOfEnd(StandardJMeterEngine.java:218) [ApacheJMeter_core.jar:5.2.1]
	at org.apache.jmeter.engine.StandardJMeterEngine.run(StandardJMeterEngine.java:492) [ApacheJMeter_core.jar:5.2.1]
	at java.lang.Thread.run(Thread.java:834) [?:?]
Caused by: org.apache.jmeter.report.core.ConvertException: Unable to convert "${jmeter.reportgenerator.apdex_satisfied_threshold}" to "java.lang.Long"
	at org.apache.jmeter.report.core.Converters.lambda$static$4(Converters.java:80) ~[ApacheJMeter_core.jar:5.2.1]
	at org.apache.jmeter.report.dashboard.ReportGenerator.setProperty(ReportGenerator.java:537) ~[ApacheJMeter_core.jar:5.2.1]
	... 7 more
Caused by: java.lang.NumberFormatException: For input string: "${jmeter.reportgenerator.apdex_satisfied_threshold}"
	at java.lang.NumberFormatException.forInputString(NumberFormatException.java:65) ~[?:?]
	at java.lang.Long.parseLong(Long.java:678) ~[?:?]
	at java.lang.Long.valueOf(Long.java:1144) ~[?:?]
	at org.apache.jmeter.report.core.Converters.lambda$static$4(Converters.java:78) ~[ApacheJMeter_core.jar:5.2.1]
	at org.apache.jmeter.report.dashboard.ReportGenerator.setProperty(ReportGenerator.java:537) ~[ApacheJMeter_core.jar:5.2.1]
	... 7 more
