2021-05-31 17:22:07,481 INFO o.a.j.u.JMeterUtils: Setting Locale to en_EN
2021-05-31 17:22:07,522 INFO o.a.j.JMeter: Setting JMeter property: HOST=q3xj752kya.execute-api.eu-central-1.amazonaws.com
2021-05-31 17:22:07,522 INFO o.a.j.JMeter: Setting JMeter property: PATH=/production/todos
2021-05-31 17:22:07,523 INFO o.a.j.JMeter: Setting JMeter property: PORT=443
2021-05-31 17:22:07,524 INFO o.a.j.JMeter: Copyright (c) 1998-2019 The Apache Software Foundation
2021-05-31 17:22:07,524 INFO o.a.j.JMeter: Version 5.2.1
2021-05-31 17:22:07,524 INFO o.a.j.JMeter: java.version=11.0.9
2021-05-31 17:22:07,524 INFO o.a.j.JMeter: java.vm.name=OpenJDK 64-Bit Server VM
2021-05-31 17:22:07,524 INFO o.a.j.JMeter: os.name=Linux
2021-05-31 17:22:07,524 INFO o.a.j.JMeter: os.arch=amd64
2021-05-31 17:22:07,525 INFO o.a.j.JMeter: os.version=5.3.0-1023-aws
2021-05-31 17:22:07,525 INFO o.a.j.JMeter: file.encoding=UTF-8
2021-05-31 17:22:07,525 INFO o.a.j.JMeter: java.awt.headless=true
2021-05-31 17:22:07,525 INFO o.a.j.JMeter: Max memory     =1073741824
2021-05-31 17:22:07,525 INFO o.a.j.JMeter: Available Processors =2
2021-05-31 17:22:07,553 INFO o.a.j.JMeter: Default Locale=English (EN)
2021-05-31 17:22:07,554 INFO o.a.j.JMeter: JMeter  Locale=English (EN)
2021-05-31 17:22:07,554 INFO o.a.j.JMeter: JMeterHome=/opt/radon-ctt-agent/plugins/jmeter/apache-jmeter-5.2.1
2021-05-31 17:22:07,554 INFO o.a.j.JMeter: user.dir  =/opt/radon-ctt-agent
2021-05-31 17:22:07,554 INFO o.a.j.JMeter: PWD       =/opt/radon-ctt-agent
2021-05-31 17:22:07,555 INFO o.a.j.JMeter: IP: 172.17.0.2 Name: c2ee2e370c54 FullName: c2ee2e370c54
2021-05-31 17:22:07,559 INFO o.a.j.JMeter: Setting property 'jmeter.reportgenerator.outputdir' to:'/opt/radon-ctt-agent/jmeter/38e3c0f2-5314-4796-92db-5dc64ae7e69a/859af0b7-289e-4cd4-9cd5-831c0e12cce3/dashboard'
2021-05-31 17:22:07,562 INFO o.a.j.s.FileServer: Default base='/opt/radon-ctt-agent'
2021-05-31 17:22:07,564 INFO o.a.j.s.FileServer: Set new base='/opt/radon-ctt-agent/jmeter/38e3c0f2-5314-4796-92db-5dc64ae7e69a/config/resources'
2021-05-31 17:22:07,804 INFO o.a.j.s.SaveService: Testplan (JMX) version: 2.2. Testlog (JTL) version: 2.2
2021-05-31 17:22:07,818 INFO o.a.j.s.SaveService: Using SaveService properties version 5.0
2021-05-31 17:22:07,822 INFO o.a.j.s.SaveService: Using SaveService properties file encoding UTF-8
2021-05-31 17:22:07,826 INFO o.a.j.s.SaveService: Loading file: /opt/radon-ctt-agent/jmeter/38e3c0f2-5314-4796-92db-5dc64ae7e69a/config/resources/loadtest.jmx
2021-05-31 17:22:08,212 INFO o.a.j.r.d.ReportGenerator: ReportGenerator will use for Parsing the separator: ','
2021-05-31 17:22:08,212 INFO o.a.j.r.d.ReportGenerator: Will generate report at end of test from  results file: /opt/radon-ctt-agent/jmeter/38e3c0f2-5314-4796-92db-5dc64ae7e69a/859af0b7-289e-4cd4-9cd5-831c0e12cce3/sample_results.jtl
2021-05-31 17:22:08,212 INFO o.a.j.r.d.ReportGenerator: Reading report generator properties from: /opt/radon-ctt-agent/plugins/jmeter/apache-jmeter-5.2.1/bin/reportgenerator.properties
2021-05-31 17:22:08,213 INFO o.a.j.r.d.ReportGenerator: Merging with JMeter properties
2021-05-31 17:22:08,219 INFO o.a.j.r.c.ReportGeneratorConfiguration: Property 'jmeter.reportgenerator.temp_dir' not found, using default value 'temp' instead.
2021-05-31 17:22:08,219 INFO o.a.j.r.c.ReportGeneratorConfiguration: Property 'jmeter.reportgenerator.apdex_satisfied_threshold' not found, using default value '500' instead.
2021-05-31 17:22:08,220 INFO o.a.j.r.c.ReportGeneratorConfiguration: Property 'jmeter.reportgenerator.apdex_tolerated_threshold' not found, using default value '1500' instead.
2021-05-31 17:22:08,220 INFO o.a.j.r.c.ReportGeneratorConfiguration: Property 'jmeter.reportgenerator.apdex_per_transaction' not found, using default value 'null' instead.
2021-05-31 17:22:08,220 INFO o.a.j.r.c.ReportGeneratorConfiguration: apdex_per_transaction is empty, not APDEX per transaction customization
2021-05-31 17:22:08,223 INFO o.a.j.r.c.ReportGeneratorConfiguration: Property 'jmeter.reportgenerator.sample_filter' not found, using default value 'null' instead.
2021-05-31 17:22:08,223 INFO o.a.j.r.c.ReportGeneratorConfiguration: Property 'jmeter.reportgenerator.report_title' not found, using default value 'null' instead.
2021-05-31 17:22:08,223 INFO o.a.j.r.c.ReportGeneratorConfiguration: Property 'jmeter.reportgenerator.start_date' not found, using default value 'null' instead.
2021-05-31 17:22:08,224 INFO o.a.j.r.c.ReportGeneratorConfiguration: Property 'jmeter.reportgenerator.end_date' not found, using default value 'null' instead.
2021-05-31 17:22:08,224 INFO o.a.j.r.c.ReportGeneratorConfiguration: Property 'jmeter.reportgenerator.date_format' not found, using default value 'null' instead.
2021-05-31 17:22:08,225 INFO o.a.j.r.c.ReportGeneratorConfiguration: Will use date range start date: null, end date: null
2021-05-31 17:22:08,231 INFO o.a.j.r.c.ReportGeneratorConfiguration: Property 'jmeter.reportgenerator.graph.totalTPS.exclude_controllers' not found, using default value 'false' instead.
2021-05-31 17:22:08,231 INFO o.a.j.r.c.ReportGeneratorConfiguration: Property 'jmeter.reportgenerator.graph.activeThreadsOverTime.exclude_controllers' not found, using default value 'false' instead.
2021-05-31 17:22:08,231 INFO o.a.j.r.c.ReportGeneratorConfiguration: Property 'jmeter.reportgenerator.graph.timeVsThreads.exclude_controllers' not found, using default value 'false' instead.
2021-05-31 17:22:08,232 INFO o.a.j.r.c.ReportGeneratorConfiguration: Property 'jmeter.reportgenerator.graph.responseTimeDistribution.exclude_controllers' not found, using default value 'false' instead.
2021-05-31 17:22:08,232 INFO o.a.j.r.c.ReportGeneratorConfiguration: Property 'jmeter.reportgenerator.graph.transactionsPerSecond.exclude_controllers' not found, using default value 'false' instead.
2021-05-31 17:22:08,232 INFO o.a.j.r.c.ReportGeneratorConfiguration: Property 'jmeter.reportgenerator.graph.responseTimePercentiles.exclude_controllers' not found, using default value 'false' instead.
2021-05-31 17:22:08,232 INFO o.a.j.r.c.ReportGeneratorConfiguration: Property 'jmeter.reportgenerator.graph.responseTimePercentilesOverTime.exclude_controllers' not found, using default value 'false' instead.
2021-05-31 17:22:08,232 INFO o.a.j.r.c.ReportGeneratorConfiguration: Property 'jmeter.reportgenerator.graph.responseTimesOverTime.exclude_controllers' not found, using default value 'false' instead.
2021-05-31 17:22:08,234 INFO o.a.j.r.c.ReportGeneratorConfiguration: Property 'jmeter.reportgenerator.graph.connectTimeOverTime.exclude_controllers' not found, using default value 'false' instead.
2021-05-31 17:22:08,235 INFO o.a.j.r.c.ReportGeneratorConfiguration: Property 'jmeter.reportgenerator.graph.latenciesOverTime.exclude_controllers' not found, using default value 'false' instead.
2021-05-31 17:22:08,236 INFO o.a.j.r.c.ReportGeneratorConfiguration: Property 'jmeter.reportgenerator.exporter.json.filters_only_sample_series' not found, using default value 'true' instead.
2021-05-31 17:22:08,236 INFO o.a.j.r.c.ReportGeneratorConfiguration: Property 'jmeter.reportgenerator.exporter.json.series_filter' not found, using default value '' instead.
2021-05-31 17:22:08,236 INFO o.a.j.r.c.ReportGeneratorConfiguration: Property 'jmeter.reportgenerator.exporter.json.show_controllers_only' not found, using default value 'false' instead.
2021-05-31 17:22:08,236 INFO o.a.j.r.c.ReportGeneratorConfiguration: Property 'jmeter.reportgenerator.exporter.html.filters_only_sample_series' not found, using default value 'true' instead.
2021-05-31 17:22:08,237 INFO o.a.j.r.c.ReportGeneratorConfiguration: Property 'jmeter.reportgenerator.exporter.html.series_filter' not found, using default value '' instead.
2021-05-31 17:22:08,238 INFO o.a.j.r.c.ReportGeneratorConfiguration: Property 'jmeter.reportgenerator.exporter.html.show_controllers_only' not found, using default value 'false' instead.
2021-05-31 17:22:08,250 INFO o.a.j.e.StandardJMeterEngine: Running the test!
2021-05-31 17:22:08,257 INFO o.a.j.s.SampleEvent: List of sample_variables: []
2021-05-31 17:22:08,257 INFO o.a.j.s.SampleEvent: List of sample_variables: []
2021-05-31 17:22:08,861 INFO o.a.j.JMeter: Running test (1622481728861)
2021-05-31 17:22:08,891 INFO o.a.j.e.StandardJMeterEngine: Starting ThreadGroup: 1 : Thread Group
2021-05-31 17:22:08,891 INFO o.a.j.e.StandardJMeterEngine: Starting 30 threads for group Thread Group.
2021-05-31 17:22:08,892 INFO o.a.j.e.StandardJMeterEngine: Thread will continue on error
2021-05-31 17:22:08,892 INFO o.a.j.t.ThreadGroup: Starting thread group... number=1 threads=30 ramp-up=120 delayedStart=false
2021-05-31 17:22:08,944 INFO o.a.j.t.JMeterThread: Thread started: Thread Group 1-1
2021-05-31 17:22:08,958 INFO o.a.j.t.ThreadGroup: Started thread group number 1
2021-05-31 17:22:08,959 INFO o.a.j.e.StandardJMeterEngine: All thread groups have been started
2021-05-31 17:22:12,941 INFO o.a.j.t.JMeterThread: Thread started: Thread Group 1-2
2021-05-31 17:22:15,243 INFO o.a.j.p.h.s.HTTPHCAbstractImpl: Local host = c2ee2e370c54
2021-05-31 17:22:15,250 INFO o.a.j.p.h.s.HTTPHC4Impl: HTTP request retry count = 0
2021-05-31 17:22:15,252 INFO o.a.j.s.SampleResult: Note: Sample TimeStamps are END times
2021-05-31 17:22:15,252 INFO o.a.j.s.SampleResult: sampleresult.default.encoding is set to ISO-8859-1
2021-05-31 17:22:15,252 INFO o.a.j.s.SampleResult: sampleresult.useNanoTime=true
2021-05-31 17:22:15,252 INFO o.a.j.s.SampleResult: sampleresult.nanoThreadSleep=5000
2021-05-31 17:22:15,386 INFO o.a.j.p.h.s.h.LazyLayeredConnectionSocketFactory: Setting up HTTPS TrustAll Socket Factory
2021-05-31 17:22:15,393 INFO o.a.j.u.JsseSSLManager: Using default SSL protocol: TLS
2021-05-31 17:22:15,393 INFO o.a.j.u.JsseSSLManager: SSL session context: per-thread
2021-05-31 17:22:15,511 INFO o.a.j.u.SSLManager: JmeterKeyStore Location:  type JKS
2021-05-31 17:22:15,514 INFO o.a.j.u.SSLManager: KeyStore created OK
2021-05-31 17:22:15,514 WARN o.a.j.u.SSLManager: Keystore file not found, loading empty keystore
2021-05-31 17:22:16,940 INFO o.a.j.t.JMeterThread: Thread started: Thread Group 1-3
2021-05-31 17:22:20,939 INFO o.a.j.t.JMeterThread: Thread started: Thread Group 1-4
2021-05-31 17:22:24,929 INFO o.a.j.t.JMeterThread: Thread started: Thread Group 1-5
2021-05-31 17:22:28,923 INFO o.a.j.t.JMeterThread: Thread started: Thread Group 1-6
2021-05-31 17:22:32,921 INFO o.a.j.t.JMeterThread: Thread started: Thread Group 1-7
2021-05-31 17:22:36,919 INFO o.a.j.t.JMeterThread: Thread started: Thread Group 1-8
2021-05-31 17:22:40,919 INFO o.a.j.t.JMeterThread: Thread started: Thread Group 1-9
2021-05-31 17:22:44,919 INFO o.a.j.t.JMeterThread: Thread started: Thread Group 1-10
2021-05-31 17:22:48,916 INFO o.a.j.t.JMeterThread: Thread started: Thread Group 1-11
2021-05-31 17:22:52,915 INFO o.a.j.t.JMeterThread: Thread started: Thread Group 1-12
2021-05-31 17:22:56,919 INFO o.a.j.t.JMeterThread: Thread started: Thread Group 1-13
2021-05-31 17:23:00,918 INFO o.a.j.t.JMeterThread: Thread started: Thread Group 1-14
2021-05-31 17:23:04,908 INFO o.a.j.t.JMeterThread: Thread started: Thread Group 1-15
2021-05-31 17:23:08,907 INFO o.a.j.t.JMeterThread: Thread started: Thread Group 1-16
2021-05-31 17:23:12,906 INFO o.a.j.t.JMeterThread: Thread started: Thread Group 1-17
2021-05-31 17:23:16,913 INFO o.a.j.t.JMeterThread: Thread started: Thread Group 1-18
2021-05-31 17:23:20,905 INFO o.a.j.t.JMeterThread: Thread started: Thread Group 1-19
2021-05-31 17:23:24,900 INFO o.a.j.t.JMeterThread: Thread started: Thread Group 1-20
2021-05-31 17:23:28,905 INFO o.a.j.t.JMeterThread: Thread started: Thread Group 1-21
2021-05-31 17:23:32,897 INFO o.a.j.t.JMeterThread: Thread started: Thread Group 1-22
2021-05-31 17:23:36,894 INFO o.a.j.t.JMeterThread: Thread started: Thread Group 1-23
2021-05-31 17:23:40,894 INFO o.a.j.t.JMeterThread: Thread started: Thread Group 1-24
2021-05-31 17:23:44,894 INFO o.a.j.t.JMeterThread: Thread started: Thread Group 1-25
2021-05-31 17:23:48,894 INFO o.a.j.t.JMeterThread: Thread started: Thread Group 1-26
2021-05-31 17:23:52,900 INFO o.a.j.t.JMeterThread: Thread started: Thread Group 1-27
2021-05-31 17:23:56,903 INFO o.a.j.t.JMeterThread: Thread started: Thread Group 1-28
2021-05-31 17:24:00,901 INFO o.a.j.t.JMeterThread: Thread started: Thread Group 1-29
2021-05-31 17:24:04,895 INFO o.a.j.t.JMeterThread: Thread started: Thread Group 1-30
2021-05-31 17:36:02,621 INFO o.a.j.t.JMeterThread: Thread finished: Thread Group 1-4
2021-05-31 17:36:02,720 INFO o.a.j.t.JMeterThread: Thread finished: Thread Group 1-30
2021-05-31 17:36:02,805 INFO o.a.j.t.JMeterThread: Thread finished: Thread Group 1-16
2021-05-31 17:36:03,440 INFO o.a.j.t.JMeterThread: Thread finished: Thread Group 1-24
2021-05-31 17:36:03,460 INFO o.a.j.t.JMeterThread: Thread finished: Thread Group 1-9
2021-05-31 17:36:03,514 INFO o.a.j.t.JMeterThread: Thread finished: Thread Group 1-26
2021-05-31 17:36:03,584 INFO o.a.j.t.JMeterThread: Thread finished: Thread Group 1-14
2021-05-31 17:36:03,837 INFO o.a.j.t.JMeterThread: Thread finished: Thread Group 1-29
2021-05-31 17:36:03,940 INFO o.a.j.t.JMeterThread: Thread finished: Thread Group 1-6
2021-05-31 17:36:04,096 INFO o.a.j.t.JMeterThread: Thread finished: Thread Group 1-27
2021-05-31 17:36:04,368 INFO o.a.j.t.JMeterThread: Thread finished: Thread Group 1-21
2021-05-31 17:36:04,511 INFO o.a.j.t.JMeterThread: Thread finished: Thread Group 1-28
2021-05-31 17:36:04,694 INFO o.a.j.t.JMeterThread: Thread finished: Thread Group 1-19
2021-05-31 17:36:04,698 INFO o.a.j.t.JMeterThread: Thread finished: Thread Group 1-3
2021-05-31 17:36:04,812 INFO o.a.j.t.JMeterThread: Thread finished: Thread Group 1-13
2021-05-31 17:36:04,960 INFO o.a.j.t.JMeterThread: Thread finished: Thread Group 1-8
2021-05-31 17:36:05,450 INFO o.a.j.t.JMeterThread: Thread finished: Thread Group 1-7
2021-05-31 17:36:05,558 INFO o.a.j.t.JMeterThread: Thread finished: Thread Group 1-5
2021-05-31 17:36:05,696 INFO o.a.j.t.JMeterThread: Thread finished: Thread Group 1-25
2021-05-31 17:36:05,744 INFO o.a.j.t.JMeterThread: Thread finished: Thread Group 1-18
2021-05-31 17:36:05,763 INFO o.a.j.t.JMeterThread: Thread finished: Thread Group 1-10
2021-05-31 17:36:05,840 INFO o.a.j.t.JMeterThread: Thread finished: Thread Group 1-20
2021-05-31 17:36:05,840 INFO o.a.j.t.JMeterThread: Thread finished: Thread Group 1-17
2021-05-31 17:36:06,840 INFO o.a.j.t.JMeterThread: Thread finished: Thread Group 1-12
2021-05-31 17:36:07,134 INFO o.a.j.t.JMeterThread: Thread finished: Thread Group 1-23
2021-05-31 17:36:07,352 INFO o.a.j.t.JMeterThread: Thread finished: Thread Group 1-2
2021-05-31 17:36:07,566 INFO o.a.j.t.JMeterThread: Thread finished: Thread Group 1-15
2021-05-31 17:36:07,809 INFO o.a.j.t.JMeterThread: Thread finished: Thread Group 1-22
2021-05-31 17:36:08,276 INFO o.a.j.t.JMeterThread: Thread finished: Thread Group 1-1
2021-05-31 17:36:08,613 INFO o.a.j.t.JMeterThread: Thread finished: Thread Group 1-11
2021-05-31 17:36:08,615 INFO o.a.j.e.StandardJMeterEngine: Notifying test listeners of end of test
2021-05-31 17:36:08,616 INFO o.a.j.JMeter: Generating Dashboard
2021-05-31 17:36:08,616 INFO o.a.j.r.d.ReportGenerator: Flushing result collector before report Generation
2021-05-31 17:36:08,627 INFO o.a.j.r.p.NormalizerSampleConsumer: Using format, 'ms', to parse timeStamp field
2021-05-31 17:36:08,635 ERROR o.a.j.r.d.ReportGenerator: Cannot assign "${jmeter.reportgenerator.apdex_satisfied_threshold}" to property "set_satisfied_threshold" (mapped as "setSatisfiedThreshold"), skip it
org.apache.jmeter.report.core.ConvertException: Unable to convert "${jmeter.reportgenerator.apdex_satisfied_threshold}" to "java.lang.Long"
	at org.apache.jmeter.report.core.Converters.lambda$static$4(Converters.java:80) ~[ApacheJMeter_core.jar:5.2.1]
	at org.apache.jmeter.report.dashboard.ReportGenerator.setProperty(ReportGenerator.java:537) [ApacheJMeter_core.jar:5.2.1]
	at org.apache.jmeter.report.dashboard.ReportGenerator.addGraphConsumer(ReportGenerator.java:349) [ApacheJMeter_core.jar:5.2.1]
	at org.apache.jmeter.report.dashboard.ReportGenerator.generate(ReportGenerator.java:236) [ApacheJMeter_core.jar:5.2.1]
	at org.apache.jmeter.JMeter$ListenToTest.endTest(JMeter.java:1330) [ApacheJMeter_core.jar:5.2.1]
	at org.apache.jmeter.JMeter$ListenToTest.testEnded(JMeter.java:1286) [ApacheJMeter_core.jar:5.2.1]
	at org.apache.jmeter.engine.StandardJMeterEngine.notifyTestListenersOfEnd(StandardJMeterEngine.java:218) [ApacheJMeter_core.jar:5.2.1]
	at org.apache.jmeter.engine.StandardJMeterEngine.run(StandardJMeterEngine.java:492) [ApacheJMeter_core.jar:5.2.1]
	at java.lang.Thread.run(Thread.java:834) [?:?]
Caused by: java.lang.NumberFormatException: For input string: "${jmeter.reportgenerator.apdex_satisfied_threshold}"
	at java.lang.NumberFormatException.forInputString(NumberFormatException.java:65) ~[?:?]
	at java.lang.Long.parseLong(Long.java:678) ~[?:?]
	at java.lang.Long.valueOf(Long.java:1144) ~[?:?]
	at org.apache.jmeter.report.core.Converters.lambda$static$4(Converters.java:78) ~[ApacheJMeter_core.jar:5.2.1]
	... 8 more
2021-05-31 17:36:08,641 ERROR o.a.j.JMeter: Error generating the report: Cannot assign "${jmeter.reportgenerator.apdex_satisfied_threshold}" to property "set_satisfied_threshold" (mapped as "setSatisfiedThreshold"), skip it
org.apache.jmeter.report.dashboard.GenerationException: Cannot assign "${jmeter.reportgenerator.apdex_satisfied_threshold}" to property "set_satisfied_threshold" (mapped as "setSatisfiedThreshold"), skip it
	at org.apache.jmeter.report.dashboard.ReportGenerator.setProperty(ReportGenerator.java:550) ~[ApacheJMeter_core.jar:5.2.1]
	at org.apache.jmeter.report.dashboard.ReportGenerator.addGraphConsumer(ReportGenerator.java:349) ~[ApacheJMeter_core.jar:5.2.1]
	at org.apache.jmeter.report.dashboard.ReportGenerator.generate(ReportGenerator.java:236) ~[ApacheJMeter_core.jar:5.2.1]
	at org.apache.jmeter.JMeter$ListenToTest.endTest(JMeter.java:1330) [ApacheJMeter_core.jar:5.2.1]
	at org.apache.jmeter.JMeter$ListenToTest.testEnded(JMeter.java:1286) [ApacheJMeter_core.jar:5.2.1]
	at org.apache.jmeter.engine.StandardJMeterEngine.notifyTestListenersOfEnd(StandardJMeterEngine.java:218) [ApacheJMeter_core.jar:5.2.1]
	at org.apache.jmeter.engine.StandardJMeterEngine.run(StandardJMeterEngine.java:492) [ApacheJMeter_core.jar:5.2.1]
	at java.lang.Thread.run(Thread.java:834) [?:?]
Caused by: org.apache.jmeter.report.core.ConvertException: Unable to convert "${jmeter.reportgenerator.apdex_satisfied_threshold}" to "java.lang.Long"
	at org.apache.jmeter.report.core.Converters.lambda$static$4(Converters.java:80) ~[ApacheJMeter_core.jar:5.2.1]
	at org.apache.jmeter.report.dashboard.ReportGenerator.setProperty(ReportGenerator.java:537) ~[ApacheJMeter_core.jar:5.2.1]
	... 7 more
Caused by: java.lang.NumberFormatException: For input string: "${jmeter.reportgenerator.apdex_satisfied_threshold}"
	at java.lang.NumberFormatException.forInputString(NumberFormatException.java:65) ~[?:?]
	at java.lang.Long.parseLong(Long.java:678) ~[?:?]
	at java.lang.Long.valueOf(Long.java:1144) ~[?:?]
	at org.apache.jmeter.report.core.Converters.lambda$static$4(Converters.java:78) ~[ApacheJMeter_core.jar:5.2.1]
	at org.apache.jmeter.report.dashboard.ReportGenerator.setProperty(ReportGenerator.java:537) ~[ApacheJMeter_core.jar:5.2.1]
	... 7 more
