2021-05-31 18:42:48,498 INFO o.a.j.u.JMeterUtils: Setting Locale to en_EN
2021-05-31 18:42:48,555 INFO o.a.j.JMeter: Setting JMeter property: HOST=wxh4hru9u2.execute-api.eu-central-1.amazonaws.com
2021-05-31 18:42:48,555 INFO o.a.j.JMeter: Setting JMeter property: PATH=/production/todos
2021-05-31 18:42:48,556 INFO o.a.j.JMeter: Setting JMeter property: PORT=443
2021-05-31 18:42:48,557 INFO o.a.j.JMeter: Copyright (c) 1998-2019 The Apache Software Foundation
2021-05-31 18:42:48,557 INFO o.a.j.JMeter: Version 5.2.1
2021-05-31 18:42:48,557 INFO o.a.j.JMeter: java.version=11.0.9
2021-05-31 18:42:48,557 INFO o.a.j.JMeter: java.vm.name=OpenJDK 64-Bit Server VM
2021-05-31 18:42:48,558 INFO o.a.j.JMeter: os.name=Linux
2021-05-31 18:42:48,558 INFO o.a.j.JMeter: os.arch=amd64
2021-05-31 18:42:48,558 INFO o.a.j.JMeter: os.version=5.3.0-1023-aws
2021-05-31 18:42:48,558 INFO o.a.j.JMeter: file.encoding=UTF-8
2021-05-31 18:42:48,558 INFO o.a.j.JMeter: java.awt.headless=true
2021-05-31 18:42:48,563 INFO o.a.j.JMeter: Max memory     =1073741824
2021-05-31 18:42:48,563 INFO o.a.j.JMeter: Available Processors =2
2021-05-31 18:42:48,573 INFO o.a.j.JMeter: Default Locale=English (EN)
2021-05-31 18:42:48,573 INFO o.a.j.JMeter: JMeter  Locale=English (EN)
2021-05-31 18:42:48,573 INFO o.a.j.JMeter: JMeterHome=/opt/radon-ctt-agent/plugins/jmeter/apache-jmeter-5.2.1
2021-05-31 18:42:48,573 INFO o.a.j.JMeter: user.dir  =/opt/radon-ctt-agent
2021-05-31 18:42:48,573 INFO o.a.j.JMeter: PWD       =/opt/radon-ctt-agent
2021-05-31 18:42:48,574 INFO o.a.j.JMeter: IP: 172.17.0.2 Name: f109fccd17b0 FullName: f109fccd17b0
2021-05-31 18:42:48,577 INFO o.a.j.JMeter: Setting property 'jmeter.reportgenerator.outputdir' to:'/opt/radon-ctt-agent/jmeter/b4cda5e5-7276-4f31-8c56-2bbe5f686fb3/86ed78d3-e6c9-43f8-8305-e77ab4d7444d/dashboard'
2021-05-31 18:42:48,581 INFO o.a.j.s.FileServer: Default base='/opt/radon-ctt-agent'
2021-05-31 18:42:48,583 INFO o.a.j.s.FileServer: Set new base='/opt/radon-ctt-agent/jmeter/b4cda5e5-7276-4f31-8c56-2bbe5f686fb3/config/resources'
2021-05-31 18:42:48,836 INFO o.a.j.s.SaveService: Testplan (JMX) version: 2.2. Testlog (JTL) version: 2.2
2021-05-31 18:42:48,849 INFO o.a.j.s.SaveService: Using SaveService properties version 5.0
2021-05-31 18:42:48,854 INFO o.a.j.s.SaveService: Using SaveService properties file encoding UTF-8
2021-05-31 18:42:48,858 INFO o.a.j.s.SaveService: Loading file: /opt/radon-ctt-agent/jmeter/b4cda5e5-7276-4f31-8c56-2bbe5f686fb3/config/resources/loadtest.jmx
2021-05-31 18:42:49,237 INFO o.a.j.r.d.ReportGenerator: ReportGenerator will use for Parsing the separator: ','
2021-05-31 18:42:49,237 INFO o.a.j.r.d.ReportGenerator: Will generate report at end of test from  results file: /opt/radon-ctt-agent/jmeter/b4cda5e5-7276-4f31-8c56-2bbe5f686fb3/86ed78d3-e6c9-43f8-8305-e77ab4d7444d/sample_results.jtl
2021-05-31 18:42:49,237 INFO o.a.j.r.d.ReportGenerator: Reading report generator properties from: /opt/radon-ctt-agent/plugins/jmeter/apache-jmeter-5.2.1/bin/reportgenerator.properties
2021-05-31 18:42:49,238 INFO o.a.j.r.d.ReportGenerator: Merging with JMeter properties
2021-05-31 18:42:49,243 INFO o.a.j.r.c.ReportGeneratorConfiguration: Property 'jmeter.reportgenerator.temp_dir' not found, using default value 'temp' instead.
2021-05-31 18:42:49,244 INFO o.a.j.r.c.ReportGeneratorConfiguration: Property 'jmeter.reportgenerator.apdex_satisfied_threshold' not found, using default value '500' instead.
2021-05-31 18:42:49,244 INFO o.a.j.r.c.ReportGeneratorConfiguration: Property 'jmeter.reportgenerator.apdex_tolerated_threshold' not found, using default value '1500' instead.
2021-05-31 18:42:49,244 INFO o.a.j.r.c.ReportGeneratorConfiguration: Property 'jmeter.reportgenerator.apdex_per_transaction' not found, using default value 'null' instead.
2021-05-31 18:42:49,244 INFO o.a.j.r.c.ReportGeneratorConfiguration: apdex_per_transaction is empty, not APDEX per transaction customization
2021-05-31 18:42:49,247 INFO o.a.j.r.c.ReportGeneratorConfiguration: Property 'jmeter.reportgenerator.sample_filter' not found, using default value 'null' instead.
2021-05-31 18:42:49,247 INFO o.a.j.r.c.ReportGeneratorConfiguration: Property 'jmeter.reportgenerator.report_title' not found, using default value 'null' instead.
2021-05-31 18:42:49,247 INFO o.a.j.r.c.ReportGeneratorConfiguration: Property 'jmeter.reportgenerator.start_date' not found, using default value 'null' instead.
2021-05-31 18:42:49,247 INFO o.a.j.r.c.ReportGeneratorConfiguration: Property 'jmeter.reportgenerator.end_date' not found, using default value 'null' instead.
2021-05-31 18:42:49,247 INFO o.a.j.r.c.ReportGeneratorConfiguration: Property 'jmeter.reportgenerator.date_format' not found, using default value 'null' instead.
2021-05-31 18:42:49,248 INFO o.a.j.r.c.ReportGeneratorConfiguration: Will use date range start date: null, end date: null
2021-05-31 18:42:49,252 INFO o.a.j.r.c.ReportGeneratorConfiguration: Property 'jmeter.reportgenerator.graph.totalTPS.exclude_controllers' not found, using default value 'false' instead.
2021-05-31 18:42:49,252 INFO o.a.j.r.c.ReportGeneratorConfiguration: Property 'jmeter.reportgenerator.graph.activeThreadsOverTime.exclude_controllers' not found, using default value 'false' instead.
2021-05-31 18:42:49,253 INFO o.a.j.r.c.ReportGeneratorConfiguration: Property 'jmeter.reportgenerator.graph.timeVsThreads.exclude_controllers' not found, using default value 'false' instead.
2021-05-31 18:42:49,253 INFO o.a.j.r.c.ReportGeneratorConfiguration: Property 'jmeter.reportgenerator.graph.responseTimeDistribution.exclude_controllers' not found, using default value 'false' instead.
2021-05-31 18:42:49,253 INFO o.a.j.r.c.ReportGeneratorConfiguration: Property 'jmeter.reportgenerator.graph.transactionsPerSecond.exclude_controllers' not found, using default value 'false' instead.
2021-05-31 18:42:49,253 INFO o.a.j.r.c.ReportGeneratorConfiguration: Property 'jmeter.reportgenerator.graph.responseTimePercentiles.exclude_controllers' not found, using default value 'false' instead.
2021-05-31 18:42:49,253 INFO o.a.j.r.c.ReportGeneratorConfiguration: Property 'jmeter.reportgenerator.graph.responseTimePercentilesOverTime.exclude_controllers' not found, using default value 'false' instead.
2021-05-31 18:42:49,253 INFO o.a.j.r.c.ReportGeneratorConfiguration: Property 'jmeter.reportgenerator.graph.responseTimesOverTime.exclude_controllers' not found, using default value 'false' instead.
2021-05-31 18:42:49,254 INFO o.a.j.r.c.ReportGeneratorConfiguration: Property 'jmeter.reportgenerator.graph.connectTimeOverTime.exclude_controllers' not found, using default value 'false' instead.
2021-05-31 18:42:49,254 INFO o.a.j.r.c.ReportGeneratorConfiguration: Property 'jmeter.reportgenerator.graph.latenciesOverTime.exclude_controllers' not found, using default value 'false' instead.
2021-05-31 18:42:49,259 INFO o.a.j.r.c.ReportGeneratorConfiguration: Property 'jmeter.reportgenerator.exporter.json.filters_only_sample_series' not found, using default value 'true' instead.
2021-05-31 18:42:49,259 INFO o.a.j.r.c.ReportGeneratorConfiguration: Property 'jmeter.reportgenerator.exporter.json.series_filter' not found, using default value '' instead.
2021-05-31 18:42:49,259 INFO o.a.j.r.c.ReportGeneratorConfiguration: Property 'jmeter.reportgenerator.exporter.json.show_controllers_only' not found, using default value 'false' instead.
2021-05-31 18:42:49,260 INFO o.a.j.r.c.ReportGeneratorConfiguration: Property 'jmeter.reportgenerator.exporter.html.filters_only_sample_series' not found, using default value 'true' instead.
2021-05-31 18:42:49,260 INFO o.a.j.r.c.ReportGeneratorConfiguration: Property 'jmeter.reportgenerator.exporter.html.series_filter' not found, using default value '' instead.
2021-05-31 18:42:49,261 INFO o.a.j.r.c.ReportGeneratorConfiguration: Property 'jmeter.reportgenerator.exporter.html.show_controllers_only' not found, using default value 'false' instead.
2021-05-31 18:42:49,274 INFO o.a.j.e.StandardJMeterEngine: Running the test!
2021-05-31 18:42:49,283 INFO o.a.j.s.SampleEvent: List of sample_variables: []
2021-05-31 18:42:49,283 INFO o.a.j.s.SampleEvent: List of sample_variables: []
2021-05-31 18:42:49,863 INFO o.a.j.JMeter: Running test (1622486569863)
2021-05-31 18:42:49,901 INFO o.a.j.e.StandardJMeterEngine: Starting ThreadGroup: 1 : Thread Group
2021-05-31 18:42:49,901 INFO o.a.j.e.StandardJMeterEngine: Starting 70 threads for group Thread Group.
2021-05-31 18:42:49,901 INFO o.a.j.e.StandardJMeterEngine: Thread will continue on error
2021-05-31 18:42:49,901 INFO o.a.j.t.ThreadGroup: Starting thread group... number=1 threads=70 ramp-up=120 delayedStart=false
2021-05-31 18:42:49,916 INFO o.a.j.t.JMeterThread: Thread started: Thread Group 1-1
2021-05-31 18:42:50,049 INFO o.a.j.t.ThreadGroup: Started thread group number 1
2021-05-31 18:42:50,049 INFO o.a.j.e.StandardJMeterEngine: All thread groups have been started
2021-05-31 18:42:51,631 INFO o.a.j.t.JMeterThread: Thread started: Thread Group 1-2
2021-05-31 18:42:53,341 INFO o.a.j.t.JMeterThread: Thread started: Thread Group 1-3
2021-05-31 18:42:55,046 INFO o.a.j.t.JMeterThread: Thread started: Thread Group 1-4
2021-05-31 18:42:56,220 INFO o.a.j.p.h.s.HTTPHCAbstractImpl: Local host = f109fccd17b0
2021-05-31 18:42:56,226 INFO o.a.j.p.h.s.HTTPHC4Impl: HTTP request retry count = 0
2021-05-31 18:42:56,227 INFO o.a.j.s.SampleResult: Note: Sample TimeStamps are END times
2021-05-31 18:42:56,228 INFO o.a.j.s.SampleResult: sampleresult.default.encoding is set to ISO-8859-1
2021-05-31 18:42:56,228 INFO o.a.j.s.SampleResult: sampleresult.useNanoTime=true
2021-05-31 18:42:56,228 INFO o.a.j.s.SampleResult: sampleresult.nanoThreadSleep=5000
2021-05-31 18:42:56,372 INFO o.a.j.p.h.s.h.LazyLayeredConnectionSocketFactory: Setting up HTTPS TrustAll Socket Factory
2021-05-31 18:42:56,381 INFO o.a.j.u.JsseSSLManager: Using default SSL protocol: TLS
2021-05-31 18:42:56,382 INFO o.a.j.u.JsseSSLManager: SSL session context: per-thread
2021-05-31 18:42:56,493 INFO o.a.j.u.SSLManager: JmeterKeyStore Location:  type JKS
2021-05-31 18:42:56,496 INFO o.a.j.u.SSLManager: KeyStore created OK
2021-05-31 18:42:56,496 WARN o.a.j.u.SSLManager: Keystore file not found, loading empty keystore
2021-05-31 18:42:56,760 INFO o.a.j.t.JMeterThread: Thread started: Thread Group 1-5
2021-05-31 18:42:58,474 INFO o.a.j.t.JMeterThread: Thread started: Thread Group 1-6
2021-05-31 18:43:00,193 INFO o.a.j.t.JMeterThread: Thread started: Thread Group 1-7
2021-05-31 18:43:01,908 INFO o.a.j.t.JMeterThread: Thread started: Thread Group 1-8
2021-05-31 18:43:03,618 INFO o.a.j.t.JMeterThread: Thread started: Thread Group 1-9
2021-05-31 18:43:05,331 INFO o.a.j.t.JMeterThread: Thread started: Thread Group 1-10
2021-05-31 18:43:07,050 INFO o.a.j.t.JMeterThread: Thread started: Thread Group 1-11
2021-05-31 18:43:08,763 INFO o.a.j.t.JMeterThread: Thread started: Thread Group 1-12
2021-05-31 18:43:10,474 INFO o.a.j.t.JMeterThread: Thread started: Thread Group 1-13
2021-05-31 18:43:12,193 INFO o.a.j.t.JMeterThread: Thread started: Thread Group 1-14
2021-05-31 18:43:13,907 INFO o.a.j.t.JMeterThread: Thread started: Thread Group 1-15
2021-05-31 18:43:15,618 INFO o.a.j.t.JMeterThread: Thread started: Thread Group 1-16
2021-05-31 18:43:17,329 INFO o.a.j.t.JMeterThread: Thread started: Thread Group 1-17
2021-05-31 18:43:19,042 INFO o.a.j.t.JMeterThread: Thread started: Thread Group 1-18
2021-05-31 18:43:20,761 INFO o.a.j.t.JMeterThread: Thread started: Thread Group 1-19
2021-05-31 18:43:22,473 INFO o.a.j.t.JMeterThread: Thread started: Thread Group 1-20
2021-05-31 18:43:24,183 INFO o.a.j.t.JMeterThread: Thread started: Thread Group 1-21
2021-05-31 18:43:25,897 INFO o.a.j.t.JMeterThread: Thread started: Thread Group 1-22
2021-05-31 18:43:27,613 INFO o.a.j.t.JMeterThread: Thread started: Thread Group 1-23
2021-05-31 18:43:29,326 INFO o.a.j.t.JMeterThread: Thread started: Thread Group 1-24
2021-05-31 18:43:31,044 INFO o.a.j.t.JMeterThread: Thread started: Thread Group 1-25
2021-05-31 18:43:32,757 INFO o.a.j.t.JMeterThread: Thread started: Thread Group 1-26
2021-05-31 18:43:34,466 INFO o.a.j.t.JMeterThread: Thread started: Thread Group 1-27
2021-05-31 18:43:36,183 INFO o.a.j.t.JMeterThread: Thread started: Thread Group 1-28
2021-05-31 18:43:37,896 INFO o.a.j.t.JMeterThread: Thread started: Thread Group 1-29
2021-05-31 18:43:39,610 INFO o.a.j.t.JMeterThread: Thread started: Thread Group 1-30
2021-05-31 18:43:41,323 INFO o.a.j.t.JMeterThread: Thread started: Thread Group 1-31
2021-05-31 18:43:43,037 INFO o.a.j.t.JMeterThread: Thread started: Thread Group 1-32
2021-05-31 18:43:44,752 INFO o.a.j.t.JMeterThread: Thread started: Thread Group 1-33
2021-05-31 18:43:46,466 INFO o.a.j.t.JMeterThread: Thread started: Thread Group 1-34
2021-05-31 18:43:48,182 INFO o.a.j.t.JMeterThread: Thread started: Thread Group 1-35
2021-05-31 18:43:49,897 INFO o.a.j.t.JMeterThread: Thread started: Thread Group 1-36
2021-05-31 18:43:51,608 INFO o.a.j.t.JMeterThread: Thread started: Thread Group 1-37
2021-05-31 18:43:53,323 INFO o.a.j.t.JMeterThread: Thread started: Thread Group 1-38
2021-05-31 18:43:55,037 INFO o.a.j.t.JMeterThread: Thread started: Thread Group 1-39
2021-05-31 18:43:56,752 INFO o.a.j.t.JMeterThread: Thread started: Thread Group 1-40
2021-05-31 18:43:58,463 INFO o.a.j.t.JMeterThread: Thread started: Thread Group 1-41
2021-05-31 18:44:00,177 INFO o.a.j.t.JMeterThread: Thread started: Thread Group 1-42
2021-05-31 18:44:01,893 INFO o.a.j.t.JMeterThread: Thread started: Thread Group 1-43
2021-05-31 18:44:03,608 INFO o.a.j.t.JMeterThread: Thread started: Thread Group 1-44
2021-05-31 18:44:05,320 INFO o.a.j.t.JMeterThread: Thread started: Thread Group 1-45
2021-05-31 18:44:07,033 INFO o.a.j.t.JMeterThread: Thread started: Thread Group 1-46
2021-05-31 18:44:08,747 INFO o.a.j.t.JMeterThread: Thread started: Thread Group 1-47
2021-05-31 18:44:10,460 INFO o.a.j.t.JMeterThread: Thread started: Thread Group 1-48
2021-05-31 18:44:12,176 INFO o.a.j.t.JMeterThread: Thread started: Thread Group 1-49
2021-05-31 18:44:13,889 INFO o.a.j.t.JMeterThread: Thread started: Thread Group 1-50
2021-05-31 18:44:15,602 INFO o.a.j.t.JMeterThread: Thread started: Thread Group 1-51
2021-05-31 18:44:17,320 INFO o.a.j.t.JMeterThread: Thread started: Thread Group 1-52
2021-05-31 18:44:19,033 INFO o.a.j.t.JMeterThread: Thread started: Thread Group 1-53
2021-05-31 18:44:20,745 INFO o.a.j.t.JMeterThread: Thread started: Thread Group 1-54
2021-05-31 18:44:22,460 INFO o.a.j.t.JMeterThread: Thread started: Thread Group 1-55
2021-05-31 18:44:24,172 INFO o.a.j.t.JMeterThread: Thread started: Thread Group 1-56
2021-05-31 18:44:25,888 INFO o.a.j.t.JMeterThread: Thread started: Thread Group 1-57
2021-05-31 18:44:27,602 INFO o.a.j.t.JMeterThread: Thread started: Thread Group 1-58
2021-05-31 18:44:29,318 INFO o.a.j.t.JMeterThread: Thread started: Thread Group 1-59
2021-05-31 18:44:31,032 INFO o.a.j.t.JMeterThread: Thread started: Thread Group 1-60
2021-05-31 18:44:32,747 INFO o.a.j.t.JMeterThread: Thread started: Thread Group 1-61
2021-05-31 18:44:34,459 INFO o.a.j.t.JMeterThread: Thread started: Thread Group 1-62
2021-05-31 18:44:36,171 INFO o.a.j.t.JMeterThread: Thread started: Thread Group 1-63
2021-05-31 18:44:37,885 INFO o.a.j.t.JMeterThread: Thread started: Thread Group 1-64
2021-05-31 18:44:39,598 INFO o.a.j.t.JMeterThread: Thread started: Thread Group 1-65
2021-05-31 18:44:41,312 INFO o.a.j.t.JMeterThread: Thread started: Thread Group 1-66
2021-05-31 18:44:43,029 INFO o.a.j.t.JMeterThread: Thread started: Thread Group 1-67
2021-05-31 18:44:44,743 INFO o.a.j.t.JMeterThread: Thread started: Thread Group 1-68
2021-05-31 18:44:46,456 INFO o.a.j.t.JMeterThread: Thread started: Thread Group 1-69
2021-05-31 18:44:48,171 INFO o.a.j.t.JMeterThread: Thread started: Thread Group 1-70
2021-05-31 18:56:43,668 INFO o.a.j.t.JMeterThread: Thread finished: Thread Group 1-30
2021-05-31 18:56:43,864 INFO o.a.j.t.JMeterThread: Thread finished: Thread Group 1-34
2021-05-31 18:56:43,902 INFO o.a.j.t.JMeterThread: Thread finished: Thread Group 1-19
2021-05-31 18:56:43,962 INFO o.a.j.t.JMeterThread: Thread finished: Thread Group 1-70
2021-05-31 18:56:43,985 INFO o.a.j.t.JMeterThread: Thread finished: Thread Group 1-36
2021-05-31 18:56:43,986 INFO o.a.j.t.JMeterThread: Thread finished: Thread Group 1-65
2021-05-31 18:56:44,030 INFO o.a.j.t.JMeterThread: Thread finished: Thread Group 1-68
2021-05-31 18:56:44,106 INFO o.a.j.t.JMeterThread: Thread finished: Thread Group 1-61
2021-05-31 18:56:44,143 INFO o.a.j.t.JMeterThread: Thread finished: Thread Group 1-32
2021-05-31 18:56:44,228 INFO o.a.j.t.JMeterThread: Thread finished: Thread Group 1-5
2021-05-31 18:56:44,395 INFO o.a.j.t.JMeterThread: Thread finished: Thread Group 1-47
2021-05-31 18:56:44,558 INFO o.a.j.t.JMeterThread: Thread finished: Thread Group 1-64
2021-05-31 18:56:44,578 INFO o.a.j.t.JMeterThread: Thread finished: Thread Group 1-12
2021-05-31 18:56:44,751 INFO o.a.j.t.JMeterThread: Thread finished: Thread Group 1-18
2021-05-31 18:56:45,061 INFO o.a.j.t.JMeterThread: Thread finished: Thread Group 1-16
2021-05-31 18:56:45,249 INFO o.a.j.t.JMeterThread: Thread finished: Thread Group 1-23
2021-05-31 18:56:45,260 INFO o.a.j.t.JMeterThread: Thread finished: Thread Group 1-27
2021-05-31 18:56:45,517 INFO o.a.j.t.JMeterThread: Thread finished: Thread Group 1-3
2021-05-31 18:56:45,669 INFO o.a.j.t.JMeterThread: Thread finished: Thread Group 1-58
2021-05-31 18:56:45,798 INFO o.a.j.t.JMeterThread: Thread finished: Thread Group 1-66
2021-05-31 18:56:45,835 INFO o.a.j.t.JMeterThread: Thread finished: Thread Group 1-63
2021-05-31 18:56:45,882 INFO o.a.j.t.JMeterThread: Thread finished: Thread Group 1-45
2021-05-31 18:56:46,001 INFO o.a.j.t.JMeterThread: Thread finished: Thread Group 1-43
2021-05-31 18:56:46,099 INFO o.a.j.t.JMeterThread: Thread finished: Thread Group 1-51
2021-05-31 18:56:46,170 INFO o.a.j.t.JMeterThread: Thread finished: Thread Group 1-17
2021-05-31 18:56:46,314 INFO o.a.j.t.JMeterThread: Thread finished: Thread Group 1-52
2021-05-31 18:56:46,419 INFO o.a.j.t.JMeterThread: Thread finished: Thread Group 1-56
2021-05-31 18:56:46,534 INFO o.a.j.t.JMeterThread: Thread finished: Thread Group 1-2
2021-05-31 18:56:46,615 INFO o.a.j.t.JMeterThread: Thread finished: Thread Group 1-20
2021-05-31 18:56:46,635 INFO o.a.j.t.JMeterThread: Thread finished: Thread Group 1-9
2021-05-31 18:56:46,917 INFO o.a.j.t.JMeterThread: Thread finished: Thread Group 1-33
2021-05-31 18:56:47,043 INFO o.a.j.t.JMeterThread: Thread finished: Thread Group 1-26
2021-05-31 18:56:47,078 INFO o.a.j.t.JMeterThread: Thread finished: Thread Group 1-40
2021-05-31 18:56:47,151 INFO o.a.j.t.JMeterThread: Thread finished: Thread Group 1-48
2021-05-31 18:56:47,360 INFO o.a.j.t.JMeterThread: Thread finished: Thread Group 1-10
2021-05-31 18:56:47,388 INFO o.a.j.t.JMeterThread: Thread finished: Thread Group 1-22
2021-05-31 18:56:47,612 INFO o.a.j.t.JMeterThread: Thread finished: Thread Group 1-24
2021-05-31 18:56:47,793 INFO o.a.j.t.JMeterThread: Thread finished: Thread Group 1-6
2021-05-31 18:56:47,835 INFO o.a.j.t.JMeterThread: Thread finished: Thread Group 1-59
2021-05-31 18:56:47,870 INFO o.a.j.t.JMeterThread: Thread finished: Thread Group 1-57
2021-05-31 18:56:47,888 INFO o.a.j.t.JMeterThread: Thread finished: Thread Group 1-53
2021-05-31 18:56:47,915 INFO o.a.j.t.JMeterThread: Thread finished: Thread Group 1-14
2021-05-31 18:56:48,063 INFO o.a.j.t.JMeterThread: Thread finished: Thread Group 1-60
2021-05-31 18:56:48,079 INFO o.a.j.t.JMeterThread: Thread finished: Thread Group 1-15
2021-05-31 18:56:48,123 INFO o.a.j.t.JMeterThread: Thread finished: Thread Group 1-44
2021-05-31 18:56:48,130 INFO o.a.j.t.JMeterThread: Thread finished: Thread Group 1-42
2021-05-31 18:56:48,159 INFO o.a.j.t.JMeterThread: Thread finished: Thread Group 1-8
2021-05-31 18:56:48,409 INFO o.a.j.t.JMeterThread: Thread finished: Thread Group 1-50
2021-05-31 18:56:48,490 INFO o.a.j.t.JMeterThread: Thread finished: Thread Group 1-37
2021-05-31 18:56:48,626 INFO o.a.j.t.JMeterThread: Thread finished: Thread Group 1-4
2021-05-31 18:56:48,705 INFO o.a.j.t.JMeterThread: Thread finished: Thread Group 1-46
2021-05-31 18:56:48,780 INFO o.a.j.t.JMeterThread: Thread finished: Thread Group 1-31
2021-05-31 18:56:48,790 INFO o.a.j.t.JMeterThread: Thread finished: Thread Group 1-1
2021-05-31 18:56:48,795 INFO o.a.j.t.JMeterThread: Thread finished: Thread Group 1-11
2021-05-31 18:56:48,863 INFO o.a.j.t.JMeterThread: Thread finished: Thread Group 1-55
2021-05-31 18:56:49,025 INFO o.a.j.t.JMeterThread: Thread finished: Thread Group 1-28
2021-05-31 18:56:49,118 INFO o.a.j.t.JMeterThread: Thread finished: Thread Group 1-62
2021-05-31 18:56:49,120 INFO o.a.j.t.JMeterThread: Thread finished: Thread Group 1-25
2021-05-31 18:56:49,224 INFO o.a.j.t.JMeterThread: Thread finished: Thread Group 1-67
2021-05-31 18:56:49,234 INFO o.a.j.t.JMeterThread: Thread finished: Thread Group 1-49
2021-05-31 18:56:49,324 INFO o.a.j.t.JMeterThread: Thread finished: Thread Group 1-38
2021-05-31 18:56:49,459 INFO o.a.j.t.JMeterThread: Thread finished: Thread Group 1-41
2021-05-31 18:56:49,514 INFO o.a.j.t.JMeterThread: Thread finished: Thread Group 1-69
2021-05-31 18:56:49,602 INFO o.a.j.t.JMeterThread: Thread finished: Thread Group 1-54
2021-05-31 18:56:49,611 INFO o.a.j.t.JMeterThread: Thread finished: Thread Group 1-21
2021-05-31 18:56:49,670 INFO o.a.j.t.JMeterThread: Thread finished: Thread Group 1-35
2021-05-31 18:56:49,821 INFO o.a.j.t.JMeterThread: Thread finished: Thread Group 1-13
2021-05-31 18:56:49,935 INFO o.a.j.t.JMeterThread: Stopping because end time detected by thread: Thread Group 1-7
2021-05-31 18:56:49,935 INFO o.a.j.t.JMeterThread: Thread finished: Thread Group 1-7
2021-05-31 18:56:49,994 INFO o.a.j.t.JMeterThread: Thread finished: Thread Group 1-39
2021-05-31 18:56:50,086 INFO o.a.j.t.JMeterThread: Stopping because end time detected by thread: Thread Group 1-29
2021-05-31 18:56:50,087 INFO o.a.j.t.JMeterThread: Thread finished: Thread Group 1-29
2021-05-31 18:56:50,087 INFO o.a.j.e.StandardJMeterEngine: Notifying test listeners of end of test
2021-05-31 18:56:50,088 INFO o.a.j.JMeter: Generating Dashboard
2021-05-31 18:56:50,088 INFO o.a.j.r.d.ReportGenerator: Flushing result collector before report Generation
2021-05-31 18:56:50,100 INFO o.a.j.r.p.NormalizerSampleConsumer: Using format, 'ms', to parse timeStamp field
2021-05-31 18:56:50,108 ERROR o.a.j.r.d.ReportGenerator: Cannot assign "${jmeter.reportgenerator.apdex_satisfied_threshold}" to property "set_satisfied_threshold" (mapped as "setSatisfiedThreshold"), skip it
org.apache.jmeter.report.core.ConvertException: Unable to convert "${jmeter.reportgenerator.apdex_satisfied_threshold}" to "java.lang.Long"
	at org.apache.jmeter.report.core.Converters.lambda$static$4(Converters.java:80) ~[ApacheJMeter_core.jar:5.2.1]
	at org.apache.jmeter.report.dashboard.ReportGenerator.setProperty(ReportGenerator.java:537) [ApacheJMeter_core.jar:5.2.1]
	at org.apache.jmeter.report.dashboard.ReportGenerator.addGraphConsumer(ReportGenerator.java:349) [ApacheJMeter_core.jar:5.2.1]
	at org.apache.jmeter.report.dashboard.ReportGenerator.generate(ReportGenerator.java:236) [ApacheJMeter_core.jar:5.2.1]
	at org.apache.jmeter.JMeter$ListenToTest.endTest(JMeter.java:1330) [ApacheJMeter_core.jar:5.2.1]
	at org.apache.jmeter.JMeter$ListenToTest.testEnded(JMeter.java:1286) [ApacheJMeter_core.jar:5.2.1]
	at org.apache.jmeter.engine.StandardJMeterEngine.notifyTestListenersOfEnd(StandardJMeterEngine.java:218) [ApacheJMeter_core.jar:5.2.1]
	at org.apache.jmeter.engine.StandardJMeterEngine.run(StandardJMeterEngine.java:492) [ApacheJMeter_core.jar:5.2.1]
	at java.lang.Thread.run(Thread.java:834) [?:?]
Caused by: java.lang.NumberFormatException: For input string: "${jmeter.reportgenerator.apdex_satisfied_threshold}"
	at java.lang.NumberFormatException.forInputString(NumberFormatException.java:65) ~[?:?]
	at java.lang.Long.parseLong(Long.java:678) ~[?:?]
	at java.lang.Long.valueOf(Long.java:1144) ~[?:?]
	at org.apache.jmeter.report.core.Converters.lambda$static$4(Converters.java:78) ~[ApacheJMeter_core.jar:5.2.1]
	... 8 more
2021-05-31 18:56:50,114 ERROR o.a.j.JMeter: Error generating the report: Cannot assign "${jmeter.reportgenerator.apdex_satisfied_threshold}" to property "set_satisfied_threshold" (mapped as "setSatisfiedThreshold"), skip it
org.apache.jmeter.report.dashboard.GenerationException: Cannot assign "${jmeter.reportgenerator.apdex_satisfied_threshold}" to property "set_satisfied_threshold" (mapped as "setSatisfiedThreshold"), skip it
	at org.apache.jmeter.report.dashboard.ReportGenerator.setProperty(ReportGenerator.java:550) ~[ApacheJMeter_core.jar:5.2.1]
	at org.apache.jmeter.report.dashboard.ReportGenerator.addGraphConsumer(ReportGenerator.java:349) ~[ApacheJMeter_core.jar:5.2.1]
	at org.apache.jmeter.report.dashboard.ReportGenerator.generate(ReportGenerator.java:236) ~[ApacheJMeter_core.jar:5.2.1]
	at org.apache.jmeter.JMeter$ListenToTest.endTest(JMeter.java:1330) [ApacheJMeter_core.jar:5.2.1]
	at org.apache.jmeter.JMeter$ListenToTest.testEnded(JMeter.java:1286) [ApacheJMeter_core.jar:5.2.1]
	at org.apache.jmeter.engine.StandardJMeterEngine.notifyTestListenersOfEnd(StandardJMeterEngine.java:218) [ApacheJMeter_core.jar:5.2.1]
	at org.apache.jmeter.engine.StandardJMeterEngine.run(StandardJMeterEngine.java:492) [ApacheJMeter_core.jar:5.2.1]
	at java.lang.Thread.run(Thread.java:834) [?:?]
Caused by: org.apache.jmeter.report.core.ConvertException: Unable to convert "${jmeter.reportgenerator.apdex_satisfied_threshold}" to "java.lang.Long"
	at org.apache.jmeter.report.core.Converters.lambda$static$4(Converters.java:80) ~[ApacheJMeter_core.jar:5.2.1]
	at org.apache.jmeter.report.dashboard.ReportGenerator.setProperty(ReportGenerator.java:537) ~[ApacheJMeter_core.jar:5.2.1]
	... 7 more
Caused by: java.lang.NumberFormatException: For input string: "${jmeter.reportgenerator.apdex_satisfied_threshold}"
	at java.lang.NumberFormatException.forInputString(NumberFormatException.java:65) ~[?:?]
	at java.lang.Long.parseLong(Long.java:678) ~[?:?]
	at java.lang.Long.valueOf(Long.java:1144) ~[?:?]
	at org.apache.jmeter.report.core.Converters.lambda$static$4(Converters.java:78) ~[ApacheJMeter_core.jar:5.2.1]
	at org.apache.jmeter.report.dashboard.ReportGenerator.setProperty(ReportGenerator.java:537) ~[ApacheJMeter_core.jar:5.2.1]
	... 7 more
