2021-05-31 15:25:46,545 INFO o.a.j.u.JMeterUtils: Setting Locale to en_EN
2021-05-31 15:25:46,599 INFO o.a.j.JMeter: Setting JMeter property: HOST=ru4qw4p7gi.execute-api.eu-central-1.amazonaws.com
2021-05-31 15:25:46,599 INFO o.a.j.JMeter: Setting JMeter property: PATH=/production/todos
2021-05-31 15:25:46,600 INFO o.a.j.JMeter: Setting JMeter property: PORT=443
2021-05-31 15:25:46,601 INFO o.a.j.JMeter: Copyright (c) 1998-2019 The Apache Software Foundation
2021-05-31 15:25:46,601 INFO o.a.j.JMeter: Version 5.2.1
2021-05-31 15:25:46,602 INFO o.a.j.JMeter: java.version=11.0.9
2021-05-31 15:25:46,602 INFO o.a.j.JMeter: java.vm.name=OpenJDK 64-Bit Server VM
2021-05-31 15:25:46,602 INFO o.a.j.JMeter: os.name=Linux
2021-05-31 15:25:46,602 INFO o.a.j.JMeter: os.arch=amd64
2021-05-31 15:25:46,602 INFO o.a.j.JMeter: os.version=5.3.0-1023-aws
2021-05-31 15:25:46,602 INFO o.a.j.JMeter: file.encoding=UTF-8
2021-05-31 15:25:46,602 INFO o.a.j.JMeter: java.awt.headless=true
2021-05-31 15:25:46,602 INFO o.a.j.JMeter: Max memory     =1073741824
2021-05-31 15:25:46,602 INFO o.a.j.JMeter: Available Processors =2
2021-05-31 15:25:46,620 INFO o.a.j.JMeter: Default Locale=English (EN)
2021-05-31 15:25:46,621 INFO o.a.j.JMeter: JMeter  Locale=English (EN)
2021-05-31 15:25:46,621 INFO o.a.j.JMeter: JMeterHome=/opt/radon-ctt-agent/plugins/jmeter/apache-jmeter-5.2.1
2021-05-31 15:25:46,621 INFO o.a.j.JMeter: user.dir  =/opt/radon-ctt-agent
2021-05-31 15:25:46,621 INFO o.a.j.JMeter: PWD       =/opt/radon-ctt-agent
2021-05-31 15:25:46,622 INFO o.a.j.JMeter: IP: 172.17.0.2 Name: 8709386bc935 FullName: 8709386bc935
2021-05-31 15:25:46,626 INFO o.a.j.JMeter: Setting property 'jmeter.reportgenerator.outputdir' to:'/opt/radon-ctt-agent/jmeter/635bb5e9-3f38-4001-affb-9d7c0a5468b7/54958ad5-c581-4ff6-9eed-1449bb5ab35d/dashboard'
2021-05-31 15:25:46,631 INFO o.a.j.s.FileServer: Default base='/opt/radon-ctt-agent'
2021-05-31 15:25:46,635 INFO o.a.j.s.FileServer: Set new base='/opt/radon-ctt-agent/jmeter/635bb5e9-3f38-4001-affb-9d7c0a5468b7/config/resources'
2021-05-31 15:25:46,948 INFO o.a.j.s.SaveService: Testplan (JMX) version: 2.2. Testlog (JTL) version: 2.2
2021-05-31 15:25:46,960 INFO o.a.j.s.SaveService: Using SaveService properties version 5.0
2021-05-31 15:25:46,964 INFO o.a.j.s.SaveService: Using SaveService properties file encoding UTF-8
2021-05-31 15:25:46,968 INFO o.a.j.s.SaveService: Loading file: /opt/radon-ctt-agent/jmeter/635bb5e9-3f38-4001-affb-9d7c0a5468b7/config/resources/loadtest.jmx
2021-05-31 15:25:47,457 INFO o.a.j.r.d.ReportGenerator: ReportGenerator will use for Parsing the separator: ','
2021-05-31 15:25:47,457 INFO o.a.j.r.d.ReportGenerator: Will generate report at end of test from  results file: /opt/radon-ctt-agent/jmeter/635bb5e9-3f38-4001-affb-9d7c0a5468b7/54958ad5-c581-4ff6-9eed-1449bb5ab35d/sample_results.jtl
2021-05-31 15:25:47,457 INFO o.a.j.r.d.ReportGenerator: Reading report generator properties from: /opt/radon-ctt-agent/plugins/jmeter/apache-jmeter-5.2.1/bin/reportgenerator.properties
2021-05-31 15:25:47,458 INFO o.a.j.r.d.ReportGenerator: Merging with JMeter properties
2021-05-31 15:25:47,463 INFO o.a.j.r.c.ReportGeneratorConfiguration: Property 'jmeter.reportgenerator.temp_dir' not found, using default value 'temp' instead.
2021-05-31 15:25:47,463 INFO o.a.j.r.c.ReportGeneratorConfiguration: Property 'jmeter.reportgenerator.apdex_satisfied_threshold' not found, using default value '500' instead.
2021-05-31 15:25:47,463 INFO o.a.j.r.c.ReportGeneratorConfiguration: Property 'jmeter.reportgenerator.apdex_tolerated_threshold' not found, using default value '1500' instead.
2021-05-31 15:25:47,463 INFO o.a.j.r.c.ReportGeneratorConfiguration: Property 'jmeter.reportgenerator.apdex_per_transaction' not found, using default value 'null' instead.
2021-05-31 15:25:47,464 INFO o.a.j.r.c.ReportGeneratorConfiguration: apdex_per_transaction is empty, not APDEX per transaction customization
2021-05-31 15:25:47,466 INFO o.a.j.r.c.ReportGeneratorConfiguration: Property 'jmeter.reportgenerator.sample_filter' not found, using default value 'null' instead.
2021-05-31 15:25:47,467 INFO o.a.j.r.c.ReportGeneratorConfiguration: Property 'jmeter.reportgenerator.report_title' not found, using default value 'null' instead.
2021-05-31 15:25:47,467 INFO o.a.j.r.c.ReportGeneratorConfiguration: Property 'jmeter.reportgenerator.start_date' not found, using default value 'null' instead.
2021-05-31 15:25:47,467 INFO o.a.j.r.c.ReportGeneratorConfiguration: Property 'jmeter.reportgenerator.end_date' not found, using default value 'null' instead.
2021-05-31 15:25:47,467 INFO o.a.j.r.c.ReportGeneratorConfiguration: Property 'jmeter.reportgenerator.date_format' not found, using default value 'null' instead.
2021-05-31 15:25:47,467 INFO o.a.j.r.c.ReportGeneratorConfiguration: Will use date range start date: null, end date: null
2021-05-31 15:25:47,472 INFO o.a.j.r.c.ReportGeneratorConfiguration: Property 'jmeter.reportgenerator.graph.totalTPS.exclude_controllers' not found, using default value 'false' instead.
2021-05-31 15:25:47,472 INFO o.a.j.r.c.ReportGeneratorConfiguration: Property 'jmeter.reportgenerator.graph.activeThreadsOverTime.exclude_controllers' not found, using default value 'false' instead.
2021-05-31 15:25:47,472 INFO o.a.j.r.c.ReportGeneratorConfiguration: Property 'jmeter.reportgenerator.graph.timeVsThreads.exclude_controllers' not found, using default value 'false' instead.
2021-05-31 15:25:47,472 INFO o.a.j.r.c.ReportGeneratorConfiguration: Property 'jmeter.reportgenerator.graph.responseTimeDistribution.exclude_controllers' not found, using default value 'false' instead.
2021-05-31 15:25:47,473 INFO o.a.j.r.c.ReportGeneratorConfiguration: Property 'jmeter.reportgenerator.graph.transactionsPerSecond.exclude_controllers' not found, using default value 'false' instead.
2021-05-31 15:25:47,473 INFO o.a.j.r.c.ReportGeneratorConfiguration: Property 'jmeter.reportgenerator.graph.responseTimePercentiles.exclude_controllers' not found, using default value 'false' instead.
2021-05-31 15:25:47,473 INFO o.a.j.r.c.ReportGeneratorConfiguration: Property 'jmeter.reportgenerator.graph.responseTimePercentilesOverTime.exclude_controllers' not found, using default value 'false' instead.
2021-05-31 15:25:47,473 INFO o.a.j.r.c.ReportGeneratorConfiguration: Property 'jmeter.reportgenerator.graph.responseTimesOverTime.exclude_controllers' not found, using default value 'false' instead.
2021-05-31 15:25:47,473 INFO o.a.j.r.c.ReportGeneratorConfiguration: Property 'jmeter.reportgenerator.graph.connectTimeOverTime.exclude_controllers' not found, using default value 'false' instead.
2021-05-31 15:25:47,474 INFO o.a.j.r.c.ReportGeneratorConfiguration: Property 'jmeter.reportgenerator.graph.latenciesOverTime.exclude_controllers' not found, using default value 'false' instead.
2021-05-31 15:25:47,475 INFO o.a.j.r.c.ReportGeneratorConfiguration: Property 'jmeter.reportgenerator.exporter.json.filters_only_sample_series' not found, using default value 'true' instead.
2021-05-31 15:25:47,475 INFO o.a.j.r.c.ReportGeneratorConfiguration: Property 'jmeter.reportgenerator.exporter.json.series_filter' not found, using default value '' instead.
2021-05-31 15:25:47,475 INFO o.a.j.r.c.ReportGeneratorConfiguration: Property 'jmeter.reportgenerator.exporter.json.show_controllers_only' not found, using default value 'false' instead.
2021-05-31 15:25:47,475 INFO o.a.j.r.c.ReportGeneratorConfiguration: Property 'jmeter.reportgenerator.exporter.html.filters_only_sample_series' not found, using default value 'true' instead.
2021-05-31 15:25:47,476 INFO o.a.j.r.c.ReportGeneratorConfiguration: Property 'jmeter.reportgenerator.exporter.html.series_filter' not found, using default value '' instead.
2021-05-31 15:25:47,476 INFO o.a.j.r.c.ReportGeneratorConfiguration: Property 'jmeter.reportgenerator.exporter.html.show_controllers_only' not found, using default value 'false' instead.
2021-05-31 15:25:47,485 INFO o.a.j.e.StandardJMeterEngine: Running the test!
2021-05-31 15:25:47,494 INFO o.a.j.s.SampleEvent: List of sample_variables: []
2021-05-31 15:25:47,495 INFO o.a.j.s.SampleEvent: List of sample_variables: []
2021-05-31 15:25:48,034 INFO o.a.j.JMeter: Running test (1622474748034)
2021-05-31 15:25:48,095 INFO o.a.j.e.StandardJMeterEngine: Starting ThreadGroup: 1 : Thread Group
2021-05-31 15:25:48,095 INFO o.a.j.e.StandardJMeterEngine: Starting 90 threads for group Thread Group.
2021-05-31 15:25:48,096 INFO o.a.j.e.StandardJMeterEngine: Thread will continue on error
2021-05-31 15:25:48,096 INFO o.a.j.t.ThreadGroup: Starting thread group... number=1 threads=90 ramp-up=120 delayedStart=false
2021-05-31 15:25:48,116 INFO o.a.j.t.JMeterThread: Thread started: Thread Group 1-1
2021-05-31 15:25:48,204 INFO o.a.j.t.ThreadGroup: Started thread group number 1
2021-05-31 15:25:48,204 INFO o.a.j.e.StandardJMeterEngine: All thread groups have been started
2021-05-31 15:25:49,445 INFO o.a.j.t.JMeterThread: Thread started: Thread Group 1-2
2021-05-31 15:25:50,775 INFO o.a.j.t.JMeterThread: Thread started: Thread Group 1-3
2021-05-31 15:25:52,106 INFO o.a.j.t.JMeterThread: Thread started: Thread Group 1-4
2021-05-31 15:25:53,439 INFO o.a.j.t.JMeterThread: Thread started: Thread Group 1-5
2021-05-31 15:25:54,430 INFO o.a.j.p.h.s.HTTPHCAbstractImpl: Local host = 8709386bc935
2021-05-31 15:25:54,437 INFO o.a.j.p.h.s.HTTPHC4Impl: HTTP request retry count = 0
2021-05-31 15:25:54,439 INFO o.a.j.s.SampleResult: Note: Sample TimeStamps are END times
2021-05-31 15:25:54,439 INFO o.a.j.s.SampleResult: sampleresult.default.encoding is set to ISO-8859-1
2021-05-31 15:25:54,439 INFO o.a.j.s.SampleResult: sampleresult.useNanoTime=true
2021-05-31 15:25:54,439 INFO o.a.j.s.SampleResult: sampleresult.nanoThreadSleep=5000
2021-05-31 15:25:54,565 INFO o.a.j.p.h.s.h.LazyLayeredConnectionSocketFactory: Setting up HTTPS TrustAll Socket Factory
2021-05-31 15:25:54,571 INFO o.a.j.u.JsseSSLManager: Using default SSL protocol: TLS
2021-05-31 15:25:54,571 INFO o.a.j.u.JsseSSLManager: SSL session context: per-thread
2021-05-31 15:25:54,670 INFO o.a.j.u.SSLManager: JmeterKeyStore Location:  type JKS
2021-05-31 15:25:54,673 INFO o.a.j.u.SSLManager: KeyStore created OK
2021-05-31 15:25:54,674 WARN o.a.j.u.SSLManager: Keystore file not found, loading empty keystore
2021-05-31 15:25:54,773 INFO o.a.j.t.JMeterThread: Thread started: Thread Group 1-6
2021-05-31 15:25:56,106 INFO o.a.j.t.JMeterThread: Thread started: Thread Group 1-7
2021-05-31 15:25:57,439 INFO o.a.j.t.JMeterThread: Thread started: Thread Group 1-8
2021-05-31 15:25:58,763 INFO o.a.j.t.JMeterThread: Thread started: Thread Group 1-9
2021-05-31 15:26:00,098 INFO o.a.j.t.JMeterThread: Thread started: Thread Group 1-10
2021-05-31 15:26:01,429 INFO o.a.j.t.JMeterThread: Thread started: Thread Group 1-11
2021-05-31 15:26:02,762 INFO o.a.j.t.JMeterThread: Thread started: Thread Group 1-12
2021-05-31 15:26:04,096 INFO o.a.j.t.JMeterThread: Thread started: Thread Group 1-13
2021-05-31 15:26:05,431 INFO o.a.j.t.JMeterThread: Thread started: Thread Group 1-14
2021-05-31 15:26:06,765 INFO o.a.j.t.JMeterThread: Thread started: Thread Group 1-15
2021-05-31 15:26:08,098 INFO o.a.j.t.JMeterThread: Thread started: Thread Group 1-16
2021-05-31 15:26:09,428 INFO o.a.j.t.JMeterThread: Thread started: Thread Group 1-17
2021-05-31 15:26:10,761 INFO o.a.j.t.JMeterThread: Thread started: Thread Group 1-18
2021-05-31 15:26:12,094 INFO o.a.j.t.JMeterThread: Thread started: Thread Group 1-19
2021-05-31 15:26:13,427 INFO o.a.j.t.JMeterThread: Thread started: Thread Group 1-20
2021-05-31 15:26:14,758 INFO o.a.j.t.JMeterThread: Thread started: Thread Group 1-21
2021-05-31 15:26:16,092 INFO o.a.j.t.JMeterThread: Thread started: Thread Group 1-22
2021-05-31 15:26:17,427 INFO o.a.j.t.JMeterThread: Thread started: Thread Group 1-23
2021-05-31 15:26:18,758 INFO o.a.j.t.JMeterThread: Thread started: Thread Group 1-24
2021-05-31 15:26:20,094 INFO o.a.j.t.JMeterThread: Thread started: Thread Group 1-25
2021-05-31 15:26:21,422 INFO o.a.j.t.JMeterThread: Thread started: Thread Group 1-26
2021-05-31 15:26:22,756 INFO o.a.j.t.JMeterThread: Thread started: Thread Group 1-27
2021-05-31 15:26:24,089 INFO o.a.j.t.JMeterThread: Thread started: Thread Group 1-28
2021-05-31 15:26:25,422 INFO o.a.j.t.JMeterThread: Thread started: Thread Group 1-29
2021-05-31 15:26:26,755 INFO o.a.j.t.JMeterThread: Thread started: Thread Group 1-30
2021-05-31 15:26:28,088 INFO o.a.j.t.JMeterThread: Thread started: Thread Group 1-31
2021-05-31 15:26:29,421 INFO o.a.j.t.JMeterThread: Thread started: Thread Group 1-32
2021-05-31 15:26:30,753 INFO o.a.j.t.JMeterThread: Thread started: Thread Group 1-33
2021-05-31 15:26:32,088 INFO o.a.j.t.JMeterThread: Thread started: Thread Group 1-34
2021-05-31 15:26:33,422 INFO o.a.j.t.JMeterThread: Thread started: Thread Group 1-35
2021-05-31 15:26:34,755 INFO o.a.j.t.JMeterThread: Thread started: Thread Group 1-36
2021-05-31 15:26:36,087 INFO o.a.j.t.JMeterThread: Thread started: Thread Group 1-37
2021-05-31 15:26:37,420 INFO o.a.j.t.JMeterThread: Thread started: Thread Group 1-38
2021-05-31 15:26:38,752 INFO o.a.j.t.JMeterThread: Thread started: Thread Group 1-39
2021-05-31 15:26:40,085 INFO o.a.j.t.JMeterThread: Thread started: Thread Group 1-40
2021-05-31 15:26:41,420 INFO o.a.j.t.JMeterThread: Thread started: Thread Group 1-41
2021-05-31 15:26:42,752 INFO o.a.j.t.JMeterThread: Thread started: Thread Group 1-42
2021-05-31 15:26:44,086 INFO o.a.j.t.JMeterThread: Thread started: Thread Group 1-43
2021-05-31 15:26:45,418 INFO o.a.j.t.JMeterThread: Thread started: Thread Group 1-44
2021-05-31 15:26:46,749 INFO o.a.j.t.JMeterThread: Thread started: Thread Group 1-45
2021-05-31 15:26:48,082 INFO o.a.j.t.JMeterThread: Thread started: Thread Group 1-46
2021-05-31 15:26:49,416 INFO o.a.j.t.JMeterThread: Thread started: Thread Group 1-47
2021-05-31 15:26:50,748 INFO o.a.j.t.JMeterThread: Thread started: Thread Group 1-48
2021-05-31 15:26:52,081 INFO o.a.j.t.JMeterThread: Thread started: Thread Group 1-49
2021-05-31 15:26:53,415 INFO o.a.j.t.JMeterThread: Thread started: Thread Group 1-50
2021-05-31 15:26:54,748 INFO o.a.j.t.JMeterThread: Thread started: Thread Group 1-51
2021-05-31 15:26:56,081 INFO o.a.j.t.JMeterThread: Thread started: Thread Group 1-52
2021-05-31 15:26:57,414 INFO o.a.j.t.JMeterThread: Thread started: Thread Group 1-53
2021-05-31 15:26:58,748 INFO o.a.j.t.JMeterThread: Thread started: Thread Group 1-54
2021-05-31 15:27:00,079 INFO o.a.j.t.JMeterThread: Thread started: Thread Group 1-55
2021-05-31 15:27:01,412 INFO o.a.j.t.JMeterThread: Thread started: Thread Group 1-56
2021-05-31 15:27:02,747 INFO o.a.j.t.JMeterThread: Thread started: Thread Group 1-57
2021-05-31 15:27:04,079 INFO o.a.j.t.JMeterThread: Thread started: Thread Group 1-58
2021-05-31 15:27:05,411 INFO o.a.j.t.JMeterThread: Thread started: Thread Group 1-59
2021-05-31 15:27:06,744 INFO o.a.j.t.JMeterThread: Thread started: Thread Group 1-60
2021-05-31 15:27:08,077 INFO o.a.j.t.JMeterThread: Thread started: Thread Group 1-61
2021-05-31 15:27:09,410 INFO o.a.j.t.JMeterThread: Thread started: Thread Group 1-62
2021-05-31 15:27:10,743 INFO o.a.j.t.JMeterThread: Thread started: Thread Group 1-63
2021-05-31 15:27:12,076 INFO o.a.j.t.JMeterThread: Thread started: Thread Group 1-64
2021-05-31 15:27:13,409 INFO o.a.j.t.JMeterThread: Thread started: Thread Group 1-65
2021-05-31 15:27:14,742 INFO o.a.j.t.JMeterThread: Thread started: Thread Group 1-66
2021-05-31 15:27:16,075 INFO o.a.j.t.JMeterThread: Thread started: Thread Group 1-67
2021-05-31 15:27:17,408 INFO o.a.j.t.JMeterThread: Thread started: Thread Group 1-68
2021-05-31 15:27:18,741 INFO o.a.j.t.JMeterThread: Thread started: Thread Group 1-69
2021-05-31 15:27:20,074 INFO o.a.j.t.JMeterThread: Thread started: Thread Group 1-70
2021-05-31 15:27:21,408 INFO o.a.j.t.JMeterThread: Thread started: Thread Group 1-71
2021-05-31 15:27:22,740 INFO o.a.j.t.JMeterThread: Thread started: Thread Group 1-72
2021-05-31 15:27:24,074 INFO o.a.j.t.JMeterThread: Thread started: Thread Group 1-73
2021-05-31 15:27:25,407 INFO o.a.j.t.JMeterThread: Thread started: Thread Group 1-74
2021-05-31 15:27:26,740 INFO o.a.j.t.JMeterThread: Thread started: Thread Group 1-75
2021-05-31 15:27:28,072 INFO o.a.j.t.JMeterThread: Thread started: Thread Group 1-76
2021-05-31 15:27:29,406 INFO o.a.j.t.JMeterThread: Thread started: Thread Group 1-77
2021-05-31 15:27:30,738 INFO o.a.j.t.JMeterThread: Thread started: Thread Group 1-78
2021-05-31 15:27:32,071 INFO o.a.j.t.JMeterThread: Thread started: Thread Group 1-79
2021-05-31 15:27:33,404 INFO o.a.j.t.JMeterThread: Thread started: Thread Group 1-80
2021-05-31 15:27:34,738 INFO o.a.j.t.JMeterThread: Thread started: Thread Group 1-81
2021-05-31 15:27:36,071 INFO o.a.j.t.JMeterThread: Thread started: Thread Group 1-82
2021-05-31 15:27:37,403 INFO o.a.j.t.JMeterThread: Thread started: Thread Group 1-83
2021-05-31 15:27:38,736 INFO o.a.j.t.JMeterThread: Thread started: Thread Group 1-84
2021-05-31 15:27:40,070 INFO o.a.j.t.JMeterThread: Thread started: Thread Group 1-85
2021-05-31 15:27:41,402 INFO o.a.j.t.JMeterThread: Thread started: Thread Group 1-86
2021-05-31 15:27:42,735 INFO o.a.j.t.JMeterThread: Thread started: Thread Group 1-87
2021-05-31 15:27:44,068 INFO o.a.j.t.JMeterThread: Thread started: Thread Group 1-88
2021-05-31 15:27:45,401 INFO o.a.j.t.JMeterThread: Thread started: Thread Group 1-89
2021-05-31 15:27:46,735 INFO o.a.j.t.JMeterThread: Thread started: Thread Group 1-90
2021-05-31 15:39:42,107 INFO o.a.j.t.JMeterThread: Thread finished: Thread Group 1-54
2021-05-31 15:39:42,174 INFO o.a.j.t.JMeterThread: Thread finished: Thread Group 1-83
2021-05-31 15:39:42,274 INFO o.a.j.t.JMeterThread: Thread finished: Thread Group 1-24
2021-05-31 15:39:42,488 INFO o.a.j.t.JMeterThread: Thread finished: Thread Group 1-27
2021-05-31 15:39:42,558 INFO o.a.j.t.JMeterThread: Thread finished: Thread Group 1-10
2021-05-31 15:39:42,578 INFO o.a.j.t.JMeterThread: Thread finished: Thread Group 1-77
2021-05-31 15:39:42,634 INFO o.a.j.t.JMeterThread: Thread finished: Thread Group 1-69
2021-05-31 15:39:42,666 INFO o.a.j.t.JMeterThread: Thread finished: Thread Group 1-80
2021-05-31 15:39:42,849 INFO o.a.j.t.JMeterThread: Thread finished: Thread Group 1-2
2021-05-31 15:39:42,871 INFO o.a.j.t.JMeterThread: Thread finished: Thread Group 1-42
2021-05-31 15:39:43,262 INFO o.a.j.t.JMeterThread: Thread finished: Thread Group 1-13
2021-05-31 15:39:43,356 INFO o.a.j.t.JMeterThread: Thread finished: Thread Group 1-18
2021-05-31 15:39:43,391 INFO o.a.j.t.JMeterThread: Thread finished: Thread Group 1-12
2021-05-31 15:39:43,661 INFO o.a.j.t.JMeterThread: Thread finished: Thread Group 1-22
2021-05-31 15:39:43,811 INFO o.a.j.t.JMeterThread: Thread finished: Thread Group 1-85
2021-05-31 15:39:43,820 INFO o.a.j.t.JMeterThread: Thread finished: Thread Group 1-48
2021-05-31 15:39:43,912 INFO o.a.j.t.JMeterThread: Thread finished: Thread Group 1-9
2021-05-31 15:39:43,962 INFO o.a.j.t.JMeterThread: Thread finished: Thread Group 1-20
2021-05-31 15:39:44,639 INFO o.a.j.t.JMeterThread: Thread finished: Thread Group 1-46
2021-05-31 15:39:44,674 INFO o.a.j.t.JMeterThread: Thread finished: Thread Group 1-28
2021-05-31 15:39:44,729 INFO o.a.j.t.JMeterThread: Thread finished: Thread Group 1-59
2021-05-31 15:39:44,779 INFO o.a.j.t.JMeterThread: Thread finished: Thread Group 1-82
2021-05-31 15:39:44,879 INFO o.a.j.t.JMeterThread: Thread finished: Thread Group 1-65
2021-05-31 15:39:44,982 INFO o.a.j.t.JMeterThread: Thread finished: Thread Group 1-32
2021-05-31 15:39:44,995 INFO o.a.j.t.JMeterThread: Thread finished: Thread Group 1-61
2021-05-31 15:39:45,145 INFO o.a.j.t.JMeterThread: Thread finished: Thread Group 1-36
2021-05-31 15:39:45,162 INFO o.a.j.t.JMeterThread: Thread finished: Thread Group 1-90
2021-05-31 15:39:45,232 INFO o.a.j.t.JMeterThread: Thread finished: Thread Group 1-52
2021-05-31 15:39:45,414 INFO o.a.j.t.JMeterThread: Thread finished: Thread Group 1-35
2021-05-31 15:39:45,429 INFO o.a.j.t.JMeterThread: Thread finished: Thread Group 1-70
2021-05-31 15:39:45,490 INFO o.a.j.t.JMeterThread: Thread finished: Thread Group 1-51
2021-05-31 15:39:45,533 INFO o.a.j.t.JMeterThread: Thread finished: Thread Group 1-26
2021-05-31 15:39:45,596 INFO o.a.j.t.JMeterThread: Thread finished: Thread Group 1-1
2021-05-31 15:39:45,641 INFO o.a.j.t.JMeterThread: Thread finished: Thread Group 1-64
2021-05-31 15:39:45,705 INFO o.a.j.t.JMeterThread: Thread finished: Thread Group 1-89
2021-05-31 15:39:45,708 INFO o.a.j.t.JMeterThread: Thread finished: Thread Group 1-40
2021-05-31 15:39:45,710 INFO o.a.j.t.JMeterThread: Thread finished: Thread Group 1-76
2021-05-31 15:39:45,799 INFO o.a.j.t.JMeterThread: Thread finished: Thread Group 1-21
2021-05-31 15:39:45,818 INFO o.a.j.t.JMeterThread: Thread finished: Thread Group 1-23
2021-05-31 15:39:46,076 INFO o.a.j.t.JMeterThread: Thread finished: Thread Group 1-11
2021-05-31 15:39:46,299 INFO o.a.j.t.JMeterThread: Thread finished: Thread Group 1-37
2021-05-31 15:39:46,530 INFO o.a.j.t.JMeterThread: Thread finished: Thread Group 1-55
2021-05-31 15:39:46,677 INFO o.a.j.t.JMeterThread: Thread finished: Thread Group 1-66
2021-05-31 15:39:46,778 INFO o.a.j.t.JMeterThread: Thread finished: Thread Group 1-3
2021-05-31 15:39:46,798 INFO o.a.j.t.JMeterThread: Thread finished: Thread Group 1-19
2021-05-31 15:39:46,924 INFO o.a.j.t.JMeterThread: Thread finished: Thread Group 1-25
2021-05-31 15:39:46,968 INFO o.a.j.t.JMeterThread: Thread finished: Thread Group 1-5
2021-05-31 15:39:47,077 INFO o.a.j.t.JMeterThread: Thread finished: Thread Group 1-71
2021-05-31 15:39:47,078 INFO o.a.j.t.JMeterThread: Thread finished: Thread Group 1-7
2021-05-31 15:39:47,321 INFO o.a.j.t.JMeterThread: Thread finished: Thread Group 1-67
2021-05-31 15:39:47,388 INFO o.a.j.t.JMeterThread: Thread finished: Thread Group 1-84
2021-05-31 15:39:47,391 INFO o.a.j.t.JMeterThread: Thread finished: Thread Group 1-15
2021-05-31 15:39:47,894 INFO o.a.j.t.JMeterThread: Thread finished: Thread Group 1-88
2021-05-31 15:39:48,025 INFO o.a.j.t.JMeterThread: Thread finished: Thread Group 1-60
2021-05-31 15:39:48,073 INFO o.a.j.t.JMeterThread: Thread finished: Thread Group 1-62
2021-05-31 15:39:48,073 INFO o.a.j.t.JMeterThread: Thread finished: Thread Group 1-39
2021-05-31 15:39:48,211 INFO o.a.j.t.JMeterThread: Stopping because end time detected by thread: Thread Group 1-45
2021-05-31 15:39:48,213 INFO o.a.j.t.JMeterThread: Thread finished: Thread Group 1-45
2021-05-31 15:39:48,228 INFO o.a.j.t.JMeterThread: Stopping because end time detected by thread: Thread Group 1-33
2021-05-31 15:39:48,230 INFO o.a.j.t.JMeterThread: Thread finished: Thread Group 1-33
2021-05-31 15:39:48,437 INFO o.a.j.t.JMeterThread: Stopping because end time detected by thread: Thread Group 1-14
2021-05-31 15:39:48,437 INFO o.a.j.t.JMeterThread: Thread finished: Thread Group 1-14
2021-05-31 15:39:48,519 INFO o.a.j.t.JMeterThread: Stopping because end time detected by thread: Thread Group 1-75
2021-05-31 15:39:48,521 INFO o.a.j.t.JMeterThread: Thread finished: Thread Group 1-75
2021-05-31 15:39:48,545 INFO o.a.j.t.JMeterThread: Stopping because end time detected by thread: Thread Group 1-43
2021-05-31 15:39:48,548 INFO o.a.j.t.JMeterThread: Thread finished: Thread Group 1-43
2021-05-31 15:39:48,695 INFO o.a.j.t.JMeterThread: Stopping because end time detected by thread: Thread Group 1-44
2021-05-31 15:39:48,697 INFO o.a.j.t.JMeterThread: Thread finished: Thread Group 1-44
2021-05-31 15:39:49,112 INFO o.a.j.t.JMeterThread: Stopping because end time detected by thread: Thread Group 1-31
2021-05-31 15:39:49,112 INFO o.a.j.t.JMeterThread: Thread finished: Thread Group 1-31
2021-05-31 15:39:49,127 INFO o.a.j.t.JMeterThread: Stopping because end time detected by thread: Thread Group 1-16
2021-05-31 15:39:49,127 INFO o.a.j.t.JMeterThread: Thread finished: Thread Group 1-16
2021-05-31 15:39:49,285 INFO o.a.j.t.JMeterThread: Stopping because end time detected by thread: Thread Group 1-50
2021-05-31 15:39:49,286 INFO o.a.j.t.JMeterThread: Thread finished: Thread Group 1-50
2021-05-31 15:39:49,441 INFO o.a.j.t.JMeterThread: Stopping because end time detected by thread: Thread Group 1-86
2021-05-31 15:39:49,443 INFO o.a.j.t.JMeterThread: Thread finished: Thread Group 1-86
2021-05-31 15:39:49,445 INFO o.a.j.t.JMeterThread: Stopping because end time detected by thread: Thread Group 1-38
2021-05-31 15:39:49,446 INFO o.a.j.t.JMeterThread: Thread finished: Thread Group 1-38
2021-05-31 15:39:49,853 INFO o.a.j.t.JMeterThread: Stopping because end time detected by thread: Thread Group 1-53
2021-05-31 15:39:49,854 INFO o.a.j.t.JMeterThread: Thread finished: Thread Group 1-53
2021-05-31 15:39:50,022 INFO o.a.j.t.JMeterThread: Stopping because end time detected by thread: Thread Group 1-68
2021-05-31 15:39:50,022 INFO o.a.j.t.JMeterThread: Thread finished: Thread Group 1-68
2021-05-31 15:39:50,053 INFO o.a.j.t.JMeterThread: Stopping because end time detected by thread: Thread Group 1-30
2021-05-31 15:39:50,054 INFO o.a.j.t.JMeterThread: Thread finished: Thread Group 1-30
2021-05-31 15:39:50,075 INFO o.a.j.t.JMeterThread: Stopping because end time detected by thread: Thread Group 1-58
2021-05-31 15:39:50,076 INFO o.a.j.t.JMeterThread: Thread finished: Thread Group 1-58
2021-05-31 15:39:50,091 INFO o.a.j.t.JMeterThread: Stopping because end time detected by thread: Thread Group 1-6
2021-05-31 15:39:50,093 INFO o.a.j.t.JMeterThread: Thread finished: Thread Group 1-6
2021-05-31 15:39:50,348 INFO o.a.j.t.JMeterThread: Stopping because end time detected by thread: Thread Group 1-87
2021-05-31 15:39:50,349 INFO o.a.j.t.JMeterThread: Thread finished: Thread Group 1-87
2021-05-31 15:39:50,523 INFO o.a.j.t.JMeterThread: Stopping because end time detected by thread: Thread Group 1-8
2021-05-31 15:39:50,525 INFO o.a.j.t.JMeterThread: Thread finished: Thread Group 1-8
2021-05-31 15:39:50,587 INFO o.a.j.t.JMeterThread: Stopping because end time detected by thread: Thread Group 1-17
2021-05-31 15:39:50,587 INFO o.a.j.t.JMeterThread: Thread finished: Thread Group 1-17
2021-05-31 15:39:50,797 INFO o.a.j.t.JMeterThread: Stopping because end time detected by thread: Thread Group 1-57
2021-05-31 15:39:50,797 INFO o.a.j.t.JMeterThread: Thread finished: Thread Group 1-57
2021-05-31 15:39:50,850 INFO o.a.j.t.JMeterThread: Stopping because end time detected by thread: Thread Group 1-63
2021-05-31 15:39:50,851 INFO o.a.j.t.JMeterThread: Thread finished: Thread Group 1-63
2021-05-31 15:39:51,372 INFO o.a.j.t.JMeterThread: Stopping because end time detected by thread: Thread Group 1-29
2021-05-31 15:39:51,372 INFO o.a.j.t.JMeterThread: Thread finished: Thread Group 1-29
2021-05-31 15:39:51,521 INFO o.a.j.t.JMeterThread: Stopping because end time detected by thread: Thread Group 1-73
2021-05-31 15:39:51,521 INFO o.a.j.t.JMeterThread: Thread finished: Thread Group 1-73
2021-05-31 15:39:51,833 INFO o.a.j.t.JMeterThread: Stopping because end time detected by thread: Thread Group 1-78
2021-05-31 15:39:51,833 INFO o.a.j.t.JMeterThread: Stopping because end time detected by thread: Thread Group 1-72
2021-05-31 15:39:51,833 INFO o.a.j.t.JMeterThread: Thread finished: Thread Group 1-72
2021-05-31 15:39:51,835 INFO o.a.j.t.JMeterThread: Thread finished: Thread Group 1-78
2021-05-31 15:39:52,475 INFO o.a.j.t.JMeterThread: Stopping because end time detected by thread: Thread Group 1-74
2021-05-31 15:39:52,477 INFO o.a.j.t.JMeterThread: Thread finished: Thread Group 1-74
2021-05-31 15:39:52,758 INFO o.a.j.t.JMeterThread: Stopping because end time detected by thread: Thread Group 1-56
2021-05-31 15:39:52,759 INFO o.a.j.t.JMeterThread: Thread finished: Thread Group 1-56
2021-05-31 15:39:52,763 INFO o.a.j.t.JMeterThread: Stopping because end time detected by thread: Thread Group 1-41
2021-05-31 15:39:52,763 INFO o.a.j.t.JMeterThread: Thread finished: Thread Group 1-41
2021-05-31 15:39:52,887 INFO o.a.j.t.JMeterThread: Stopping because end time detected by thread: Thread Group 1-81
2021-05-31 15:39:52,887 INFO o.a.j.t.JMeterThread: Thread finished: Thread Group 1-81
2021-05-31 15:39:53,240 INFO o.a.j.t.JMeterThread: Stopping because end time detected by thread: Thread Group 1-34
2021-05-31 15:39:53,242 INFO o.a.j.t.JMeterThread: Thread finished: Thread Group 1-34
2021-05-31 15:39:53,538 INFO o.a.j.t.JMeterThread: Stopping because end time detected by thread: Thread Group 1-49
2021-05-31 15:39:53,540 INFO o.a.j.t.JMeterThread: Thread finished: Thread Group 1-49
2021-05-31 15:39:53,692 INFO o.a.j.t.JMeterThread: Stopping because end time detected by thread: Thread Group 1-4
2021-05-31 15:39:53,692 INFO o.a.j.t.JMeterThread: Thread finished: Thread Group 1-4
2021-05-31 15:39:54,038 INFO o.a.j.t.JMeterThread: Stopping because end time detected by thread: Thread Group 1-47
2021-05-31 15:39:54,040 INFO o.a.j.t.JMeterThread: Thread finished: Thread Group 1-47
2021-05-31 15:39:54,187 INFO o.a.j.t.JMeterThread: Stopping because end time detected by thread: Thread Group 1-79
2021-05-31 15:39:54,187 INFO o.a.j.t.JMeterThread: Thread finished: Thread Group 1-79
2021-05-31 15:39:54,188 INFO o.a.j.e.StandardJMeterEngine: Notifying test listeners of end of test
2021-05-31 15:39:54,188 INFO o.a.j.JMeter: Generating Dashboard
2021-05-31 15:39:54,188 INFO o.a.j.r.d.ReportGenerator: Flushing result collector before report Generation
2021-05-31 15:39:54,200 INFO o.a.j.r.p.NormalizerSampleConsumer: Using format, 'ms', to parse timeStamp field
2021-05-31 15:39:54,208 ERROR o.a.j.r.d.ReportGenerator: Cannot assign "${jmeter.reportgenerator.apdex_satisfied_threshold}" to property "set_satisfied_threshold" (mapped as "setSatisfiedThreshold"), skip it
org.apache.jmeter.report.core.ConvertException: Unable to convert "${jmeter.reportgenerator.apdex_satisfied_threshold}" to "java.lang.Long"
	at org.apache.jmeter.report.core.Converters.lambda$static$4(Converters.java:80) ~[ApacheJMeter_core.jar:5.2.1]
	at org.apache.jmeter.report.dashboard.ReportGenerator.setProperty(ReportGenerator.java:537) [ApacheJMeter_core.jar:5.2.1]
	at org.apache.jmeter.report.dashboard.ReportGenerator.addGraphConsumer(ReportGenerator.java:349) [ApacheJMeter_core.jar:5.2.1]
	at org.apache.jmeter.report.dashboard.ReportGenerator.generate(ReportGenerator.java:236) [ApacheJMeter_core.jar:5.2.1]
	at org.apache.jmeter.JMeter$ListenToTest.endTest(JMeter.java:1330) [ApacheJMeter_core.jar:5.2.1]
	at org.apache.jmeter.JMeter$ListenToTest.testEnded(JMeter.java:1286) [ApacheJMeter_core.jar:5.2.1]
	at org.apache.jmeter.engine.StandardJMeterEngine.notifyTestListenersOfEnd(StandardJMeterEngine.java:218) [ApacheJMeter_core.jar:5.2.1]
	at org.apache.jmeter.engine.StandardJMeterEngine.run(StandardJMeterEngine.java:492) [ApacheJMeter_core.jar:5.2.1]
	at java.lang.Thread.run(Thread.java:834) [?:?]
Caused by: java.lang.NumberFormatException: For input string: "${jmeter.reportgenerator.apdex_satisfied_threshold}"
	at java.lang.NumberFormatException.forInputString(NumberFormatException.java:65) ~[?:?]
	at java.lang.Long.parseLong(Long.java:678) ~[?:?]
	at java.lang.Long.valueOf(Long.java:1144) ~[?:?]
	at org.apache.jmeter.report.core.Converters.lambda$static$4(Converters.java:78) ~[ApacheJMeter_core.jar:5.2.1]
	... 8 more
2021-05-31 15:39:54,214 ERROR o.a.j.JMeter: Error generating the report: Cannot assign "${jmeter.reportgenerator.apdex_satisfied_threshold}" to property "set_satisfied_threshold" (mapped as "setSatisfiedThreshold"), skip it
org.apache.jmeter.report.dashboard.GenerationException: Cannot assign "${jmeter.reportgenerator.apdex_satisfied_threshold}" to property "set_satisfied_threshold" (mapped as "setSatisfiedThreshold"), skip it
	at org.apache.jmeter.report.dashboard.ReportGenerator.setProperty(ReportGenerator.java:550) ~[ApacheJMeter_core.jar:5.2.1]
	at org.apache.jmeter.report.dashboard.ReportGenerator.addGraphConsumer(ReportGenerator.java:349) ~[ApacheJMeter_core.jar:5.2.1]
	at org.apache.jmeter.report.dashboard.ReportGenerator.generate(ReportGenerator.java:236) ~[ApacheJMeter_core.jar:5.2.1]
	at org.apache.jmeter.JMeter$ListenToTest.endTest(JMeter.java:1330) [ApacheJMeter_core.jar:5.2.1]
	at org.apache.jmeter.JMeter$ListenToTest.testEnded(JMeter.java:1286) [ApacheJMeter_core.jar:5.2.1]
	at org.apache.jmeter.engine.StandardJMeterEngine.notifyTestListenersOfEnd(StandardJMeterEngine.java:218) [ApacheJMeter_core.jar:5.2.1]
	at org.apache.jmeter.engine.StandardJMeterEngine.run(StandardJMeterEngine.java:492) [ApacheJMeter_core.jar:5.2.1]
	at java.lang.Thread.run(Thread.java:834) [?:?]
Caused by: org.apache.jmeter.report.core.ConvertException: Unable to convert "${jmeter.reportgenerator.apdex_satisfied_threshold}" to "java.lang.Long"
	at org.apache.jmeter.report.core.Converters.lambda$static$4(Converters.java:80) ~[ApacheJMeter_core.jar:5.2.1]
	at org.apache.jmeter.report.dashboard.ReportGenerator.setProperty(ReportGenerator.java:537) ~[ApacheJMeter_core.jar:5.2.1]
	... 7 more
Caused by: java.lang.NumberFormatException: For input string: "${jmeter.reportgenerator.apdex_satisfied_threshold}"
	at java.lang.NumberFormatException.forInputString(NumberFormatException.java:65) ~[?:?]
	at java.lang.Long.parseLong(Long.java:678) ~[?:?]
	at java.lang.Long.valueOf(Long.java:1144) ~[?:?]
	at org.apache.jmeter.report.core.Converters.lambda$static$4(Converters.java:78) ~[ApacheJMeter_core.jar:5.2.1]
	at org.apache.jmeter.report.dashboard.ReportGenerator.setProperty(ReportGenerator.java:537) ~[ApacheJMeter_core.jar:5.2.1]
	... 7 more
