2021-05-31 14:23:30,569 INFO o.a.j.u.JMeterUtils: Setting Locale to en_EN
2021-05-31 14:23:30,626 INFO o.a.j.JMeter: Setting JMeter property: HOST=vzx3ffccm8.execute-api.eu-central-1.amazonaws.com
2021-05-31 14:23:30,626 INFO o.a.j.JMeter: Setting JMeter property: PATH=/production/todos
2021-05-31 14:23:30,626 INFO o.a.j.JMeter: Setting JMeter property: PORT=443
2021-05-31 14:23:30,635 INFO o.a.j.JMeter: Copyright (c) 1998-2019 The Apache Software Foundation
2021-05-31 14:23:30,636 INFO o.a.j.JMeter: Version 5.2.1
2021-05-31 14:23:30,636 INFO o.a.j.JMeter: java.version=11.0.9
2021-05-31 14:23:30,636 INFO o.a.j.JMeter: java.vm.name=OpenJDK 64-Bit Server VM
2021-05-31 14:23:30,636 INFO o.a.j.JMeter: os.name=Linux
2021-05-31 14:23:30,636 INFO o.a.j.JMeter: os.arch=amd64
2021-05-31 14:23:30,636 INFO o.a.j.JMeter: os.version=5.3.0-1023-aws
2021-05-31 14:23:30,636 INFO o.a.j.JMeter: file.encoding=UTF-8
2021-05-31 14:23:30,636 INFO o.a.j.JMeter: java.awt.headless=true
2021-05-31 14:23:30,636 INFO o.a.j.JMeter: Max memory     =1073741824
2021-05-31 14:23:30,637 INFO o.a.j.JMeter: Available Processors =2
2021-05-31 14:23:30,646 INFO o.a.j.JMeter: Default Locale=English (EN)
2021-05-31 14:23:30,647 INFO o.a.j.JMeter: JMeter  Locale=English (EN)
2021-05-31 14:23:30,647 INFO o.a.j.JMeter: JMeterHome=/opt/radon-ctt-agent/plugins/jmeter/apache-jmeter-5.2.1
2021-05-31 14:23:30,647 INFO o.a.j.JMeter: user.dir  =/opt/radon-ctt-agent
2021-05-31 14:23:30,647 INFO o.a.j.JMeter: PWD       =/opt/radon-ctt-agent
2021-05-31 14:23:30,647 INFO o.a.j.JMeter: IP: 172.17.0.2 Name: f336da26f3a4 FullName: f336da26f3a4
2021-05-31 14:23:30,650 INFO o.a.j.JMeter: Setting property 'jmeter.reportgenerator.outputdir' to:'/opt/radon-ctt-agent/jmeter/92ae7a5f-47d1-4be9-a533-e01b0973c20c/3f0efdb0-5ab4-4a99-a76f-c039eea21f69/dashboard'
2021-05-31 14:23:30,653 INFO o.a.j.s.FileServer: Default base='/opt/radon-ctt-agent'
2021-05-31 14:23:30,655 INFO o.a.j.s.FileServer: Set new base='/opt/radon-ctt-agent/jmeter/92ae7a5f-47d1-4be9-a533-e01b0973c20c/config/resources'
2021-05-31 14:23:30,921 INFO o.a.j.s.SaveService: Testplan (JMX) version: 2.2. Testlog (JTL) version: 2.2
2021-05-31 14:23:30,934 INFO o.a.j.s.SaveService: Using SaveService properties version 5.0
2021-05-31 14:23:30,938 INFO o.a.j.s.SaveService: Using SaveService properties file encoding UTF-8
2021-05-31 14:23:30,950 INFO o.a.j.s.SaveService: Loading file: /opt/radon-ctt-agent/jmeter/92ae7a5f-47d1-4be9-a533-e01b0973c20c/config/resources/loadtest.jmx
2021-05-31 14:23:31,344 INFO o.a.j.r.d.ReportGenerator: ReportGenerator will use for Parsing the separator: ','
2021-05-31 14:23:31,345 INFO o.a.j.r.d.ReportGenerator: Will generate report at end of test from  results file: /opt/radon-ctt-agent/jmeter/92ae7a5f-47d1-4be9-a533-e01b0973c20c/3f0efdb0-5ab4-4a99-a76f-c039eea21f69/sample_results.jtl
2021-05-31 14:23:31,345 INFO o.a.j.r.d.ReportGenerator: Reading report generator properties from: /opt/radon-ctt-agent/plugins/jmeter/apache-jmeter-5.2.1/bin/reportgenerator.properties
2021-05-31 14:23:31,346 INFO o.a.j.r.d.ReportGenerator: Merging with JMeter properties
2021-05-31 14:23:31,351 INFO o.a.j.r.c.ReportGeneratorConfiguration: Property 'jmeter.reportgenerator.temp_dir' not found, using default value 'temp' instead.
2021-05-31 14:23:31,352 INFO o.a.j.r.c.ReportGeneratorConfiguration: Property 'jmeter.reportgenerator.apdex_satisfied_threshold' not found, using default value '500' instead.
2021-05-31 14:23:31,352 INFO o.a.j.r.c.ReportGeneratorConfiguration: Property 'jmeter.reportgenerator.apdex_tolerated_threshold' not found, using default value '1500' instead.
2021-05-31 14:23:31,352 INFO o.a.j.r.c.ReportGeneratorConfiguration: Property 'jmeter.reportgenerator.apdex_per_transaction' not found, using default value 'null' instead.
2021-05-31 14:23:31,352 INFO o.a.j.r.c.ReportGeneratorConfiguration: apdex_per_transaction is empty, not APDEX per transaction customization
2021-05-31 14:23:31,356 INFO o.a.j.r.c.ReportGeneratorConfiguration: Property 'jmeter.reportgenerator.sample_filter' not found, using default value 'null' instead.
2021-05-31 14:23:31,356 INFO o.a.j.r.c.ReportGeneratorConfiguration: Property 'jmeter.reportgenerator.report_title' not found, using default value 'null' instead.
2021-05-31 14:23:31,356 INFO o.a.j.r.c.ReportGeneratorConfiguration: Property 'jmeter.reportgenerator.start_date' not found, using default value 'null' instead.
2021-05-31 14:23:31,356 INFO o.a.j.r.c.ReportGeneratorConfiguration: Property 'jmeter.reportgenerator.end_date' not found, using default value 'null' instead.
2021-05-31 14:23:31,356 INFO o.a.j.r.c.ReportGeneratorConfiguration: Property 'jmeter.reportgenerator.date_format' not found, using default value 'null' instead.
2021-05-31 14:23:31,358 INFO o.a.j.r.c.ReportGeneratorConfiguration: Will use date range start date: null, end date: null
2021-05-31 14:23:31,363 INFO o.a.j.r.c.ReportGeneratorConfiguration: Property 'jmeter.reportgenerator.graph.totalTPS.exclude_controllers' not found, using default value 'false' instead.
2021-05-31 14:23:31,364 INFO o.a.j.r.c.ReportGeneratorConfiguration: Property 'jmeter.reportgenerator.graph.activeThreadsOverTime.exclude_controllers' not found, using default value 'false' instead.
2021-05-31 14:23:31,364 INFO o.a.j.r.c.ReportGeneratorConfiguration: Property 'jmeter.reportgenerator.graph.timeVsThreads.exclude_controllers' not found, using default value 'false' instead.
2021-05-31 14:23:31,364 INFO o.a.j.r.c.ReportGeneratorConfiguration: Property 'jmeter.reportgenerator.graph.responseTimeDistribution.exclude_controllers' not found, using default value 'false' instead.
2021-05-31 14:23:31,365 INFO o.a.j.r.c.ReportGeneratorConfiguration: Property 'jmeter.reportgenerator.graph.transactionsPerSecond.exclude_controllers' not found, using default value 'false' instead.
2021-05-31 14:23:31,365 INFO o.a.j.r.c.ReportGeneratorConfiguration: Property 'jmeter.reportgenerator.graph.responseTimePercentiles.exclude_controllers' not found, using default value 'false' instead.
2021-05-31 14:23:31,365 INFO o.a.j.r.c.ReportGeneratorConfiguration: Property 'jmeter.reportgenerator.graph.responseTimePercentilesOverTime.exclude_controllers' not found, using default value 'false' instead.
2021-05-31 14:23:31,365 INFO o.a.j.r.c.ReportGeneratorConfiguration: Property 'jmeter.reportgenerator.graph.responseTimesOverTime.exclude_controllers' not found, using default value 'false' instead.
2021-05-31 14:23:31,366 INFO o.a.j.r.c.ReportGeneratorConfiguration: Property 'jmeter.reportgenerator.graph.connectTimeOverTime.exclude_controllers' not found, using default value 'false' instead.
2021-05-31 14:23:31,367 INFO o.a.j.r.c.ReportGeneratorConfiguration: Property 'jmeter.reportgenerator.graph.latenciesOverTime.exclude_controllers' not found, using default value 'false' instead.
2021-05-31 14:23:31,368 INFO o.a.j.r.c.ReportGeneratorConfiguration: Property 'jmeter.reportgenerator.exporter.json.filters_only_sample_series' not found, using default value 'true' instead.
2021-05-31 14:23:31,368 INFO o.a.j.r.c.ReportGeneratorConfiguration: Property 'jmeter.reportgenerator.exporter.json.series_filter' not found, using default value '' instead.
2021-05-31 14:23:31,368 INFO o.a.j.r.c.ReportGeneratorConfiguration: Property 'jmeter.reportgenerator.exporter.json.show_controllers_only' not found, using default value 'false' instead.
2021-05-31 14:23:31,369 INFO o.a.j.r.c.ReportGeneratorConfiguration: Property 'jmeter.reportgenerator.exporter.html.filters_only_sample_series' not found, using default value 'true' instead.
2021-05-31 14:23:31,369 INFO o.a.j.r.c.ReportGeneratorConfiguration: Property 'jmeter.reportgenerator.exporter.html.series_filter' not found, using default value '' instead.
2021-05-31 14:23:31,370 INFO o.a.j.r.c.ReportGeneratorConfiguration: Property 'jmeter.reportgenerator.exporter.html.show_controllers_only' not found, using default value 'false' instead.
2021-05-31 14:23:31,381 INFO o.a.j.e.StandardJMeterEngine: Running the test!
2021-05-31 14:23:31,389 INFO o.a.j.s.SampleEvent: List of sample_variables: []
2021-05-31 14:23:31,389 INFO o.a.j.s.SampleEvent: List of sample_variables: []
2021-05-31 14:23:31,933 INFO o.a.j.JMeter: Running test (1622471011933)
2021-05-31 14:23:31,981 INFO o.a.j.e.StandardJMeterEngine: Starting ThreadGroup: 1 : Thread Group
2021-05-31 14:23:31,981 INFO o.a.j.e.StandardJMeterEngine: Starting 60 threads for group Thread Group.
2021-05-31 14:23:31,981 INFO o.a.j.e.StandardJMeterEngine: Thread will continue on error
2021-05-31 14:23:31,981 INFO o.a.j.t.ThreadGroup: Starting thread group... number=1 threads=60 ramp-up=120 delayedStart=false
2021-05-31 14:23:31,999 INFO o.a.j.t.JMeterThread: Thread started: Thread Group 1-1
2021-05-31 14:23:32,117 INFO o.a.j.t.ThreadGroup: Started thread group number 1
2021-05-31 14:23:32,117 INFO o.a.j.e.StandardJMeterEngine: All thread groups have been started
2021-05-31 14:23:33,995 INFO o.a.j.t.JMeterThread: Thread started: Thread Group 1-2
2021-05-31 14:23:36,004 INFO o.a.j.t.JMeterThread: Thread started: Thread Group 1-3
2021-05-31 14:23:37,984 INFO o.a.j.t.JMeterThread: Thread started: Thread Group 1-4
2021-05-31 14:23:38,249 INFO o.a.j.p.h.s.HTTPHCAbstractImpl: Local host = f336da26f3a4
2021-05-31 14:23:38,256 INFO o.a.j.p.h.s.HTTPHC4Impl: HTTP request retry count = 0
2021-05-31 14:23:38,257 INFO o.a.j.s.SampleResult: Note: Sample TimeStamps are END times
2021-05-31 14:23:38,257 INFO o.a.j.s.SampleResult: sampleresult.default.encoding is set to ISO-8859-1
2021-05-31 14:23:38,257 INFO o.a.j.s.SampleResult: sampleresult.useNanoTime=true
2021-05-31 14:23:38,258 INFO o.a.j.s.SampleResult: sampleresult.nanoThreadSleep=5000
2021-05-31 14:23:38,384 INFO o.a.j.p.h.s.h.LazyLayeredConnectionSocketFactory: Setting up HTTPS TrustAll Socket Factory
2021-05-31 14:23:38,390 INFO o.a.j.u.JsseSSLManager: Using default SSL protocol: TLS
2021-05-31 14:23:38,390 INFO o.a.j.u.JsseSSLManager: SSL session context: per-thread
2021-05-31 14:23:38,482 INFO o.a.j.u.SSLManager: JmeterKeyStore Location:  type JKS
2021-05-31 14:23:38,485 INFO o.a.j.u.SSLManager: KeyStore created OK
2021-05-31 14:23:38,486 WARN o.a.j.u.SSLManager: Keystore file not found, loading empty keystore
2021-05-31 14:23:39,984 INFO o.a.j.t.JMeterThread: Thread started: Thread Group 1-5
2021-05-31 14:23:41,986 INFO o.a.j.t.JMeterThread: Thread started: Thread Group 1-6
2021-05-31 14:23:43,986 INFO o.a.j.t.JMeterThread: Thread started: Thread Group 1-7
2021-05-31 14:23:45,990 INFO o.a.j.t.JMeterThread: Thread started: Thread Group 1-8
2021-05-31 14:23:47,986 INFO o.a.j.t.JMeterThread: Thread started: Thread Group 1-9
2021-05-31 14:23:49,986 INFO o.a.j.t.JMeterThread: Thread started: Thread Group 1-10
2021-05-31 14:23:51,986 INFO o.a.j.t.JMeterThread: Thread started: Thread Group 1-11
2021-05-31 14:23:53,988 INFO o.a.j.t.JMeterThread: Thread started: Thread Group 1-12
2021-05-31 14:23:55,992 INFO o.a.j.t.JMeterThread: Thread started: Thread Group 1-13
2021-05-31 14:23:57,989 INFO o.a.j.t.JMeterThread: Thread started: Thread Group 1-14
2021-05-31 14:23:59,990 INFO o.a.j.t.JMeterThread: Thread started: Thread Group 1-15
2021-05-31 14:24:01,989 INFO o.a.j.t.JMeterThread: Thread started: Thread Group 1-16
2021-05-31 14:24:03,988 INFO o.a.j.t.JMeterThread: Thread started: Thread Group 1-17
2021-05-31 14:24:05,986 INFO o.a.j.t.JMeterThread: Thread started: Thread Group 1-18
2021-05-31 14:24:07,987 INFO o.a.j.t.JMeterThread: Thread started: Thread Group 1-19
2021-05-31 14:24:09,984 INFO o.a.j.t.JMeterThread: Thread started: Thread Group 1-20
2021-05-31 14:24:11,989 INFO o.a.j.t.JMeterThread: Thread started: Thread Group 1-21
2021-05-31 14:24:13,991 INFO o.a.j.t.JMeterThread: Thread started: Thread Group 1-22
2021-05-31 14:24:15,991 INFO o.a.j.t.JMeterThread: Thread started: Thread Group 1-23
2021-05-31 14:24:17,987 INFO o.a.j.t.JMeterThread: Thread started: Thread Group 1-24
2021-05-31 14:24:19,985 INFO o.a.j.t.JMeterThread: Thread started: Thread Group 1-25
2021-05-31 14:24:21,986 INFO o.a.j.t.JMeterThread: Thread started: Thread Group 1-26
2021-05-31 14:24:23,983 INFO o.a.j.t.JMeterThread: Thread started: Thread Group 1-27
2021-05-31 14:24:25,983 INFO o.a.j.t.JMeterThread: Thread started: Thread Group 1-28
2021-05-31 14:24:27,982 INFO o.a.j.t.JMeterThread: Thread started: Thread Group 1-29
2021-05-31 14:24:29,982 INFO o.a.j.t.JMeterThread: Thread started: Thread Group 1-30
2021-05-31 14:24:31,984 INFO o.a.j.t.JMeterThread: Thread started: Thread Group 1-31
2021-05-31 14:24:33,987 INFO o.a.j.t.JMeterThread: Thread started: Thread Group 1-32
2021-05-31 14:24:35,986 INFO o.a.j.t.JMeterThread: Thread started: Thread Group 1-33
2021-05-31 14:24:37,985 INFO o.a.j.t.JMeterThread: Thread started: Thread Group 1-34
2021-05-31 14:24:39,985 INFO o.a.j.t.JMeterThread: Thread started: Thread Group 1-35
2021-05-31 14:24:41,988 INFO o.a.j.t.JMeterThread: Thread started: Thread Group 1-36
2021-05-31 14:24:43,984 INFO o.a.j.t.JMeterThread: Thread started: Thread Group 1-37
2021-05-31 14:24:45,985 INFO o.a.j.t.JMeterThread: Thread started: Thread Group 1-38
2021-05-31 14:24:47,983 INFO o.a.j.t.JMeterThread: Thread started: Thread Group 1-39
2021-05-31 14:24:49,985 INFO o.a.j.t.JMeterThread: Thread started: Thread Group 1-40
2021-05-31 14:24:51,983 INFO o.a.j.t.JMeterThread: Thread started: Thread Group 1-41
2021-05-31 14:24:53,986 INFO o.a.j.t.JMeterThread: Thread started: Thread Group 1-42
2021-05-31 14:24:55,987 INFO o.a.j.t.JMeterThread: Thread started: Thread Group 1-43
2021-05-31 14:24:57,985 INFO o.a.j.t.JMeterThread: Thread started: Thread Group 1-44
2021-05-31 14:24:59,982 INFO o.a.j.t.JMeterThread: Thread started: Thread Group 1-45
2021-05-31 14:25:01,983 INFO o.a.j.t.JMeterThread: Thread started: Thread Group 1-46
2021-05-31 14:25:03,987 INFO o.a.j.t.JMeterThread: Thread started: Thread Group 1-47
2021-05-31 14:25:05,983 INFO o.a.j.t.JMeterThread: Thread started: Thread Group 1-48
2021-05-31 14:25:07,982 INFO o.a.j.t.JMeterThread: Thread started: Thread Group 1-49
2021-05-31 14:25:09,983 INFO o.a.j.t.JMeterThread: Thread started: Thread Group 1-50
2021-05-31 14:25:11,982 INFO o.a.j.t.JMeterThread: Thread started: Thread Group 1-51
2021-05-31 14:25:13,982 INFO o.a.j.t.JMeterThread: Thread started: Thread Group 1-52
2021-05-31 14:25:15,982 INFO o.a.j.t.JMeterThread: Thread started: Thread Group 1-53
2021-05-31 14:25:17,984 INFO o.a.j.t.JMeterThread: Thread started: Thread Group 1-54
2021-05-31 14:25:19,983 INFO o.a.j.t.JMeterThread: Thread started: Thread Group 1-55
2021-05-31 14:25:21,983 INFO o.a.j.t.JMeterThread: Thread started: Thread Group 1-56
2021-05-31 14:25:23,983 INFO o.a.j.t.JMeterThread: Thread started: Thread Group 1-57
2021-05-31 14:25:25,982 INFO o.a.j.t.JMeterThread: Thread started: Thread Group 1-58
2021-05-31 14:25:27,983 INFO o.a.j.t.JMeterThread: Thread started: Thread Group 1-59
2021-05-31 14:25:29,984 INFO o.a.j.t.JMeterThread: Thread started: Thread Group 1-60
2021-05-31 14:37:26,148 INFO o.a.j.t.JMeterThread: Thread finished: Thread Group 1-46
2021-05-31 14:37:26,459 INFO o.a.j.t.JMeterThread: Thread finished: Thread Group 1-36
2021-05-31 14:37:26,691 INFO o.a.j.t.JMeterThread: Thread finished: Thread Group 1-16
2021-05-31 14:37:26,724 INFO o.a.j.t.JMeterThread: Thread finished: Thread Group 1-45
2021-05-31 14:37:26,961 INFO o.a.j.t.JMeterThread: Thread finished: Thread Group 1-8
2021-05-31 14:37:26,986 INFO o.a.j.t.JMeterThread: Thread finished: Thread Group 1-25
2021-05-31 14:37:27,040 INFO o.a.j.t.JMeterThread: Thread finished: Thread Group 1-44
2021-05-31 14:37:27,123 INFO o.a.j.t.JMeterThread: Thread finished: Thread Group 1-11
2021-05-31 14:37:27,442 INFO o.a.j.t.JMeterThread: Thread finished: Thread Group 1-19
2021-05-31 14:37:27,551 INFO o.a.j.t.JMeterThread: Thread finished: Thread Group 1-4
2021-05-31 14:37:27,591 INFO o.a.j.t.JMeterThread: Thread finished: Thread Group 1-53
2021-05-31 14:37:27,714 INFO o.a.j.t.JMeterThread: Thread finished: Thread Group 1-58
2021-05-31 14:37:27,790 INFO o.a.j.t.JMeterThread: Thread finished: Thread Group 1-14
2021-05-31 14:37:28,158 INFO o.a.j.t.JMeterThread: Thread finished: Thread Group 1-21
2021-05-31 14:37:28,603 INFO o.a.j.t.JMeterThread: Thread finished: Thread Group 1-38
2021-05-31 14:37:28,631 INFO o.a.j.t.JMeterThread: Thread finished: Thread Group 1-23
2021-05-31 14:37:28,633 INFO o.a.j.t.JMeterThread: Thread finished: Thread Group 1-3
2021-05-31 14:37:28,730 INFO o.a.j.t.JMeterThread: Thread finished: Thread Group 1-7
2021-05-31 14:37:28,974 INFO o.a.j.t.JMeterThread: Thread finished: Thread Group 1-59
2021-05-31 14:37:29,451 INFO o.a.j.t.JMeterThread: Thread finished: Thread Group 1-52
2021-05-31 14:37:29,506 INFO o.a.j.t.JMeterThread: Thread finished: Thread Group 1-22
2021-05-31 14:37:29,617 INFO o.a.j.t.JMeterThread: Thread finished: Thread Group 1-10
2021-05-31 14:37:29,715 INFO o.a.j.t.JMeterThread: Thread finished: Thread Group 1-32
2021-05-31 14:37:29,722 INFO o.a.j.t.JMeterThread: Thread finished: Thread Group 1-15
2021-05-31 14:37:29,732 INFO o.a.j.t.JMeterThread: Thread finished: Thread Group 1-31
2021-05-31 14:37:29,811 INFO o.a.j.t.JMeterThread: Thread finished: Thread Group 1-28
2021-05-31 14:37:29,811 INFO o.a.j.t.JMeterThread: Thread finished: Thread Group 1-17
2021-05-31 14:37:29,894 INFO o.a.j.t.JMeterThread: Thread finished: Thread Group 1-29
2021-05-31 14:37:30,018 INFO o.a.j.t.JMeterThread: Thread finished: Thread Group 1-24
2021-05-31 14:37:30,034 INFO o.a.j.t.JMeterThread: Thread finished: Thread Group 1-33
2021-05-31 14:37:30,092 INFO o.a.j.t.JMeterThread: Thread finished: Thread Group 1-51
2021-05-31 14:37:30,127 INFO o.a.j.t.JMeterThread: Thread finished: Thread Group 1-47
2021-05-31 14:37:30,364 INFO o.a.j.t.JMeterThread: Thread finished: Thread Group 1-56
2021-05-31 14:37:30,470 INFO o.a.j.t.JMeterThread: Thread finished: Thread Group 1-57
2021-05-31 14:37:30,835 INFO o.a.j.t.JMeterThread: Thread finished: Thread Group 1-2
2021-05-31 14:37:31,106 INFO o.a.j.t.JMeterThread: Thread finished: Thread Group 1-26
2021-05-31 14:37:31,337 INFO o.a.j.t.JMeterThread: Thread finished: Thread Group 1-55
2021-05-31 14:37:31,439 INFO o.a.j.t.JMeterThread: Thread finished: Thread Group 1-6
2021-05-31 14:37:31,664 INFO o.a.j.t.JMeterThread: Thread finished: Thread Group 1-39
2021-05-31 14:37:31,689 INFO o.a.j.t.JMeterThread: Thread finished: Thread Group 1-54
2021-05-31 14:37:31,838 INFO o.a.j.t.JMeterThread: Thread finished: Thread Group 1-35
2021-05-31 14:37:31,999 INFO o.a.j.t.JMeterThread: Thread finished: Thread Group 1-60
2021-05-31 14:37:32,071 INFO o.a.j.t.JMeterThread: Stopping because end time detected by thread: Thread Group 1-12
2021-05-31 14:37:32,072 INFO o.a.j.t.JMeterThread: Thread finished: Thread Group 1-12
2021-05-31 14:37:32,075 INFO o.a.j.t.JMeterThread: Stopping because end time detected by thread: Thread Group 1-27
2021-05-31 14:37:32,076 INFO o.a.j.t.JMeterThread: Thread finished: Thread Group 1-27
2021-05-31 14:37:32,126 INFO o.a.j.t.JMeterThread: Stopping because end time detected by thread: Thread Group 1-1
2021-05-31 14:37:32,127 INFO o.a.j.t.JMeterThread: Thread finished: Thread Group 1-1
2021-05-31 14:37:32,156 INFO o.a.j.t.JMeterThread: Stopping because end time detected by thread: Thread Group 1-18
2021-05-31 14:37:32,157 INFO o.a.j.t.JMeterThread: Thread finished: Thread Group 1-18
2021-05-31 14:37:32,261 INFO o.a.j.t.JMeterThread: Stopping because end time detected by thread: Thread Group 1-9
2021-05-31 14:37:32,263 INFO o.a.j.t.JMeterThread: Thread finished: Thread Group 1-9
2021-05-31 14:37:32,578 INFO o.a.j.t.JMeterThread: Stopping because end time detected by thread: Thread Group 1-30
2021-05-31 14:37:32,578 INFO o.a.j.t.JMeterThread: Thread finished: Thread Group 1-30
2021-05-31 14:37:32,623 INFO o.a.j.t.JMeterThread: Stopping because end time detected by thread: Thread Group 1-41
2021-05-31 14:37:32,624 INFO o.a.j.t.JMeterThread: Thread finished: Thread Group 1-41
2021-05-31 14:37:33,125 INFO o.a.j.t.JMeterThread: Stopping because end time detected by thread: Thread Group 1-13
2021-05-31 14:37:33,125 INFO o.a.j.t.JMeterThread: Thread finished: Thread Group 1-13
2021-05-31 14:37:33,801 INFO o.a.j.t.JMeterThread: Stopping because end time detected by thread: Thread Group 1-42
2021-05-31 14:37:33,801 INFO o.a.j.t.JMeterThread: Thread finished: Thread Group 1-42
2021-05-31 14:37:34,376 INFO o.a.j.t.JMeterThread: Stopping because end time detected by thread: Thread Group 1-34
2021-05-31 14:37:34,376 INFO o.a.j.t.JMeterThread: Thread finished: Thread Group 1-34
2021-05-31 14:37:35,018 INFO o.a.j.t.JMeterThread: Stopping because end time detected by thread: Thread Group 1-20
2021-05-31 14:37:35,020 INFO o.a.j.t.JMeterThread: Thread finished: Thread Group 1-20
2021-05-31 14:37:35,595 INFO o.a.j.t.JMeterThread: Stopping because end time detected by thread: Thread Group 1-50
2021-05-31 14:37:35,597 INFO o.a.j.t.JMeterThread: Thread finished: Thread Group 1-50
2021-05-31 14:37:35,883 INFO o.a.j.t.JMeterThread: Stopping because end time detected by thread: Thread Group 1-48
2021-05-31 14:37:35,883 INFO o.a.j.t.JMeterThread: Thread finished: Thread Group 1-48
2021-05-31 14:37:36,597 INFO o.a.j.t.JMeterThread: Stopping because end time detected by thread: Thread Group 1-43
2021-05-31 14:37:36,597 INFO o.a.j.t.JMeterThread: Thread finished: Thread Group 1-43
2021-05-31 14:37:36,656 INFO o.a.j.t.JMeterThread: Stopping because end time detected by thread: Thread Group 1-49
2021-05-31 14:37:36,656 INFO o.a.j.t.JMeterThread: Thread finished: Thread Group 1-49
2021-05-31 14:37:36,793 INFO o.a.j.t.JMeterThread: Stopping because end time detected by thread: Thread Group 1-37
2021-05-31 14:37:36,793 INFO o.a.j.t.JMeterThread: Thread finished: Thread Group 1-37
2021-05-31 14:37:37,320 INFO o.a.j.t.JMeterThread: Stopping because end time detected by thread: Thread Group 1-40
2021-05-31 14:37:37,320 INFO o.a.j.t.JMeterThread: Thread finished: Thread Group 1-40
2021-05-31 14:37:37,570 INFO o.a.j.t.JMeterThread: Stopping because end time detected by thread: Thread Group 1-5
2021-05-31 14:37:37,570 INFO o.a.j.t.JMeterThread: Thread finished: Thread Group 1-5
2021-05-31 14:37:37,570 INFO o.a.j.e.StandardJMeterEngine: Notifying test listeners of end of test
2021-05-31 14:37:37,571 INFO o.a.j.JMeter: Generating Dashboard
2021-05-31 14:37:37,571 INFO o.a.j.r.d.ReportGenerator: Flushing result collector before report Generation
2021-05-31 14:37:37,583 INFO o.a.j.r.p.NormalizerSampleConsumer: Using format, 'ms', to parse timeStamp field
2021-05-31 14:37:37,590 ERROR o.a.j.r.d.ReportGenerator: Cannot assign "${jmeter.reportgenerator.apdex_satisfied_threshold}" to property "set_satisfied_threshold" (mapped as "setSatisfiedThreshold"), skip it
org.apache.jmeter.report.core.ConvertException: Unable to convert "${jmeter.reportgenerator.apdex_satisfied_threshold}" to "java.lang.Long"
	at org.apache.jmeter.report.core.Converters.lambda$static$4(Converters.java:80) ~[ApacheJMeter_core.jar:5.2.1]
	at org.apache.jmeter.report.dashboard.ReportGenerator.setProperty(ReportGenerator.java:537) [ApacheJMeter_core.jar:5.2.1]
	at org.apache.jmeter.report.dashboard.ReportGenerator.addGraphConsumer(ReportGenerator.java:349) [ApacheJMeter_core.jar:5.2.1]
	at org.apache.jmeter.report.dashboard.ReportGenerator.generate(ReportGenerator.java:236) [ApacheJMeter_core.jar:5.2.1]
	at org.apache.jmeter.JMeter$ListenToTest.endTest(JMeter.java:1330) [ApacheJMeter_core.jar:5.2.1]
	at org.apache.jmeter.JMeter$ListenToTest.testEnded(JMeter.java:1286) [ApacheJMeter_core.jar:5.2.1]
	at org.apache.jmeter.engine.StandardJMeterEngine.notifyTestListenersOfEnd(StandardJMeterEngine.java:218) [ApacheJMeter_core.jar:5.2.1]
	at org.apache.jmeter.engine.StandardJMeterEngine.run(StandardJMeterEngine.java:492) [ApacheJMeter_core.jar:5.2.1]
	at java.lang.Thread.run(Thread.java:834) [?:?]
Caused by: java.lang.NumberFormatException: For input string: "${jmeter.reportgenerator.apdex_satisfied_threshold}"
	at java.lang.NumberFormatException.forInputString(NumberFormatException.java:65) ~[?:?]
	at java.lang.Long.parseLong(Long.java:678) ~[?:?]
	at java.lang.Long.valueOf(Long.java:1144) ~[?:?]
	at org.apache.jmeter.report.core.Converters.lambda$static$4(Converters.java:78) ~[ApacheJMeter_core.jar:5.2.1]
	... 8 more
2021-05-31 14:37:37,597 ERROR o.a.j.JMeter: Error generating the report: Cannot assign "${jmeter.reportgenerator.apdex_satisfied_threshold}" to property "set_satisfied_threshold" (mapped as "setSatisfiedThreshold"), skip it
org.apache.jmeter.report.dashboard.GenerationException: Cannot assign "${jmeter.reportgenerator.apdex_satisfied_threshold}" to property "set_satisfied_threshold" (mapped as "setSatisfiedThreshold"), skip it
	at org.apache.jmeter.report.dashboard.ReportGenerator.setProperty(ReportGenerator.java:550) ~[ApacheJMeter_core.jar:5.2.1]
	at org.apache.jmeter.report.dashboard.ReportGenerator.addGraphConsumer(ReportGenerator.java:349) ~[ApacheJMeter_core.jar:5.2.1]
	at org.apache.jmeter.report.dashboard.ReportGenerator.generate(ReportGenerator.java:236) ~[ApacheJMeter_core.jar:5.2.1]
	at org.apache.jmeter.JMeter$ListenToTest.endTest(JMeter.java:1330) [ApacheJMeter_core.jar:5.2.1]
	at org.apache.jmeter.JMeter$ListenToTest.testEnded(JMeter.java:1286) [ApacheJMeter_core.jar:5.2.1]
	at org.apache.jmeter.engine.StandardJMeterEngine.notifyTestListenersOfEnd(StandardJMeterEngine.java:218) [ApacheJMeter_core.jar:5.2.1]
	at org.apache.jmeter.engine.StandardJMeterEngine.run(StandardJMeterEngine.java:492) [ApacheJMeter_core.jar:5.2.1]
	at java.lang.Thread.run(Thread.java:834) [?:?]
Caused by: org.apache.jmeter.report.core.ConvertException: Unable to convert "${jmeter.reportgenerator.apdex_satisfied_threshold}" to "java.lang.Long"
	at org.apache.jmeter.report.core.Converters.lambda$static$4(Converters.java:80) ~[ApacheJMeter_core.jar:5.2.1]
	at org.apache.jmeter.report.dashboard.ReportGenerator.setProperty(ReportGenerator.java:537) ~[ApacheJMeter_core.jar:5.2.1]
	... 7 more
Caused by: java.lang.NumberFormatException: For input string: "${jmeter.reportgenerator.apdex_satisfied_threshold}"
	at java.lang.NumberFormatException.forInputString(NumberFormatException.java:65) ~[?:?]
	at java.lang.Long.parseLong(Long.java:678) ~[?:?]
	at java.lang.Long.valueOf(Long.java:1144) ~[?:?]
	at org.apache.jmeter.report.core.Converters.lambda$static$4(Converters.java:78) ~[ApacheJMeter_core.jar:5.2.1]
	at org.apache.jmeter.report.dashboard.ReportGenerator.setProperty(ReportGenerator.java:537) ~[ApacheJMeter_core.jar:5.2.1]
	... 7 more
