2021-05-31 12:41:16,600 INFO o.a.j.u.JMeterUtils: Setting Locale to en_EN
2021-05-31 12:41:16,659 INFO o.a.j.JMeter: Setting JMeter property: HOST=k0wsga08y6.execute-api.eu-central-1.amazonaws.com
2021-05-31 12:41:16,659 INFO o.a.j.JMeter: Setting JMeter property: PATH=/production/todos
2021-05-31 12:41:16,659 INFO o.a.j.JMeter: Setting JMeter property: PORT=443
2021-05-31 12:41:16,660 INFO o.a.j.JMeter: Copyright (c) 1998-2019 The Apache Software Foundation
2021-05-31 12:41:16,661 INFO o.a.j.JMeter: Version 5.2.1
2021-05-31 12:41:16,661 INFO o.a.j.JMeter: java.version=11.0.9
2021-05-31 12:41:16,661 INFO o.a.j.JMeter: java.vm.name=OpenJDK 64-Bit Server VM
2021-05-31 12:41:16,661 INFO o.a.j.JMeter: os.name=Linux
2021-05-31 12:41:16,661 INFO o.a.j.JMeter: os.arch=amd64
2021-05-31 12:41:16,661 INFO o.a.j.JMeter: os.version=5.3.0-1023-aws
2021-05-31 12:41:16,661 INFO o.a.j.JMeter: file.encoding=UTF-8
2021-05-31 12:41:16,661 INFO o.a.j.JMeter: java.awt.headless=true
2021-05-31 12:41:16,661 INFO o.a.j.JMeter: Max memory     =1073741824
2021-05-31 12:41:16,662 INFO o.a.j.JMeter: Available Processors =2
2021-05-31 12:41:16,672 INFO o.a.j.JMeter: Default Locale=English (EN)
2021-05-31 12:41:16,672 INFO o.a.j.JMeter: JMeter  Locale=English (EN)
2021-05-31 12:41:16,672 INFO o.a.j.JMeter: JMeterHome=/opt/radon-ctt-agent/plugins/jmeter/apache-jmeter-5.2.1
2021-05-31 12:41:16,672 INFO o.a.j.JMeter: user.dir  =/opt/radon-ctt-agent
2021-05-31 12:41:16,673 INFO o.a.j.JMeter: PWD       =/opt/radon-ctt-agent
2021-05-31 12:41:16,673 INFO o.a.j.JMeter: IP: 172.17.0.2 Name: 3994a62392f0 FullName: 3994a62392f0
2021-05-31 12:41:16,676 INFO o.a.j.JMeter: Setting property 'jmeter.reportgenerator.outputdir' to:'/opt/radon-ctt-agent/jmeter/f10d0b5e-01aa-4860-b94d-21fc6824e6df/3b4c740a-27cb-4e19-9d3b-c60d9f1144cf/dashboard'
2021-05-31 12:41:16,679 INFO o.a.j.s.FileServer: Default base='/opt/radon-ctt-agent'
2021-05-31 12:41:16,681 INFO o.a.j.s.FileServer: Set new base='/opt/radon-ctt-agent/jmeter/f10d0b5e-01aa-4860-b94d-21fc6824e6df/config/resources'
2021-05-31 12:41:16,957 INFO o.a.j.s.SaveService: Testplan (JMX) version: 2.2. Testlog (JTL) version: 2.2
2021-05-31 12:41:16,971 INFO o.a.j.s.SaveService: Using SaveService properties version 5.0
2021-05-31 12:41:16,976 INFO o.a.j.s.SaveService: Using SaveService properties file encoding UTF-8
2021-05-31 12:41:16,981 INFO o.a.j.s.SaveService: Loading file: /opt/radon-ctt-agent/jmeter/f10d0b5e-01aa-4860-b94d-21fc6824e6df/config/resources/loadtest.jmx
2021-05-31 12:41:17,390 INFO o.a.j.r.d.ReportGenerator: ReportGenerator will use for Parsing the separator: ','
2021-05-31 12:41:17,390 INFO o.a.j.r.d.ReportGenerator: Will generate report at end of test from  results file: /opt/radon-ctt-agent/jmeter/f10d0b5e-01aa-4860-b94d-21fc6824e6df/3b4c740a-27cb-4e19-9d3b-c60d9f1144cf/sample_results.jtl
2021-05-31 12:41:17,390 INFO o.a.j.r.d.ReportGenerator: Reading report generator properties from: /opt/radon-ctt-agent/plugins/jmeter/apache-jmeter-5.2.1/bin/reportgenerator.properties
2021-05-31 12:41:17,391 INFO o.a.j.r.d.ReportGenerator: Merging with JMeter properties
2021-05-31 12:41:17,402 INFO o.a.j.r.c.ReportGeneratorConfiguration: Property 'jmeter.reportgenerator.temp_dir' not found, using default value 'temp' instead.
2021-05-31 12:41:17,402 INFO o.a.j.r.c.ReportGeneratorConfiguration: Property 'jmeter.reportgenerator.apdex_satisfied_threshold' not found, using default value '500' instead.
2021-05-31 12:41:17,402 INFO o.a.j.r.c.ReportGeneratorConfiguration: Property 'jmeter.reportgenerator.apdex_tolerated_threshold' not found, using default value '1500' instead.
2021-05-31 12:41:17,402 INFO o.a.j.r.c.ReportGeneratorConfiguration: Property 'jmeter.reportgenerator.apdex_per_transaction' not found, using default value 'null' instead.
2021-05-31 12:41:17,402 INFO o.a.j.r.c.ReportGeneratorConfiguration: apdex_per_transaction is empty, not APDEX per transaction customization
2021-05-31 12:41:17,406 INFO o.a.j.r.c.ReportGeneratorConfiguration: Property 'jmeter.reportgenerator.sample_filter' not found, using default value 'null' instead.
2021-05-31 12:41:17,406 INFO o.a.j.r.c.ReportGeneratorConfiguration: Property 'jmeter.reportgenerator.report_title' not found, using default value 'null' instead.
2021-05-31 12:41:17,407 INFO o.a.j.r.c.ReportGeneratorConfiguration: Property 'jmeter.reportgenerator.start_date' not found, using default value 'null' instead.
2021-05-31 12:41:17,407 INFO o.a.j.r.c.ReportGeneratorConfiguration: Property 'jmeter.reportgenerator.end_date' not found, using default value 'null' instead.
2021-05-31 12:41:17,407 INFO o.a.j.r.c.ReportGeneratorConfiguration: Property 'jmeter.reportgenerator.date_format' not found, using default value 'null' instead.
2021-05-31 12:41:17,408 INFO o.a.j.r.c.ReportGeneratorConfiguration: Will use date range start date: null, end date: null
2021-05-31 12:41:17,414 INFO o.a.j.r.c.ReportGeneratorConfiguration: Property 'jmeter.reportgenerator.graph.totalTPS.exclude_controllers' not found, using default value 'false' instead.
2021-05-31 12:41:17,415 INFO o.a.j.r.c.ReportGeneratorConfiguration: Property 'jmeter.reportgenerator.graph.activeThreadsOverTime.exclude_controllers' not found, using default value 'false' instead.
2021-05-31 12:41:17,415 INFO o.a.j.r.c.ReportGeneratorConfiguration: Property 'jmeter.reportgenerator.graph.timeVsThreads.exclude_controllers' not found, using default value 'false' instead.
2021-05-31 12:41:17,415 INFO o.a.j.r.c.ReportGeneratorConfiguration: Property 'jmeter.reportgenerator.graph.responseTimeDistribution.exclude_controllers' not found, using default value 'false' instead.
2021-05-31 12:41:17,415 INFO o.a.j.r.c.ReportGeneratorConfiguration: Property 'jmeter.reportgenerator.graph.transactionsPerSecond.exclude_controllers' not found, using default value 'false' instead.
2021-05-31 12:41:17,415 INFO o.a.j.r.c.ReportGeneratorConfiguration: Property 'jmeter.reportgenerator.graph.responseTimePercentiles.exclude_controllers' not found, using default value 'false' instead.
2021-05-31 12:41:17,416 INFO o.a.j.r.c.ReportGeneratorConfiguration: Property 'jmeter.reportgenerator.graph.responseTimePercentilesOverTime.exclude_controllers' not found, using default value 'false' instead.
2021-05-31 12:41:17,416 INFO o.a.j.r.c.ReportGeneratorConfiguration: Property 'jmeter.reportgenerator.graph.responseTimesOverTime.exclude_controllers' not found, using default value 'false' instead.
2021-05-31 12:41:17,417 INFO o.a.j.r.c.ReportGeneratorConfiguration: Property 'jmeter.reportgenerator.graph.connectTimeOverTime.exclude_controllers' not found, using default value 'false' instead.
2021-05-31 12:41:17,418 INFO o.a.j.r.c.ReportGeneratorConfiguration: Property 'jmeter.reportgenerator.graph.latenciesOverTime.exclude_controllers' not found, using default value 'false' instead.
2021-05-31 12:41:17,419 INFO o.a.j.r.c.ReportGeneratorConfiguration: Property 'jmeter.reportgenerator.exporter.json.filters_only_sample_series' not found, using default value 'true' instead.
2021-05-31 12:41:17,419 INFO o.a.j.r.c.ReportGeneratorConfiguration: Property 'jmeter.reportgenerator.exporter.json.series_filter' not found, using default value '' instead.
2021-05-31 12:41:17,419 INFO o.a.j.r.c.ReportGeneratorConfiguration: Property 'jmeter.reportgenerator.exporter.json.show_controllers_only' not found, using default value 'false' instead.
2021-05-31 12:41:17,420 INFO o.a.j.r.c.ReportGeneratorConfiguration: Property 'jmeter.reportgenerator.exporter.html.filters_only_sample_series' not found, using default value 'true' instead.
2021-05-31 12:41:17,420 INFO o.a.j.r.c.ReportGeneratorConfiguration: Property 'jmeter.reportgenerator.exporter.html.series_filter' not found, using default value '' instead.
2021-05-31 12:41:17,421 INFO o.a.j.r.c.ReportGeneratorConfiguration: Property 'jmeter.reportgenerator.exporter.html.show_controllers_only' not found, using default value 'false' instead.
2021-05-31 12:41:17,437 INFO o.a.j.e.StandardJMeterEngine: Running the test!
2021-05-31 12:41:17,451 INFO o.a.j.s.SampleEvent: List of sample_variables: []
2021-05-31 12:41:17,451 INFO o.a.j.s.SampleEvent: List of sample_variables: []
2021-05-31 12:41:18,066 INFO o.a.j.JMeter: Running test (1622464878066)
2021-05-31 12:41:18,115 INFO o.a.j.e.StandardJMeterEngine: Starting ThreadGroup: 1 : Thread Group
2021-05-31 12:41:18,116 INFO o.a.j.e.StandardJMeterEngine: Starting 10 threads for group Thread Group.
2021-05-31 12:41:18,116 INFO o.a.j.e.StandardJMeterEngine: Thread will continue on error
2021-05-31 12:41:18,116 INFO o.a.j.t.ThreadGroup: Starting thread group... number=1 threads=10 ramp-up=120 delayedStart=false
2021-05-31 12:41:18,144 INFO o.a.j.t.ThreadGroup: Started thread group number 1
2021-05-31 12:41:18,144 INFO o.a.j.e.StandardJMeterEngine: All thread groups have been started
2021-05-31 12:41:18,147 INFO o.a.j.t.JMeterThread: Thread started: Thread Group 1-1
2021-05-31 12:41:24,407 INFO o.a.j.p.h.s.HTTPHCAbstractImpl: Local host = 3994a62392f0
2021-05-31 12:41:24,415 INFO o.a.j.p.h.s.HTTPHC4Impl: HTTP request retry count = 0
2021-05-31 12:41:24,417 INFO o.a.j.s.SampleResult: Note: Sample TimeStamps are END times
2021-05-31 12:41:24,417 INFO o.a.j.s.SampleResult: sampleresult.default.encoding is set to ISO-8859-1
2021-05-31 12:41:24,417 INFO o.a.j.s.SampleResult: sampleresult.useNanoTime=true
2021-05-31 12:41:24,417 INFO o.a.j.s.SampleResult: sampleresult.nanoThreadSleep=5000
2021-05-31 12:41:24,555 INFO o.a.j.p.h.s.h.LazyLayeredConnectionSocketFactory: Setting up HTTPS TrustAll Socket Factory
2021-05-31 12:41:24,565 INFO o.a.j.u.JsseSSLManager: Using default SSL protocol: TLS
2021-05-31 12:41:24,566 INFO o.a.j.u.JsseSSLManager: SSL session context: per-thread
2021-05-31 12:41:24,691 INFO o.a.j.u.SSLManager: JmeterKeyStore Location:  type JKS
2021-05-31 12:41:24,694 INFO o.a.j.u.SSLManager: KeyStore created OK
2021-05-31 12:41:24,694 WARN o.a.j.u.SSLManager: Keystore file not found, loading empty keystore
2021-05-31 12:41:30,147 INFO o.a.j.t.JMeterThread: Thread started: Thread Group 1-2
2021-05-31 12:41:42,139 INFO o.a.j.t.JMeterThread: Thread started: Thread Group 1-3
2021-05-31 12:41:54,138 INFO o.a.j.t.JMeterThread: Thread started: Thread Group 1-4
2021-05-31 12:42:06,134 INFO o.a.j.t.JMeterThread: Thread started: Thread Group 1-5
2021-05-31 12:42:18,129 INFO o.a.j.t.JMeterThread: Thread started: Thread Group 1-6
2021-05-31 12:42:30,128 INFO o.a.j.t.JMeterThread: Thread started: Thread Group 1-7
2021-05-31 12:42:42,126 INFO o.a.j.t.JMeterThread: Thread started: Thread Group 1-8
2021-05-31 12:42:54,128 INFO o.a.j.t.JMeterThread: Thread started: Thread Group 1-9
2021-05-31 12:43:06,132 INFO o.a.j.t.JMeterThread: Thread started: Thread Group 1-10
2021-05-31 12:55:12,625 INFO o.a.j.t.JMeterThread: Thread finished: Thread Group 1-6
2021-05-31 12:55:13,572 INFO o.a.j.t.JMeterThread: Thread finished: Thread Group 1-4
2021-05-31 12:55:14,430 INFO o.a.j.t.JMeterThread: Thread finished: Thread Group 1-5
2021-05-31 12:55:14,540 INFO o.a.j.t.JMeterThread: Thread finished: Thread Group 1-2
2021-05-31 12:55:14,675 INFO o.a.j.t.JMeterThread: Thread finished: Thread Group 1-10
2021-05-31 12:55:14,851 INFO o.a.j.t.JMeterThread: Thread finished: Thread Group 1-8
2021-05-31 12:55:16,083 INFO o.a.j.t.JMeterThread: Thread finished: Thread Group 1-7
2021-05-31 12:55:16,897 INFO o.a.j.t.JMeterThread: Thread finished: Thread Group 1-3
2021-05-31 12:55:17,101 INFO o.a.j.t.JMeterThread: Thread finished: Thread Group 1-1
2021-05-31 12:55:17,444 INFO o.a.j.t.JMeterThread: Thread finished: Thread Group 1-9
2021-05-31 12:55:17,444 INFO o.a.j.e.StandardJMeterEngine: Notifying test listeners of end of test
2021-05-31 12:55:17,445 INFO o.a.j.JMeter: Generating Dashboard
2021-05-31 12:55:17,445 INFO o.a.j.r.d.ReportGenerator: Flushing result collector before report Generation
2021-05-31 12:55:17,456 INFO o.a.j.r.p.NormalizerSampleConsumer: Using format, 'ms', to parse timeStamp field
2021-05-31 12:55:17,467 ERROR o.a.j.r.d.ReportGenerator: Cannot assign "${jmeter.reportgenerator.apdex_satisfied_threshold}" to property "set_satisfied_threshold" (mapped as "setSatisfiedThreshold"), skip it
org.apache.jmeter.report.core.ConvertException: Unable to convert "${jmeter.reportgenerator.apdex_satisfied_threshold}" to "java.lang.Long"
	at org.apache.jmeter.report.core.Converters.lambda$static$4(Converters.java:80) ~[ApacheJMeter_core.jar:5.2.1]
	at org.apache.jmeter.report.dashboard.ReportGenerator.setProperty(ReportGenerator.java:537) [ApacheJMeter_core.jar:5.2.1]
	at org.apache.jmeter.report.dashboard.ReportGenerator.addGraphConsumer(ReportGenerator.java:349) [ApacheJMeter_core.jar:5.2.1]
	at org.apache.jmeter.report.dashboard.ReportGenerator.generate(ReportGenerator.java:236) [ApacheJMeter_core.jar:5.2.1]
	at org.apache.jmeter.JMeter$ListenToTest.endTest(JMeter.java:1330) [ApacheJMeter_core.jar:5.2.1]
	at org.apache.jmeter.JMeter$ListenToTest.testEnded(JMeter.java:1286) [ApacheJMeter_core.jar:5.2.1]
	at org.apache.jmeter.engine.StandardJMeterEngine.notifyTestListenersOfEnd(StandardJMeterEngine.java:218) [ApacheJMeter_core.jar:5.2.1]
	at org.apache.jmeter.engine.StandardJMeterEngine.run(StandardJMeterEngine.java:492) [ApacheJMeter_core.jar:5.2.1]
	at java.lang.Thread.run(Thread.java:834) [?:?]
Caused by: java.lang.NumberFormatException: For input string: "${jmeter.reportgenerator.apdex_satisfied_threshold}"
	at java.lang.NumberFormatException.forInputString(NumberFormatException.java:65) ~[?:?]
	at java.lang.Long.parseLong(Long.java:678) ~[?:?]
	at java.lang.Long.valueOf(Long.java:1144) ~[?:?]
	at org.apache.jmeter.report.core.Converters.lambda$static$4(Converters.java:78) ~[ApacheJMeter_core.jar:5.2.1]
	... 8 more
2021-05-31 12:55:17,474 ERROR o.a.j.JMeter: Error generating the report: Cannot assign "${jmeter.reportgenerator.apdex_satisfied_threshold}" to property "set_satisfied_threshold" (mapped as "setSatisfiedThreshold"), skip it
org.apache.jmeter.report.dashboard.GenerationException: Cannot assign "${jmeter.reportgenerator.apdex_satisfied_threshold}" to property "set_satisfied_threshold" (mapped as "setSatisfiedThreshold"), skip it
	at org.apache.jmeter.report.dashboard.ReportGenerator.setProperty(ReportGenerator.java:550) ~[ApacheJMeter_core.jar:5.2.1]
	at org.apache.jmeter.report.dashboard.ReportGenerator.addGraphConsumer(ReportGenerator.java:349) ~[ApacheJMeter_core.jar:5.2.1]
	at org.apache.jmeter.report.dashboard.ReportGenerator.generate(ReportGenerator.java:236) ~[ApacheJMeter_core.jar:5.2.1]
	at org.apache.jmeter.JMeter$ListenToTest.endTest(JMeter.java:1330) [ApacheJMeter_core.jar:5.2.1]
	at org.apache.jmeter.JMeter$ListenToTest.testEnded(JMeter.java:1286) [ApacheJMeter_core.jar:5.2.1]
	at org.apache.jmeter.engine.StandardJMeterEngine.notifyTestListenersOfEnd(StandardJMeterEngine.java:218) [ApacheJMeter_core.jar:5.2.1]
	at org.apache.jmeter.engine.StandardJMeterEngine.run(StandardJMeterEngine.java:492) [ApacheJMeter_core.jar:5.2.1]
	at java.lang.Thread.run(Thread.java:834) [?:?]
Caused by: org.apache.jmeter.report.core.ConvertException: Unable to convert "${jmeter.reportgenerator.apdex_satisfied_threshold}" to "java.lang.Long"
	at org.apache.jmeter.report.core.Converters.lambda$static$4(Converters.java:80) ~[ApacheJMeter_core.jar:5.2.1]
	at org.apache.jmeter.report.dashboard.ReportGenerator.setProperty(ReportGenerator.java:537) ~[ApacheJMeter_core.jar:5.2.1]
	... 7 more
Caused by: java.lang.NumberFormatException: For input string: "${jmeter.reportgenerator.apdex_satisfied_threshold}"
	at java.lang.NumberFormatException.forInputString(NumberFormatException.java:65) ~[?:?]
	at java.lang.Long.parseLong(Long.java:678) ~[?:?]
	at java.lang.Long.valueOf(Long.java:1144) ~[?:?]
	at org.apache.jmeter.report.core.Converters.lambda$static$4(Converters.java:78) ~[ApacheJMeter_core.jar:5.2.1]
	at org.apache.jmeter.report.dashboard.ReportGenerator.setProperty(ReportGenerator.java:537) ~[ApacheJMeter_core.jar:5.2.1]
	... 7 more
